[0.487s] DEBUG:colcon:Command line arguments: ['/usr/bin/colcon', 'build', '--symlink-install', '--packages-select', 'ur10_examples_py', '--base-paths', '/root/ur10_ws/src']
[0.488s] DEBUG:colcon:Parsed command line arguments: Namespace(log_base=None, log_level=None, verb_name='build', build_base='build', install_base='install', merge_install=False, symlink_install=True, test_result_base=None, continue_on_error=False, executor='parallel', parallel_workers=4, event_handlers=None, ignore_user_meta=False, metas=['./colcon.meta'], base_paths=['/root/ur10_ws/src'], packages_ignore=None, packages_ignore_regex=None, paths=None, packages_up_to=None, packages_up_to_regex=None, packages_above=None, packages_above_and_dependencies=None, packages_above_depth=None, packages_select_by_dep=None, packages_skip_by_dep=None, packages_skip_up_to=None, packages_select_build_failed=False, packages_skip_build_finished=False, packages_select_test_failures=False, packages_skip_test_passed=False, packages_select=['ur10_examples_py'], packages_skip=None, packages_select_regex=None, packages_skip_regex=None, packages_start=None, packages_end=None, allow_overriding=[], cmake_args=None, cmake_target=None, cmake_target_skip_unavailable=False, cmake_clean_cache=False, cmake_clean_first=False, cmake_force_configure=False, ament_cmake_args=None, catkin_cmake_args=None, catkin_skip_building_tests=False, verb_parser=<colcon_defaults.argument_parser.defaults.DefaultArgumentsDecorator object at 0x7eb680c4d4e0>, verb_extension=<colcon_core.verb.build.BuildVerb object at 0x7eb680d3efe0>, main=<bound method BuildVerb.main of <colcon_core.verb.build.BuildVerb object at 0x7eb680d3efe0>>)
[0.670s] Level 1:colcon.colcon_core.package_discovery:discover_packages(colcon_meta) check parameters
[0.670s] Level 1:colcon.colcon_core.package_discovery:discover_packages(recursive) check parameters
[0.670s] Level 1:colcon.colcon_core.package_discovery:discover_packages(ignore) check parameters
[0.670s] Level 1:colcon.colcon_core.package_discovery:discover_packages(path) check parameters
[0.670s] Level 1:colcon.colcon_core.package_discovery:discover_packages(recursive) discover
[0.670s] INFO:colcon.colcon_core.package_discovery:Crawling recursively for packages in '/root/ur10_ws/src'
[0.671s] Level 1:colcon.colcon_core.package_identification:_identify(/root/ur10_ws/src) by extensions ['ignore', 'ignore_ament_install']
[0.671s] Level 1:colcon.colcon_core.package_identification:_identify(/root/ur10_ws/src) by extension 'ignore'
[0.671s] Level 1:colcon.colcon_core.package_identification:_identify(/root/ur10_ws/src) by extension 'ignore_ament_install'
[0.671s] Level 1:colcon.colcon_core.package_identification:_identify(/root/ur10_ws/src) by extensions ['colcon_pkg']
[0.671s] Level 1:colcon.colcon_core.package_identification:_identify(/root/ur10_ws/src) by extension 'colcon_pkg'
[0.671s] Level 1:colcon.colcon_core.package_identification:_identify(/root/ur10_ws/src) by extensions ['colcon_meta']
[0.671s] Level 1:colcon.colcon_core.package_identification:_identify(/root/ur10_ws/src) by extension 'colcon_meta'
[0.671s] Level 1:colcon.colcon_core.package_identification:_identify(/root/ur10_ws/src) by extensions ['ros']
[0.671s] Level 1:colcon.colcon_core.package_identification:_identify(/root/ur10_ws/src) by extension 'ros'
[0.684s] Level 1:colcon.colcon_core.package_identification:_identify(/root/ur10_ws/src) by extensions ['cmake', 'python']
[0.684s] Level 1:colcon.colcon_core.package_identification:_identify(/root/ur10_ws/src) by extension 'cmake'
[0.684s] Level 1:colcon.colcon_core.package_identification:_identify(/root/ur10_ws/src) by extension 'python'
[0.684s] Level 1:colcon.colcon_core.package_identification:_identify(/root/ur10_ws/src) by extensions ['python_setup_py']
[0.684s] Level 1:colcon.colcon_core.package_identification:_identify(/root/ur10_ws/src) by extension 'python_setup_py'
[0.684s] Level 1:colcon.colcon_core.package_identification:_identify(/root/ur10_ws/src/ur10_description) by extensions ['ignore', 'ignore_ament_install']
[0.685s] Level 1:colcon.colcon_core.package_identification:_identify(/root/ur10_ws/src/ur10_description) by extension 'ignore'
[0.685s] Level 1:colcon.colcon_core.package_identification:_identify(/root/ur10_ws/src/ur10_description) by extension 'ignore_ament_install'
[0.685s] Level 1:colcon.colcon_core.package_identification:_identify(/root/ur10_ws/src/ur10_description) by extensions ['colcon_pkg']
[0.685s] Level 1:colcon.colcon_core.package_identification:_identify(/root/ur10_ws/src/ur10_description) by extension 'colcon_pkg'
[0.685s] Level 1:colcon.colcon_core.package_identification:_identify(/root/ur10_ws/src/ur10_description) by extensions ['colcon_meta']
[0.685s] Level 1:colcon.colcon_core.package_identification:_identify(/root/ur10_ws/src/ur10_description) by extension 'colcon_meta'
[0.685s] Level 1:colcon.colcon_core.package_identification:_identify(/root/ur10_ws/src/ur10_description) by extensions ['ros']
[0.685s] Level 1:colcon.colcon_core.package_identification:_identify(/root/ur10_ws/src/ur10_description) by extension 'ros'
[0.689s] DEBUG:colcon.colcon_core.package_identification:Package '/root/ur10_ws/src/ur10_description' with type 'ros.ament_cmake' and name 'ur10_description'
[0.689s] Level 1:colcon.colcon_core.package_identification:_identify(/root/ur10_ws/src/ur10_examples) by extensions ['ignore', 'ignore_ament_install']
[0.689s] Level 1:colcon.colcon_core.package_identification:_identify(/root/ur10_ws/src/ur10_examples) by extension 'ignore'
[0.689s] Level 1:colcon.colcon_core.package_identification:_identify(/root/ur10_ws/src/ur10_examples) by extension 'ignore_ament_install'
[0.689s] Level 1:colcon.colcon_core.package_identification:_identify(/root/ur10_ws/src/ur10_examples) by extensions ['colcon_pkg']
[0.689s] Level 1:colcon.colcon_core.package_identification:_identify(/root/ur10_ws/src/ur10_examples) by extension 'colcon_pkg'
[0.689s] Level 1:colcon.colcon_core.package_identification:_identify(/root/ur10_ws/src/ur10_examples) by extensions ['colcon_meta']
[0.689s] Level 1:colcon.colcon_core.package_identification:_identify(/root/ur10_ws/src/ur10_examples) by extension 'colcon_meta'
[0.689s] Level 1:colcon.colcon_core.package_identification:_identify(/root/ur10_ws/src/ur10_examples) by extensions ['ros']
[0.689s] Level 1:colcon.colcon_core.package_identification:_identify(/root/ur10_ws/src/ur10_examples) by extension 'ros'
[0.690s] DEBUG:colcon.colcon_core.package_identification:Package '/root/ur10_ws/src/ur10_examples' with type 'ros.ament_cmake' and name 'ur10_examples'
[0.690s] Level 1:colcon.colcon_core.package_identification:_identify(/root/ur10_ws/src/ur10_examples_py) by extensions ['ignore', 'ignore_ament_install']
[0.690s] Level 1:colcon.colcon_core.package_identification:_identify(/root/ur10_ws/src/ur10_examples_py) by extension 'ignore'
[0.690s] Level 1:colcon.colcon_core.package_identification:_identify(/root/ur10_ws/src/ur10_examples_py) by extension 'ignore_ament_install'
[0.690s] Level 1:colcon.colcon_core.package_identification:_identify(/root/ur10_ws/src/ur10_examples_py) by extensions ['colcon_pkg']
[0.690s] Level 1:colcon.colcon_core.package_identification:_identify(/root/ur10_ws/src/ur10_examples_py) by extension 'colcon_pkg'
[0.690s] Level 1:colcon.colcon_core.package_identification:_identify(/root/ur10_ws/src/ur10_examples_py) by extensions ['colcon_meta']
[0.690s] Level 1:colcon.colcon_core.package_identification:_identify(/root/ur10_ws/src/ur10_examples_py) by extension 'colcon_meta'
[0.690s] Level 1:colcon.colcon_core.package_identification:_identify(/root/ur10_ws/src/ur10_examples_py) by extensions ['ros']
[0.690s] Level 1:colcon.colcon_core.package_identification:_identify(/root/ur10_ws/src/ur10_examples_py) by extension 'ros'
[0.690s] DEBUG:colcon.colcon_core.package_identification:Package '/root/ur10_ws/src/ur10_examples_py' with type 'ros.ament_python' and name 'ur10_examples_py'
[0.690s] Level 1:colcon.colcon_core.package_identification:_identify(/root/ur10_ws/src/ur10_moveit_config) by extensions ['ignore', 'ignore_ament_install']
[0.690s] Level 1:colcon.colcon_core.package_identification:_identify(/root/ur10_ws/src/ur10_moveit_config) by extension 'ignore'
[0.691s] Level 1:colcon.colcon_core.package_identification:_identify(/root/ur10_ws/src/ur10_moveit_config) by extension 'ignore_ament_install'
[0.691s] Level 1:colcon.colcon_core.package_identification:_identify(/root/ur10_ws/src/ur10_moveit_config) by extensions ['colcon_pkg']
[0.691s] Level 1:colcon.colcon_core.package_identification:_identify(/root/ur10_ws/src/ur10_moveit_config) by extension 'colcon_pkg'
[0.691s] Level 1:colcon.colcon_core.package_identification:_identify(/root/ur10_ws/src/ur10_moveit_config) by extensions ['colcon_meta']
[0.691s] Level 1:colcon.colcon_core.package_identification:_identify(/root/ur10_ws/src/ur10_moveit_config) by extension 'colcon_meta'
[0.691s] Level 1:colcon.colcon_core.package_identification:_identify(/root/ur10_ws/src/ur10_moveit_config) by extensions ['ros']
[0.691s] Level 1:colcon.colcon_core.package_identification:_identify(/root/ur10_ws/src/ur10_moveit_config) by extension 'ros'
[0.692s] DEBUG:colcon.colcon_core.package_identification:Package '/root/ur10_ws/src/ur10_moveit_config' with type 'ros.ament_cmake' and name 'ur10_moveit_config'
[0.692s] Level 1:colcon.colcon_core.package_identification:_identify(/root/ur10_ws/src/ur10_perception) by extensions ['ignore', 'ignore_ament_install']
[0.692s] Level 1:colcon.colcon_core.package_identification:_identify(/root/ur10_ws/src/ur10_perception) by extension 'ignore'
[0.693s] Level 1:colcon.colcon_core.package_identification:_identify(/root/ur10_ws/src/ur10_perception) by extension 'ignore_ament_install'
[0.693s] Level 1:colcon.colcon_core.package_identification:_identify(/root/ur10_ws/src/ur10_perception) by extensions ['colcon_pkg']
[0.693s] Level 1:colcon.colcon_core.package_identification:_identify(/root/ur10_ws/src/ur10_perception) by extension 'colcon_pkg'
[0.693s] Level 1:colcon.colcon_core.package_identification:_identify(/root/ur10_ws/src/ur10_perception) by extensions ['colcon_meta']
[0.693s] Level 1:colcon.colcon_core.package_identification:_identify(/root/ur10_ws/src/ur10_perception) by extension 'colcon_meta'
[0.693s] Level 1:colcon.colcon_core.package_identification:_identify(/root/ur10_ws/src/ur10_perception) by extensions ['ros']
[0.693s] Level 1:colcon.colcon_core.package_identification:_identify(/root/ur10_ws/src/ur10_perception) by extension 'ros'
[0.693s] DEBUG:colcon.colcon_core.package_identification:Package '/root/ur10_ws/src/ur10_perception' with type 'ros.ament_cmake' and name 'ur10_perception'
[0.693s] Level 1:colcon.colcon_core.package_identification:_identify(/root/ur10_ws/src/ur10_simulation_bringup) by extensions ['ignore', 'ignore_ament_install']
[0.694s] Level 1:colcon.colcon_core.package_identification:_identify(/root/ur10_ws/src/ur10_simulation_bringup) by extension 'ignore'
[0.694s] Level 1:colcon.colcon_core.package_identification:_identify(/root/ur10_ws/src/ur10_simulation_bringup) by extension 'ignore_ament_install'
[0.694s] Level 1:colcon.colcon_core.package_identification:_identify(/root/ur10_ws/src/ur10_simulation_bringup) by extensions ['colcon_pkg']
[0.694s] Level 1:colcon.colcon_core.package_identification:_identify(/root/ur10_ws/src/ur10_simulation_bringup) by extension 'colcon_pkg'
[0.694s] Level 1:colcon.colcon_core.package_identification:_identify(/root/ur10_ws/src/ur10_simulation_bringup) by extensions ['colcon_meta']
[0.694s] Level 1:colcon.colcon_core.package_identification:_identify(/root/ur10_ws/src/ur10_simulation_bringup) by extension 'colcon_meta'
[0.694s] Level 1:colcon.colcon_core.package_identification:_identify(/root/ur10_ws/src/ur10_simulation_bringup) by extensions ['ros']
[0.694s] Level 1:colcon.colcon_core.package_identification:_identify(/root/ur10_ws/src/ur10_simulation_bringup) by extension 'ros'
[0.694s] DEBUG:colcon.colcon_core.package_identification:Package '/root/ur10_ws/src/ur10_simulation_bringup' with type 'ros.ament_cmake' and name 'ur10_simulation_bringup'
[0.694s] Level 1:colcon.colcon_core.package_discovery:discover_packages(recursive) using defaults
[0.720s] INFO:colcon.colcon_core.package_selection:Skipping not selected package 'ur10_description' in '/root/ur10_ws/src/ur10_description'
[0.720s] INFO:colcon.colcon_core.package_selection:Skipping not selected package 'ur10_examples' in '/root/ur10_ws/src/ur10_examples'
[0.720s] INFO:colcon.colcon_core.package_selection:Skipping not selected package 'ur10_perception' in '/root/ur10_ws/src/ur10_perception'
[0.720s] INFO:colcon.colcon_core.package_selection:Skipping not selected package 'ur10_moveit_config' in '/root/ur10_ws/src/ur10_moveit_config'
[0.720s] INFO:colcon.colcon_core.package_selection:Skipping not selected package 'ur10_simulation_bringup' in '/root/ur10_ws/src/ur10_simulation_bringup'
[0.720s] Level 1:colcon.colcon_core.package_discovery:discover_packages(prefix_path) check parameters
[0.721s] Level 1:colcon.colcon_core.package_discovery:discover_packages(prefix_path) discover
[0.723s] ERROR:colcon.colcon_core.prefix_path:Exception in prefix path extension 'ament': [Errno 20] Not a directory: '/root/ur10_ws/install/COLCON_IGNORE'
Traceback (most recent call last):
  File "/usr/lib/python3/dist-packages/colcon_core/prefix_path/__init__.py", line 78, in get_chained_prefix_path
    retval = extension.extend_prefix_path(chained_prefix_path)
  File "/usr/lib/python3/dist-packages/colcon_ros/prefix_path/ament.py", line 40, in extend_prefix_path
    for filename in os.listdir(path):
NotADirectoryError: [Errno 20] Not a directory: '/root/ur10_ws/install/COLCON_IGNORE'

[0.724s] DEBUG:colcon.colcon_installed_package_information.package_discovery:Found 1 installed packages in /root/ur10_ws/install/ur10_description
[0.724s] DEBUG:colcon.colcon_installed_package_information.package_discovery:Found 1 installed packages in /root/ur10_ws/install/ur10_examples
[0.725s] DEBUG:colcon.colcon_installed_package_information.package_discovery:Found 1 installed packages in /root/ur10_ws/install/ur10_examples_py
[0.725s] DEBUG:colcon.colcon_installed_package_information.package_discovery:Found 1 installed packages in /root/ur10_ws/install/ur10_moveit_config
[0.725s] DEBUG:colcon.colcon_installed_package_information.package_discovery:Found 1 installed packages in /root/ur10_ws/install/ur10_perception
[0.725s] DEBUG:colcon.colcon_installed_package_information.package_discovery:Found 1 installed packages in /root/ur10_ws/install/ur10_simulation_bringup
[0.725s] DEBUG:colcon.colcon_installed_package_information.package_discovery:Found 1 installed packages in /root/moveit_ws/install/chomp_motion_planner
[0.725s] DEBUG:colcon.colcon_installed_package_information.package_discovery:Found 1 installed packages in /root/moveit_ws/install/geometric_shapes
[0.726s] DEBUG:colcon.colcon_installed_package_information.package_discovery:Found 1 installed packages in /root/moveit_ws/install/moveit_common
[0.726s] DEBUG:colcon.colcon_installed_package_information.package_discovery:Found 1 installed packages in /root/moveit_ws/install/moveit_configs_utils
[0.726s] DEBUG:colcon.colcon_installed_package_information.package_discovery:Found 1 installed packages in /root/moveit_ws/install/moveit_core
[0.726s] DEBUG:colcon.colcon_installed_package_information.package_discovery:Found 1 installed packages in /root/moveit_ws/install/moveit_kinematics
[0.726s] DEBUG:colcon.colcon_installed_package_information.package_discovery:Found 1 installed packages in /root/moveit_ws/install/moveit_msgs
[0.726s] DEBUG:colcon.colcon_installed_package_information.package_discovery:Found 1 installed packages in /root/moveit_ws/install/moveit_planners_chomp
[0.726s] DEBUG:colcon.colcon_installed_package_information.package_discovery:Found 1 installed packages in /root/moveit_ws/install/moveit_planners_ompl
[0.726s] DEBUG:colcon.colcon_installed_package_information.package_discovery:Found 1 installed packages in /root/moveit_ws/install/moveit_py
[0.727s] DEBUG:colcon.colcon_installed_package_information.package_discovery:Found 1 installed packages in /root/moveit_ws/install/moveit_resources_fanuc_description
[0.727s] DEBUG:colcon.colcon_installed_package_information.package_discovery:Found 1 installed packages in /root/moveit_ws/install/moveit_resources_fanuc_moveit_config
[0.727s] DEBUG:colcon.colcon_installed_package_information.package_discovery:Found 1 installed packages in /root/moveit_ws/install/moveit_resources_panda_description
[0.727s] DEBUG:colcon.colcon_installed_package_information.package_discovery:Found 1 installed packages in /root/moveit_ws/install/moveit_resources_panda_moveit_config
[0.728s] DEBUG:colcon.colcon_installed_package_information.package_discovery:Found 1 installed packages in /root/moveit_ws/install/moveit_resources_pr2_description
[0.728s] DEBUG:colcon.colcon_installed_package_information.package_discovery:Found 1 installed packages in /root/moveit_ws/install/moveit_resources_prbt_ikfast_manipulator_plugin
[0.728s] DEBUG:colcon.colcon_installed_package_information.package_discovery:Found 1 installed packages in /root/moveit_ws/install/moveit_resources_prbt_moveit_config
[0.728s] DEBUG:colcon.colcon_installed_package_information.package_discovery:Found 1 installed packages in /root/moveit_ws/install/moveit_resources_prbt_pg70_support
[0.729s] DEBUG:colcon.colcon_installed_package_information.package_discovery:Found 1 installed packages in /root/moveit_ws/install/moveit_resources_prbt_support
[0.729s] DEBUG:colcon.colcon_installed_package_information.package_discovery:Found 1 installed packages in /root/moveit_ws/install/moveit_ros_move_group
[0.729s] DEBUG:colcon.colcon_installed_package_information.package_discovery:Found 1 installed packages in /root/moveit_ws/install/moveit_ros_occupancy_map_monitor
[0.729s] DEBUG:colcon.colcon_installed_package_information.package_discovery:Found 1 installed packages in /root/moveit_ws/install/moveit_ros_planning
[0.729s] DEBUG:colcon.colcon_installed_package_information.package_discovery:Found 1 installed packages in /root/moveit_ws/install/moveit_ros_planning_interface
[0.729s] DEBUG:colcon.colcon_installed_package_information.package_discovery:Found 1 installed packages in /root/moveit_ws/install/moveit_ros_robot_interaction
[0.730s] DEBUG:colcon.colcon_installed_package_information.package_discovery:Found 1 installed packages in /root/moveit_ws/install/moveit_ros_warehouse
[0.730s] DEBUG:colcon.colcon_installed_package_information.package_discovery:Found 1 installed packages in /root/moveit_ws/install/moveit_simple_controller_manager
[0.730s] DEBUG:colcon.colcon_installed_package_information.package_discovery:Found 1 installed packages in /root/moveit_ws/install/moveit_task_constructor_msgs
[0.730s] DEBUG:colcon.colcon_installed_package_information.package_discovery:Found 1 installed packages in /root/moveit_ws/install/ompl
[0.730s] DEBUG:colcon.colcon_installed_package_information.package_discovery:Found 1 installed packages in /root/moveit_ws/install/pilz_industrial_motion_planner_testutils
[0.731s] DEBUG:colcon.colcon_installed_package_information.package_discovery:Found 1 installed packages in /root/moveit_ws/install/random_numbers
[0.731s] DEBUG:colcon.colcon_installed_package_information.package_discovery:Found 1 installed packages in /root/moveit_ws/install/rviz_marker_tools
[0.732s] DEBUG:colcon.colcon_installed_package_information.package_discovery:Found 1 installed packages in /root/moveit_ws/install/srdfdom
[0.733s] DEBUG:colcon.colcon_installed_package_information.package_discovery:Found 467 installed packages in /opt/ros/humble
[0.737s] Level 1:colcon.colcon_core.package_discovery:discover_packages(prefix_path) using defaults
[0.787s] WARNING:colcon.colcon_core.package_selection:Some selected packages are already built in one or more underlay workspaces:
	'ur10_examples_py' is in: /root/ur10_ws/install/ur10_examples_py
If a package in a merged underlay workspace is overridden and it installs headers, then all packages in the overlay must sort their include directories by workspace order. Failure to do so may result in build failures or undefined behavior at run time.
If the overridden package is used by another package in any underlay, then the overriding package in the overlay must be API and ABI compatible or undefined behavior at run time may occur.

If you understand the risks and want to override a package anyways, add the following to the command line:
	--allow-overriding ur10_examples_py

This may be promoted to an error in a future release of colcon-override-check.
[0.789s] Level 5:colcon.colcon_core.verb:set package 'ur10_examples_py' build argument 'cmake_args' from command line to 'None'
[0.789s] Level 5:colcon.colcon_core.verb:set package 'ur10_examples_py' build argument 'cmake_target' from command line to 'None'
[0.789s] Level 5:colcon.colcon_core.verb:set package 'ur10_examples_py' build argument 'cmake_target_skip_unavailable' from command line to 'False'
[0.789s] Level 5:colcon.colcon_core.verb:set package 'ur10_examples_py' build argument 'cmake_clean_cache' from command line to 'False'
[0.789s] Level 5:colcon.colcon_core.verb:set package 'ur10_examples_py' build argument 'cmake_clean_first' from command line to 'False'
[0.789s] Level 5:colcon.colcon_core.verb:set package 'ur10_examples_py' build argument 'cmake_force_configure' from command line to 'False'
[0.790s] Level 5:colcon.colcon_core.verb:set package 'ur10_examples_py' build argument 'ament_cmake_args' from command line to 'None'
[0.790s] Level 5:colcon.colcon_core.verb:set package 'ur10_examples_py' build argument 'catkin_cmake_args' from command line to 'None'
[0.790s] Level 5:colcon.colcon_core.verb:set package 'ur10_examples_py' build argument 'catkin_skip_building_tests' from command line to 'False'
[0.790s] DEBUG:colcon.colcon_core.verb:Building package 'ur10_examples_py' with the following arguments: {'ament_cmake_args': None, 'build_base': '/root/ur10_ws/build/ur10_examples_py', 'catkin_cmake_args': None, 'catkin_skip_building_tests': False, 'cmake_args': None, 'cmake_clean_cache': False, 'cmake_clean_first': False, 'cmake_force_configure': False, 'cmake_target': None, 'cmake_target_skip_unavailable': False, 'install_base': '/root/ur10_ws/install/ur10_examples_py', 'merge_install': False, 'path': '/root/ur10_ws/src/ur10_examples_py', 'symlink_install': True, 'test_result_base': None}
[0.790s] INFO:colcon.colcon_core.executor:Executing jobs using 'parallel' executor
[0.791s] DEBUG:colcon.colcon_parallel_executor.executor.parallel:run_until_complete
[0.791s] INFO:colcon.colcon_ros.task.ament_python.build:Building ROS package in '/root/ur10_ws/src/ur10_examples_py' with build type 'ament_python'
[0.792s] Level 1:colcon.colcon_core.shell:create_environment_hook('ur10_examples_py', 'ament_prefix_path')
[0.798s] INFO:colcon.colcon_core.plugin_system:Skipping extension 'colcon_core.shell.bat': Not used on non-Windows systems
[0.798s] INFO:colcon.colcon_core.shell:Creating environment hook '/root/ur10_ws/install/ur10_examples_py/share/ur10_examples_py/hook/ament_prefix_path.ps1'
[0.801s] INFO:colcon.colcon_core.shell:Creating environment descriptor '/root/ur10_ws/install/ur10_examples_py/share/ur10_examples_py/hook/ament_prefix_path.dsv'
[0.803s] INFO:colcon.colcon_core.shell:Creating environment hook '/root/ur10_ws/install/ur10_examples_py/share/ur10_examples_py/hook/ament_prefix_path.sh'
[0.807s] INFO:colcon.colcon_core.shell:Skip shell extension 'powershell' for command environment: Not usable outside of PowerShell
[0.807s] DEBUG:colcon.colcon_core.shell:Skip shell extension 'dsv' for command environment
[0.809s] ERROR:colcon.colcon_core.prefix_path:Exception in prefix path extension 'ament': [Errno 20] Not a directory: '/root/ur10_ws/install/COLCON_IGNORE'
Traceback (most recent call last):
  File "/usr/lib/python3/dist-packages/colcon_core/prefix_path/__init__.py", line 78, in get_chained_prefix_path
    retval = extension.extend_prefix_path(chained_prefix_path)
  File "/usr/lib/python3/dist-packages/colcon_ros/prefix_path/ament.py", line 40, in extend_prefix_path
    for filename in os.listdir(path):
NotADirectoryError: [Errno 20] Not a directory: '/root/ur10_ws/install/COLCON_IGNORE'

[0.811s] DEBUG:colcon.colcon_core.shell:Ignoring prefix path '/root/ur10_ws/install/COLCON_IGNORE'
[0.811s] DEBUG:colcon.colcon_core.shell:Ignoring prefix path '/root/ur10_ws/install/_local_setup_util_ps1.py'
[0.812s] DEBUG:colcon.colcon_core.shell:Ignoring prefix path '/root/ur10_ws/install/_local_setup_util_sh.py'
[0.812s] DEBUG:colcon.colcon_core.shell:Ignoring prefix path '/root/ur10_ws/install/local_setup.bash'
[0.813s] DEBUG:colcon.colcon_core.shell:Ignoring prefix path '/root/ur10_ws/install/local_setup.ps1'
[0.813s] DEBUG:colcon.colcon_core.shell:Ignoring prefix path '/root/ur10_ws/install/local_setup.sh'
[0.813s] DEBUG:colcon.colcon_core.shell:Ignoring prefix path '/root/ur10_ws/install/local_setup.zsh'
[0.814s] DEBUG:colcon.colcon_core.shell:Ignoring prefix path '/root/ur10_ws/install/setup.bash'
[0.814s] DEBUG:colcon.colcon_core.shell:Ignoring prefix path '/root/ur10_ws/install/setup.ps1'
[0.815s] DEBUG:colcon.colcon_core.shell:Ignoring prefix path '/root/ur10_ws/install/setup.sh'
[0.815s] DEBUG:colcon.colcon_core.shell:Ignoring prefix path '/root/ur10_ws/install/setup.zsh'
[0.817s] DEBUG:colcon.colcon_core.shell:Ignoring prefix path '/root/moveit_ws/install/COLCON_IGNORE'
[0.817s] DEBUG:colcon.colcon_core.shell:Ignoring prefix path '/root/moveit_ws/install/_local_setup_util_ps1.py'
[0.817s] DEBUG:colcon.colcon_core.shell:Ignoring prefix path '/root/moveit_ws/install/_local_setup_util_sh.py'
[0.819s] DEBUG:colcon.colcon_core.shell:Ignoring prefix path '/root/moveit_ws/install/local_setup.bash'
[0.819s] DEBUG:colcon.colcon_core.shell:Ignoring prefix path '/root/moveit_ws/install/local_setup.ps1'
[0.820s] DEBUG:colcon.colcon_core.shell:Ignoring prefix path '/root/moveit_ws/install/local_setup.sh'
[0.821s] DEBUG:colcon.colcon_core.shell:Ignoring prefix path '/root/moveit_ws/install/local_setup.zsh'
[0.833s] DEBUG:colcon.colcon_core.shell:Ignoring prefix path '/root/moveit_ws/install/pilz_industrial_motion_planner'
[0.834s] DEBUG:colcon.colcon_core.shell:Ignoring prefix path '/root/moveit_ws/install/ruckig'
[0.834s] DEBUG:colcon.colcon_core.shell:Ignoring prefix path '/root/moveit_ws/install/setup.bash'
[0.834s] DEBUG:colcon.colcon_core.shell:Ignoring prefix path '/root/moveit_ws/install/setup.ps1'
[0.835s] DEBUG:colcon.colcon_core.shell:Ignoring prefix path '/root/moveit_ws/install/setup.sh'
[0.835s] DEBUG:colcon.colcon_core.shell:Ignoring prefix path '/root/moveit_ws/install/setup.zsh'
[1.279s] INFO:colcon.colcon_core.task.python.build:Building Python package in '/root/ur10_ws/src/ur10_examples_py'
[1.280s] INFO:colcon.colcon_core.shell:Skip shell extension 'powershell' for command environment: Not usable outside of PowerShell
[1.280s] DEBUG:colcon.colcon_core.shell:Skip shell extension 'dsv' for command environment
[1.280s] ERROR:colcon.colcon_core.prefix_path:Exception in prefix path extension 'ament': [Errno 20] Not a directory: '/root/ur10_ws/install/COLCON_IGNORE'
Traceback (most recent call last):
  File "/usr/lib/python3/dist-packages/colcon_core/prefix_path/__init__.py", line 78, in get_chained_prefix_path
    retval = extension.extend_prefix_path(chained_prefix_path)
  File "/usr/lib/python3/dist-packages/colcon_ros/prefix_path/ament.py", line 40, in extend_prefix_path
    for filename in os.listdir(path):
NotADirectoryError: [Errno 20] Not a directory: '/root/ur10_ws/install/COLCON_IGNORE'

[1.280s] DEBUG:colcon.colcon_core.shell:Ignoring prefix path '/root/ur10_ws/install/COLCON_IGNORE'
[1.280s] DEBUG:colcon.colcon_core.shell:Ignoring prefix path '/root/ur10_ws/install/_local_setup_util_ps1.py'
[1.280s] DEBUG:colcon.colcon_core.shell:Ignoring prefix path '/root/ur10_ws/install/_local_setup_util_sh.py'
[1.281s] DEBUG:colcon.colcon_core.shell:Ignoring prefix path '/root/ur10_ws/install/local_setup.bash'
[1.281s] DEBUG:colcon.colcon_core.shell:Ignoring prefix path '/root/ur10_ws/install/local_setup.ps1'
[1.281s] DEBUG:colcon.colcon_core.shell:Ignoring prefix path '/root/ur10_ws/install/local_setup.sh'
[1.281s] DEBUG:colcon.colcon_core.shell:Ignoring prefix path '/root/ur10_ws/install/local_setup.zsh'
[1.281s] DEBUG:colcon.colcon_core.shell:Ignoring prefix path '/root/ur10_ws/install/setup.bash'
[1.281s] DEBUG:colcon.colcon_core.shell:Ignoring prefix path '/root/ur10_ws/install/setup.ps1'
[1.281s] DEBUG:colcon.colcon_core.shell:Ignoring prefix path '/root/ur10_ws/install/setup.sh'
[1.281s] DEBUG:colcon.colcon_core.shell:Ignoring prefix path '/root/ur10_ws/install/setup.zsh'
[1.282s] DEBUG:colcon.colcon_core.shell:Ignoring prefix path '/root/moveit_ws/install/COLCON_IGNORE'
[1.282s] DEBUG:colcon.colcon_core.shell:Ignoring prefix path '/root/moveit_ws/install/_local_setup_util_ps1.py'
[1.282s] DEBUG:colcon.colcon_core.shell:Ignoring prefix path '/root/moveit_ws/install/_local_setup_util_sh.py'
[1.282s] DEBUG:colcon.colcon_core.shell:Ignoring prefix path '/root/moveit_ws/install/local_setup.bash'
[1.282s] DEBUG:colcon.colcon_core.shell:Ignoring prefix path '/root/moveit_ws/install/local_setup.ps1'
[1.282s] DEBUG:colcon.colcon_core.shell:Ignoring prefix path '/root/moveit_ws/install/local_setup.sh'
[1.282s] DEBUG:colcon.colcon_core.shell:Ignoring prefix path '/root/moveit_ws/install/local_setup.zsh'
[1.284s] DEBUG:colcon.colcon_core.shell:Ignoring prefix path '/root/moveit_ws/install/pilz_industrial_motion_planner'
[1.285s] DEBUG:colcon.colcon_core.shell:Ignoring prefix path '/root/moveit_ws/install/ruckig'
[1.285s] DEBUG:colcon.colcon_core.shell:Ignoring prefix path '/root/moveit_ws/install/setup.bash'
[1.285s] DEBUG:colcon.colcon_core.shell:Ignoring prefix path '/root/moveit_ws/install/setup.ps1'
[1.285s] DEBUG:colcon.colcon_core.shell:Ignoring prefix path '/root/moveit_ws/install/setup.sh'
[1.285s] DEBUG:colcon.colcon_core.shell:Ignoring prefix path '/root/moveit_ws/install/setup.zsh'
[1.932s] DEBUG:colcon.colcon_core.event_handler.log_command:Invoking command in '/root/ur10_ws/build/ur10_examples_py': CMAKE_PREFIX_PATH=/root/ur10_ws/install/ur10_perception:/root/ur10_ws/install/COLCON_IGNORE:/root/ur10_ws/install/_local_setup_util_ps1.py:/root/ur10_ws/install/_local_setup_util_sh.py:/root/ur10_ws/install/local_setup.bash:/root/ur10_ws/install/local_setup.ps1:/root/ur10_ws/install/local_setup.sh:/root/ur10_ws/install/local_setup.zsh:/root/ur10_ws/install/setup.bash:/root/ur10_ws/install/setup.ps1:/root/ur10_ws/install/setup.sh:/root/ur10_ws/install/setup.zsh:/root/ur10_ws/install/ur10_description:/root/ur10_ws/install/ur10_examples:/root/ur10_ws/install/ur10_examples_py:/root/ur10_ws/install/ur10_moveit_config:/root/ur10_ws/install/ur10_simulation_bringup:/root/moveit_ws/install/COLCON_IGNORE:/root/moveit_ws/install/_local_setup_util_ps1.py:/root/moveit_ws/install/_local_setup_util_sh.py:/root/moveit_ws/install/chomp_motion_planner:/root/moveit_ws/install/geometric_shapes:/root/moveit_ws/install/local_setup.bash:/root/moveit_ws/install/local_setup.ps1:/root/moveit_ws/install/local_setup.sh:/root/moveit_ws/install/local_setup.zsh:/root/moveit_ws/install/moveit_common:/root/moveit_ws/install/moveit_configs_utils:/root/moveit_ws/install/moveit_core:/root/moveit_ws/install/moveit_kinematics:/root/moveit_ws/install/moveit_msgs:/root/moveit_ws/install/moveit_planners_chomp:/root/moveit_ws/install/moveit_planners_ompl:/root/moveit_ws/install/moveit_py:/root/moveit_ws/install/moveit_resources_fanuc_description:/root/moveit_ws/install/moveit_resources_fanuc_moveit_config:/root/moveit_ws/install/moveit_resources_panda_description:/root/moveit_ws/install/moveit_resources_panda_moveit_config:/root/moveit_ws/install/moveit_resources_pr2_description:/root/moveit_ws/install/moveit_resources_prbt_ikfast_manipulator_plugin:/root/moveit_ws/install/moveit_resources_prbt_moveit_config:/root/moveit_ws/install/moveit_resources_prbt_pg70_support:/root/moveit_ws/install/moveit_resources_prbt_support:/root/moveit_ws/install/moveit_ros_move_group:/root/moveit_ws/install/moveit_ros_occupancy_map_monitor:/root/moveit_ws/install/moveit_ros_planning:/root/moveit_ws/install/moveit_ros_planning_interface:/root/moveit_ws/install/moveit_ros_robot_interaction:/root/moveit_ws/install/moveit_ros_warehouse:/root/moveit_ws/install/moveit_simple_controller_manager:/root/moveit_ws/install/moveit_task_constructor_msgs:/root/moveit_ws/install/ompl:/root/moveit_ws/install/pilz_industrial_motion_planner:/root/moveit_ws/install/pilz_industrial_motion_planner_testutils:/root/moveit_ws/install/random_numbers:/root/moveit_ws/install/ruckig:/root/moveit_ws/install/rviz_marker_tools:/root/moveit_ws/install/setup.bash:/root/moveit_ws/install/setup.ps1:/root/moveit_ws/install/setup.sh:/root/moveit_ws/install/setup.zsh:/root/moveit_ws/install/srdfdom:/opt/ros/humble PYTHONPATH=/root/ur10_ws/build/ur10_examples_py/prefix_override:/usr/lib/python3/dist-packages/colcon_core/task/python/colcon_distutils_commands:/root/ur10_ws/install/ur10_examples_py/lib/python3.10/site-packages:${PYTHONPATH} /usr/bin/python3 -W ignore:setup.py install is deprecated -W ignore:easy_install command is deprecated setup.py develop --editable --build-directory /root/ur10_ws/build/ur10_examples_py/build --no-deps symlink_data
[2.451s] Level 1:colcon.colcon_core.shell:create_environment_hook('ur10_examples_py', 'pythonpath_develop')
[2.452s] INFO:colcon.colcon_core.shell:Creating environment hook '/root/ur10_ws/build/ur10_examples_py/share/ur10_examples_py/hook/pythonpath_develop.ps1'
[2.452s] DEBUG:colcon.colcon_core.event_handler.log_command:Invoked command in '/root/ur10_ws/build/ur10_examples_py' returned '0': CMAKE_PREFIX_PATH=/root/ur10_ws/install/ur10_perception:/root/ur10_ws/install/COLCON_IGNORE:/root/ur10_ws/install/_local_setup_util_ps1.py:/root/ur10_ws/install/_local_setup_util_sh.py:/root/ur10_ws/install/local_setup.bash:/root/ur10_ws/install/local_setup.ps1:/root/ur10_ws/install/local_setup.sh:/root/ur10_ws/install/local_setup.zsh:/root/ur10_ws/install/setup.bash:/root/ur10_ws/install/setup.ps1:/root/ur10_ws/install/setup.sh:/root/ur10_ws/install/setup.zsh:/root/ur10_ws/install/ur10_description:/root/ur10_ws/install/ur10_examples:/root/ur10_ws/install/ur10_examples_py:/root/ur10_ws/install/ur10_moveit_config:/root/ur10_ws/install/ur10_simulation_bringup:/root/moveit_ws/install/COLCON_IGNORE:/root/moveit_ws/install/_local_setup_util_ps1.py:/root/moveit_ws/install/_local_setup_util_sh.py:/root/moveit_ws/install/chomp_motion_planner:/root/moveit_ws/install/geometric_shapes:/root/moveit_ws/install/local_setup.bash:/root/moveit_ws/install/local_setup.ps1:/root/moveit_ws/install/local_setup.sh:/root/moveit_ws/install/local_setup.zsh:/root/moveit_ws/install/moveit_common:/root/moveit_ws/install/moveit_configs_utils:/root/moveit_ws/install/moveit_core:/root/moveit_ws/install/moveit_kinematics:/root/moveit_ws/install/moveit_msgs:/root/moveit_ws/install/moveit_planners_chomp:/root/moveit_ws/install/moveit_planners_ompl:/root/moveit_ws/install/moveit_py:/root/moveit_ws/install/moveit_resources_fanuc_description:/root/moveit_ws/install/moveit_resources_fanuc_moveit_config:/root/moveit_ws/install/moveit_resources_panda_description:/root/moveit_ws/install/moveit_resources_panda_moveit_config:/root/moveit_ws/install/moveit_resources_pr2_description:/root/moveit_ws/install/moveit_resources_prbt_ikfast_manipulator_plugin:/root/moveit_ws/install/moveit_resources_prbt_moveit_config:/root/moveit_ws/install/moveit_resources_prbt_pg70_support:/root/moveit_ws/install/moveit_resources_prbt_support:/root/moveit_ws/install/moveit_ros_move_group:/root/moveit_ws/install/moveit_ros_occupancy_map_monitor:/root/moveit_ws/install/moveit_ros_planning:/root/moveit_ws/install/moveit_ros_planning_interface:/root/moveit_ws/install/moveit_ros_robot_interaction:/root/moveit_ws/install/moveit_ros_warehouse:/root/moveit_ws/install/moveit_simple_controller_manager:/root/moveit_ws/install/moveit_task_constructor_msgs:/root/moveit_ws/install/ompl:/root/moveit_ws/install/pilz_industrial_motion_planner:/root/moveit_ws/install/pilz_industrial_motion_planner_testutils:/root/moveit_ws/install/random_numbers:/root/moveit_ws/install/ruckig:/root/moveit_ws/install/rviz_marker_tools:/root/moveit_ws/install/setup.bash:/root/moveit_ws/install/setup.ps1:/root/moveit_ws/install/setup.sh:/root/moveit_ws/install/setup.zsh:/root/moveit_ws/install/srdfdom:/opt/ros/humble PYTHONPATH=/root/ur10_ws/build/ur10_examples_py/prefix_override:/usr/lib/python3/dist-packages/colcon_core/task/python/colcon_distutils_commands:/root/ur10_ws/install/ur10_examples_py/lib/python3.10/site-packages:${PYTHONPATH} /usr/bin/python3 -W ignore:setup.py install is deprecated -W ignore:easy_install command is deprecated setup.py develop --editable --build-directory /root/ur10_ws/build/ur10_examples_py/build --no-deps symlink_data
[2.453s] INFO:colcon.colcon_core.shell:Creating environment descriptor '/root/ur10_ws/build/ur10_examples_py/share/ur10_examples_py/hook/pythonpath_develop.dsv'
[2.453s] INFO:colcon.colcon_core.shell:Creating environment hook '/root/ur10_ws/build/ur10_examples_py/share/ur10_examples_py/hook/pythonpath_develop.sh'
[2.457s] Level 1:colcon.colcon_core.environment:checking '/root/ur10_ws/install/ur10_examples_py' for CMake module files
[2.458s] Level 1:colcon.colcon_core.environment:checking '/root/ur10_ws/install/ur10_examples_py' for CMake config files
[2.459s] Level 1:colcon.colcon_core.environment:checking '/root/ur10_ws/install/ur10_examples_py/lib'
[2.459s] Level 1:colcon.colcon_core.environment:checking '/root/ur10_ws/install/ur10_examples_py/bin'
[2.459s] Level 1:colcon.colcon_core.environment:checking '/root/ur10_ws/install/ur10_examples_py/lib/pkgconfig/ur10_examples_py.pc'
[2.459s] Level 1:colcon.colcon_core.environment:checking '/root/ur10_ws/install/ur10_examples_py/lib/python3.10/site-packages'
[2.459s] Level 1:colcon.colcon_core.shell:create_environment_hook('ur10_examples_py', 'pythonpath')
[2.459s] INFO:colcon.colcon_core.shell:Creating environment hook '/root/ur10_ws/install/ur10_examples_py/share/ur10_examples_py/hook/pythonpath.ps1'
[2.460s] INFO:colcon.colcon_core.shell:Creating environment descriptor '/root/ur10_ws/install/ur10_examples_py/share/ur10_examples_py/hook/pythonpath.dsv'
[2.461s] INFO:colcon.colcon_core.shell:Creating environment hook '/root/ur10_ws/install/ur10_examples_py/share/ur10_examples_py/hook/pythonpath.sh'
[2.463s] Level 1:colcon.colcon_core.environment:checking '/root/ur10_ws/install/ur10_examples_py/bin'
[2.463s] Level 1:colcon.colcon_core.environment:create_environment_scripts_only(ur10_examples_py)
[2.463s] INFO:colcon.colcon_core.shell:Creating package script '/root/ur10_ws/install/ur10_examples_py/share/ur10_examples_py/package.ps1'
[2.464s] INFO:colcon.colcon_core.shell:Creating package descriptor '/root/ur10_ws/install/ur10_examples_py/share/ur10_examples_py/package.dsv'
[2.465s] INFO:colcon.colcon_core.shell:Creating package script '/root/ur10_ws/install/ur10_examples_py/share/ur10_examples_py/package.sh'
[2.465s] INFO:colcon.colcon_core.shell:Creating package script '/root/ur10_ws/install/ur10_examples_py/share/ur10_examples_py/package.bash'
[2.466s] INFO:colcon.colcon_core.shell:Creating package script '/root/ur10_ws/install/ur10_examples_py/share/ur10_examples_py/package.zsh'
[2.468s] Level 1:colcon.colcon_core.environment:create_file_with_runtime_dependencies(/root/ur10_ws/install/ur10_examples_py/share/colcon-core/packages/ur10_examples_py)
[2.469s] DEBUG:colcon.colcon_parallel_executor.executor.parallel:closing loop
[2.470s] DEBUG:colcon.colcon_parallel_executor.executor.parallel:loop closed
[2.470s] DEBUG:colcon.colcon_parallel_executor.executor.parallel:run_until_complete finished with '0'
[2.470s] DEBUG:colcon.colcon_core.event_reactor:joining thread
[2.590s] INFO:colcon.colcon_core.plugin_system:Skipping extension 'colcon_notification.desktop_notification.notify_send': Could not find 'notify-send'
[2.590s] INFO:colcon.colcon_core.plugin_system:Skipping extension 'colcon_notification.desktop_notification.terminal_notifier': Not used on non-Darwin systems
[2.590s] INFO:colcon.colcon_core.plugin_system:Skipping extension 'colcon_notification.desktop_notification.win32': Not used on non-Windows systems
[2.590s] INFO:colcon.colcon_notification.desktop_notification:Sending desktop notification using 'notify2'
[2.591s] DEBUG:colcon.colcon_notification.desktop_notification.notify2:Failed to initialize notify2: org.freedesktop.DBus.Error.FileNotFound: Failed to connect to socket /run/user/0/bus: No such file or directory
[2.591s] DEBUG:colcon.colcon_core.event_reactor:joined thread
[2.591s] INFO:colcon.colcon_core.shell:Creating prefix script '/root/ur10_ws/install/local_setup.ps1'
[2.592s] INFO:colcon.colcon_core.shell:Creating prefix util module '/root/ur10_ws/install/_local_setup_util_ps1.py'
[2.592s] INFO:colcon.colcon_core.shell:Creating prefix chain script '/root/ur10_ws/install/setup.ps1'
[2.593s] ERROR:colcon.colcon_core.prefix_path:Exception in prefix path extension 'ament': [Errno 20] Not a directory: '/root/ur10_ws/install/COLCON_IGNORE'
Traceback (most recent call last):
  File "/usr/lib/python3/dist-packages/colcon_core/prefix_path/__init__.py", line 78, in get_chained_prefix_path
    retval = extension.extend_prefix_path(chained_prefix_path)
  File "/usr/lib/python3/dist-packages/colcon_ros/prefix_path/ament.py", line 40, in extend_prefix_path
    for filename in os.listdir(path):
NotADirectoryError: [Errno 20] Not a directory: '/root/ur10_ws/install/COLCON_IGNORE'

[2.594s] INFO:colcon.colcon_core.shell:Creating prefix script '/root/ur10_ws/install/local_setup.sh'
[2.595s] INFO:colcon.colcon_core.shell:Creating prefix util module '/root/ur10_ws/install/_local_setup_util_sh.py'
[2.595s] INFO:colcon.colcon_core.shell:Creating prefix chain script '/root/ur10_ws/install/setup.sh'
[2.596s] ERROR:colcon.colcon_core.prefix_path:Exception in prefix path extension 'ament': [Errno 20] Not a directory: '/root/ur10_ws/install/COLCON_IGNORE'
Traceback (most recent call last):
  File "/usr/lib/python3/dist-packages/colcon_core/prefix_path/__init__.py", line 78, in get_chained_prefix_path
    retval = extension.extend_prefix_path(chained_prefix_path)
  File "/usr/lib/python3/dist-packages/colcon_ros/prefix_path/ament.py", line 40, in extend_prefix_path
    for filename in os.listdir(path):
NotADirectoryError: [Errno 20] Not a directory: '/root/ur10_ws/install/COLCON_IGNORE'

[2.597s] INFO:colcon.colcon_core.shell:Creating prefix script '/root/ur10_ws/install/local_setup.bash'
[2.597s] INFO:colcon.colcon_core.shell:Creating prefix chain script '/root/ur10_ws/install/setup.bash'
[2.598s] ERROR:colcon.colcon_core.prefix_path:Exception in prefix path extension 'ament': [Errno 20] Not a directory: '/root/ur10_ws/install/COLCON_IGNORE'
Traceback (most recent call last):
  File "/usr/lib/python3/dist-packages/colcon_core/prefix_path/__init__.py", line 78, in get_chained_prefix_path
    retval = extension.extend_prefix_path(chained_prefix_path)
  File "/usr/lib/python3/dist-packages/colcon_ros/prefix_path/ament.py", line 40, in extend_prefix_path
    for filename in os.listdir(path):
NotADirectoryError: [Errno 20] Not a directory: '/root/ur10_ws/install/COLCON_IGNORE'

[2.599s] INFO:colcon.colcon_core.shell:Creating prefix script '/root/ur10_ws/install/local_setup.zsh'
[2.600s] INFO:colcon.colcon_core.shell:Creating prefix chain script '/root/ur10_ws/install/setup.zsh'
[2.601s] ERROR:colcon.colcon_core.prefix_path:Exception in prefix path extension 'ament': [Errno 20] Not a directory: '/root/ur10_ws/install/COLCON_IGNORE'
Traceback (most recent call last):
  File "/usr/lib/python3/dist-packages/colcon_core/prefix_path/__init__.py", line 78, in get_chained_prefix_path
    retval = extension.extend_prefix_path(chained_prefix_path)
  File "/usr/lib/python3/dist-packages/colcon_ros/prefix_path/ament.py", line 40, in extend_prefix_path
    for filename in os.listdir(path):
NotADirectoryError: [Errno 20] Not a directory: '/root/ur10_ws/install/COLCON_IGNORE'

