[0.011s] Invoking command in '/root/ur10_ws/build/ur10_perception': /usr/bin/cmake --build /root/ur10_ws/build/ur10_perception -- -j4 -l4
[0.084s] Consolidate compiler generated dependencies of target pcd_capture_node
[0.097s] [ 50%] Built target pcd_capture_node
[0.109s] Consolidate compiler generated dependencies of target pcd_to_collision_scene_node
[0.136s] [100%] Built target pcd_to_collision_scene_node
[0.160s] Invoked command in '/root/ur10_ws/build/ur10_perception' returned '0': /usr/bin/cmake --build /root/ur10_ws/build/ur10_perception -- -j4 -l4
[0.178s] Invoking command in '/root/ur10_ws/build/ur10_perception': /usr/bin/cmake --install /root/ur10_ws/build/ur10_perception
[0.190s] -- Install configuration: ""
[0.191s] -- Execute custom install script
[0.191s] -- Up-to-date symlink: /root/ur10_ws/install/ur10_perception/lib/ur10_perception/pcd_capture_node
[0.191s] -- Up-to-date symlink: /root/ur10_ws/install/ur10_perception/lib/ur10_perception/pcd_to_collision_scene_node
[0.191s] -- Up-to-date symlink: /root/ur10_ws/install/ur10_perception/share/ur10_perception/config/camera_topics.yaml
[0.192s] -- Up-to-date symlink: /root/ur10_ws/install/ur10_perception/share/ur10_perception/launch/__pycache__/perception_only.launch.cpython-310.pyc
[0.192s] -- Up-to-date symlink: /root/ur10_ws/install/ur10_perception/share/ur10_perception/launch/perception_only.launch.py
[0.193s] -- Up-to-date symlink: /root/ur10_ws/install/ur10_perception/share/ur10_perception/urdf/overhead_depth_camera.xacro
[0.193s] -- Up-to-date symlink: /root/ur10_ws/install/ur10_perception/share/ur10_perception/worlds/obstacle_scene.world
[0.194s] -- Up-to-date symlink: /root/ur10_ws/install/ur10_perception/share/ament_index/resource_index/package_run_dependencies/ur10_perception
[0.194s] -- Up-to-date symlink: /root/ur10_ws/install/ur10_perception/share/ament_index/resource_index/parent_prefix_path/ur10_perception
[0.194s] -- Up-to-date symlink: /root/ur10_ws/install/ur10_perception/share/ur10_perception/environment/ament_prefix_path.sh
[0.195s] -- Up-to-date symlink: /root/ur10_ws/install/ur10_perception/share/ur10_perception/environment/ament_prefix_path.dsv
[0.195s] -- Up-to-date symlink: /root/ur10_ws/install/ur10_perception/share/ur10_perception/environment/path.sh
[0.196s] -- Up-to-date symlink: /root/ur10_ws/install/ur10_perception/share/ur10_perception/environment/path.dsv
[0.196s] -- Up-to-date symlink: /root/ur10_ws/install/ur10_perception/share/ur10_perception/local_setup.bash
[0.196s] -- Up-to-date symlink: /root/ur10_ws/install/ur10_perception/share/ur10_perception/local_setup.sh
[0.196s] -- Up-to-date symlink: /root/ur10_ws/install/ur10_perception/share/ur10_perception/local_setup.zsh
[0.196s] -- Up-to-date symlink: /root/ur10_ws/install/ur10_perception/share/ur10_perception/local_setup.dsv
[0.196s] -- Symlinking: /root/ur10_ws/install/ur10_perception/share/ur10_perception/package.dsv
[0.205s] -- Up-to-date symlink: /root/ur10_ws/install/ur10_perception/share/ament_index/resource_index/packages/ur10_perception
[0.206s] -- Up-to-date symlink: /root/ur10_ws/install/ur10_perception/share/ur10_perception/cmake/ur10_perceptionConfig.cmake
[0.206s] -- Up-to-date symlink: /root/ur10_ws/install/ur10_perception/share/ur10_perception/cmake/ur10_perceptionConfig-version.cmake
[0.206s] -- Up-to-date symlink: /root/ur10_ws/install/ur10_perception/share/ur10_perception/package.xml
[0.208s] Invoked command in '/root/ur10_ws/build/ur10_perception' returned '0': /usr/bin/cmake --install /root/ur10_ws/build/ur10_perception
