-- Found ament_cmake: 1.3.14 (/opt/ros/humble/share/ament_cmake/cmake)
-- Override CMake install command with custom implementation using symlinks instead of copying resources
-- Found geometry_msgs: 4.9.0 (/opt/ros/humble/share/geometry_msgs/cmake)
-- Found rosidl_generator_c: 3.1.8 (/opt/ros/humble/share/rosidl_generator_c/cmake)
-- Found rosidl_adapter: 3.1.8 (/opt/ros/humble/share/rosidl_adapter/cmake)
-- Found rosidl_generator_cpp: 3.1.8 (/opt/ros/humble/share/rosidl_generator_cpp/cmake)
-- Using all available rosidl_typesupport_c: rosidl_typesupport_fastrtps_c;rosidl_typesupport_introspection_c
-- Using all available rosidl_typesupport_cpp: rosidl_typesupport_fastrtps_cpp;rosidl_typesupport_introspection_cpp
-- Found moveit_msgs: 2.7.1 (/root/moveit_ws/install/moveit_msgs/share/moveit_msgs/cmake)
-- Found moveit_ros_planning_interface: 2.5.9 (/root/moveit_ws/install/moveit_ros_planning_interface/share/moveit_ros_planning_interface/cmake)
-- Found Boost: /usr/lib/x86_64-linux-gnu/cmake/Boost-1.74.0/BoostConfig.cmake (found version "1.74.0") found components: date_time filesystem program_options system thread 
-- Found Boost: /usr/lib/x86_64-linux-gnu/cmake/Boost-1.74.0/BoostConfig.cmake (found version "1.74.0") found components: chrono date_time filesystem iostreams program_options regex serialization system thread 
-- Found parameter_traits: 0.6.0 (/opt/ros/humble/share/parameter_traits/cmake)
-- Found rmw_implementation_cmake: 6.1.2 (/opt/ros/humble/share/rmw_implementation_cmake/cmake)
-- Found rmw_fastrtps_cpp: 6.2.9 (/opt/ros/humble/share/rmw_fastrtps_cpp/cmake)
-- Using RMW implementation 'rmw_fastrtps_cpp' as default
-- Found rclcpp_lifecycle: 16.0.17 (/opt/ros/humble/share/rclcpp_lifecycle/cmake)
-- Found Boost: /usr/lib/x86_64-linux-gnu/cmake/Boost-1.74.0/BoostConfig.cmake (found version "1.74.0") found components: random 
-- library: /usr/lib/x86_64-linux-gnu/libcurl.so
-- Ensuring Eigen3 include directory is part of orocos-kdl CMake target
-- Found Boost: /usr/lib/x86_64-linux-gnu/cmake/Boost-1.74.0/BoostConfig.cmake (found version "1.74.0") found components: system filesystem date_time program_options thread chrono 
-- Found Boost: /usr/lib/x86_64-linux-gnu/cmake/Boost-1.74.0/BoostConfig.cmake (found version "1.74.0") found components: thread system filesystem regex date_time program_options 
-- Found Boost: /usr/lib/x86_64-linux-gnu/cmake/Boost-1.74.0/BoostConfig.cmake (found version "1.74.0") found components: system filesystem date_time program_options thread 
-- Found pcl_conversions: 2.4.5 (/opt/ros/humble/share/pcl_conversions/cmake)
-- Eigen found (include: /usr/include/eigen3, version: 3.4.0)
-- FLANN found (include: /usr/include, lib: /usr/lib/x86_64-linux-gnu/libflann_cpp.so)
-- OpenNI found (version: 1.5.4.0, include: /usr/include/ni, lib: /usr/lib/libOpenNI.so;libusb::libusb)
-- OpenNI2 found (version: 2.2.0.33, include: /usr/include/openni2, lib: /usr/lib/x86_64-linux-gnu/libOpenNI2.so;libusb::libusb)
-- Eigen found (include: /usr/include/eigen3, version: 3.4.0)
-- OpenNI found (version: 1.5.4.0, include: /usr/include/ni, lib: /usr/lib/libOpenNI.so;libusb::libusb)
-- OpenNI2 found (version: 2.2.0.33, include: /usr/include/openni2, lib: /usr/lib/x86_64-linux-gnu/libOpenNI2.so;libusb::libusb)
-- Found Qhull version 8.0.2
-- OpenNI found (version: 1.5.4.0, include: /usr/include/ni, lib: /usr/lib/libOpenNI.so;libusb::libusb)
-- Configuring done
-- Generating done
-- Build files have been written to: /root/ur10_ws/build/ur10_perception
Consolidate compiler generated dependencies of target pcd_capture_node
Consolidate compiler generated dependencies of target pcd_to_collision_scene_node
[ 16%] Building CXX object CMakeFiles/synthetic_overhead_camera_node.dir/src/synthetic_overhead_camera_node.cpp.o
[ 50%] Built target pcd_capture_node
[ 83%] Built target pcd_to_collision_scene_node
[100%] Linking CXX executable synthetic_overhead_camera_node
[100%] Built target synthetic_overhead_camera_node
-- Install configuration: ""
-- Execute custom install script
-- Up-to-date symlink: /root/ur10_ws/install/ur10_perception/lib/ur10_perception/pcd_capture_node
-- Symlinking: /root/ur10_ws/install/ur10_perception/lib/ur10_perception/synthetic_overhead_camera_node
-- Up-to-date symlink: /root/ur10_ws/install/ur10_perception/lib/ur10_perception/pcd_to_collision_scene_node
-- Up-to-date symlink: /root/ur10_ws/install/ur10_perception/share/ur10_perception/config/camera_topics.yaml
-- Up-to-date symlink: /root/ur10_ws/install/ur10_perception/share/ur10_perception/launch/__pycache__/perception_only.launch.cpython-310.pyc
-- Up-to-date symlink: /root/ur10_ws/install/ur10_perception/share/ur10_perception/launch/perception_only.launch.py
-- Up-to-date symlink: /root/ur10_ws/install/ur10_perception/share/ur10_perception/urdf/overhead_depth_camera.xacro
-- Up-to-date symlink: /root/ur10_ws/install/ur10_perception/share/ur10_perception/worlds/obstacle_scene.world
-- Up-to-date symlink: /root/ur10_ws/install/ur10_perception/share/ament_index/resource_index/package_run_dependencies/ur10_perception
-- Up-to-date symlink: /root/ur10_ws/install/ur10_perception/share/ament_index/resource_index/parent_prefix_path/ur10_perception
-- Up-to-date symlink: /root/ur10_ws/install/ur10_perception/share/ur10_perception/environment/ament_prefix_path.sh
-- Up-to-date symlink: /root/ur10_ws/install/ur10_perception/share/ur10_perception/environment/ament_prefix_path.dsv
-- Up-to-date symlink: /root/ur10_ws/install/ur10_perception/share/ur10_perception/environment/path.sh
-- Up-to-date symlink: /root/ur10_ws/install/ur10_perception/share/ur10_perception/environment/path.dsv
-- Up-to-date symlink: /root/ur10_ws/install/ur10_perception/share/ur10_perception/local_setup.bash
-- Up-to-date symlink: /root/ur10_ws/install/ur10_perception/share/ur10_perception/local_setup.sh
-- Up-to-date symlink: /root/ur10_ws/install/ur10_perception/share/ur10_perception/local_setup.zsh
-- Up-to-date symlink: /root/ur10_ws/install/ur10_perception/share/ur10_perception/local_setup.dsv
-- Symlinking: /root/ur10_ws/install/ur10_perception/share/ur10_perception/package.dsv
-- Up-to-date symlink: /root/ur10_ws/install/ur10_perception/share/ament_index/resource_index/packages/ur10_perception
-- Up-to-date symlink: /root/ur10_ws/install/ur10_perception/share/ur10_perception/cmake/ur10_perceptionConfig.cmake
-- Up-to-date symlink: /root/ur10_ws/install/ur10_perception/share/ur10_perception/cmake/ur10_perceptionConfig-version.cmake
-- Up-to-date symlink: /root/ur10_ws/install/ur10_perception/share/ur10_perception/package.xml
