[0.822s] Invoking command in '/root/ur10_ws/build/ur10_simulation_bringup': AMENT_PREFIX_PATH=/root/ur10_ws/install/ur10_moveit_config:/root/ur10_ws/install/ur10_examples_py:/root/ur10_ws/install/ur10_examples:/root/ur10_ws/install/ur10_description:${AMENT_PREFIX_PATH} CMAKE_PREFIX_PATH=/root/ur10_ws/install/ur10_moveit_config:/root/ur10_ws/install/ur10_perception:/root/ur10_ws/install/ur10_examples:/root/ur10_ws/install/ur10_description:/root/moveit_ws/install:/opt/ros/humble PYTHONPATH=/root/ur10_ws/install/ur10_moveit_config/local/lib/python3.10/dist-packages:/root/ur10_ws/build/ur10_examples_py:/root/ur10_ws/install/ur10_examples_py/lib/python3.10/site-packages:${PYTHONPATH} /usr/bin/cmake --build /root/ur10_ws/build/ur10_simulation_bringup -- -j4 -l4
[0.859s] Invoked command in '/root/ur10_ws/build/ur10_simulation_bringup' returned '0': AMENT_PREFIX_PATH=/root/ur10_ws/install/ur10_moveit_config:/root/ur10_ws/install/ur10_examples_py:/root/ur10_ws/install/ur10_examples:/root/ur10_ws/install/ur10_description:${AMENT_PREFIX_PATH} CMAKE_PREFIX_PATH=/root/ur10_ws/install/ur10_moveit_config:/root/ur10_ws/install/ur10_perception:/root/ur10_ws/install/ur10_examples:/root/ur10_ws/install/ur10_description:/root/moveit_ws/install:/opt/ros/humble PYTHONPATH=/root/ur10_ws/install/ur10_moveit_config/local/lib/python3.10/dist-packages:/root/ur10_ws/build/ur10_examples_py:/root/ur10_ws/install/ur10_examples_py/lib/python3.10/site-packages:${PYTHONPATH} /usr/bin/cmake --build /root/ur10_ws/build/ur10_simulation_bringup -- -j4 -l4
[0.860s] Invoking command in '/root/ur10_ws/build/ur10_simulation_bringup': AMENT_PREFIX_PATH=/root/ur10_ws/install/ur10_moveit_config:/root/ur10_ws/install/ur10_examples_py:/root/ur10_ws/install/ur10_examples:/root/ur10_ws/install/ur10_description:${AMENT_PREFIX_PATH} CMAKE_PREFIX_PATH=/root/ur10_ws/install/ur10_moveit_config:/root/ur10_ws/install/ur10_perception:/root/ur10_ws/install/ur10_examples:/root/ur10_ws/install/ur10_description:/root/moveit_ws/install:/opt/ros/humble PYTHONPATH=/root/ur10_ws/install/ur10_moveit_config/local/lib/python3.10/dist-packages:/root/ur10_ws/build/ur10_examples_py:/root/ur10_ws/install/ur10_examples_py/lib/python3.10/site-packages:${PYTHONPATH} /usr/bin/cmake --install /root/ur10_ws/build/ur10_simulation_bringup
[0.866s] -- Install configuration: ""
[0.866s] -- Execute custom install script
[0.867s] -- Up-to-date symlink: /root/ur10_ws/install/ur10_simulation_bringup/share/ur10_simulation_bringup/launch/__pycache__/complete_simulation.launch.cpython-310.pyc
[0.868s] -- Up-to-date symlink: /root/ur10_ws/install/ur10_simulation_bringup/share/ur10_simulation_bringup/launch/__pycache__/demo_nodes.launch.cpython-310.pyc
[0.868s] -- Up-to-date symlink: /root/ur10_ws/install/ur10_simulation_bringup/share/ur10_simulation_bringup/launch/__pycache__/gazebo_sim.launch.cpython-310.pyc
[0.868s] -- Up-to-date symlink: /root/ur10_ws/install/ur10_simulation_bringup/share/ur10_simulation_bringup/launch/__pycache__/moveit_planning.launch.cpython-310.pyc
[0.869s] -- Up-to-date symlink: /root/ur10_ws/install/ur10_simulation_bringup/share/ur10_simulation_bringup/launch/complete_simulation.launch.py
[0.869s] -- Up-to-date symlink: /root/ur10_ws/install/ur10_simulation_bringup/share/ur10_simulation_bringup/launch/demo_nodes.launch.py
[0.869s] -- Up-to-date symlink: /root/ur10_ws/install/ur10_simulation_bringup/share/ur10_simulation_bringup/launch/gazebo_sim.launch.py
[0.869s] -- Up-to-date symlink: /root/ur10_ws/install/ur10_simulation_bringup/share/ur10_simulation_bringup/launch/moveit_planning.launch.py
[0.869s] -- Up-to-date symlink: /root/ur10_ws/install/ur10_simulation_bringup/share/ur10_simulation_bringup/worlds/empty.world
[0.870s] -- Up-to-date symlink: /root/ur10_ws/install/ur10_simulation_bringup/share/ament_index/resource_index/package_run_dependencies/ur10_simulation_bringup
[0.871s] -- Up-to-date symlink: /root/ur10_ws/install/ur10_simulation_bringup/share/ament_index/resource_index/parent_prefix_path/ur10_simulation_bringup
[0.871s] -- Up-to-date symlink: /root/ur10_ws/install/ur10_simulation_bringup/share/ur10_simulation_bringup/environment/ament_prefix_path.sh
[0.871s] -- Up-to-date symlink: /root/ur10_ws/install/ur10_simulation_bringup/share/ur10_simulation_bringup/environment/ament_prefix_path.dsv
[0.871s] -- Up-to-date symlink: /root/ur10_ws/install/ur10_simulation_bringup/share/ur10_simulation_bringup/environment/path.sh
[0.871s] -- Up-to-date symlink: /root/ur10_ws/install/ur10_simulation_bringup/share/ur10_simulation_bringup/environment/path.dsv
[0.871s] -- Up-to-date symlink: /root/ur10_ws/install/ur10_simulation_bringup/share/ur10_simulation_bringup/local_setup.bash
[0.871s] -- Up-to-date symlink: /root/ur10_ws/install/ur10_simulation_bringup/share/ur10_simulation_bringup/local_setup.sh
[0.871s] -- Up-to-date symlink: /root/ur10_ws/install/ur10_simulation_bringup/share/ur10_simulation_bringup/local_setup.zsh
[0.871s] -- Up-to-date symlink: /root/ur10_ws/install/ur10_simulation_bringup/share/ur10_simulation_bringup/local_setup.dsv
[0.871s] -- Symlinking: /root/ur10_ws/install/ur10_simulation_bringup/share/ur10_simulation_bringup/package.dsv
[0.877s] -- Up-to-date symlink: /root/ur10_ws/install/ur10_simulation_bringup/share/ament_index/resource_index/packages/ur10_simulation_bringup
[0.877s] -- Up-to-date symlink: /root/ur10_ws/install/ur10_simulation_bringup/share/ur10_simulation_bringup/cmake/ur10_simulation_bringupConfig.cmake
[0.877s] -- Up-to-date symlink: /root/ur10_ws/install/ur10_simulation_bringup/share/ur10_simulation_bringup/cmake/ur10_simulation_bringupConfig-version.cmake
[0.877s] -- Up-to-date symlink: /root/ur10_ws/install/ur10_simulation_bringup/share/ur10_simulation_bringup/package.xml
[0.878s] Invoked command in '/root/ur10_ws/build/ur10_simulation_bringup' returned '0': AMENT_PREFIX_PATH=/root/ur10_ws/install/ur10_moveit_config:/root/ur10_ws/install/ur10_examples_py:/root/ur10_ws/install/ur10_examples:/root/ur10_ws/install/ur10_description:${AMENT_PREFIX_PATH} CMAKE_PREFIX_PATH=/root/ur10_ws/install/ur10_moveit_config:/root/ur10_ws/install/ur10_perception:/root/ur10_ws/install/ur10_examples:/root/ur10_ws/install/ur10_description:/root/moveit_ws/install:/opt/ros/humble PYTHONPATH=/root/ur10_ws/install/ur10_moveit_config/local/lib/python3.10/dist-packages:/root/ur10_ws/build/ur10_examples_py:/root/ur10_ws/install/ur10_examples_py/lib/python3.10/site-packages:${PYTHONPATH} /usr/bin/cmake --install /root/ur10_ws/build/ur10_simulation_bringup
