[0.019s] Invoking command in '/root/ur10_ws/build/ur10_examples': /usr/bin/cmake /root/ur10_ws/src/ur10_examples -DCMAKE_INSTALL_PREFIX=/root/ur10_ws/install/ur10_examples
[0.252s] -- The C compiler identification is GNU 11.4.0
[1.335s] -- The CXX compiler identification is GNU 11.4.0
[2.183s] -- Detecting C compiler ABI info
[2.473s] -- Detecting C compiler ABI info - done
[2.479s] -- Check for working C compiler: /usr/bin/cc - skipped
[2.480s] -- Detecting C compile features
[2.480s] -- Detecting C compile features - done
[2.483s] -- Detecting CXX compiler ABI info
[2.782s] -- Detecting CXX compiler ABI info - done
[2.786s] -- Check for working CXX compiler: /usr/bin/c++ - skipped
[2.786s] -- Detecting CXX compile features
[2.786s] -- Detecting CXX compile features - done
[2.791s] -- Found ament_cmake: 1.3.14 (/opt/ros/humble/share/ament_cmake/cmake)
[2.912s] -- Found Python3: /usr/bin/python3 (found version "3.10.12") found components: Interpreter 
[3.007s] -- Found geometry_msgs: 4.9.0 (/opt/ros/humble/share/geometry_msgs/cmake)
[3.415s] -- Found rosidl_generator_c: 3.1.8 (/opt/ros/humble/share/rosidl_generator_c/cmake)
[3.421s] -- Found rosidl_adapter: 3.1.8 (/opt/ros/humble/share/rosidl_adapter/cmake)
[3.430s] -- Found rosidl_generator_cpp: 3.1.8 (/opt/ros/humble/share/rosidl_generator_cpp/cmake)
[3.445s] -- Using all available rosidl_typesupport_c: rosidl_typesupport_fastrtps_c;rosidl_typesupport_introspection_c
[3.463s] -- Using all available rosidl_typesupport_cpp: rosidl_typesupport_fastrtps_cpp;rosidl_typesupport_introspection_cpp
[3.493s] -- Found moveit_ros_planning_interface: 2.5.9 (/root/moveit_ws/install/moveit_ros_planning_interface/share/moveit_ros_planning_interface/cmake)
[4.064s] -- Found Boost: /usr/lib/x86_64-linux-gnu/cmake/Boost-1.74.0/BoostConfig.cmake (found version "1.74.0") found components: date_time filesystem program_options system thread 
[4.207s] -- Found Boost: /usr/lib/x86_64-linux-gnu/cmake/Boost-1.74.0/BoostConfig.cmake (found version "1.74.0") found components: chrono date_time filesystem iostreams program_options regex serialization system thread 
[8.405s] -- Found parameter_traits: 0.6.0 (/opt/ros/humble/share/parameter_traits/cmake)
[8.557s] -- Found rmw_implementation_cmake: 6.1.2 (/opt/ros/humble/share/rmw_implementation_cmake/cmake)
[8.561s] -- Found rmw_fastrtps_cpp: 6.2.9 (/opt/ros/humble/share/rmw_fastrtps_cpp/cmake)
[13.080s] -- Found OpenSSL: /usr/lib/x86_64-linux-gnu/libcrypto.so (found version "3.0.2")  
[17.539s] -- Found FastRTPS: /opt/ros/humble/include  
[25.551s] -- Using RMW implementation 'rmw_fastrtps_cpp' as default
[25.578s] -- Found Threads: TRUE  
[25.649s] -- Found rclcpp_lifecycle: 16.0.17 (/opt/ros/humble/share/rclcpp_lifecycle/cmake)
[25.701s] -- Found Boost: /usr/lib/x86_64-linux-gnu/cmake/Boost-1.74.0/BoostConfig.cmake (found version "1.74.0") found components: random 
[29.909s] -- library: /usr/lib/x86_64-linux-gnu/libcurl.so
[30.083s] -- Found Eigen3: TRUE (found version "3.4.0") 
[30.083s] -- Ensuring Eigen3 include directory is part of orocos-kdl CMake target
[33.539s] -- Found Boost: /usr/lib/x86_64-linux-gnu/cmake/Boost-1.74.0/BoostConfig.cmake (found version "1.74.0") found components: system filesystem date_time program_options thread chrono 
[33.566s] -- Found Boost: /usr/lib/x86_64-linux-gnu/cmake/Boost-1.74.0/BoostConfig.cmake (found version "1.74.0") found components: thread system filesystem regex date_time program_options 
[33.584s] -- Found Boost: /usr/lib/x86_64-linux-gnu/cmake/Boost-1.74.0/BoostConfig.cmake (found version "1.74.0") found components: system filesystem date_time program_options thread 
[33.665s] -- Configuring done
[33.691s] -- Generating done
[33.697s] -- Build files have been written to: /root/ur10_ws/build/ur10_examples
