[0.446s] DEBUG:colcon:Command line arguments: ['/usr/bin/colcon', 'build', '--packages-select', 'ur10_examples', '--base-paths', '/root/ur10_ws/src', '--allow-overriding', 'ur10_examples']
[0.446s] DEBUG:colcon:Parsed command line arguments: Namespace(log_base=None, log_level=None, verb_name='build', build_base='build', install_base='install', merge_install=False, symlink_install=False, test_result_base=None, continue_on_error=False, executor='parallel', parallel_workers=4, event_handlers=None, ignore_user_meta=False, metas=['./colcon.meta'], base_paths=['/root/ur10_ws/src'], packages_ignore=None, packages_ignore_regex=None, paths=None, packages_up_to=None, packages_up_to_regex=None, packages_above=None, packages_above_and_dependencies=None, packages_above_depth=None, packages_select_by_dep=None, packages_skip_by_dep=None, packages_skip_up_to=None, packages_select_build_failed=False, packages_skip_build_finished=False, packages_select_test_failures=False, packages_skip_test_passed=False, packages_select=['ur10_examples'], packages_skip=None, packages_select_regex=None, packages_skip_regex=None, packages_start=None, packages_end=None, allow_overriding=['ur10_examples'], cmake_args=None, cmake_target=None, cmake_target_skip_unavailable=False, cmake_clean_cache=False, cmake_clean_first=False, cmake_force_configure=False, ament_cmake_args=None, catkin_cmake_args=None, catkin_skip_building_tests=False, verb_parser=<colcon_defaults.argument_parser.defaults.DefaultArgumentsDecorator object at 0x74e6cf7d5540>, verb_extension=<colcon_core.verb.build.BuildVerb object at 0x74e6cf943040>, main=<bound method BuildVerb.main of <colcon_core.verb.build.BuildVerb object at 0x74e6cf943040>>)
[0.625s] Level 1:colcon.colcon_core.package_discovery:discover_packages(colcon_meta) check parameters
[0.625s] Level 1:colcon.colcon_core.package_discovery:discover_packages(recursive) check parameters
[0.625s] Level 1:colcon.colcon_core.package_discovery:discover_packages(ignore) check parameters
[0.625s] Level 1:colcon.colcon_core.package_discovery:discover_packages(path) check parameters
[0.625s] Level 1:colcon.colcon_core.package_discovery:discover_packages(recursive) discover
[0.625s] INFO:colcon.colcon_core.package_discovery:Crawling recursively for packages in '/root/ur10_ws/src'
[0.625s] Level 1:colcon.colcon_core.package_identification:_identify(/root/ur10_ws/src) by extensions ['ignore', 'ignore_ament_install']
[0.625s] Level 1:colcon.colcon_core.package_identification:_identify(/root/ur10_ws/src) by extension 'ignore'
[0.625s] Level 1:colcon.colcon_core.package_identification:_identify(/root/ur10_ws/src) by extension 'ignore_ament_install'
[0.625s] Level 1:colcon.colcon_core.package_identification:_identify(/root/ur10_ws/src) by extensions ['colcon_pkg']
[0.625s] Level 1:colcon.colcon_core.package_identification:_identify(/root/ur10_ws/src) by extension 'colcon_pkg'
[0.626s] Level 1:colcon.colcon_core.package_identification:_identify(/root/ur10_ws/src) by extensions ['colcon_meta']
[0.626s] Level 1:colcon.colcon_core.package_identification:_identify(/root/ur10_ws/src) by extension 'colcon_meta'
[0.626s] Level 1:colcon.colcon_core.package_identification:_identify(/root/ur10_ws/src) by extensions ['ros']
[0.626s] Level 1:colcon.colcon_core.package_identification:_identify(/root/ur10_ws/src) by extension 'ros'
[0.636s] Level 1:colcon.colcon_core.package_identification:_identify(/root/ur10_ws/src) by extensions ['cmake', 'python']
[0.636s] Level 1:colcon.colcon_core.package_identification:_identify(/root/ur10_ws/src) by extension 'cmake'
[0.637s] Level 1:colcon.colcon_core.package_identification:_identify(/root/ur10_ws/src) by extension 'python'
[0.637s] Level 1:colcon.colcon_core.package_identification:_identify(/root/ur10_ws/src) by extensions ['python_setup_py']
[0.637s] Level 1:colcon.colcon_core.package_identification:_identify(/root/ur10_ws/src) by extension 'python_setup_py'
[0.637s] Level 1:colcon.colcon_core.package_identification:_identify(/root/ur10_ws/src/ur10_description) by extensions ['ignore', 'ignore_ament_install']
[0.637s] Level 1:colcon.colcon_core.package_identification:_identify(/root/ur10_ws/src/ur10_description) by extension 'ignore'
[0.637s] Level 1:colcon.colcon_core.package_identification:_identify(/root/ur10_ws/src/ur10_description) by extension 'ignore_ament_install'
[0.637s] Level 1:colcon.colcon_core.package_identification:_identify(/root/ur10_ws/src/ur10_description) by extensions ['colcon_pkg']
[0.637s] Level 1:colcon.colcon_core.package_identification:_identify(/root/ur10_ws/src/ur10_description) by extension 'colcon_pkg'
[0.637s] Level 1:colcon.colcon_core.package_identification:_identify(/root/ur10_ws/src/ur10_description) by extensions ['colcon_meta']
[0.637s] Level 1:colcon.colcon_core.package_identification:_identify(/root/ur10_ws/src/ur10_description) by extension 'colcon_meta'
[0.637s] Level 1:colcon.colcon_core.package_identification:_identify(/root/ur10_ws/src/ur10_description) by extensions ['ros']
[0.637s] Level 1:colcon.colcon_core.package_identification:_identify(/root/ur10_ws/src/ur10_description) by extension 'ros'
[0.640s] DEBUG:colcon.colcon_core.package_identification:Package '/root/ur10_ws/src/ur10_description' with type 'ros.ament_cmake' and name 'ur10_description'
[0.641s] Level 1:colcon.colcon_core.package_identification:_identify(/root/ur10_ws/src/ur10_examples) by extensions ['ignore', 'ignore_ament_install']
[0.641s] Level 1:colcon.colcon_core.package_identification:_identify(/root/ur10_ws/src/ur10_examples) by extension 'ignore'
[0.641s] Level 1:colcon.colcon_core.package_identification:_identify(/root/ur10_ws/src/ur10_examples) by extension 'ignore_ament_install'
[0.641s] Level 1:colcon.colcon_core.package_identification:_identify(/root/ur10_ws/src/ur10_examples) by extensions ['colcon_pkg']
[0.641s] Level 1:colcon.colcon_core.package_identification:_identify(/root/ur10_ws/src/ur10_examples) by extension 'colcon_pkg'
[0.641s] Level 1:colcon.colcon_core.package_identification:_identify(/root/ur10_ws/src/ur10_examples) by extensions ['colcon_meta']
[0.641s] Level 1:colcon.colcon_core.package_identification:_identify(/root/ur10_ws/src/ur10_examples) by extension 'colcon_meta'
[0.641s] Level 1:colcon.colcon_core.package_identification:_identify(/root/ur10_ws/src/ur10_examples) by extensions ['ros']
[0.641s] Level 1:colcon.colcon_core.package_identification:_identify(/root/ur10_ws/src/ur10_examples) by extension 'ros'
[0.643s] DEBUG:colcon.colcon_core.package_identification:Package '/root/ur10_ws/src/ur10_examples' with type 'ros.ament_cmake' and name 'ur10_examples'
[0.643s] Level 1:colcon.colcon_core.package_identification:_identify(/root/ur10_ws/src/ur10_examples_py) by extensions ['ignore', 'ignore_ament_install']
[0.643s] Level 1:colcon.colcon_core.package_identification:_identify(/root/ur10_ws/src/ur10_examples_py) by extension 'ignore'
[0.643s] Level 1:colcon.colcon_core.package_identification:_identify(/root/ur10_ws/src/ur10_examples_py) by extension 'ignore_ament_install'
[0.643s] Level 1:colcon.colcon_core.package_identification:_identify(/root/ur10_ws/src/ur10_examples_py) by extensions ['colcon_pkg']
[0.643s] Level 1:colcon.colcon_core.package_identification:_identify(/root/ur10_ws/src/ur10_examples_py) by extension 'colcon_pkg'
[0.643s] Level 1:colcon.colcon_core.package_identification:_identify(/root/ur10_ws/src/ur10_examples_py) by extensions ['colcon_meta']
[0.643s] Level 1:colcon.colcon_core.package_identification:_identify(/root/ur10_ws/src/ur10_examples_py) by extension 'colcon_meta'
[0.643s] Level 1:colcon.colcon_core.package_identification:_identify(/root/ur10_ws/src/ur10_examples_py) by extensions ['ros']
[0.643s] Level 1:colcon.colcon_core.package_identification:_identify(/root/ur10_ws/src/ur10_examples_py) by extension 'ros'
[0.644s] DEBUG:colcon.colcon_core.package_identification:Package '/root/ur10_ws/src/ur10_examples_py' with type 'ros.ament_python' and name 'ur10_examples_py'
[0.644s] Level 1:colcon.colcon_core.package_identification:_identify(/root/ur10_ws/src/ur10_moveit_config) by extensions ['ignore', 'ignore_ament_install']
[0.644s] Level 1:colcon.colcon_core.package_identification:_identify(/root/ur10_ws/src/ur10_moveit_config) by extension 'ignore'
[0.644s] Level 1:colcon.colcon_core.package_identification:_identify(/root/ur10_ws/src/ur10_moveit_config) by extension 'ignore_ament_install'
[0.645s] Level 1:colcon.colcon_core.package_identification:_identify(/root/ur10_ws/src/ur10_moveit_config) by extensions ['colcon_pkg']
[0.645s] Level 1:colcon.colcon_core.package_identification:_identify(/root/ur10_ws/src/ur10_moveit_config) by extension 'colcon_pkg'
[0.645s] Level 1:colcon.colcon_core.package_identification:_identify(/root/ur10_ws/src/ur10_moveit_config) by extensions ['colcon_meta']
[0.645s] Level 1:colcon.colcon_core.package_identification:_identify(/root/ur10_ws/src/ur10_moveit_config) by extension 'colcon_meta'
[0.645s] Level 1:colcon.colcon_core.package_identification:_identify(/root/ur10_ws/src/ur10_moveit_config) by extensions ['ros']
[0.645s] Level 1:colcon.colcon_core.package_identification:_identify(/root/ur10_ws/src/ur10_moveit_config) by extension 'ros'
[0.646s] DEBUG:colcon.colcon_core.package_identification:Package '/root/ur10_ws/src/ur10_moveit_config' with type 'ros.ament_cmake' and name 'ur10_moveit_config'
[0.646s] Level 1:colcon.colcon_core.package_identification:_identify(/root/ur10_ws/src/ur10_perception) by extensions ['ignore', 'ignore_ament_install']
[0.646s] Level 1:colcon.colcon_core.package_identification:_identify(/root/ur10_ws/src/ur10_perception) by extension 'ignore'
[0.646s] Level 1:colcon.colcon_core.package_identification:_identify(/root/ur10_ws/src/ur10_perception) by extension 'ignore_ament_install'
[0.646s] Level 1:colcon.colcon_core.package_identification:_identify(/root/ur10_ws/src/ur10_perception) by extensions ['colcon_pkg']
[0.646s] Level 1:colcon.colcon_core.package_identification:_identify(/root/ur10_ws/src/ur10_perception) by extension 'colcon_pkg'
[0.646s] Level 1:colcon.colcon_core.package_identification:_identify(/root/ur10_ws/src/ur10_perception) by extensions ['colcon_meta']
[0.646s] Level 1:colcon.colcon_core.package_identification:_identify(/root/ur10_ws/src/ur10_perception) by extension 'colcon_meta'
[0.646s] Level 1:colcon.colcon_core.package_identification:_identify(/root/ur10_ws/src/ur10_perception) by extensions ['ros']
[0.646s] Level 1:colcon.colcon_core.package_identification:_identify(/root/ur10_ws/src/ur10_perception) by extension 'ros'
[0.647s] DEBUG:colcon.colcon_core.package_identification:Package '/root/ur10_ws/src/ur10_perception' with type 'ros.ament_cmake' and name 'ur10_perception'
[0.648s] Level 1:colcon.colcon_core.package_identification:_identify(/root/ur10_ws/src/ur10_simulation_bringup) by extensions ['ignore', 'ignore_ament_install']
[0.648s] Level 1:colcon.colcon_core.package_identification:_identify(/root/ur10_ws/src/ur10_simulation_bringup) by extension 'ignore'
[0.648s] Level 1:colcon.colcon_core.package_identification:_identify(/root/ur10_ws/src/ur10_simulation_bringup) by extension 'ignore_ament_install'
[0.648s] Level 1:colcon.colcon_core.package_identification:_identify(/root/ur10_ws/src/ur10_simulation_bringup) by extensions ['colcon_pkg']
[0.648s] Level 1:colcon.colcon_core.package_identification:_identify(/root/ur10_ws/src/ur10_simulation_bringup) by extension 'colcon_pkg'
[0.648s] Level 1:colcon.colcon_core.package_identification:_identify(/root/ur10_ws/src/ur10_simulation_bringup) by extensions ['colcon_meta']
[0.648s] Level 1:colcon.colcon_core.package_identification:_identify(/root/ur10_ws/src/ur10_simulation_bringup) by extension 'colcon_meta'
[0.648s] Level 1:colcon.colcon_core.package_identification:_identify(/root/ur10_ws/src/ur10_simulation_bringup) by extensions ['ros']
[0.648s] Level 1:colcon.colcon_core.package_identification:_identify(/root/ur10_ws/src/ur10_simulation_bringup) by extension 'ros'
[0.648s] DEBUG:colcon.colcon_core.package_identification:Package '/root/ur10_ws/src/ur10_simulation_bringup' with type 'ros.ament_cmake' and name 'ur10_simulation_bringup'
[0.648s] Level 1:colcon.colcon_core.package_discovery:discover_packages(recursive) using defaults
[0.672s] INFO:colcon.colcon_core.package_selection:Skipping not selected package 'ur10_description' in '/root/ur10_ws/src/ur10_description'
[0.673s] INFO:colcon.colcon_core.package_selection:Skipping not selected package 'ur10_perception' in '/root/ur10_ws/src/ur10_perception'
[0.673s] INFO:colcon.colcon_core.package_selection:Skipping not selected package 'ur10_examples_py' in '/root/ur10_ws/src/ur10_examples_py'
[0.673s] INFO:colcon.colcon_core.package_selection:Skipping not selected package 'ur10_moveit_config' in '/root/ur10_ws/src/ur10_moveit_config'
[0.673s] INFO:colcon.colcon_core.package_selection:Skipping not selected package 'ur10_simulation_bringup' in '/root/ur10_ws/src/ur10_simulation_bringup'
[0.673s] Level 1:colcon.colcon_core.package_discovery:discover_packages(prefix_path) check parameters
[0.673s] Level 1:colcon.colcon_core.package_discovery:discover_packages(prefix_path) discover
[0.675s] ERROR:colcon.colcon_core.prefix_path:Exception in prefix path extension 'ament': [Errno 20] Not a directory: '/root/ur10_ws/install/COLCON_IGNORE'
Traceback (most recent call last):
  File "/usr/lib/python3/dist-packages/colcon_core/prefix_path/__init__.py", line 78, in get_chained_prefix_path
    retval = extension.extend_prefix_path(chained_prefix_path)
  File "/usr/lib/python3/dist-packages/colcon_ros/prefix_path/ament.py", line 40, in extend_prefix_path
    for filename in os.listdir(path):
NotADirectoryError: [Errno 20] Not a directory: '/root/ur10_ws/install/COLCON_IGNORE'

[0.676s] DEBUG:colcon.colcon_installed_package_information.package_discovery:Found 1 installed packages in /root/ur10_ws/install/ur10_description
[0.676s] DEBUG:colcon.colcon_installed_package_information.package_discovery:Found 1 installed packages in /root/ur10_ws/install/ur10_examples
[0.677s] DEBUG:colcon.colcon_installed_package_information.package_discovery:Found 1 installed packages in /root/ur10_ws/install/ur10_examples_py
[0.677s] DEBUG:colcon.colcon_installed_package_information.package_discovery:Found 1 installed packages in /root/ur10_ws/install/ur10_moveit_config
[0.677s] DEBUG:colcon.colcon_installed_package_information.package_discovery:Found 1 installed packages in /root/ur10_ws/install/ur10_perception
[0.677s] DEBUG:colcon.colcon_installed_package_information.package_discovery:Found 1 installed packages in /root/ur10_ws/install/ur10_simulation_bringup
[0.677s] DEBUG:colcon.colcon_installed_package_information.package_discovery:Found 1 installed packages in /root/moveit_ws/install/chomp_motion_planner
[0.677s] DEBUG:colcon.colcon_installed_package_information.package_discovery:Found 1 installed packages in /root/moveit_ws/install/geometric_shapes
[0.678s] DEBUG:colcon.colcon_installed_package_information.package_discovery:Found 1 installed packages in /root/moveit_ws/install/moveit_common
[0.678s] DEBUG:colcon.colcon_installed_package_information.package_discovery:Found 1 installed packages in /root/moveit_ws/install/moveit_configs_utils
[0.678s] DEBUG:colcon.colcon_installed_package_information.package_discovery:Found 1 installed packages in /root/moveit_ws/install/moveit_core
[0.678s] DEBUG:colcon.colcon_installed_package_information.package_discovery:Found 1 installed packages in /root/moveit_ws/install/moveit_kinematics
[0.678s] DEBUG:colcon.colcon_installed_package_information.package_discovery:Found 1 installed packages in /root/moveit_ws/install/moveit_msgs
[0.679s] DEBUG:colcon.colcon_installed_package_information.package_discovery:Found 1 installed packages in /root/moveit_ws/install/moveit_planners_chomp
[0.679s] DEBUG:colcon.colcon_installed_package_information.package_discovery:Found 1 installed packages in /root/moveit_ws/install/moveit_planners_ompl
[0.679s] DEBUG:colcon.colcon_installed_package_information.package_discovery:Found 1 installed packages in /root/moveit_ws/install/moveit_py
[0.680s] DEBUG:colcon.colcon_installed_package_information.package_discovery:Found 1 installed packages in /root/moveit_ws/install/moveit_resources_fanuc_description
[0.680s] DEBUG:colcon.colcon_installed_package_information.package_discovery:Found 1 installed packages in /root/moveit_ws/install/moveit_resources_fanuc_moveit_config
[0.680s] DEBUG:colcon.colcon_installed_package_information.package_discovery:Found 1 installed packages in /root/moveit_ws/install/moveit_resources_panda_description
[0.680s] DEBUG:colcon.colcon_installed_package_information.package_discovery:Found 1 installed packages in /root/moveit_ws/install/moveit_resources_panda_moveit_config
[0.680s] DEBUG:colcon.colcon_installed_package_information.package_discovery:Found 1 installed packages in /root/moveit_ws/install/moveit_resources_pr2_description
[0.680s] DEBUG:colcon.colcon_installed_package_information.package_discovery:Found 1 installed packages in /root/moveit_ws/install/moveit_resources_prbt_ikfast_manipulator_plugin
[0.681s] DEBUG:colcon.colcon_installed_package_information.package_discovery:Found 1 installed packages in /root/moveit_ws/install/moveit_resources_prbt_moveit_config
[0.681s] DEBUG:colcon.colcon_installed_package_information.package_discovery:Found 1 installed packages in /root/moveit_ws/install/moveit_resources_prbt_pg70_support
[0.681s] DEBUG:colcon.colcon_installed_package_information.package_discovery:Found 1 installed packages in /root/moveit_ws/install/moveit_resources_prbt_support
[0.681s] DEBUG:colcon.colcon_installed_package_information.package_discovery:Found 1 installed packages in /root/moveit_ws/install/moveit_ros_move_group
[0.681s] DEBUG:colcon.colcon_installed_package_information.package_discovery:Found 1 installed packages in /root/moveit_ws/install/moveit_ros_occupancy_map_monitor
[0.681s] DEBUG:colcon.colcon_installed_package_information.package_discovery:Found 1 installed packages in /root/moveit_ws/install/moveit_ros_planning
[0.681s] DEBUG:colcon.colcon_installed_package_information.package_discovery:Found 1 installed packages in /root/moveit_ws/install/moveit_ros_planning_interface
[0.681s] DEBUG:colcon.colcon_installed_package_information.package_discovery:Found 1 installed packages in /root/moveit_ws/install/moveit_ros_robot_interaction
[0.681s] DEBUG:colcon.colcon_installed_package_information.package_discovery:Found 1 installed packages in /root/moveit_ws/install/moveit_ros_warehouse
[0.682s] DEBUG:colcon.colcon_installed_package_information.package_discovery:Found 1 installed packages in /root/moveit_ws/install/moveit_simple_controller_manager
[0.682s] DEBUG:colcon.colcon_installed_package_information.package_discovery:Found 1 installed packages in /root/moveit_ws/install/moveit_task_constructor_msgs
[0.682s] DEBUG:colcon.colcon_installed_package_information.package_discovery:Found 1 installed packages in /root/moveit_ws/install/ompl
[0.682s] DEBUG:colcon.colcon_installed_package_information.package_discovery:Found 1 installed packages in /root/moveit_ws/install/pilz_industrial_motion_planner_testutils
[0.682s] DEBUG:colcon.colcon_installed_package_information.package_discovery:Found 1 installed packages in /root/moveit_ws/install/random_numbers
[0.682s] DEBUG:colcon.colcon_installed_package_information.package_discovery:Found 1 installed packages in /root/moveit_ws/install/rviz_marker_tools
[0.683s] DEBUG:colcon.colcon_installed_package_information.package_discovery:Found 1 installed packages in /root/moveit_ws/install/srdfdom
[0.684s] DEBUG:colcon.colcon_installed_package_information.package_discovery:Found 467 installed packages in /opt/ros/humble
[0.686s] Level 1:colcon.colcon_core.package_discovery:discover_packages(prefix_path) using defaults
[0.738s] Level 5:colcon.colcon_core.verb:set package 'ur10_examples' build argument 'cmake_args' from command line to 'None'
[0.738s] Level 5:colcon.colcon_core.verb:set package 'ur10_examples' build argument 'cmake_target' from command line to 'None'
[0.738s] Level 5:colcon.colcon_core.verb:set package 'ur10_examples' build argument 'cmake_target_skip_unavailable' from command line to 'False'
[0.738s] Level 5:colcon.colcon_core.verb:set package 'ur10_examples' build argument 'cmake_clean_cache' from command line to 'False'
[0.738s] Level 5:colcon.colcon_core.verb:set package 'ur10_examples' build argument 'cmake_clean_first' from command line to 'False'
[0.738s] Level 5:colcon.colcon_core.verb:set package 'ur10_examples' build argument 'cmake_force_configure' from command line to 'False'
[0.738s] Level 5:colcon.colcon_core.verb:set package 'ur10_examples' build argument 'ament_cmake_args' from command line to 'None'
[0.738s] Level 5:colcon.colcon_core.verb:set package 'ur10_examples' build argument 'catkin_cmake_args' from command line to 'None'
[0.738s] Level 5:colcon.colcon_core.verb:set package 'ur10_examples' build argument 'catkin_skip_building_tests' from command line to 'False'
[0.738s] DEBUG:colcon.colcon_core.verb:Building package 'ur10_examples' with the following arguments: {'ament_cmake_args': None, 'build_base': '/root/ur10_ws/build/ur10_examples', 'catkin_cmake_args': None, 'catkin_skip_building_tests': False, 'cmake_args': None, 'cmake_clean_cache': False, 'cmake_clean_first': False, 'cmake_force_configure': False, 'cmake_target': None, 'cmake_target_skip_unavailable': False, 'install_base': '/root/ur10_ws/install/ur10_examples', 'merge_install': False, 'path': '/root/ur10_ws/src/ur10_examples', 'symlink_install': False, 'test_result_base': None}
[0.738s] INFO:colcon.colcon_core.executor:Executing jobs using 'parallel' executor
[0.739s] DEBUG:colcon.colcon_parallel_executor.executor.parallel:run_until_complete
[0.739s] INFO:colcon.colcon_ros.task.ament_cmake.build:Building ROS package in '/root/ur10_ws/src/ur10_examples' with build type 'ament_cmake'
[0.740s] INFO:colcon.colcon_cmake.task.cmake.build:Building CMake package in '/root/ur10_ws/src/ur10_examples'
[0.741s] INFO:colcon.colcon_core.plugin_system:Skipping extension 'colcon_core.shell.bat': Not used on non-Windows systems
[0.741s] INFO:colcon.colcon_core.shell:Skip shell extension 'powershell' for command environment: Not usable outside of PowerShell
[0.741s] DEBUG:colcon.colcon_core.shell:Skip shell extension 'dsv' for command environment
[0.742s] ERROR:colcon.colcon_core.prefix_path:Exception in prefix path extension 'ament': [Errno 20] Not a directory: '/root/ur10_ws/install/COLCON_IGNORE'
Traceback (most recent call last):
  File "/usr/lib/python3/dist-packages/colcon_core/prefix_path/__init__.py", line 78, in get_chained_prefix_path
    retval = extension.extend_prefix_path(chained_prefix_path)
  File "/usr/lib/python3/dist-packages/colcon_ros/prefix_path/ament.py", line 40, in extend_prefix_path
    for filename in os.listdir(path):
NotADirectoryError: [Errno 20] Not a directory: '/root/ur10_ws/install/COLCON_IGNORE'

[0.743s] DEBUG:colcon.colcon_core.shell:Ignoring prefix path '/root/ur10_ws/install/COLCON_IGNORE'
[0.743s] DEBUG:colcon.colcon_core.shell:Ignoring prefix path '/root/ur10_ws/install/_local_setup_util_ps1.py'
[0.743s] DEBUG:colcon.colcon_core.shell:Ignoring prefix path '/root/ur10_ws/install/_local_setup_util_sh.py'
[0.743s] DEBUG:colcon.colcon_core.shell:Ignoring prefix path '/root/ur10_ws/install/local_setup.bash'
[0.743s] DEBUG:colcon.colcon_core.shell:Ignoring prefix path '/root/ur10_ws/install/local_setup.ps1'
[0.743s] DEBUG:colcon.colcon_core.shell:Ignoring prefix path '/root/ur10_ws/install/local_setup.sh'
[0.744s] DEBUG:colcon.colcon_core.shell:Ignoring prefix path '/root/ur10_ws/install/local_setup.zsh'
[0.744s] DEBUG:colcon.colcon_core.shell:Ignoring prefix path '/root/ur10_ws/install/setup.bash'
[0.744s] DEBUG:colcon.colcon_core.shell:Ignoring prefix path '/root/ur10_ws/install/setup.ps1'
[0.744s] DEBUG:colcon.colcon_core.shell:Ignoring prefix path '/root/ur10_ws/install/setup.sh'
[0.744s] DEBUG:colcon.colcon_core.shell:Ignoring prefix path '/root/ur10_ws/install/setup.zsh'
[0.745s] DEBUG:colcon.colcon_core.shell:Ignoring prefix path '/root/moveit_ws/install/COLCON_IGNORE'
[0.746s] DEBUG:colcon.colcon_core.shell:Ignoring prefix path '/root/moveit_ws/install/_local_setup_util_ps1.py'
[0.746s] DEBUG:colcon.colcon_core.shell:Ignoring prefix path '/root/moveit_ws/install/_local_setup_util_sh.py'
[0.746s] DEBUG:colcon.colcon_core.shell:Ignoring prefix path '/root/moveit_ws/install/local_setup.bash'
[0.746s] DEBUG:colcon.colcon_core.shell:Ignoring prefix path '/root/moveit_ws/install/local_setup.ps1'
[0.747s] DEBUG:colcon.colcon_core.shell:Ignoring prefix path '/root/moveit_ws/install/local_setup.sh'
[0.747s] DEBUG:colcon.colcon_core.shell:Ignoring prefix path '/root/moveit_ws/install/local_setup.zsh'
[0.750s] DEBUG:colcon.colcon_core.shell:Ignoring prefix path '/root/moveit_ws/install/pilz_industrial_motion_planner'
[0.750s] DEBUG:colcon.colcon_core.shell:Ignoring prefix path '/root/moveit_ws/install/ruckig'
[0.751s] DEBUG:colcon.colcon_core.shell:Ignoring prefix path '/root/moveit_ws/install/setup.bash'
[0.751s] DEBUG:colcon.colcon_core.shell:Ignoring prefix path '/root/moveit_ws/install/setup.ps1'
[0.751s] DEBUG:colcon.colcon_core.shell:Ignoring prefix path '/root/moveit_ws/install/setup.sh'
[0.751s] DEBUG:colcon.colcon_core.shell:Ignoring prefix path '/root/moveit_ws/install/setup.zsh'
[0.762s] DEBUG:colcon.colcon_core.event_handler.log_command:Invoking command in '/root/ur10_ws/build/ur10_examples': /usr/bin/cmake --build /root/ur10_ws/build/ur10_examples -- -j4 -l4
[11.902s] DEBUG:colcon.colcon_core.event_handler.log_command:Invoked command in '/root/ur10_ws/build/ur10_examples' returned '0': /usr/bin/cmake --build /root/ur10_ws/build/ur10_examples -- -j4 -l4
[11.912s] DEBUG:colcon.colcon_core.event_handler.log_command:Invoking command in '/root/ur10_ws/build/ur10_examples': /usr/bin/cmake --install /root/ur10_ws/build/ur10_examples
[11.933s] Level 1:colcon.colcon_core.environment:create_environment_scripts_only(ur10_examples)
[11.934s] DEBUG:colcon.colcon_core.event_handler.log_command:Invoked command in '/root/ur10_ws/build/ur10_examples' returned '0': /usr/bin/cmake --install /root/ur10_ws/build/ur10_examples
[11.936s] Level 1:colcon.colcon_core.environment:checking '/root/ur10_ws/install/ur10_examples' for CMake module files
[11.937s] Level 1:colcon.colcon_core.environment:checking '/root/ur10_ws/install/ur10_examples' for CMake config files
[11.937s] Level 1:colcon.colcon_core.shell:create_environment_hook('ur10_examples', 'cmake_prefix_path')
[11.937s] INFO:colcon.colcon_core.shell:Creating environment hook '/root/ur10_ws/install/ur10_examples/share/ur10_examples/hook/cmake_prefix_path.ps1'
[11.938s] INFO:colcon.colcon_core.shell:Creating environment descriptor '/root/ur10_ws/install/ur10_examples/share/ur10_examples/hook/cmake_prefix_path.dsv'
[11.938s] INFO:colcon.colcon_core.shell:Creating environment hook '/root/ur10_ws/install/ur10_examples/share/ur10_examples/hook/cmake_prefix_path.sh'
[11.939s] Level 1:colcon.colcon_core.environment:checking '/root/ur10_ws/install/ur10_examples/lib'
[11.939s] Level 1:colcon.colcon_core.environment:checking '/root/ur10_ws/install/ur10_examples/bin'
[11.939s] Level 1:colcon.colcon_core.environment:checking '/root/ur10_ws/install/ur10_examples/lib/pkgconfig/ur10_examples.pc'
[11.939s] Level 1:colcon.colcon_core.environment:checking '/root/ur10_ws/install/ur10_examples/lib/python3.10/site-packages'
[11.939s] Level 1:colcon.colcon_core.environment:checking '/root/ur10_ws/install/ur10_examples/bin'
[11.940s] INFO:colcon.colcon_core.shell:Creating package script '/root/ur10_ws/install/ur10_examples/share/ur10_examples/package.ps1'
[11.941s] INFO:colcon.colcon_core.shell:Creating package descriptor '/root/ur10_ws/install/ur10_examples/share/ur10_examples/package.dsv'
[11.941s] INFO:colcon.colcon_core.shell:Creating package script '/root/ur10_ws/install/ur10_examples/share/ur10_examples/package.sh'
[11.942s] INFO:colcon.colcon_core.shell:Creating package script '/root/ur10_ws/install/ur10_examples/share/ur10_examples/package.bash'
[11.942s] INFO:colcon.colcon_core.shell:Creating package script '/root/ur10_ws/install/ur10_examples/share/ur10_examples/package.zsh'
[11.943s] Level 1:colcon.colcon_core.environment:create_file_with_runtime_dependencies(/root/ur10_ws/install/ur10_examples/share/colcon-core/packages/ur10_examples)
[11.944s] Level 1:colcon.colcon_core.environment:create_environment_scripts_only(ur10_examples)
[11.944s] Level 1:colcon.colcon_core.environment:checking '/root/ur10_ws/install/ur10_examples' for CMake module files
[11.944s] Level 1:colcon.colcon_core.environment:checking '/root/ur10_ws/install/ur10_examples' for CMake config files
[11.944s] Level 1:colcon.colcon_core.shell:create_environment_hook('ur10_examples', 'cmake_prefix_path')
[11.945s] INFO:colcon.colcon_core.shell:Creating environment hook '/root/ur10_ws/install/ur10_examples/share/ur10_examples/hook/cmake_prefix_path.ps1'
[11.945s] INFO:colcon.colcon_core.shell:Creating environment descriptor '/root/ur10_ws/install/ur10_examples/share/ur10_examples/hook/cmake_prefix_path.dsv'
[11.945s] INFO:colcon.colcon_core.shell:Creating environment hook '/root/ur10_ws/install/ur10_examples/share/ur10_examples/hook/cmake_prefix_path.sh'
[11.946s] Level 1:colcon.colcon_core.environment:checking '/root/ur10_ws/install/ur10_examples/lib'
[11.946s] Level 1:colcon.colcon_core.environment:checking '/root/ur10_ws/install/ur10_examples/bin'
[11.946s] Level 1:colcon.colcon_core.environment:checking '/root/ur10_ws/install/ur10_examples/lib/pkgconfig/ur10_examples.pc'
[11.946s] Level 1:colcon.colcon_core.environment:checking '/root/ur10_ws/install/ur10_examples/lib/python3.10/site-packages'
[11.946s] Level 1:colcon.colcon_core.environment:checking '/root/ur10_ws/install/ur10_examples/bin'
[11.946s] INFO:colcon.colcon_core.shell:Creating package script '/root/ur10_ws/install/ur10_examples/share/ur10_examples/package.ps1'
[11.947s] INFO:colcon.colcon_core.shell:Creating package descriptor '/root/ur10_ws/install/ur10_examples/share/ur10_examples/package.dsv'
[11.947s] INFO:colcon.colcon_core.shell:Creating package script '/root/ur10_ws/install/ur10_examples/share/ur10_examples/package.sh'
[11.947s] INFO:colcon.colcon_core.shell:Creating package script '/root/ur10_ws/install/ur10_examples/share/ur10_examples/package.bash'
[11.948s] INFO:colcon.colcon_core.shell:Creating package script '/root/ur10_ws/install/ur10_examples/share/ur10_examples/package.zsh'
[11.948s] Level 1:colcon.colcon_core.environment:create_file_with_runtime_dependencies(/root/ur10_ws/install/ur10_examples/share/colcon-core/packages/ur10_examples)
[11.948s] DEBUG:colcon.colcon_parallel_executor.executor.parallel:closing loop
[11.949s] DEBUG:colcon.colcon_parallel_executor.executor.parallel:loop closed
[11.949s] DEBUG:colcon.colcon_parallel_executor.executor.parallel:run_until_complete finished with '0'
[11.949s] DEBUG:colcon.colcon_core.event_reactor:joining thread
[12.100s] INFO:colcon.colcon_core.plugin_system:Skipping extension 'colcon_notification.desktop_notification.notify_send': Could not find 'notify-send'
[12.100s] INFO:colcon.colcon_core.plugin_system:Skipping extension 'colcon_notification.desktop_notification.terminal_notifier': Not used on non-Darwin systems
[12.100s] INFO:colcon.colcon_core.plugin_system:Skipping extension 'colcon_notification.desktop_notification.win32': Not used on non-Windows systems
[12.100s] INFO:colcon.colcon_notification.desktop_notification:Sending desktop notification using 'notify2'
[12.100s] DEBUG:colcon.colcon_notification.desktop_notification.notify2:Failed to initialize notify2: org.freedesktop.DBus.Error.FileNotFound: Failed to connect to socket /run/user/0/bus: No such file or directory
[12.100s] DEBUG:colcon.colcon_core.event_reactor:joined thread
[12.101s] INFO:colcon.colcon_core.shell:Creating prefix script '/root/ur10_ws/install/local_setup.ps1'
[12.101s] INFO:colcon.colcon_core.shell:Creating prefix util module '/root/ur10_ws/install/_local_setup_util_ps1.py'
[12.102s] INFO:colcon.colcon_core.shell:Creating prefix chain script '/root/ur10_ws/install/setup.ps1'
[12.103s] ERROR:colcon.colcon_core.prefix_path:Exception in prefix path extension 'ament': [Errno 20] Not a directory: '/root/ur10_ws/install/COLCON_IGNORE'
Traceback (most recent call last):
  File "/usr/lib/python3/dist-packages/colcon_core/prefix_path/__init__.py", line 78, in get_chained_prefix_path
    retval = extension.extend_prefix_path(chained_prefix_path)
  File "/usr/lib/python3/dist-packages/colcon_ros/prefix_path/ament.py", line 40, in extend_prefix_path
    for filename in os.listdir(path):
NotADirectoryError: [Errno 20] Not a directory: '/root/ur10_ws/install/COLCON_IGNORE'

[12.105s] INFO:colcon.colcon_core.shell:Creating prefix script '/root/ur10_ws/install/local_setup.sh'
[12.106s] INFO:colcon.colcon_core.shell:Creating prefix util module '/root/ur10_ws/install/_local_setup_util_sh.py'
[12.107s] INFO:colcon.colcon_core.shell:Creating prefix chain script '/root/ur10_ws/install/setup.sh'
[12.107s] ERROR:colcon.colcon_core.prefix_path:Exception in prefix path extension 'ament': [Errno 20] Not a directory: '/root/ur10_ws/install/COLCON_IGNORE'
Traceback (most recent call last):
  File "/usr/lib/python3/dist-packages/colcon_core/prefix_path/__init__.py", line 78, in get_chained_prefix_path
    retval = extension.extend_prefix_path(chained_prefix_path)
  File "/usr/lib/python3/dist-packages/colcon_ros/prefix_path/ament.py", line 40, in extend_prefix_path
    for filename in os.listdir(path):
NotADirectoryError: [Errno 20] Not a directory: '/root/ur10_ws/install/COLCON_IGNORE'

[12.109s] INFO:colcon.colcon_core.shell:Creating prefix script '/root/ur10_ws/install/local_setup.bash'
[12.110s] INFO:colcon.colcon_core.shell:Creating prefix chain script '/root/ur10_ws/install/setup.bash'
[12.110s] ERROR:colcon.colcon_core.prefix_path:Exception in prefix path extension 'ament': [Errno 20] Not a directory: '/root/ur10_ws/install/COLCON_IGNORE'
Traceback (most recent call last):
  File "/usr/lib/python3/dist-packages/colcon_core/prefix_path/__init__.py", line 78, in get_chained_prefix_path
    retval = extension.extend_prefix_path(chained_prefix_path)
  File "/usr/lib/python3/dist-packages/colcon_ros/prefix_path/ament.py", line 40, in extend_prefix_path
    for filename in os.listdir(path):
NotADirectoryError: [Errno 20] Not a directory: '/root/ur10_ws/install/COLCON_IGNORE'

[12.112s] INFO:colcon.colcon_core.shell:Creating prefix script '/root/ur10_ws/install/local_setup.zsh'
[12.113s] INFO:colcon.colcon_core.shell:Creating prefix chain script '/root/ur10_ws/install/setup.zsh'
[12.113s] ERROR:colcon.colcon_core.prefix_path:Exception in prefix path extension 'ament': [Errno 20] Not a directory: '/root/ur10_ws/install/COLCON_IGNORE'
Traceback (most recent call last):
  File "/usr/lib/python3/dist-packages/colcon_core/prefix_path/__init__.py", line 78, in get_chained_prefix_path
    retval = extension.extend_prefix_path(chained_prefix_path)
  File "/usr/lib/python3/dist-packages/colcon_ros/prefix_path/ament.py", line 40, in extend_prefix_path
    for filename in os.listdir(path):
NotADirectoryError: [Errno 20] Not a directory: '/root/ur10_ws/install/COLCON_IGNORE'

