[0.020s] Invoking command in '/root/ur10_ws/build/ur10_description': /usr/bin/cmake /root/ur10_ws/src/ur10_description -DCMAKE_INSTALL_PREFIX=/root/ur10_ws/install/ur10_description
[0.266s] -- The C compiler identification is GNU 11.4.0
[1.370s] -- The CXX compiler identification is GNU 11.4.0
[2.350s] -- Detecting C compiler ABI info
[2.621s] -- Detecting C compiler ABI info - done
[2.628s] -- Check for working C compiler: /usr/bin/cc - skipped
[2.628s] -- Detecting C compile features
[2.628s] -- Detecting C compile features - done
[2.630s] -- Detecting CXX compiler ABI info
[2.889s] -- Detecting CXX compiler ABI info - done
[2.894s] -- Check for working CXX compiler: /usr/bin/c++ - skipped
[2.895s] -- Detecting CXX compile features
[2.895s] -- Detecting CXX compile features - done
[2.898s] -- Found ament_cmake: 1.3.14 (/opt/ros/humble/share/ament_cmake/cmake)
[3.020s] -- Found Python3: /usr/bin/python3 (found version "3.10.12") found components: Interpreter 
[3.215s] Error parsing '/root/ur10_ws/src/ur10_description/package.xml':
[3.281s] Traceback (most recent call last):
[3.281s]   File "/opt/ros/humble/share/ament_cmake_core/cmake/core/package_xml_2_cmake.py", line 150, in <module>
[3.281s]     main()
[3.281s]   File "/opt/ros/humble/share/ament_cmake_core/cmake/core/package_xml_2_cmake.py", line 53, in main
[3.281s]     raise e
[3.281s]   File "/opt/ros/humble/share/ament_cmake_core/cmake/core/package_xml_2_cmake.py", line 49, in main
[3.281s]     package = parse_package_string(
[3.281s]   File "/usr/lib/python3/dist-packages/catkin_pkg/package.py", line 788, in parse_package_string
[3.281s]     pkg.validate(warnings=warnings)
[3.281s]   File "/usr/lib/python3/dist-packages/catkin_pkg/package.py", line 330, in validate
[3.281s]     raise InvalidPackage('\n'.join(errors), self.filename)
[3.281s] catkin_pkg.package.InvalidPackage: Error(s) in package '/root/ur10_ws/src/ur10_description/package.xml':
[3.281s] Invalid email "root@localhost" for person "root"
[3.298s] CMake Error at /opt/ros/humble/share/ament_cmake_core/cmake/core/ament_package_xml.cmake:95 (message):
[3.298s]   execute_process(/usr/bin/python3
[3.298s]   /opt/ros/humble/share/ament_cmake_core/cmake/core/package_xml_2_cmake.py
[3.298s]   /root/ur10_ws/src/ur10_description/package.xml
[3.298s]   /root/ur10_ws/build/ur10_description/ament_cmake_core/package.cmake)
[3.298s]   returned error code 1
[3.298s] Call Stack (most recent call first):
[3.298s]   /opt/ros/humble/share/ament_cmake_core/cmake/core/ament_package_xml.cmake:49 (_ament_package_xml)
[3.298s]   /opt/ros/humble/share/ament_cmake_core/cmake/core/ament_package.cmake:63 (ament_package_xml)
[3.298s]   CMakeLists.txt:11 (ament_package)
[3.298s] 
[3.298s] 
[3.298s] -- Configuring incomplete, errors occurred!
[3.298s] See also "/root/ur10_ws/build/ur10_description/CMakeFiles/CMakeOutput.log".
[3.300s] Invoked command in '/root/ur10_ws/build/ur10_description' returned '1': /usr/bin/cmake /root/ur10_ws/src/ur10_description -DCMAKE_INSTALL_PREFIX=/root/ur10_ws/install/ur10_description
