-- Found ament_cmake: 1.3.14 (/opt/ros/humble/share/ament_cmake/cmake)
-- Override CMake install command with custom implementation using symlinks instead of copying resources
-- Configuring done
-- Generating done
-- Build files have been written to: /root/ur10_ws/build/ur10_description
-- Install configuration: ""
-- Execute custom install script
-- Symlinking: /root/ur10_ws/install/ur10_description/share/ur10_description/config/initial_positions.yaml
-- Symlinking: /root/ur10_ws/install/ur10_description/share/ur10_description/config/ros2_controllers.yaml
-- Symlinking: /root/ur10_ws/install/ur10_description/share/ur10_description/launch/__pycache__/view_description.launch.cpython-310.pyc
-- Symlinking: /root/ur10_ws/install/ur10_description/share/ur10_description/launch/view_description.launch.py
-- Symlinking: /root/ur10_ws/install/ur10_description/share/ur10_description/urdf/ur10_sim.urdf.xacro
-- Symlinking: /root/ur10_ws/install/ur10_description/share/ament_index/resource_index/package_run_dependencies/ur10_description
-- Symlinking: /root/ur10_ws/install/ur10_description/share/ament_index/resource_index/parent_prefix_path/ur10_description
-- Symlinking: /root/ur10_ws/install/ur10_description/share/ur10_description/environment/ament_prefix_path.sh
-- Symlinking: /root/ur10_ws/install/ur10_description/share/ur10_description/environment/ament_prefix_path.dsv
-- Symlinking: /root/ur10_ws/install/ur10_description/share/ur10_description/environment/path.sh
-- Symlinking: /root/ur10_ws/install/ur10_description/share/ur10_description/environment/path.dsv
-- Symlinking: /root/ur10_ws/install/ur10_description/share/ur10_description/local_setup.bash
-- Symlinking: /root/ur10_ws/install/ur10_description/share/ur10_description/local_setup.sh
-- Symlinking: /root/ur10_ws/install/ur10_description/share/ur10_description/local_setup.zsh
-- Symlinking: /root/ur10_ws/install/ur10_description/share/ur10_description/local_setup.dsv
-- Symlinking: /root/ur10_ws/install/ur10_description/share/ur10_description/package.dsv
-- Symlinking: /root/ur10_ws/install/ur10_description/share/ament_index/resource_index/packages/ur10_description
-- Symlinking: /root/ur10_ws/install/ur10_description/share/ur10_description/cmake/ur10_descriptionConfig.cmake
-- Symlinking: /root/ur10_ws/install/ur10_description/share/ur10_description/cmake/ur10_descriptionConfig-version.cmake
-- Symlinking: /root/ur10_ws/install/ur10_description/share/ur10_description/package.xml
