[0.017s] Invoking command in '/root/ur10_ws/build/ur10_description': CMAKE_PREFIX_PATH=${CMAKE_PREFIX_PATH}:/root/moveit_ws/install/moveit_configs_utils:/opt/ros/humble /usr/bin/cmake /root/ur10_ws/src/ur10_description -DAMENT_CMAKE_SYMLINK_INSTALL=1 -DCMAKE_INSTALL_PREFIX=/root/ur10_ws/install/ur10_description
[0.202s] -- Found ament_cmake: 1.3.14 (/opt/ros/humble/share/ament_cmake/cmake)
[0.202s] -- Override CMake install command with custom implementation using symlinks instead of copying resources
[0.202s] -- Configuring done
[0.202s] -- Generating done
[0.202s] -- Build files have been written to: /root/ur10_ws/build/ur10_description
[0.202s] Invoked command in '/root/ur10_ws/build/ur10_description' returned '0': CMAKE_PREFIX_PATH=${CMAKE_PREFIX_PATH}:/root/moveit_ws/install/moveit_configs_utils:/opt/ros/humble /usr/bin/cmake /root/ur10_ws/src/ur10_description -DAMENT_CMAKE_SYMLINK_INSTALL=1 -DCMAKE_INSTALL_PREFIX=/root/ur10_ws/install/ur10_description
[0.203s] Invoking command in '/root/ur10_ws/build/ur10_description': CMAKE_PREFIX_PATH=${CMAKE_PREFIX_PATH}:/root/moveit_ws/install/moveit_configs_utils:/opt/ros/humble /usr/bin/cmake --build /root/ur10_ws/build/ur10_description -- -j4 -l4
[0.238s] Invoked command in '/root/ur10_ws/build/ur10_description' returned '0': CMAKE_PREFIX_PATH=${CMAKE_PREFIX_PATH}:/root/moveit_ws/install/moveit_configs_utils:/opt/ros/humble /usr/bin/cmake --build /root/ur10_ws/build/ur10_description -- -j4 -l4
[0.248s] Invoking command in '/root/ur10_ws/build/ur10_description': CMAKE_PREFIX_PATH=${CMAKE_PREFIX_PATH}:/root/moveit_ws/install/moveit_configs_utils:/opt/ros/humble /usr/bin/cmake --install /root/ur10_ws/build/ur10_description
[0.254s] -- Install configuration: ""
[0.254s] -- Execute custom install script
[0.255s] -- Symlinking: /root/ur10_ws/install/ur10_description/share/ur10_description/config/initial_positions.yaml
[0.263s] -- Symlinking: /root/ur10_ws/install/ur10_description/share/ur10_description/config/ros2_controllers.yaml
[0.272s] -- Symlinking: /root/ur10_ws/install/ur10_description/share/ur10_description/launch/__pycache__/view_description.launch.cpython-310.pyc
[0.280s] -- Symlinking: /root/ur10_ws/install/ur10_description/share/ur10_description/launch/view_description.launch.py
[0.288s] -- Symlinking: /root/ur10_ws/install/ur10_description/share/ur10_description/urdf/ur10_sim.urdf.xacro
[0.299s] -- Symlinking: /root/ur10_ws/install/ur10_description/share/ament_index/resource_index/package_run_dependencies/ur10_description
[0.311s] -- Symlinking: /root/ur10_ws/install/ur10_description/share/ament_index/resource_index/parent_prefix_path/ur10_description
[0.314s] -- Symlinking: /root/ur10_ws/install/ur10_description/share/ur10_description/environment/ament_prefix_path.sh
[0.323s] -- Symlinking: /root/ur10_ws/install/ur10_description/share/ur10_description/environment/ament_prefix_path.dsv
[0.332s] -- Symlinking: /root/ur10_ws/install/ur10_description/share/ur10_description/environment/path.sh
[0.341s] -- Symlinking: /root/ur10_ws/install/ur10_description/share/ur10_description/environment/path.dsv
[0.349s] -- Symlinking: /root/ur10_ws/install/ur10_description/share/ur10_description/local_setup.bash
[0.359s] -- Symlinking: /root/ur10_ws/install/ur10_description/share/ur10_description/local_setup.sh
[0.367s] -- Symlinking: /root/ur10_ws/install/ur10_description/share/ur10_description/local_setup.zsh
[0.374s] -- Symlinking: /root/ur10_ws/install/ur10_description/share/ur10_description/local_setup.dsv
[0.382s] -- Symlinking: /root/ur10_ws/install/ur10_description/share/ur10_description/package.dsv
[0.389s] -- Symlinking: /root/ur10_ws/install/ur10_description/share/ament_index/resource_index/packages/ur10_description
[0.397s] -- Symlinking: /root/ur10_ws/install/ur10_description/share/ur10_description/cmake/ur10_descriptionConfig.cmake
[0.405s] -- Symlinking: /root/ur10_ws/install/ur10_description/share/ur10_description/cmake/ur10_descriptionConfig-version.cmake
[0.412s] -- Symlinking: /root/ur10_ws/install/ur10_description/share/ur10_description/package.xml
[0.420s] Invoked command in '/root/ur10_ws/build/ur10_description' returned '0': CMAKE_PREFIX_PATH=${CMAKE_PREFIX_PATH}:/root/moveit_ws/install/moveit_configs_utils:/opt/ros/humble /usr/bin/cmake --install /root/ur10_ws/build/ur10_description
