running egg_info
creating ../../build/ur10_examples_py/ur10_examples_py.egg-info
writing ../../build/ur10_examples_py/ur10_examples_py.egg-info/PKG-INFO
writing dependency_links to ../../build/ur10_examples_py/ur10_examples_py.egg-info/dependency_links.txt
writing entry points to ../../build/ur10_examples_py/ur10_examples_py.egg-info/entry_points.txt
writing requirements to ../../build/ur10_examples_py/ur10_examples_py.egg-info/requires.txt
writing top-level names to ../../build/ur10_examples_py/ur10_examples_py.egg-info/top_level.txt
writing manifest file '../../build/ur10_examples_py/ur10_examples_py.egg-info/SOURCES.txt'
reading manifest file '../../build/ur10_examples_py/ur10_examples_py.egg-info/SOURCES.txt'
writing manifest file '../../build/ur10_examples_py/ur10_examples_py.egg-info/SOURCES.txt'
running build
running build_py
creating /root/ur10_ws/build/ur10_examples_py/build
creating /root/ur10_ws/build/ur10_examples_py/build/lib
creating /root/ur10_ws/build/ur10_examples_py/build/lib/ur10_examples_py
copying ur10_examples_py/capture_and_import_pcd.py -> /root/ur10_ws/build/ur10_examples_py/build/lib/ur10_examples_py
copying ur10_examples_py/moveit_py_demo.py -> /root/ur10_ws/build/ur10_examples_py/build/lib/ur10_examples_py
copying ur10_examples_py/__init__.py -> /root/ur10_ws/build/ur10_examples_py/build/lib/ur10_examples_py
running install
running install_lib
creating /root/ur10_ws/install/ur10_examples_py/lib/python3.10/site-packages/ur10_examples_py
copying /root/ur10_ws/build/ur10_examples_py/build/lib/ur10_examples_py/capture_and_import_pcd.py -> /root/ur10_ws/install/ur10_examples_py/lib/python3.10/site-packages/ur10_examples_py
copying /root/ur10_ws/build/ur10_examples_py/build/lib/ur10_examples_py/moveit_py_demo.py -> /root/ur10_ws/install/ur10_examples_py/lib/python3.10/site-packages/ur10_examples_py
copying /root/ur10_ws/build/ur10_examples_py/build/lib/ur10_examples_py/__init__.py -> /root/ur10_ws/install/ur10_examples_py/lib/python3.10/site-packages/ur10_examples_py
byte-compiling /root/ur10_ws/install/ur10_examples_py/lib/python3.10/site-packages/ur10_examples_py/capture_and_import_pcd.py to capture_and_import_pcd.cpython-310.pyc
byte-compiling /root/ur10_ws/install/ur10_examples_py/lib/python3.10/site-packages/ur10_examples_py/moveit_py_demo.py to moveit_py_demo.cpython-310.pyc
byte-compiling /root/ur10_ws/install/ur10_examples_py/lib/python3.10/site-packages/ur10_examples_py/__init__.py to __init__.cpython-310.pyc
running install_data
creating /root/ur10_ws/install/ur10_examples_py/share/ament_index
creating /root/ur10_ws/install/ur10_examples_py/share/ament_index/resource_index
creating /root/ur10_ws/install/ur10_examples_py/share/ament_index/resource_index/packages
copying resource/ur10_examples_py -> /root/ur10_ws/install/ur10_examples_py/share/ament_index/resource_index/packages
copying package.xml -> /root/ur10_ws/install/ur10_examples_py/share/ur10_examples_py
running install_egg_info
Copying ../../build/ur10_examples_py/ur10_examples_py.egg-info to /root/ur10_ws/install/ur10_examples_py/lib/python3.10/site-packages/ur10_examples_py-0.1.0-py3.10.egg-info
running install_scripts
Installing capture_and_import_pcd script to /root/ur10_ws/install/ur10_examples_py/lib/ur10_examples_py
Installing moveit_py_demo script to /root/ur10_ws/install/ur10_examples_py/lib/ur10_examples_py
writing list of installed files to '/root/ur10_ws/build/ur10_examples_py/install.log'
