[0.901s] Invoking command in '/root/ur10_ws/src/ur10_examples_py': CMAKE_PREFIX_PATH=/root/ur10_ws/install/ur10_perception:/root/ur10_ws/install/COLCON_IGNORE:/root/ur10_ws/install/_local_setup_util_ps1.py:/root/ur10_ws/install/_local_setup_util_sh.py:/root/ur10_ws/install/local_setup.bash:/root/ur10_ws/install/local_setup.ps1:/root/ur10_ws/install/local_setup.sh:/root/ur10_ws/install/local_setup.zsh:/root/ur10_ws/install/setup.bash:/root/ur10_ws/install/setup.ps1:/root/ur10_ws/install/setup.sh:/root/ur10_ws/install/setup.zsh:/root/ur10_ws/install/ur10_description:/root/ur10_ws/install/ur10_examples:/root/ur10_ws/install/ur10_moveit_config:/root/ur10_ws/install/ur10_simulation_bringup:/root/moveit_ws/install/COLCON_IGNORE:/root/moveit_ws/install/_local_setup_util_ps1.py:/root/moveit_ws/install/_local_setup_util_sh.py:/root/moveit_ws/install/chomp_motion_planner:/root/moveit_ws/install/geometric_shapes:/root/moveit_ws/install/local_setup.bash:/root/moveit_ws/install/local_setup.ps1:/root/moveit_ws/install/local_setup.sh:/root/moveit_ws/install/local_setup.zsh:/root/moveit_ws/install/moveit_common:/root/moveit_ws/install/moveit_configs_utils:/root/moveit_ws/install/moveit_core:/root/moveit_ws/install/moveit_kinematics:/root/moveit_ws/install/moveit_msgs:/root/moveit_ws/install/moveit_planners_chomp:/root/moveit_ws/install/moveit_planners_ompl:/root/moveit_ws/install/moveit_py:/root/moveit_ws/install/moveit_resources_fanuc_description:/root/moveit_ws/install/moveit_resources_fanuc_moveit_config:/root/moveit_ws/install/moveit_resources_panda_description:/root/moveit_ws/install/moveit_resources_panda_moveit_config:/root/moveit_ws/install/moveit_resources_pr2_description:/root/moveit_ws/install/moveit_resources_prbt_ikfast_manipulator_plugin:/root/moveit_ws/install/moveit_resources_prbt_moveit_config:/root/moveit_ws/install/moveit_resources_prbt_pg70_support:/root/moveit_ws/install/moveit_resources_prbt_support:/root/moveit_ws/install/moveit_ros_move_group:/root/moveit_ws/install/moveit_ros_occupancy_map_monitor:/root/moveit_ws/install/moveit_ros_planning:/root/moveit_ws/install/moveit_ros_planning_interface:/root/moveit_ws/install/moveit_ros_robot_interaction:/root/moveit_ws/install/moveit_ros_warehouse:/root/moveit_ws/install/moveit_simple_controller_manager:/root/moveit_ws/install/moveit_task_constructor_msgs:/root/moveit_ws/install/ompl:/root/moveit_ws/install/pilz_industrial_motion_planner:/root/moveit_ws/install/pilz_industrial_motion_planner_testutils:/root/moveit_ws/install/random_numbers:/root/moveit_ws/install/ruckig:/root/moveit_ws/install/rviz_marker_tools:/root/moveit_ws/install/setup.bash:/root/moveit_ws/install/setup.ps1:/root/moveit_ws/install/setup.sh:/root/moveit_ws/install/setup.zsh:/root/moveit_ws/install/srdfdom:/opt/ros/humble PYTHONPATH=/root/ur10_ws/build/ur10_examples_py/prefix_override:/usr/lib/python3/dist-packages/colcon_core/task/python/colcon_distutils_commands:/root/ur10_ws/install/ur10_examples_py/lib/python3.10/site-packages:${PYTHONPATH} /usr/bin/python3 -W ignore:setup.py install is deprecated -W ignore:easy_install command is deprecated setup.py egg_info --egg-base ../../build/ur10_examples_py build --build-base /root/ur10_ws/build/ur10_examples_py/build install --record /root/ur10_ws/build/ur10_examples_py/install.log --single-version-externally-managed install_data
[1.111s] running egg_info
[1.115s] creating ../../build/ur10_examples_py/ur10_examples_py.egg-info
[1.115s] writing ../../build/ur10_examples_py/ur10_examples_py.egg-info/PKG-INFO
[1.117s] writing dependency_links to ../../build/ur10_examples_py/ur10_examples_py.egg-info/dependency_links.txt
[1.118s] writing entry points to ../../build/ur10_examples_py/ur10_examples_py.egg-info/entry_points.txt
[1.118s] writing requirements to ../../build/ur10_examples_py/ur10_examples_py.egg-info/requires.txt
[1.118s] writing top-level names to ../../build/ur10_examples_py/ur10_examples_py.egg-info/top_level.txt
[1.119s] writing manifest file '../../build/ur10_examples_py/ur10_examples_py.egg-info/SOURCES.txt'
[1.122s] reading manifest file '../../build/ur10_examples_py/ur10_examples_py.egg-info/SOURCES.txt'
[1.124s] writing manifest file '../../build/ur10_examples_py/ur10_examples_py.egg-info/SOURCES.txt'
[1.125s] running build
[1.125s] running build_py
[1.125s] creating /root/ur10_ws/build/ur10_examples_py/build
[1.125s] creating /root/ur10_ws/build/ur10_examples_py/build/lib
[1.125s] creating /root/ur10_ws/build/ur10_examples_py/build/lib/ur10_examples_py
[1.127s] copying ur10_examples_py/capture_and_import_pcd.py -> /root/ur10_ws/build/ur10_examples_py/build/lib/ur10_examples_py
[1.127s] copying ur10_examples_py/moveit_py_demo.py -> /root/ur10_ws/build/ur10_examples_py/build/lib/ur10_examples_py
[1.127s] copying ur10_examples_py/__init__.py -> /root/ur10_ws/build/ur10_examples_py/build/lib/ur10_examples_py
[1.128s] running install
[1.129s] running install_lib
[1.133s] creating /root/ur10_ws/install/ur10_examples_py/lib/python3.10/site-packages/ur10_examples_py
[1.133s] copying /root/ur10_ws/build/ur10_examples_py/build/lib/ur10_examples_py/capture_and_import_pcd.py -> /root/ur10_ws/install/ur10_examples_py/lib/python3.10/site-packages/ur10_examples_py
[1.133s] copying /root/ur10_ws/build/ur10_examples_py/build/lib/ur10_examples_py/moveit_py_demo.py -> /root/ur10_ws/install/ur10_examples_py/lib/python3.10/site-packages/ur10_examples_py
[1.133s] copying /root/ur10_ws/build/ur10_examples_py/build/lib/ur10_examples_py/__init__.py -> /root/ur10_ws/install/ur10_examples_py/lib/python3.10/site-packages/ur10_examples_py
[1.133s] byte-compiling /root/ur10_ws/install/ur10_examples_py/lib/python3.10/site-packages/ur10_examples_py/capture_and_import_pcd.py to capture_and_import_pcd.cpython-310.pyc
[1.134s] byte-compiling /root/ur10_ws/install/ur10_examples_py/lib/python3.10/site-packages/ur10_examples_py/moveit_py_demo.py to moveit_py_demo.cpython-310.pyc
[1.139s] byte-compiling /root/ur10_ws/install/ur10_examples_py/lib/python3.10/site-packages/ur10_examples_py/__init__.py to __init__.cpython-310.pyc
[1.139s] running install_data
[1.139s] creating /root/ur10_ws/install/ur10_examples_py/share/ament_index
[1.139s] creating /root/ur10_ws/install/ur10_examples_py/share/ament_index/resource_index
[1.139s] creating /root/ur10_ws/install/ur10_examples_py/share/ament_index/resource_index/packages
[1.139s] copying resource/ur10_examples_py -> /root/ur10_ws/install/ur10_examples_py/share/ament_index/resource_index/packages
[1.139s] copying package.xml -> /root/ur10_ws/install/ur10_examples_py/share/ur10_examples_py
[1.139s] running install_egg_info
[1.142s] Copying ../../build/ur10_examples_py/ur10_examples_py.egg-info to /root/ur10_ws/install/ur10_examples_py/lib/python3.10/site-packages/ur10_examples_py-0.1.0-py3.10.egg-info
[1.146s] running install_scripts
[1.169s] Installing capture_and_import_pcd script to /root/ur10_ws/install/ur10_examples_py/lib/ur10_examples_py
[1.170s] Installing moveit_py_demo script to /root/ur10_ws/install/ur10_examples_py/lib/ur10_examples_py
[1.171s] writing list of installed files to '/root/ur10_ws/build/ur10_examples_py/install.log'
[1.215s] Invoked command in '/root/ur10_ws/src/ur10_examples_py' returned '0': CMAKE_PREFIX_PATH=/root/ur10_ws/install/ur10_perception:/root/ur10_ws/install/COLCON_IGNORE:/root/ur10_ws/install/_local_setup_util_ps1.py:/root/ur10_ws/install/_local_setup_util_sh.py:/root/ur10_ws/install/local_setup.bash:/root/ur10_ws/install/local_setup.ps1:/root/ur10_ws/install/local_setup.sh:/root/ur10_ws/install/local_setup.zsh:/root/ur10_ws/install/setup.bash:/root/ur10_ws/install/setup.ps1:/root/ur10_ws/install/setup.sh:/root/ur10_ws/install/setup.zsh:/root/ur10_ws/install/ur10_description:/root/ur10_ws/install/ur10_examples:/root/ur10_ws/install/ur10_moveit_config:/root/ur10_ws/install/ur10_simulation_bringup:/root/moveit_ws/install/COLCON_IGNORE:/root/moveit_ws/install/_local_setup_util_ps1.py:/root/moveit_ws/install/_local_setup_util_sh.py:/root/moveit_ws/install/chomp_motion_planner:/root/moveit_ws/install/geometric_shapes:/root/moveit_ws/install/local_setup.bash:/root/moveit_ws/install/local_setup.ps1:/root/moveit_ws/install/local_setup.sh:/root/moveit_ws/install/local_setup.zsh:/root/moveit_ws/install/moveit_common:/root/moveit_ws/install/moveit_configs_utils:/root/moveit_ws/install/moveit_core:/root/moveit_ws/install/moveit_kinematics:/root/moveit_ws/install/moveit_msgs:/root/moveit_ws/install/moveit_planners_chomp:/root/moveit_ws/install/moveit_planners_ompl:/root/moveit_ws/install/moveit_py:/root/moveit_ws/install/moveit_resources_fanuc_description:/root/moveit_ws/install/moveit_resources_fanuc_moveit_config:/root/moveit_ws/install/moveit_resources_panda_description:/root/moveit_ws/install/moveit_resources_panda_moveit_config:/root/moveit_ws/install/moveit_resources_pr2_description:/root/moveit_ws/install/moveit_resources_prbt_ikfast_manipulator_plugin:/root/moveit_ws/install/moveit_resources_prbt_moveit_config:/root/moveit_ws/install/moveit_resources_prbt_pg70_support:/root/moveit_ws/install/moveit_resources_prbt_support:/root/moveit_ws/install/moveit_ros_move_group:/root/moveit_ws/install/moveit_ros_occupancy_map_monitor:/root/moveit_ws/install/moveit_ros_planning:/root/moveit_ws/install/moveit_ros_planning_interface:/root/moveit_ws/install/moveit_ros_robot_interaction:/root/moveit_ws/install/moveit_ros_warehouse:/root/moveit_ws/install/moveit_simple_controller_manager:/root/moveit_ws/install/moveit_task_constructor_msgs:/root/moveit_ws/install/ompl:/root/moveit_ws/install/pilz_industrial_motion_planner:/root/moveit_ws/install/pilz_industrial_motion_planner_testutils:/root/moveit_ws/install/random_numbers:/root/moveit_ws/install/ruckig:/root/moveit_ws/install/rviz_marker_tools:/root/moveit_ws/install/setup.bash:/root/moveit_ws/install/setup.ps1:/root/moveit_ws/install/setup.sh:/root/moveit_ws/install/setup.zsh:/root/moveit_ws/install/srdfdom:/opt/ros/humble PYTHONPATH=/root/ur10_ws/build/ur10_examples_py/prefix_override:/usr/lib/python3/dist-packages/colcon_core/task/python/colcon_distutils_commands:/root/ur10_ws/install/ur10_examples_py/lib/python3.10/site-packages:${PYTHONPATH} /usr/bin/python3 -W ignore:setup.py install is deprecated -W ignore:easy_install command is deprecated setup.py egg_info --egg-base ../../build/ur10_examples_py build --build-base /root/ur10_ws/build/ur10_examples_py/build install --record /root/ur10_ws/build/ur10_examples_py/install.log --single-version-externally-managed install_data
