[0.017s] Invoking command in '/root/ur10_ws/build/ur10_examples': /usr/bin/cmake --build /root/ur10_ws/build/ur10_examples -- -j4 -l4
[0.070s] Consolidate compiler generated dependencies of target move_group_interface_demo
[0.088s] [ 50%] Building CXX object CMakeFiles/move_group_interface_demo.dir/src/move_group_interface_demo.cpp.o
[11.197s] [100%] Linking CXX executable move_group_interface_demo
[11.973s] [100%] Built target move_group_interface_demo
[11.987s] Invoked command in '/root/ur10_ws/build/ur10_examples' returned '0': /usr/bin/cmake --build /root/ur10_ws/build/ur10_examples -- -j4 -l4
[11.994s] Invoking command in '/root/ur10_ws/build/ur10_examples': /usr/bin/cmake --install /root/ur10_ws/build/ur10_examples
[12.001s] -- Install configuration: ""
[12.002s] -- Execute custom install script
[12.003s] -- Up-to-date symlink: /root/ur10_ws/install/ur10_examples/lib/ur10_examples/move_group_interface_demo
[12.003s] -- Up-to-date symlink: /root/ur10_ws/install/ur10_examples/share/ament_index/resource_index/package_run_dependencies/ur10_examples
[12.003s] -- Up-to-date symlink: /root/ur10_ws/install/ur10_examples/share/ament_index/resource_index/parent_prefix_path/ur10_examples
[12.003s] -- Up-to-date symlink: /root/ur10_ws/install/ur10_examples/share/ur10_examples/environment/ament_prefix_path.sh
[12.003s] -- Up-to-date symlink: /root/ur10_ws/install/ur10_examples/share/ur10_examples/environment/ament_prefix_path.dsv
[12.003s] -- Up-to-date symlink: /root/ur10_ws/install/ur10_examples/share/ur10_examples/environment/path.sh
[12.003s] -- Up-to-date symlink: /root/ur10_ws/install/ur10_examples/share/ur10_examples/environment/path.dsv
[12.003s] -- Up-to-date symlink: /root/ur10_ws/install/ur10_examples/share/ur10_examples/local_setup.bash
[12.003s] -- Up-to-date symlink: /root/ur10_ws/install/ur10_examples/share/ur10_examples/local_setup.sh
[12.003s] -- Up-to-date symlink: /root/ur10_ws/install/ur10_examples/share/ur10_examples/local_setup.zsh
[12.003s] -- Up-to-date symlink: /root/ur10_ws/install/ur10_examples/share/ur10_examples/local_setup.dsv
[12.004s] -- Symlinking: /root/ur10_ws/install/ur10_examples/share/ur10_examples/package.dsv
[12.013s] -- Up-to-date symlink: /root/ur10_ws/install/ur10_examples/share/ament_index/resource_index/packages/ur10_examples
[12.013s] -- Up-to-date symlink: /root/ur10_ws/install/ur10_examples/share/ur10_examples/cmake/ur10_examplesConfig.cmake
[12.013s] -- Up-to-date symlink: /root/ur10_ws/install/ur10_examples/share/ur10_examples/cmake/ur10_examplesConfig-version.cmake
[12.013s] -- Up-to-date symlink: /root/ur10_ws/install/ur10_examples/share/ur10_examples/package.xml
[12.017s] Invoked command in '/root/ur10_ws/build/ur10_examples' returned '0': /usr/bin/cmake --install /root/ur10_ws/build/ur10_examples
