[0.008s] Invoking command in '/root/ur10_ws/build/ur10_examples': /usr/bin/cmake /root/ur10_ws/src/ur10_examples -DAMENT_CMAKE_SYMLINK_INSTALL=1 -DCMAKE_INSTALL_PREFIX=/root/ur10_ws/install/ur10_examples
[0.476s] -- The C compiler identification is GNU 11.4.0
[2.171s] -- The CXX compiler identification is GNU 11.4.0
[3.396s] -- Detecting C compiler ABI info
[3.755s] -- Detecting C compiler ABI info - done
[3.767s] -- Check for working C compiler: /usr/bin/cc - skipped
[3.767s] -- Detecting C compile features
[3.768s] -- Detecting C compile features - done
[3.772s] -- Detecting CXX compiler ABI info
[4.022s] -- Detecting CXX compiler ABI info - done
[4.027s] -- Check for working CXX compiler: /usr/bin/c++ - skipped
[4.027s] -- Detecting CXX compile features
[4.028s] -- Detecting CXX compile features - done
[4.030s] -- Found ament_cmake: 1.3.14 (/opt/ros/humble/share/ament_cmake/cmake)
[4.144s] -- Found Python3: /usr/bin/python3 (found version "3.10.12") found components: Interpreter 
[4.194s] -- Override CMake install command with custom implementation using symlinks instead of copying resources
[4.217s] -- Found geometry_msgs: 4.9.0 (/opt/ros/humble/share/geometry_msgs/cmake)
[4.656s] -- Found rosidl_generator_c: 3.1.8 (/opt/ros/humble/share/rosidl_generator_c/cmake)
[4.663s] -- Found rosidl_adapter: 3.1.8 (/opt/ros/humble/share/rosidl_adapter/cmake)
[4.670s] -- Found rosidl_generator_cpp: 3.1.8 (/opt/ros/humble/share/rosidl_generator_cpp/cmake)
[4.678s] -- Using all available rosidl_typesupport_c: rosidl_typesupport_fastrtps_c;rosidl_typesupport_introspection_c
[4.691s] -- Using all available rosidl_typesupport_cpp: rosidl_typesupport_fastrtps_cpp;rosidl_typesupport_introspection_cpp
[4.722s] -- Found moveit_msgs: 2.7.1 (/root/moveit_ws/install/moveit_msgs/share/moveit_msgs/cmake)
[4.833s] -- Found moveit_ros_planning_interface: 2.5.9 (/root/moveit_ws/install/moveit_ros_planning_interface/share/moveit_ros_planning_interface/cmake)
[5.690s] -- Found Boost: /usr/lib/x86_64-linux-gnu/cmake/Boost-1.74.0/BoostConfig.cmake (found version "1.74.0") found components: date_time filesystem program_options system thread 
[5.721s] -- Found Boost: /usr/lib/x86_64-linux-gnu/cmake/Boost-1.74.0/BoostConfig.cmake (found version "1.74.0") found components: chrono date_time filesystem iostreams program_options regex serialization system thread 
[11.167s] -- Found parameter_traits: 0.6.0 (/opt/ros/humble/share/parameter_traits/cmake)
[11.215s] -- Found rmw_implementation_cmake: 6.1.2 (/opt/ros/humble/share/rmw_implementation_cmake/cmake)
[11.219s] -- Found rmw_fastrtps_cpp: 6.2.9 (/opt/ros/humble/share/rmw_fastrtps_cpp/cmake)
[16.325s] -- Found OpenSSL: /usr/lib/x86_64-linux-gnu/libcrypto.so (found version "3.0.2")  
[21.862s] -- Found FastRTPS: /opt/ros/humble/include  
[31.321s] -- Using RMW implementation 'rmw_fastrtps_cpp' as default
[31.339s] -- Found Threads: TRUE  
[31.426s] -- Found rclcpp_lifecycle: 16.0.17 (/opt/ros/humble/share/rclcpp_lifecycle/cmake)
[31.451s] -- Found Boost: /usr/lib/x86_64-linux-gnu/cmake/Boost-1.74.0/BoostConfig.cmake (found version "1.74.0") found components: random 
[36.788s] -- library: /usr/lib/x86_64-linux-gnu/libcurl.so
[37.050s] -- Found Eigen3: TRUE (found version "3.4.0") 
[37.051s] -- Ensuring Eigen3 include directory is part of orocos-kdl CMake target
[42.495s] -- Found Boost: /usr/lib/x86_64-linux-gnu/cmake/Boost-1.74.0/BoostConfig.cmake (found version "1.74.0") found components: system filesystem date_time program_options thread chrono 
[42.536s] -- Found Boost: /usr/lib/x86_64-linux-gnu/cmake/Boost-1.74.0/BoostConfig.cmake (found version "1.74.0") found components: thread system filesystem regex date_time program_options 
[42.580s] -- Found Boost: /usr/lib/x86_64-linux-gnu/cmake/Boost-1.74.0/BoostConfig.cmake (found version "1.74.0") found components: system filesystem date_time program_options thread 
[42.655s] -- Configuring done
[42.682s] -- Generating done
[42.688s] -- Build files have been written to: /root/ur10_ws/build/ur10_examples
[42.701s] Invoked command in '/root/ur10_ws/build/ur10_examples' returned '0': /usr/bin/cmake /root/ur10_ws/src/ur10_examples -DAMENT_CMAKE_SYMLINK_INSTALL=1 -DCMAKE_INSTALL_PREFIX=/root/ur10_ws/install/ur10_examples
[42.703s] Invoking command in '/root/ur10_ws/build/ur10_examples': /usr/bin/cmake --build /root/ur10_ws/build/ur10_examples -- -j4 -l4
[42.741s] [ 50%] Building CXX object CMakeFiles/move_group_interface_demo.dir/src/move_group_interface_demo.cpp.o
[50.660s] [100%] Linking CXX executable move_group_interface_demo
[51.361s] [100%] Built target move_group_interface_demo
[51.374s] Invoked command in '/root/ur10_ws/build/ur10_examples' returned '0': /usr/bin/cmake --build /root/ur10_ws/build/ur10_examples -- -j4 -l4
[51.382s] Invoking command in '/root/ur10_ws/build/ur10_examples': /usr/bin/cmake --install /root/ur10_ws/build/ur10_examples
[51.392s] -- Install configuration: ""
[51.392s] -- Execute custom install script
[51.393s] -- Symlinking: /root/ur10_ws/install/ur10_examples/lib/ur10_examples/move_group_interface_demo
[51.406s] -- Symlinking: /root/ur10_ws/install/ur10_examples/share/ament_index/resource_index/package_run_dependencies/ur10_examples
[51.431s] -- Symlinking: /root/ur10_ws/install/ur10_examples/share/ament_index/resource_index/parent_prefix_path/ur10_examples
[51.449s] -- Symlinking: /root/ur10_ws/install/ur10_examples/share/ur10_examples/environment/ament_prefix_path.sh
[51.461s] -- Symlinking: /root/ur10_ws/install/ur10_examples/share/ur10_examples/environment/ament_prefix_path.dsv
[51.471s] -- Symlinking: /root/ur10_ws/install/ur10_examples/share/ur10_examples/environment/path.sh
[51.479s] -- Symlinking: /root/ur10_ws/install/ur10_examples/share/ur10_examples/environment/path.dsv
[51.486s] -- Symlinking: /root/ur10_ws/install/ur10_examples/share/ur10_examples/local_setup.bash
[51.507s] -- Symlinking: /root/ur10_ws/install/ur10_examples/share/ur10_examples/local_setup.sh
[51.521s] -- Symlinking: /root/ur10_ws/install/ur10_examples/share/ur10_examples/local_setup.zsh
[51.530s] -- Symlinking: /root/ur10_ws/install/ur10_examples/share/ur10_examples/local_setup.dsv
[51.539s] -- Symlinking: /root/ur10_ws/install/ur10_examples/share/ur10_examples/package.dsv
[51.546s] -- Symlinking: /root/ur10_ws/install/ur10_examples/share/ament_index/resource_index/packages/ur10_examples
[51.552s] -- Symlinking: /root/ur10_ws/install/ur10_examples/share/ur10_examples/cmake/ur10_examplesConfig.cmake
[51.559s] -- Symlinking: /root/ur10_ws/install/ur10_examples/share/ur10_examples/cmake/ur10_examplesConfig-version.cmake
[51.565s] -- Symlinking: /root/ur10_ws/install/ur10_examples/share/ur10_examples/package.xml
[51.573s] Invoked command in '/root/ur10_ws/build/ur10_examples' returned '0': /usr/bin/cmake --install /root/ur10_ws/build/ur10_examples
