[0.405s] DEBUG:colcon:Command line arguments: ['/usr/bin/colcon', 'build', '--packages-select', 'ur10_examples_py', '--base-paths', '/root/ur10_ws/src', '--allow-overriding', 'ur10_examples_py']
[0.405s] DEBUG:colcon:Parsed command line arguments: Namespace(log_base=None, log_level=None, verb_name='build', build_base='build', install_base='install', merge_install=False, symlink_install=False, test_result_base=None, continue_on_error=False, executor='parallel', parallel_workers=4, event_handlers=None, ignore_user_meta=False, metas=['./colcon.meta'], base_paths=['/root/ur10_ws/src'], packages_ignore=None, packages_ignore_regex=None, paths=None, packages_up_to=None, packages_up_to_regex=None, packages_above=None, packages_above_and_dependencies=None, packages_above_depth=None, packages_select_by_dep=None, packages_skip_by_dep=None, packages_skip_up_to=None, packages_select_build_failed=False, packages_skip_build_finished=False, packages_select_test_failures=False, packages_skip_test_passed=False, packages_select=['ur10_examples_py'], packages_skip=None, packages_select_regex=None, packages_skip_regex=None, packages_start=None, packages_end=None, allow_overriding=['ur10_examples_py'], cmake_args=None, cmake_target=None, cmake_target_skip_unavailable=False, cmake_clean_cache=False, cmake_clean_first=False, cmake_force_configure=False, ament_cmake_args=None, catkin_cmake_args=None, catkin_skip_building_tests=False, verb_parser=<colcon_defaults.argument_parser.defaults.DefaultArgumentsDecorator object at 0x7d2cb7c5d540>, verb_extension=<colcon_core.verb.build.BuildVerb object at 0x7d2cb7d4f040>, main=<bound method BuildVerb.main of <colcon_core.verb.build.BuildVerb object at 0x7d2cb7d4f040>>)
[0.588s] Level 1:colcon.colcon_core.package_discovery:discover_packages(colcon_meta) check parameters
[0.588s] Level 1:colcon.colcon_core.package_discovery:discover_packages(recursive) check parameters
[0.588s] Level 1:colcon.colcon_core.package_discovery:discover_packages(ignore) check parameters
[0.588s] Level 1:colcon.colcon_core.package_discovery:discover_packages(path) check parameters
[0.588s] Level 1:colcon.colcon_core.package_discovery:discover_packages(recursive) discover
[0.588s] INFO:colcon.colcon_core.package_discovery:Crawling recursively for packages in '/root/ur10_ws/src'
[0.588s] Level 1:colcon.colcon_core.package_identification:_identify(/root/ur10_ws/src) by extensions ['ignore', 'ignore_ament_install']
[0.588s] Level 1:colcon.colcon_core.package_identification:_identify(/root/ur10_ws/src) by extension 'ignore'
[0.588s] Level 1:colcon.colcon_core.package_identification:_identify(/root/ur10_ws/src) by extension 'ignore_ament_install'
[0.588s] Level 1:colcon.colcon_core.package_identification:_identify(/root/ur10_ws/src) by extensions ['colcon_pkg']
[0.588s] Level 1:colcon.colcon_core.package_identification:_identify(/root/ur10_ws/src) by extension 'colcon_pkg'
[0.588s] Level 1:colcon.colcon_core.package_identification:_identify(/root/ur10_ws/src) by extensions ['colcon_meta']
[0.588s] Level 1:colcon.colcon_core.package_identification:_identify(/root/ur10_ws/src) by extension 'colcon_meta'
[0.588s] Level 1:colcon.colcon_core.package_identification:_identify(/root/ur10_ws/src) by extensions ['ros']
[0.588s] Level 1:colcon.colcon_core.package_identification:_identify(/root/ur10_ws/src) by extension 'ros'
[0.596s] Level 1:colcon.colcon_core.package_identification:_identify(/root/ur10_ws/src) by extensions ['cmake', 'python']
[0.596s] Level 1:colcon.colcon_core.package_identification:_identify(/root/ur10_ws/src) by extension 'cmake'
[0.596s] Level 1:colcon.colcon_core.package_identification:_identify(/root/ur10_ws/src) by extension 'python'
[0.596s] Level 1:colcon.colcon_core.package_identification:_identify(/root/ur10_ws/src) by extensions ['python_setup_py']
[0.596s] Level 1:colcon.colcon_core.package_identification:_identify(/root/ur10_ws/src) by extension 'python_setup_py'
[0.596s] Level 1:colcon.colcon_core.package_identification:_identify(/root/ur10_ws/src/ur10_description) by extensions ['ignore', 'ignore_ament_install']
[0.596s] Level 1:colcon.colcon_core.package_identification:_identify(/root/ur10_ws/src/ur10_description) by extension 'ignore'
[0.596s] Level 1:colcon.colcon_core.package_identification:_identify(/root/ur10_ws/src/ur10_description) by extension 'ignore_ament_install'
[0.596s] Level 1:colcon.colcon_core.package_identification:_identify(/root/ur10_ws/src/ur10_description) by extensions ['colcon_pkg']
[0.596s] Level 1:colcon.colcon_core.package_identification:_identify(/root/ur10_ws/src/ur10_description) by extension 'colcon_pkg'
[0.596s] Level 1:colcon.colcon_core.package_identification:_identify(/root/ur10_ws/src/ur10_description) by extensions ['colcon_meta']
[0.596s] Level 1:colcon.colcon_core.package_identification:_identify(/root/ur10_ws/src/ur10_description) by extension 'colcon_meta'
[0.596s] Level 1:colcon.colcon_core.package_identification:_identify(/root/ur10_ws/src/ur10_description) by extensions ['ros']
[0.596s] Level 1:colcon.colcon_core.package_identification:_identify(/root/ur10_ws/src/ur10_description) by extension 'ros'
[0.598s] DEBUG:colcon.colcon_core.package_identification:Package '/root/ur10_ws/src/ur10_description' with type 'ros.ament_cmake' and name 'ur10_description'
[0.598s] Level 1:colcon.colcon_core.package_identification:_identify(/root/ur10_ws/src/ur10_examples) by extensions ['ignore', 'ignore_ament_install']
[0.598s] Level 1:colcon.colcon_core.package_identification:_identify(/root/ur10_ws/src/ur10_examples) by extension 'ignore'
[0.598s] Level 1:colcon.colcon_core.package_identification:_identify(/root/ur10_ws/src/ur10_examples) by extension 'ignore_ament_install'
[0.598s] Level 1:colcon.colcon_core.package_identification:_identify(/root/ur10_ws/src/ur10_examples) by extensions ['colcon_pkg']
[0.598s] Level 1:colcon.colcon_core.package_identification:_identify(/root/ur10_ws/src/ur10_examples) by extension 'colcon_pkg'
[0.598s] Level 1:colcon.colcon_core.package_identification:_identify(/root/ur10_ws/src/ur10_examples) by extensions ['colcon_meta']
[0.598s] Level 1:colcon.colcon_core.package_identification:_identify(/root/ur10_ws/src/ur10_examples) by extension 'colcon_meta'
[0.598s] Level 1:colcon.colcon_core.package_identification:_identify(/root/ur10_ws/src/ur10_examples) by extensions ['ros']
[0.598s] Level 1:colcon.colcon_core.package_identification:_identify(/root/ur10_ws/src/ur10_examples) by extension 'ros'
[0.598s] DEBUG:colcon.colcon_core.package_identification:Package '/root/ur10_ws/src/ur10_examples' with type 'ros.ament_cmake' and name 'ur10_examples'
[0.599s] Level 1:colcon.colcon_core.package_identification:_identify(/root/ur10_ws/src/ur10_examples_py) by extensions ['ignore', 'ignore_ament_install']
[0.599s] Level 1:colcon.colcon_core.package_identification:_identify(/root/ur10_ws/src/ur10_examples_py) by extension 'ignore'
[0.599s] Level 1:colcon.colcon_core.package_identification:_identify(/root/ur10_ws/src/ur10_examples_py) by extension 'ignore_ament_install'
[0.599s] Level 1:colcon.colcon_core.package_identification:_identify(/root/ur10_ws/src/ur10_examples_py) by extensions ['colcon_pkg']
[0.599s] Level 1:colcon.colcon_core.package_identification:_identify(/root/ur10_ws/src/ur10_examples_py) by extension 'colcon_pkg'
[0.599s] Level 1:colcon.colcon_core.package_identification:_identify(/root/ur10_ws/src/ur10_examples_py) by extensions ['colcon_meta']
[0.599s] Level 1:colcon.colcon_core.package_identification:_identify(/root/ur10_ws/src/ur10_examples_py) by extension 'colcon_meta'
[0.599s] Level 1:colcon.colcon_core.package_identification:_identify(/root/ur10_ws/src/ur10_examples_py) by extensions ['ros']
[0.599s] Level 1:colcon.colcon_core.package_identification:_identify(/root/ur10_ws/src/ur10_examples_py) by extension 'ros'
[0.599s] DEBUG:colcon.colcon_core.package_identification:Package '/root/ur10_ws/src/ur10_examples_py' with type 'ros.ament_python' and name 'ur10_examples_py'
[0.599s] Level 1:colcon.colcon_core.package_identification:_identify(/root/ur10_ws/src/ur10_moveit_config) by extensions ['ignore', 'ignore_ament_install']
[0.599s] Level 1:colcon.colcon_core.package_identification:_identify(/root/ur10_ws/src/ur10_moveit_config) by extension 'ignore'
[0.599s] Level 1:colcon.colcon_core.package_identification:_identify(/root/ur10_ws/src/ur10_moveit_config) by extension 'ignore_ament_install'
[0.599s] Level 1:colcon.colcon_core.package_identification:_identify(/root/ur10_ws/src/ur10_moveit_config) by extensions ['colcon_pkg']
[0.599s] Level 1:colcon.colcon_core.package_identification:_identify(/root/ur10_ws/src/ur10_moveit_config) by extension 'colcon_pkg'
[0.599s] Level 1:colcon.colcon_core.package_identification:_identify(/root/ur10_ws/src/ur10_moveit_config) by extensions ['colcon_meta']
[0.599s] Level 1:colcon.colcon_core.package_identification:_identify(/root/ur10_ws/src/ur10_moveit_config) by extension 'colcon_meta'
[0.599s] Level 1:colcon.colcon_core.package_identification:_identify(/root/ur10_ws/src/ur10_moveit_config) by extensions ['ros']
[0.599s] Level 1:colcon.colcon_core.package_identification:_identify(/root/ur10_ws/src/ur10_moveit_config) by extension 'ros'
[0.600s] DEBUG:colcon.colcon_core.package_identification:Package '/root/ur10_ws/src/ur10_moveit_config' with type 'ros.ament_cmake' and name 'ur10_moveit_config'
[0.600s] Level 1:colcon.colcon_core.package_identification:_identify(/root/ur10_ws/src/ur10_perception) by extensions ['ignore', 'ignore_ament_install']
[0.600s] Level 1:colcon.colcon_core.package_identification:_identify(/root/ur10_ws/src/ur10_perception) by extension 'ignore'
[0.600s] Level 1:colcon.colcon_core.package_identification:_identify(/root/ur10_ws/src/ur10_perception) by extension 'ignore_ament_install'
[0.600s] Level 1:colcon.colcon_core.package_identification:_identify(/root/ur10_ws/src/ur10_perception) by extensions ['colcon_pkg']
[0.600s] Level 1:colcon.colcon_core.package_identification:_identify(/root/ur10_ws/src/ur10_perception) by extension 'colcon_pkg'
[0.600s] Level 1:colcon.colcon_core.package_identification:_identify(/root/ur10_ws/src/ur10_perception) by extensions ['colcon_meta']
[0.600s] Level 1:colcon.colcon_core.package_identification:_identify(/root/ur10_ws/src/ur10_perception) by extension 'colcon_meta'
[0.600s] Level 1:colcon.colcon_core.package_identification:_identify(/root/ur10_ws/src/ur10_perception) by extensions ['ros']
[0.600s] Level 1:colcon.colcon_core.package_identification:_identify(/root/ur10_ws/src/ur10_perception) by extension 'ros'
[0.601s] DEBUG:colcon.colcon_core.package_identification:Package '/root/ur10_ws/src/ur10_perception' with type 'ros.ament_cmake' and name 'ur10_perception'
[0.601s] Level 1:colcon.colcon_core.package_identification:_identify(/root/ur10_ws/src/ur10_simulation_bringup) by extensions ['ignore', 'ignore_ament_install']
[0.601s] Level 1:colcon.colcon_core.package_identification:_identify(/root/ur10_ws/src/ur10_simulation_bringup) by extension 'ignore'
[0.601s] Level 1:colcon.colcon_core.package_identification:_identify(/root/ur10_ws/src/ur10_simulation_bringup) by extension 'ignore_ament_install'
[0.601s] Level 1:colcon.colcon_core.package_identification:_identify(/root/ur10_ws/src/ur10_simulation_bringup) by extensions ['colcon_pkg']
[0.601s] Level 1:colcon.colcon_core.package_identification:_identify(/root/ur10_ws/src/ur10_simulation_bringup) by extension 'colcon_pkg'
[0.601s] Level 1:colcon.colcon_core.package_identification:_identify(/root/ur10_ws/src/ur10_simulation_bringup) by extensions ['colcon_meta']
[0.601s] Level 1:colcon.colcon_core.package_identification:_identify(/root/ur10_ws/src/ur10_simulation_bringup) by extension 'colcon_meta'
[0.601s] Level 1:colcon.colcon_core.package_identification:_identify(/root/ur10_ws/src/ur10_simulation_bringup) by extensions ['ros']
[0.601s] Level 1:colcon.colcon_core.package_identification:_identify(/root/ur10_ws/src/ur10_simulation_bringup) by extension 'ros'
[0.601s] DEBUG:colcon.colcon_core.package_identification:Package '/root/ur10_ws/src/ur10_simulation_bringup' with type 'ros.ament_cmake' and name 'ur10_simulation_bringup'
[0.601s] Level 1:colcon.colcon_core.package_discovery:discover_packages(recursive) using defaults
[0.634s] INFO:colcon.colcon_core.package_selection:Skipping not selected package 'ur10_description' in '/root/ur10_ws/src/ur10_description'
[0.634s] INFO:colcon.colcon_core.package_selection:Skipping not selected package 'ur10_examples' in '/root/ur10_ws/src/ur10_examples'
[0.634s] INFO:colcon.colcon_core.package_selection:Skipping not selected package 'ur10_perception' in '/root/ur10_ws/src/ur10_perception'
[0.634s] INFO:colcon.colcon_core.package_selection:Skipping not selected package 'ur10_moveit_config' in '/root/ur10_ws/src/ur10_moveit_config'
[0.635s] INFO:colcon.colcon_core.package_selection:Skipping not selected package 'ur10_simulation_bringup' in '/root/ur10_ws/src/ur10_simulation_bringup'
[0.635s] Level 1:colcon.colcon_core.package_discovery:discover_packages(prefix_path) check parameters
[0.635s] Level 1:colcon.colcon_core.package_discovery:discover_packages(prefix_path) discover
[0.636s] ERROR:colcon.colcon_core.prefix_path:Exception in prefix path extension 'ament': [Errno 20] Not a directory: '/root/ur10_ws/install/COLCON_IGNORE'
Traceback (most recent call last):
  File "/usr/lib/python3/dist-packages/colcon_core/prefix_path/__init__.py", line 78, in get_chained_prefix_path
    retval = extension.extend_prefix_path(chained_prefix_path)
  File "/usr/lib/python3/dist-packages/colcon_ros/prefix_path/ament.py", line 40, in extend_prefix_path
    for filename in os.listdir(path):
NotADirectoryError: [Errno 20] Not a directory: '/root/ur10_ws/install/COLCON_IGNORE'

[0.639s] DEBUG:colcon.colcon_installed_package_information.package_discovery:Found 1 installed packages in /root/ur10_ws/install/ur10_description
[0.639s] DEBUG:colcon.colcon_installed_package_information.package_discovery:Found 1 installed packages in /root/ur10_ws/install/ur10_examples
[0.640s] DEBUG:colcon.colcon_installed_package_information.package_discovery:Found 1 installed packages in /root/ur10_ws/install/ur10_examples_py
[0.640s] DEBUG:colcon.colcon_installed_package_information.package_discovery:Found 1 installed packages in /root/ur10_ws/install/ur10_moveit_config
[0.640s] DEBUG:colcon.colcon_installed_package_information.package_discovery:Found 1 installed packages in /root/ur10_ws/install/ur10_perception
[0.640s] DEBUG:colcon.colcon_installed_package_information.package_discovery:Found 1 installed packages in /root/ur10_ws/install/ur10_simulation_bringup
[0.641s] DEBUG:colcon.colcon_installed_package_information.package_discovery:Found 1 installed packages in /root/moveit_ws/install/chomp_motion_planner
[0.642s] DEBUG:colcon.colcon_installed_package_information.package_discovery:Found 1 installed packages in /root/moveit_ws/install/geometric_shapes
[0.642s] DEBUG:colcon.colcon_installed_package_information.package_discovery:Found 1 installed packages in /root/moveit_ws/install/moveit_common
[0.642s] DEBUG:colcon.colcon_installed_package_information.package_discovery:Found 1 installed packages in /root/moveit_ws/install/moveit_configs_utils
[0.643s] DEBUG:colcon.colcon_installed_package_information.package_discovery:Found 1 installed packages in /root/moveit_ws/install/moveit_core
[0.643s] DEBUG:colcon.colcon_installed_package_information.package_discovery:Found 1 installed packages in /root/moveit_ws/install/moveit_kinematics
[0.643s] DEBUG:colcon.colcon_installed_package_information.package_discovery:Found 1 installed packages in /root/moveit_ws/install/moveit_msgs
[0.644s] DEBUG:colcon.colcon_installed_package_information.package_discovery:Found 1 installed packages in /root/moveit_ws/install/moveit_planners_chomp
[0.644s] DEBUG:colcon.colcon_installed_package_information.package_discovery:Found 1 installed packages in /root/moveit_ws/install/moveit_planners_ompl
[0.645s] DEBUG:colcon.colcon_installed_package_information.package_discovery:Found 1 installed packages in /root/moveit_ws/install/moveit_py
[0.645s] DEBUG:colcon.colcon_installed_package_information.package_discovery:Found 1 installed packages in /root/moveit_ws/install/moveit_resources_fanuc_description
[0.645s] DEBUG:colcon.colcon_installed_package_information.package_discovery:Found 1 installed packages in /root/moveit_ws/install/moveit_resources_fanuc_moveit_config
[0.645s] DEBUG:colcon.colcon_installed_package_information.package_discovery:Found 1 installed packages in /root/moveit_ws/install/moveit_resources_panda_description
[0.645s] DEBUG:colcon.colcon_installed_package_information.package_discovery:Found 1 installed packages in /root/moveit_ws/install/moveit_resources_panda_moveit_config
[0.645s] DEBUG:colcon.colcon_installed_package_information.package_discovery:Found 1 installed packages in /root/moveit_ws/install/moveit_resources_pr2_description
[0.645s] DEBUG:colcon.colcon_installed_package_information.package_discovery:Found 1 installed packages in /root/moveit_ws/install/moveit_resources_prbt_ikfast_manipulator_plugin
[0.645s] DEBUG:colcon.colcon_installed_package_information.package_discovery:Found 1 installed packages in /root/moveit_ws/install/moveit_resources_prbt_moveit_config
[0.646s] DEBUG:colcon.colcon_installed_package_information.package_discovery:Found 1 installed packages in /root/moveit_ws/install/moveit_resources_prbt_pg70_support
[0.646s] DEBUG:colcon.colcon_installed_package_information.package_discovery:Found 1 installed packages in /root/moveit_ws/install/moveit_resources_prbt_support
[0.646s] DEBUG:colcon.colcon_installed_package_information.package_discovery:Found 1 installed packages in /root/moveit_ws/install/moveit_ros_move_group
[0.646s] DEBUG:colcon.colcon_installed_package_information.package_discovery:Found 1 installed packages in /root/moveit_ws/install/moveit_ros_occupancy_map_monitor
[0.646s] DEBUG:colcon.colcon_installed_package_information.package_discovery:Found 1 installed packages in /root/moveit_ws/install/moveit_ros_planning
[0.646s] DEBUG:colcon.colcon_installed_package_information.package_discovery:Found 1 installed packages in /root/moveit_ws/install/moveit_ros_planning_interface
[0.646s] DEBUG:colcon.colcon_installed_package_information.package_discovery:Found 1 installed packages in /root/moveit_ws/install/moveit_ros_robot_interaction
[0.646s] DEBUG:colcon.colcon_installed_package_information.package_discovery:Found 1 installed packages in /root/moveit_ws/install/moveit_ros_warehouse
[0.647s] DEBUG:colcon.colcon_installed_package_information.package_discovery:Found 1 installed packages in /root/moveit_ws/install/moveit_simple_controller_manager
[0.647s] DEBUG:colcon.colcon_installed_package_information.package_discovery:Found 1 installed packages in /root/moveit_ws/install/moveit_task_constructor_msgs
[0.647s] DEBUG:colcon.colcon_installed_package_information.package_discovery:Found 1 installed packages in /root/moveit_ws/install/ompl
[0.647s] DEBUG:colcon.colcon_installed_package_information.package_discovery:Found 1 installed packages in /root/moveit_ws/install/pilz_industrial_motion_planner_testutils
[0.647s] DEBUG:colcon.colcon_installed_package_information.package_discovery:Found 1 installed packages in /root/moveit_ws/install/random_numbers
[0.647s] DEBUG:colcon.colcon_installed_package_information.package_discovery:Found 1 installed packages in /root/moveit_ws/install/rviz_marker_tools
[0.648s] DEBUG:colcon.colcon_installed_package_information.package_discovery:Found 1 installed packages in /root/moveit_ws/install/srdfdom
[0.649s] DEBUG:colcon.colcon_installed_package_information.package_discovery:Found 467 installed packages in /opt/ros/humble
[0.659s] Level 1:colcon.colcon_core.package_discovery:discover_packages(prefix_path) using defaults
[0.763s] Level 5:colcon.colcon_core.verb:set package 'ur10_examples_py' build argument 'cmake_args' from command line to 'None'
[0.763s] Level 5:colcon.colcon_core.verb:set package 'ur10_examples_py' build argument 'cmake_target' from command line to 'None'
[0.763s] Level 5:colcon.colcon_core.verb:set package 'ur10_examples_py' build argument 'cmake_target_skip_unavailable' from command line to 'False'
[0.763s] Level 5:colcon.colcon_core.verb:set package 'ur10_examples_py' build argument 'cmake_clean_cache' from command line to 'False'
[0.763s] Level 5:colcon.colcon_core.verb:set package 'ur10_examples_py' build argument 'cmake_clean_first' from command line to 'False'
[0.763s] Level 5:colcon.colcon_core.verb:set package 'ur10_examples_py' build argument 'cmake_force_configure' from command line to 'False'
[0.763s] Level 5:colcon.colcon_core.verb:set package 'ur10_examples_py' build argument 'ament_cmake_args' from command line to 'None'
[0.763s] Level 5:colcon.colcon_core.verb:set package 'ur10_examples_py' build argument 'catkin_cmake_args' from command line to 'None'
[0.763s] Level 5:colcon.colcon_core.verb:set package 'ur10_examples_py' build argument 'catkin_skip_building_tests' from command line to 'False'
[0.763s] DEBUG:colcon.colcon_core.verb:Building package 'ur10_examples_py' with the following arguments: {'ament_cmake_args': None, 'build_base': '/root/ur10_ws/build/ur10_examples_py', 'catkin_cmake_args': None, 'catkin_skip_building_tests': False, 'cmake_args': None, 'cmake_clean_cache': False, 'cmake_clean_first': False, 'cmake_force_configure': False, 'cmake_target': None, 'cmake_target_skip_unavailable': False, 'install_base': '/root/ur10_ws/install/ur10_examples_py', 'merge_install': False, 'path': '/root/ur10_ws/src/ur10_examples_py', 'symlink_install': False, 'test_result_base': None}
[0.763s] INFO:colcon.colcon_core.executor:Executing jobs using 'parallel' executor
[0.764s] DEBUG:colcon.colcon_parallel_executor.executor.parallel:run_until_complete
[0.765s] INFO:colcon.colcon_ros.task.ament_python.build:Building ROS package in '/root/ur10_ws/src/ur10_examples_py' with build type 'ament_python'
[0.765s] Level 1:colcon.colcon_core.shell:create_environment_hook('ur10_examples_py', 'ament_prefix_path')
[0.766s] INFO:colcon.colcon_core.plugin_system:Skipping extension 'colcon_core.shell.bat': Not used on non-Windows systems
[0.767s] INFO:colcon.colcon_core.shell:Creating environment hook '/root/ur10_ws/install/ur10_examples_py/share/ur10_examples_py/hook/ament_prefix_path.ps1'
[0.767s] INFO:colcon.colcon_core.shell:Creating environment descriptor '/root/ur10_ws/install/ur10_examples_py/share/ur10_examples_py/hook/ament_prefix_path.dsv'
[0.767s] INFO:colcon.colcon_core.shell:Creating environment hook '/root/ur10_ws/install/ur10_examples_py/share/ur10_examples_py/hook/ament_prefix_path.sh'
[0.768s] INFO:colcon.colcon_core.shell:Skip shell extension 'powershell' for command environment: Not usable outside of PowerShell
[0.768s] DEBUG:colcon.colcon_core.shell:Skip shell extension 'dsv' for command environment
[0.768s] ERROR:colcon.colcon_core.prefix_path:Exception in prefix path extension 'ament': [Errno 20] Not a directory: '/root/ur10_ws/install/COLCON_IGNORE'
Traceback (most recent call last):
  File "/usr/lib/python3/dist-packages/colcon_core/prefix_path/__init__.py", line 78, in get_chained_prefix_path
    retval = extension.extend_prefix_path(chained_prefix_path)
  File "/usr/lib/python3/dist-packages/colcon_ros/prefix_path/ament.py", line 40, in extend_prefix_path
    for filename in os.listdir(path):
NotADirectoryError: [Errno 20] Not a directory: '/root/ur10_ws/install/COLCON_IGNORE'

[0.769s] DEBUG:colcon.colcon_core.shell:Ignoring prefix path '/root/ur10_ws/install/COLCON_IGNORE'
[0.769s] DEBUG:colcon.colcon_core.shell:Ignoring prefix path '/root/ur10_ws/install/_local_setup_util_ps1.py'
[0.769s] DEBUG:colcon.colcon_core.shell:Ignoring prefix path '/root/ur10_ws/install/_local_setup_util_sh.py'
[0.769s] DEBUG:colcon.colcon_core.shell:Ignoring prefix path '/root/ur10_ws/install/local_setup.bash'
[0.769s] DEBUG:colcon.colcon_core.shell:Ignoring prefix path '/root/ur10_ws/install/local_setup.ps1'
[0.769s] DEBUG:colcon.colcon_core.shell:Ignoring prefix path '/root/ur10_ws/install/local_setup.sh'
[0.770s] DEBUG:colcon.colcon_core.shell:Ignoring prefix path '/root/ur10_ws/install/local_setup.zsh'
[0.770s] DEBUG:colcon.colcon_core.shell:Ignoring prefix path '/root/ur10_ws/install/setup.bash'
[0.770s] DEBUG:colcon.colcon_core.shell:Ignoring prefix path '/root/ur10_ws/install/setup.ps1'
[0.770s] DEBUG:colcon.colcon_core.shell:Ignoring prefix path '/root/ur10_ws/install/setup.sh'
[0.770s] DEBUG:colcon.colcon_core.shell:Ignoring prefix path '/root/ur10_ws/install/setup.zsh'
[0.771s] DEBUG:colcon.colcon_core.shell:Ignoring prefix path '/root/moveit_ws/install/COLCON_IGNORE'
[0.771s] DEBUG:colcon.colcon_core.shell:Ignoring prefix path '/root/moveit_ws/install/_local_setup_util_ps1.py'
[0.771s] DEBUG:colcon.colcon_core.shell:Ignoring prefix path '/root/moveit_ws/install/_local_setup_util_sh.py'
[0.771s] DEBUG:colcon.colcon_core.shell:Ignoring prefix path '/root/moveit_ws/install/local_setup.bash'
[0.771s] DEBUG:colcon.colcon_core.shell:Ignoring prefix path '/root/moveit_ws/install/local_setup.ps1'
[0.771s] DEBUG:colcon.colcon_core.shell:Ignoring prefix path '/root/moveit_ws/install/local_setup.sh'
[0.771s] DEBUG:colcon.colcon_core.shell:Ignoring prefix path '/root/moveit_ws/install/local_setup.zsh'
[0.774s] DEBUG:colcon.colcon_core.shell:Ignoring prefix path '/root/moveit_ws/install/pilz_industrial_motion_planner'
[0.774s] DEBUG:colcon.colcon_core.shell:Ignoring prefix path '/root/moveit_ws/install/ruckig'
[0.774s] DEBUG:colcon.colcon_core.shell:Ignoring prefix path '/root/moveit_ws/install/setup.bash'
[0.774s] DEBUG:colcon.colcon_core.shell:Ignoring prefix path '/root/moveit_ws/install/setup.ps1'
[0.774s] DEBUG:colcon.colcon_core.shell:Ignoring prefix path '/root/moveit_ws/install/setup.sh'
[0.775s] DEBUG:colcon.colcon_core.shell:Ignoring prefix path '/root/moveit_ws/install/setup.zsh'
[1.142s] INFO:colcon.colcon_core.task.python.build:Building Python package in '/root/ur10_ws/src/ur10_examples_py'
[1.143s] INFO:colcon.colcon_core.shell:Skip shell extension 'powershell' for command environment: Not usable outside of PowerShell
[1.143s] DEBUG:colcon.colcon_core.shell:Skip shell extension 'dsv' for command environment
[1.144s] ERROR:colcon.colcon_core.prefix_path:Exception in prefix path extension 'ament': [Errno 20] Not a directory: '/root/ur10_ws/install/COLCON_IGNORE'
Traceback (most recent call last):
  File "/usr/lib/python3/dist-packages/colcon_core/prefix_path/__init__.py", line 78, in get_chained_prefix_path
    retval = extension.extend_prefix_path(chained_prefix_path)
  File "/usr/lib/python3/dist-packages/colcon_ros/prefix_path/ament.py", line 40, in extend_prefix_path
    for filename in os.listdir(path):
NotADirectoryError: [Errno 20] Not a directory: '/root/ur10_ws/install/COLCON_IGNORE'

[1.144s] DEBUG:colcon.colcon_core.shell:Ignoring prefix path '/root/ur10_ws/install/COLCON_IGNORE'
[1.145s] DEBUG:colcon.colcon_core.shell:Ignoring prefix path '/root/ur10_ws/install/_local_setup_util_ps1.py'
[1.145s] DEBUG:colcon.colcon_core.shell:Ignoring prefix path '/root/ur10_ws/install/_local_setup_util_sh.py'
[1.145s] DEBUG:colcon.colcon_core.shell:Ignoring prefix path '/root/ur10_ws/install/local_setup.bash'
[1.145s] DEBUG:colcon.colcon_core.shell:Ignoring prefix path '/root/ur10_ws/install/local_setup.ps1'
[1.145s] DEBUG:colcon.colcon_core.shell:Ignoring prefix path '/root/ur10_ws/install/local_setup.sh'
[1.145s] DEBUG:colcon.colcon_core.shell:Ignoring prefix path '/root/ur10_ws/install/local_setup.zsh'
[1.146s] DEBUG:colcon.colcon_core.shell:Ignoring prefix path '/root/ur10_ws/install/setup.bash'
[1.146s] DEBUG:colcon.colcon_core.shell:Ignoring prefix path '/root/ur10_ws/install/setup.ps1'
[1.146s] DEBUG:colcon.colcon_core.shell:Ignoring prefix path '/root/ur10_ws/install/setup.sh'
[1.146s] DEBUG:colcon.colcon_core.shell:Ignoring prefix path '/root/ur10_ws/install/setup.zsh'
[1.148s] DEBUG:colcon.colcon_core.shell:Ignoring prefix path '/root/moveit_ws/install/COLCON_IGNORE'
[1.148s] DEBUG:colcon.colcon_core.shell:Ignoring prefix path '/root/moveit_ws/install/_local_setup_util_ps1.py'
[1.148s] DEBUG:colcon.colcon_core.shell:Ignoring prefix path '/root/moveit_ws/install/_local_setup_util_sh.py'
[1.148s] DEBUG:colcon.colcon_core.shell:Ignoring prefix path '/root/moveit_ws/install/local_setup.bash'
[1.149s] DEBUG:colcon.colcon_core.shell:Ignoring prefix path '/root/moveit_ws/install/local_setup.ps1'
[1.149s] DEBUG:colcon.colcon_core.shell:Ignoring prefix path '/root/moveit_ws/install/local_setup.sh'
[1.149s] DEBUG:colcon.colcon_core.shell:Ignoring prefix path '/root/moveit_ws/install/local_setup.zsh'
[1.156s] DEBUG:colcon.colcon_core.shell:Ignoring prefix path '/root/moveit_ws/install/pilz_industrial_motion_planner'
[1.156s] DEBUG:colcon.colcon_core.shell:Ignoring prefix path '/root/moveit_ws/install/ruckig'
[1.156s] DEBUG:colcon.colcon_core.shell:Ignoring prefix path '/root/moveit_ws/install/setup.bash'
[1.156s] DEBUG:colcon.colcon_core.shell:Ignoring prefix path '/root/moveit_ws/install/setup.ps1'
[1.156s] DEBUG:colcon.colcon_core.shell:Ignoring prefix path '/root/moveit_ws/install/setup.sh'
[1.157s] DEBUG:colcon.colcon_core.shell:Ignoring prefix path '/root/moveit_ws/install/setup.zsh'
[1.587s] DEBUG:colcon.colcon_core.event_handler.log_command:Invoking command in '/root/ur10_ws/src/ur10_examples_py': CMAKE_PREFIX_PATH=/root/ur10_ws/install/ur10_perception:/root/ur10_ws/install/COLCON_IGNORE:/root/ur10_ws/install/_local_setup_util_ps1.py:/root/ur10_ws/install/_local_setup_util_sh.py:/root/ur10_ws/install/local_setup.bash:/root/ur10_ws/install/local_setup.ps1:/root/ur10_ws/install/local_setup.sh:/root/ur10_ws/install/local_setup.zsh:/root/ur10_ws/install/setup.bash:/root/ur10_ws/install/setup.ps1:/root/ur10_ws/install/setup.sh:/root/ur10_ws/install/setup.zsh:/root/ur10_ws/install/ur10_description:/root/ur10_ws/install/ur10_examples:/root/ur10_ws/install/ur10_examples_py:/root/ur10_ws/install/ur10_moveit_config:/root/ur10_ws/install/ur10_simulation_bringup:/root/moveit_ws/install/COLCON_IGNORE:/root/moveit_ws/install/_local_setup_util_ps1.py:/root/moveit_ws/install/_local_setup_util_sh.py:/root/moveit_ws/install/chomp_motion_planner:/root/moveit_ws/install/geometric_shapes:/root/moveit_ws/install/local_setup.bash:/root/moveit_ws/install/local_setup.ps1:/root/moveit_ws/install/local_setup.sh:/root/moveit_ws/install/local_setup.zsh:/root/moveit_ws/install/moveit_common:/root/moveit_ws/install/moveit_configs_utils:/root/moveit_ws/install/moveit_core:/root/moveit_ws/install/moveit_kinematics:/root/moveit_ws/install/moveit_msgs:/root/moveit_ws/install/moveit_planners_chomp:/root/moveit_ws/install/moveit_planners_ompl:/root/moveit_ws/install/moveit_py:/root/moveit_ws/install/moveit_resources_fanuc_description:/root/moveit_ws/install/moveit_resources_fanuc_moveit_config:/root/moveit_ws/install/moveit_resources_panda_description:/root/moveit_ws/install/moveit_resources_panda_moveit_config:/root/moveit_ws/install/moveit_resources_pr2_description:/root/moveit_ws/install/moveit_resources_prbt_ikfast_manipulator_plugin:/root/moveit_ws/install/moveit_resources_prbt_moveit_config:/root/moveit_ws/install/moveit_resources_prbt_pg70_support:/root/moveit_ws/install/moveit_resources_prbt_support:/root/moveit_ws/install/moveit_ros_move_group:/root/moveit_ws/install/moveit_ros_occupancy_map_monitor:/root/moveit_ws/install/moveit_ros_planning:/root/moveit_ws/install/moveit_ros_planning_interface:/root/moveit_ws/install/moveit_ros_robot_interaction:/root/moveit_ws/install/moveit_ros_warehouse:/root/moveit_ws/install/moveit_simple_controller_manager:/root/moveit_ws/install/moveit_task_constructor_msgs:/root/moveit_ws/install/ompl:/root/moveit_ws/install/pilz_industrial_motion_planner:/root/moveit_ws/install/pilz_industrial_motion_planner_testutils:/root/moveit_ws/install/random_numbers:/root/moveit_ws/install/ruckig:/root/moveit_ws/install/rviz_marker_tools:/root/moveit_ws/install/setup.bash:/root/moveit_ws/install/setup.ps1:/root/moveit_ws/install/setup.sh:/root/moveit_ws/install/setup.zsh:/root/moveit_ws/install/srdfdom:/opt/ros/humble PYTHONPATH=/root/ur10_ws/build/ur10_examples_py/prefix_override:/usr/lib/python3/dist-packages/colcon_core/task/python/colcon_distutils_commands:/root/ur10_ws/install/ur10_examples_py/lib/python3.10/site-packages:${PYTHONPATH} /usr/bin/python3 -W ignore:setup.py install is deprecated -W ignore:easy_install command is deprecated setup.py egg_info --egg-base ../../build/ur10_examples_py build --build-base /root/ur10_ws/build/ur10_examples_py/build install --record /root/ur10_ws/build/ur10_examples_py/install.log --single-version-externally-managed install_data
[1.852s] DEBUG:colcon.colcon_core.event_handler.log_command:Invoked command in '/root/ur10_ws/src/ur10_examples_py' returned '0': CMAKE_PREFIX_PATH=/root/ur10_ws/install/ur10_perception:/root/ur10_ws/install/COLCON_IGNORE:/root/ur10_ws/install/_local_setup_util_ps1.py:/root/ur10_ws/install/_local_setup_util_sh.py:/root/ur10_ws/install/local_setup.bash:/root/ur10_ws/install/local_setup.ps1:/root/ur10_ws/install/local_setup.sh:/root/ur10_ws/install/local_setup.zsh:/root/ur10_ws/install/setup.bash:/root/ur10_ws/install/setup.ps1:/root/ur10_ws/install/setup.sh:/root/ur10_ws/install/setup.zsh:/root/ur10_ws/install/ur10_description:/root/ur10_ws/install/ur10_examples:/root/ur10_ws/install/ur10_examples_py:/root/ur10_ws/install/ur10_moveit_config:/root/ur10_ws/install/ur10_simulation_bringup:/root/moveit_ws/install/COLCON_IGNORE:/root/moveit_ws/install/_local_setup_util_ps1.py:/root/moveit_ws/install/_local_setup_util_sh.py:/root/moveit_ws/install/chomp_motion_planner:/root/moveit_ws/install/geometric_shapes:/root/moveit_ws/install/local_setup.bash:/root/moveit_ws/install/local_setup.ps1:/root/moveit_ws/install/local_setup.sh:/root/moveit_ws/install/local_setup.zsh:/root/moveit_ws/install/moveit_common:/root/moveit_ws/install/moveit_configs_utils:/root/moveit_ws/install/moveit_core:/root/moveit_ws/install/moveit_kinematics:/root/moveit_ws/install/moveit_msgs:/root/moveit_ws/install/moveit_planners_chomp:/root/moveit_ws/install/moveit_planners_ompl:/root/moveit_ws/install/moveit_py:/root/moveit_ws/install/moveit_resources_fanuc_description:/root/moveit_ws/install/moveit_resources_fanuc_moveit_config:/root/moveit_ws/install/moveit_resources_panda_description:/root/moveit_ws/install/moveit_resources_panda_moveit_config:/root/moveit_ws/install/moveit_resources_pr2_description:/root/moveit_ws/install/moveit_resources_prbt_ikfast_manipulator_plugin:/root/moveit_ws/install/moveit_resources_prbt_moveit_config:/root/moveit_ws/install/moveit_resources_prbt_pg70_support:/root/moveit_ws/install/moveit_resources_prbt_support:/root/moveit_ws/install/moveit_ros_move_group:/root/moveit_ws/install/moveit_ros_occupancy_map_monitor:/root/moveit_ws/install/moveit_ros_planning:/root/moveit_ws/install/moveit_ros_planning_interface:/root/moveit_ws/install/moveit_ros_robot_interaction:/root/moveit_ws/install/moveit_ros_warehouse:/root/moveit_ws/install/moveit_simple_controller_manager:/root/moveit_ws/install/moveit_task_constructor_msgs:/root/moveit_ws/install/ompl:/root/moveit_ws/install/pilz_industrial_motion_planner:/root/moveit_ws/install/pilz_industrial_motion_planner_testutils:/root/moveit_ws/install/random_numbers:/root/moveit_ws/install/ruckig:/root/moveit_ws/install/rviz_marker_tools:/root/moveit_ws/install/setup.bash:/root/moveit_ws/install/setup.ps1:/root/moveit_ws/install/setup.sh:/root/moveit_ws/install/setup.zsh:/root/moveit_ws/install/srdfdom:/opt/ros/humble PYTHONPATH=/root/ur10_ws/build/ur10_examples_py/prefix_override:/usr/lib/python3/dist-packages/colcon_core/task/python/colcon_distutils_commands:/root/ur10_ws/install/ur10_examples_py/lib/python3.10/site-packages:${PYTHONPATH} /usr/bin/python3 -W ignore:setup.py install is deprecated -W ignore:easy_install command is deprecated setup.py egg_info --egg-base ../../build/ur10_examples_py build --build-base /root/ur10_ws/build/ur10_examples_py/build install --record /root/ur10_ws/build/ur10_examples_py/install.log --single-version-externally-managed install_data
[1.854s] Level 1:colcon.colcon_core.environment:checking '/root/ur10_ws/install/ur10_examples_py' for CMake module files
[1.854s] Level 1:colcon.colcon_core.environment:checking '/root/ur10_ws/install/ur10_examples_py' for CMake config files
[1.855s] Level 1:colcon.colcon_core.environment:checking '/root/ur10_ws/install/ur10_examples_py/lib'
[1.855s] Level 1:colcon.colcon_core.environment:checking '/root/ur10_ws/install/ur10_examples_py/bin'
[1.855s] Level 1:colcon.colcon_core.environment:checking '/root/ur10_ws/install/ur10_examples_py/lib/pkgconfig/ur10_examples_py.pc'
[1.855s] Level 1:colcon.colcon_core.environment:checking '/root/ur10_ws/install/ur10_examples_py/lib/python3.10/site-packages'
[1.855s] Level 1:colcon.colcon_core.shell:create_environment_hook('ur10_examples_py', 'pythonpath')
[1.855s] INFO:colcon.colcon_core.shell:Creating environment hook '/root/ur10_ws/install/ur10_examples_py/share/ur10_examples_py/hook/pythonpath.ps1'
[1.856s] INFO:colcon.colcon_core.shell:Creating environment descriptor '/root/ur10_ws/install/ur10_examples_py/share/ur10_examples_py/hook/pythonpath.dsv'
[1.856s] INFO:colcon.colcon_core.shell:Creating environment hook '/root/ur10_ws/install/ur10_examples_py/share/ur10_examples_py/hook/pythonpath.sh'
[1.857s] Level 1:colcon.colcon_core.environment:checking '/root/ur10_ws/install/ur10_examples_py/bin'
[1.857s] Level 1:colcon.colcon_core.environment:create_environment_scripts_only(ur10_examples_py)
[1.857s] INFO:colcon.colcon_core.shell:Creating package script '/root/ur10_ws/install/ur10_examples_py/share/ur10_examples_py/package.ps1'
[1.858s] INFO:colcon.colcon_core.shell:Creating package descriptor '/root/ur10_ws/install/ur10_examples_py/share/ur10_examples_py/package.dsv'
[1.858s] INFO:colcon.colcon_core.shell:Creating package script '/root/ur10_ws/install/ur10_examples_py/share/ur10_examples_py/package.sh'
[1.859s] INFO:colcon.colcon_core.shell:Creating package script '/root/ur10_ws/install/ur10_examples_py/share/ur10_examples_py/package.bash'
[1.859s] INFO:colcon.colcon_core.shell:Creating package script '/root/ur10_ws/install/ur10_examples_py/share/ur10_examples_py/package.zsh'
[1.860s] Level 1:colcon.colcon_core.environment:create_file_with_runtime_dependencies(/root/ur10_ws/install/ur10_examples_py/share/colcon-core/packages/ur10_examples_py)
[1.860s] DEBUG:colcon.colcon_parallel_executor.executor.parallel:closing loop
[1.860s] DEBUG:colcon.colcon_parallel_executor.executor.parallel:loop closed
[1.860s] DEBUG:colcon.colcon_parallel_executor.executor.parallel:run_until_complete finished with '0'
[1.861s] DEBUG:colcon.colcon_core.event_reactor:joining thread
[2.041s] INFO:colcon.colcon_core.plugin_system:Skipping extension 'colcon_notification.desktop_notification.notify_send': Could not find 'notify-send'
[2.041s] INFO:colcon.colcon_core.plugin_system:Skipping extension 'colcon_notification.desktop_notification.terminal_notifier': Not used on non-Darwin systems
[2.041s] INFO:colcon.colcon_core.plugin_system:Skipping extension 'colcon_notification.desktop_notification.win32': Not used on non-Windows systems
[2.041s] INFO:colcon.colcon_notification.desktop_notification:Sending desktop notification using 'notify2'
[2.041s] DEBUG:colcon.colcon_notification.desktop_notification.notify2:Failed to initialize notify2: org.freedesktop.DBus.Error.FileNotFound: Failed to connect to socket /run/user/0/bus: No such file or directory
[2.042s] DEBUG:colcon.colcon_core.event_reactor:joined thread
[2.042s] INFO:colcon.colcon_core.shell:Creating prefix script '/root/ur10_ws/install/local_setup.ps1'
[2.045s] INFO:colcon.colcon_core.shell:Creating prefix util module '/root/ur10_ws/install/_local_setup_util_ps1.py'
[2.049s] INFO:colcon.colcon_core.shell:Creating prefix chain script '/root/ur10_ws/install/setup.ps1'
[2.050s] ERROR:colcon.colcon_core.prefix_path:Exception in prefix path extension 'ament': [Errno 20] Not a directory: '/root/ur10_ws/install/COLCON_IGNORE'
Traceback (most recent call last):
  File "/usr/lib/python3/dist-packages/colcon_core/prefix_path/__init__.py", line 78, in get_chained_prefix_path
    retval = extension.extend_prefix_path(chained_prefix_path)
  File "/usr/lib/python3/dist-packages/colcon_ros/prefix_path/ament.py", line 40, in extend_prefix_path
    for filename in os.listdir(path):
NotADirectoryError: [Errno 20] Not a directory: '/root/ur10_ws/install/COLCON_IGNORE'

[2.053s] INFO:colcon.colcon_core.shell:Creating prefix script '/root/ur10_ws/install/local_setup.sh'
[2.054s] INFO:colcon.colcon_core.shell:Creating prefix util module '/root/ur10_ws/install/_local_setup_util_sh.py'
[2.057s] INFO:colcon.colcon_core.shell:Creating prefix chain script '/root/ur10_ws/install/setup.sh'
[2.057s] ERROR:colcon.colcon_core.prefix_path:Exception in prefix path extension 'ament': [Errno 20] Not a directory: '/root/ur10_ws/install/COLCON_IGNORE'
Traceback (most recent call last):
  File "/usr/lib/python3/dist-packages/colcon_core/prefix_path/__init__.py", line 78, in get_chained_prefix_path
    retval = extension.extend_prefix_path(chained_prefix_path)
  File "/usr/lib/python3/dist-packages/colcon_ros/prefix_path/ament.py", line 40, in extend_prefix_path
    for filename in os.listdir(path):
NotADirectoryError: [Errno 20] Not a directory: '/root/ur10_ws/install/COLCON_IGNORE'

[2.062s] INFO:colcon.colcon_core.shell:Creating prefix script '/root/ur10_ws/install/local_setup.bash'
[2.064s] INFO:colcon.colcon_core.shell:Creating prefix chain script '/root/ur10_ws/install/setup.bash'
[2.064s] ERROR:colcon.colcon_core.prefix_path:Exception in prefix path extension 'ament': [Errno 20] Not a directory: '/root/ur10_ws/install/COLCON_IGNORE'
Traceback (most recent call last):
  File "/usr/lib/python3/dist-packages/colcon_core/prefix_path/__init__.py", line 78, in get_chained_prefix_path
    retval = extension.extend_prefix_path(chained_prefix_path)
  File "/usr/lib/python3/dist-packages/colcon_ros/prefix_path/ament.py", line 40, in extend_prefix_path
    for filename in os.listdir(path):
NotADirectoryError: [Errno 20] Not a directory: '/root/ur10_ws/install/COLCON_IGNORE'

[2.069s] INFO:colcon.colcon_core.shell:Creating prefix script '/root/ur10_ws/install/local_setup.zsh'
[2.071s] INFO:colcon.colcon_core.shell:Creating prefix chain script '/root/ur10_ws/install/setup.zsh'
[2.072s] ERROR:colcon.colcon_core.prefix_path:Exception in prefix path extension 'ament': [Errno 20] Not a directory: '/root/ur10_ws/install/COLCON_IGNORE'
Traceback (most recent call last):
  File "/usr/lib/python3/dist-packages/colcon_core/prefix_path/__init__.py", line 78, in get_chained_prefix_path
    retval = extension.extend_prefix_path(chained_prefix_path)
  File "/usr/lib/python3/dist-packages/colcon_ros/prefix_path/ament.py", line 40, in extend_prefix_path
    for filename in os.listdir(path):
NotADirectoryError: [Errno 20] Not a directory: '/root/ur10_ws/install/COLCON_IGNORE'

