[0.056s] Invoking command in '/root/ur10_ws/build/ur10_examples': /usr/bin/cmake /root/ur10_ws/src/ur10_examples -DCMAKE_INSTALL_PREFIX=/root/ur10_ws/install/ur10_examples
[0.140s] -- Found ament_cmake: 1.3.14 (/opt/ros/humble/share/ament_cmake/cmake)
[0.328s] -- Override CMake install command with custom implementation using symlinks instead of copying resources
[0.347s] -- Found geometry_msgs: 4.9.0 (/opt/ros/humble/share/geometry_msgs/cmake)
[0.879s] -- Found rosidl_generator_c: 3.1.8 (/opt/ros/humble/share/rosidl_generator_c/cmake)
[0.882s] -- Found rosidl_adapter: 3.1.8 (/opt/ros/humble/share/rosidl_adapter/cmake)
[0.891s] -- Found rosidl_generator_cpp: 3.1.8 (/opt/ros/humble/share/rosidl_generator_cpp/cmake)
[0.902s] -- Using all available rosidl_typesupport_c: rosidl_typesupport_fastrtps_c;rosidl_typesupport_introspection_c
[0.916s] -- Using all available rosidl_typesupport_cpp: rosidl_typesupport_fastrtps_cpp;rosidl_typesupport_introspection_cpp
[0.949s] -- Found moveit_msgs: 2.7.1 (/root/moveit_ws/install/moveit_msgs/share/moveit_msgs/cmake)
[1.063s] -- Found moveit_ros_planning_interface: 2.5.9 (/root/moveit_ws/install/moveit_ros_planning_interface/share/moveit_ros_planning_interface/cmake)
[1.079s] -- Found Boost: /usr/lib/x86_64-linux-gnu/cmake/Boost-1.74.0/BoostConfig.cmake (found version "1.74.0") found components: date_time filesystem program_options system thread 
[1.098s] -- Found Boost: /usr/lib/x86_64-linux-gnu/cmake/Boost-1.74.0/BoostConfig.cmake (found version "1.74.0") found components: chrono date_time filesystem iostreams program_options regex serialization system thread 
[3.498s] -- Found parameter_traits: 0.6.0 (/opt/ros/humble/share/parameter_traits/cmake)
[3.530s] -- Found rmw_implementation_cmake: 6.1.2 (/opt/ros/humble/share/rmw_implementation_cmake/cmake)
[3.533s] -- Found rmw_fastrtps_cpp: 6.2.9 (/opt/ros/humble/share/rmw_fastrtps_cpp/cmake)
[17.120s] -- Using RMW implementation 'rmw_fastrtps_cpp' as default
[17.168s] -- Found rclcpp_lifecycle: 16.0.17 (/opt/ros/humble/share/rclcpp_lifecycle/cmake)
[17.195s] -- Found Boost: /usr/lib/x86_64-linux-gnu/cmake/Boost-1.74.0/BoostConfig.cmake (found version "1.74.0") found components: random 
[20.807s] -- library: /usr/lib/x86_64-linux-gnu/libcurl.so
[20.838s] -- Ensuring Eigen3 include directory is part of orocos-kdl CMake target
[24.207s] -- Found Boost: /usr/lib/x86_64-linux-gnu/cmake/Boost-1.74.0/BoostConfig.cmake (found version "1.74.0") found components: system filesystem date_time program_options thread chrono 
[24.230s] -- Found Boost: /usr/lib/x86_64-linux-gnu/cmake/Boost-1.74.0/BoostConfig.cmake (found version "1.74.0") found components: thread system filesystem regex date_time program_options 
[24.246s] -- Found Boost: /usr/lib/x86_64-linux-gnu/cmake/Boost-1.74.0/BoostConfig.cmake (found version "1.74.0") found components: system filesystem date_time program_options thread 
[24.353s] -- Configuring done
[24.467s] -- Generating done
[24.486s] -- Build files have been written to: /root/ur10_ws/build/ur10_examples
[24.498s] Invoked command in '/root/ur10_ws/build/ur10_examples' returned '0': /usr/bin/cmake /root/ur10_ws/src/ur10_examples -DCMAKE_INSTALL_PREFIX=/root/ur10_ws/install/ur10_examples
[24.499s] Invoking command in '/root/ur10_ws/build/ur10_examples': /usr/bin/cmake --build /root/ur10_ws/build/ur10_examples -- -j4 -l4
[24.559s] Consolidate compiler generated dependencies of target move_group_interface_demo
[24.635s] [ 50%] Building CXX object CMakeFiles/move_group_interface_demo.dir/src/move_group_interface_demo.cpp.o
[33.999s] [100%] Linking CXX executable move_group_interface_demo
[34.585s] [100%] Built target move_group_interface_demo
[34.598s] Invoked command in '/root/ur10_ws/build/ur10_examples' returned '0': /usr/bin/cmake --build /root/ur10_ws/build/ur10_examples -- -j4 -l4
[34.607s] Invoking command in '/root/ur10_ws/build/ur10_examples': /usr/bin/cmake --install /root/ur10_ws/build/ur10_examples
[34.612s] -- Install configuration: ""
[34.613s] -- Execute custom install script
[34.613s] -- Up-to-date symlink: /root/ur10_ws/install/ur10_examples/lib/ur10_examples/move_group_interface_demo
[34.613s] -- Up-to-date symlink: /root/ur10_ws/install/ur10_examples/share/ament_index/resource_index/package_run_dependencies/ur10_examples
[34.613s] -- Up-to-date symlink: /root/ur10_ws/install/ur10_examples/share/ament_index/resource_index/parent_prefix_path/ur10_examples
[34.614s] -- Up-to-date symlink: /root/ur10_ws/install/ur10_examples/share/ur10_examples/environment/ament_prefix_path.sh
[34.614s] -- Up-to-date symlink: /root/ur10_ws/install/ur10_examples/share/ur10_examples/environment/ament_prefix_path.dsv
[34.614s] -- Up-to-date symlink: /root/ur10_ws/install/ur10_examples/share/ur10_examples/environment/path.sh
[34.614s] -- Up-to-date symlink: /root/ur10_ws/install/ur10_examples/share/ur10_examples/environment/path.dsv
[34.614s] -- Up-to-date symlink: /root/ur10_ws/install/ur10_examples/share/ur10_examples/local_setup.bash
[34.614s] -- Up-to-date symlink: /root/ur10_ws/install/ur10_examples/share/ur10_examples/local_setup.sh
[34.615s] -- Up-to-date symlink: /root/ur10_ws/install/ur10_examples/share/ur10_examples/local_setup.zsh
[34.615s] -- Up-to-date symlink: /root/ur10_ws/install/ur10_examples/share/ur10_examples/local_setup.dsv
[34.615s] -- Symlinking: /root/ur10_ws/install/ur10_examples/share/ur10_examples/package.dsv
[34.622s] -- Up-to-date symlink: /root/ur10_ws/install/ur10_examples/share/ament_index/resource_index/packages/ur10_examples
[34.622s] -- Up-to-date symlink: /root/ur10_ws/install/ur10_examples/share/ur10_examples/cmake/ur10_examplesConfig.cmake
[34.622s] -- Up-to-date symlink: /root/ur10_ws/install/ur10_examples/share/ur10_examples/cmake/ur10_examplesConfig-version.cmake
[34.622s] -- Up-to-date symlink: /root/ur10_ws/install/ur10_examples/share/ur10_examples/package.xml
[34.624s] Invoked command in '/root/ur10_ws/build/ur10_examples' returned '0': /usr/bin/cmake --install /root/ur10_ws/build/ur10_examples
