[0.019s] Invoking command in '/root/ur10_ws/build/ur10_examples': /usr/bin/cmake --build /root/ur10_ws/build/ur10_examples -- -j4 -l4
[0.045s] -- Found ament_cmake: 1.3.14 (/opt/ros/humble/share/ament_cmake/cmake)
[0.176s] -- Override CMake install command with custom implementation using symlinks instead of copying resources
[0.182s] -- Found geometry_msgs: 4.9.0 (/opt/ros/humble/share/geometry_msgs/cmake)
[0.635s] -- Found rosidl_generator_c: 3.1.8 (/opt/ros/humble/share/rosidl_generator_c/cmake)
[0.638s] -- Found rosidl_adapter: 3.1.8 (/opt/ros/humble/share/rosidl_adapter/cmake)
[0.647s] -- Found rosidl_generator_cpp: 3.1.8 (/opt/ros/humble/share/rosidl_generator_cpp/cmake)
[0.663s] -- Using all available rosidl_typesupport_c: rosidl_typesupport_fastrtps_c;rosidl_typesupport_introspection_c
[0.678s] -- Using all available rosidl_typesupport_cpp: rosidl_typesupport_fastrtps_cpp;rosidl_typesupport_introspection_cpp
[0.729s] -- Found moveit_msgs: 2.7.1 (/root/moveit_ws/install/moveit_msgs/share/moveit_msgs/cmake)
[0.893s] -- Found moveit_ros_planning_interface: 2.5.9 (/root/moveit_ws/install/moveit_ros_planning_interface/share/moveit_ros_planning_interface/cmake)
[0.916s] -- Found Boost: /usr/lib/x86_64-linux-gnu/cmake/Boost-1.74.0/BoostConfig.cmake (found version "1.74.0") found components: date_time filesystem program_options system thread 
[0.936s] -- Found Boost: /usr/lib/x86_64-linux-gnu/cmake/Boost-1.74.0/BoostConfig.cmake (found version "1.74.0") found components: chrono date_time filesystem iostreams program_options regex serialization system thread 
[3.834s] -- Found parameter_traits: 0.6.0 (/opt/ros/humble/share/parameter_traits/cmake)
[3.861s] -- Found rmw_implementation_cmake: 6.1.2 (/opt/ros/humble/share/rmw_implementation_cmake/cmake)
[3.864s] -- Found rmw_fastrtps_cpp: 6.2.9 (/opt/ros/humble/share/rmw_fastrtps_cpp/cmake)
[22.068s] -- Using RMW implementation 'rmw_fastrtps_cpp' as default
[22.102s] -- Found rclcpp_lifecycle: 16.0.17 (/opt/ros/humble/share/rclcpp_lifecycle/cmake)
[22.121s] -- Found Boost: /usr/lib/x86_64-linux-gnu/cmake/Boost-1.74.0/BoostConfig.cmake (found version "1.74.0") found components: random 
[27.332s] -- library: /usr/lib/x86_64-linux-gnu/libcurl.so
[27.367s] -- Ensuring Eigen3 include directory is part of orocos-kdl CMake target
[31.966s] -- Found Boost: /usr/lib/x86_64-linux-gnu/cmake/Boost-1.74.0/BoostConfig.cmake (found version "1.74.0") found components: system filesystem date_time program_options thread chrono 
[31.985s] -- Found Boost: /usr/lib/x86_64-linux-gnu/cmake/Boost-1.74.0/BoostConfig.cmake (found version "1.74.0") found components: thread system filesystem regex date_time program_options 
[32.002s] -- Found Boost: /usr/lib/x86_64-linux-gnu/cmake/Boost-1.74.0/BoostConfig.cmake (found version "1.74.0") found components: system filesystem date_time program_options thread 
[32.110s] -- Configuring done
[32.137s] -- Generating done
[32.144s] -- Build files have been written to: /root/ur10_ws/build/ur10_examples
[32.170s] Consolidate compiler generated dependencies of target move_group_interface_demo
[32.189s] [ 50%] Building CXX object CMakeFiles/move_group_interface_demo.dir/src/move_group_interface_demo.cpp.o
[44.907s] [100%] Linking CXX executable move_group_interface_demo
[45.787s] [100%] Built target move_group_interface_demo
[45.802s] Invoked command in '/root/ur10_ws/build/ur10_examples' returned '0': /usr/bin/cmake --build /root/ur10_ws/build/ur10_examples -- -j4 -l4
[45.814s] Invoking command in '/root/ur10_ws/build/ur10_examples': /usr/bin/cmake --install /root/ur10_ws/build/ur10_examples
[45.825s] -- Install configuration: ""
[45.825s] -- Execute custom install script
[45.826s] -- Up-to-date symlink: /root/ur10_ws/install/ur10_examples/lib/ur10_examples/move_group_interface_demo
[45.826s] -- Up-to-date symlink: /root/ur10_ws/install/ur10_examples/share/ament_index/resource_index/package_run_dependencies/ur10_examples
[45.826s] -- Up-to-date symlink: /root/ur10_ws/install/ur10_examples/share/ament_index/resource_index/parent_prefix_path/ur10_examples
[45.826s] -- Up-to-date symlink: /root/ur10_ws/install/ur10_examples/share/ur10_examples/environment/ament_prefix_path.sh
[45.827s] -- Up-to-date symlink: /root/ur10_ws/install/ur10_examples/share/ur10_examples/environment/ament_prefix_path.dsv
[45.827s] -- Up-to-date symlink: /root/ur10_ws/install/ur10_examples/share/ur10_examples/environment/path.sh
[45.827s] -- Up-to-date symlink: /root/ur10_ws/install/ur10_examples/share/ur10_examples/environment/path.dsv
[45.827s] -- Up-to-date symlink: /root/ur10_ws/install/ur10_examples/share/ur10_examples/local_setup.bash
[45.828s] -- Up-to-date symlink: /root/ur10_ws/install/ur10_examples/share/ur10_examples/local_setup.sh
[45.828s] -- Up-to-date symlink: /root/ur10_ws/install/ur10_examples/share/ur10_examples/local_setup.zsh
[45.828s] -- Up-to-date symlink: /root/ur10_ws/install/ur10_examples/share/ur10_examples/local_setup.dsv
[45.828s] -- Symlinking: /root/ur10_ws/install/ur10_examples/share/ur10_examples/package.dsv
[45.845s] -- Up-to-date symlink: /root/ur10_ws/install/ur10_examples/share/ament_index/resource_index/packages/ur10_examples
[45.845s] -- Up-to-date symlink: /root/ur10_ws/install/ur10_examples/share/ur10_examples/cmake/ur10_examplesConfig.cmake
[45.845s] -- Up-to-date symlink: /root/ur10_ws/install/ur10_examples/share/ur10_examples/cmake/ur10_examplesConfig-version.cmake
[45.846s] -- Up-to-date symlink: /root/ur10_ws/install/ur10_examples/share/ur10_examples/package.xml
[45.849s] Invoked command in '/root/ur10_ws/build/ur10_examples' returned '0': /usr/bin/cmake --install /root/ur10_ws/build/ur10_examples
