[0.237s] DEBUG:colcon:Command line arguments: ['/usr/bin/colcon', 'build', '--symlink-install', '--packages-select', 'ur10_perception', '--event-handlers', 'console_direct+']
[0.237s] DEBUG:colcon:Parsed command line arguments: Namespace(log_base=None, log_level=None, verb_name='build', build_base='build', install_base='install', merge_install=False, symlink_install=True, test_result_base=None, continue_on_error=False, executor='parallel', parallel_workers=4, event_handlers=['console_direct+'], ignore_user_meta=False, metas=['./colcon.meta'], base_paths=['.'], packages_ignore=None, packages_ignore_regex=None, paths=None, packages_up_to=None, packages_up_to_regex=None, packages_above=None, packages_above_and_dependencies=None, packages_above_depth=None, packages_select_by_dep=None, packages_skip_by_dep=None, packages_skip_up_to=None, packages_select_build_failed=False, packages_skip_build_finished=False, packages_select_test_failures=False, packages_skip_test_passed=False, packages_select=['ur10_perception'], packages_skip=None, packages_select_regex=None, packages_skip_regex=None, packages_start=None, packages_end=None, allow_overriding=[], cmake_args=None, cmake_target=None, cmake_target_skip_unavailable=False, cmake_clean_cache=False, cmake_clean_first=False, cmake_force_configure=False, ament_cmake_args=None, catkin_cmake_args=None, catkin_skip_building_tests=False, verb_parser=<colcon_defaults.argument_parser.defaults.DefaultArgumentsDecorator object at 0x7680692d5540>, verb_extension=<colcon_core.verb.build.BuildVerb object at 0x768069443040>, main=<bound method BuildVerb.main of <colcon_core.verb.build.BuildVerb object at 0x768069443040>>)
[0.245s] DEBUG:colcon:Command line arguments: ['/usr/bin/colcon', 'build', '--symlink-install', '--packages-select', 'ur10_examples_py', '--event-handlers', 'console_direct+']
[0.246s] DEBUG:colcon:Parsed command line arguments: Namespace(log_base=None, log_level=None, verb_name='build', build_base='build', install_base='install', merge_install=False, symlink_install=True, test_result_base=None, continue_on_error=False, executor='parallel', parallel_workers=4, event_handlers=['console_direct+'], ignore_user_meta=False, metas=['./colcon.meta'], base_paths=['.'], packages_ignore=None, packages_ignore_regex=None, paths=None, packages_up_to=None, packages_up_to_regex=None, packages_above=None, packages_above_and_dependencies=None, packages_above_depth=None, packages_select_by_dep=None, packages_skip_by_dep=None, packages_skip_up_to=None, packages_select_build_failed=False, packages_skip_build_finished=False, packages_select_test_failures=False, packages_skip_test_passed=False, packages_select=['ur10_examples_py'], packages_skip=None, packages_select_regex=None, packages_skip_regex=None, packages_start=None, packages_end=None, allow_overriding=[], cmake_args=None, cmake_target=None, cmake_target_skip_unavailable=False, cmake_clean_cache=False, cmake_clean_first=False, cmake_force_configure=False, ament_cmake_args=None, catkin_cmake_args=None, catkin_skip_building_tests=False, verb_parser=<colcon_defaults.argument_parser.defaults.DefaultArgumentsDecorator object at 0x74b4884157b0>, verb_extension=<colcon_core.verb.build.BuildVerb object at 0x74b48854b2b0>, main=<bound method BuildVerb.main of <colcon_core.verb.build.BuildVerb object at 0x74b48854b2b0>>)
[0.352s] Level 1:colcon.colcon_core.package_discovery:discover_packages(colcon_meta) check parameters
[0.352s] Level 1:colcon.colcon_core.package_discovery:discover_packages(recursive) check parameters
[0.352s] Level 1:colcon.colcon_core.package_discovery:discover_packages(ignore) check parameters
[0.352s] Level 1:colcon.colcon_core.package_discovery:discover_packages(path) check parameters
[0.352s] Level 1:colcon.colcon_core.package_discovery:discover_packages(colcon_meta) discover
[0.352s] Level 1:colcon.colcon_core.package_discovery:discover_packages(recursive) discover
[0.352s] INFO:colcon.colcon_core.package_discovery:Crawling recursively for packages in '/root/ur10_ws'
[0.352s] Level 1:colcon.colcon_core.package_identification:_identify(.) by extensions ['ignore', 'ignore_ament_install']
[0.352s] Level 1:colcon.colcon_core.package_identification:_identify(.) by extension 'ignore'
[0.352s] Level 1:colcon.colcon_core.package_identification:_identify(.) by extension 'ignore_ament_install'
[0.352s] Level 1:colcon.colcon_core.package_identification:_identify(.) by extensions ['colcon_pkg']
[0.352s] Level 1:colcon.colcon_core.package_identification:_identify(.) by extension 'colcon_pkg'
[0.352s] Level 1:colcon.colcon_core.package_identification:_identify(.) by extensions ['colcon_meta']
[0.352s] Level 1:colcon.colcon_core.package_identification:_identify(.) by extension 'colcon_meta'
[0.352s] Level 1:colcon.colcon_core.package_identification:_identify(.) by extensions ['ros']
[0.352s] Level 1:colcon.colcon_core.package_identification:_identify(.) by extension 'ros'
[0.360s] Level 1:colcon.colcon_core.package_identification:_identify(.) by extensions ['cmake', 'python']
[0.360s] Level 1:colcon.colcon_core.package_identification:_identify(.) by extension 'cmake'
[0.360s] Level 1:colcon.colcon_core.package_identification:_identify(.) by extension 'python'
[0.360s] Level 1:colcon.colcon_core.package_identification:_identify(.) by extensions ['python_setup_py']
[0.361s] Level 1:colcon.colcon_core.package_identification:_identify(.) by extension 'python_setup_py'
[0.361s] Level 1:colcon.colcon_core.package_identification:_identify(build) by extensions ['ignore', 'ignore_ament_install']
[0.361s] Level 1:colcon.colcon_core.package_identification:_identify(build) by extension 'ignore'
[0.361s] Level 1:colcon.colcon_core.package_identification:_identify(build) ignored
[0.361s] Level 1:colcon.colcon_core.package_identification:_identify(data) by extensions ['ignore', 'ignore_ament_install']
[0.361s] Level 1:colcon.colcon_core.package_identification:_identify(data) by extension 'ignore'
[0.361s] Level 1:colcon.colcon_core.package_identification:_identify(data) by extension 'ignore_ament_install'
[0.361s] Level 1:colcon.colcon_core.package_identification:_identify(data) by extensions ['colcon_pkg']
[0.361s] Level 1:colcon.colcon_core.package_identification:_identify(data) by extension 'colcon_pkg'
[0.361s] Level 1:colcon.colcon_core.package_identification:_identify(data) by extensions ['colcon_meta']
[0.361s] Level 1:colcon.colcon_core.package_identification:_identify(data) by extension 'colcon_meta'
[0.361s] Level 1:colcon.colcon_core.package_identification:_identify(data) by extensions ['ros']
[0.361s] Level 1:colcon.colcon_core.package_identification:_identify(data) by extension 'ros'
[0.361s] Level 1:colcon.colcon_core.package_identification:_identify(data) by extensions ['cmake', 'python']
[0.361s] Level 1:colcon.colcon_core.package_identification:_identify(data) by extension 'cmake'
[0.361s] Level 1:colcon.colcon_core.package_identification:_identify(data) by extension 'python'
[0.361s] Level 1:colcon.colcon_core.package_identification:_identify(data) by extensions ['python_setup_py']
[0.361s] Level 1:colcon.colcon_core.package_identification:_identify(data) by extension 'python_setup_py'
[0.361s] Level 1:colcon.colcon_core.package_identification:_identify(install) by extensions ['ignore', 'ignore_ament_install']
[0.361s] Level 1:colcon.colcon_core.package_identification:_identify(install) by extension 'ignore'
[0.361s] Level 1:colcon.colcon_core.package_identification:_identify(install) ignored
[0.361s] Level 1:colcon.colcon_core.package_identification:_identify(log) by extensions ['ignore', 'ignore_ament_install']
[0.361s] Level 1:colcon.colcon_core.package_identification:_identify(log) by extension 'ignore'
[0.361s] Level 1:colcon.colcon_core.package_identification:_identify(log) ignored
[0.361s] Level 1:colcon.colcon_core.package_identification:_identify(src) by extensions ['ignore', 'ignore_ament_install']
[0.361s] Level 1:colcon.colcon_core.package_identification:_identify(src) by extension 'ignore'
[0.361s] Level 1:colcon.colcon_core.package_identification:_identify(src) by extension 'ignore_ament_install'
[0.361s] Level 1:colcon.colcon_core.package_identification:_identify(src) by extensions ['colcon_pkg']
[0.361s] Level 1:colcon.colcon_core.package_identification:_identify(src) by extension 'colcon_pkg'
[0.361s] Level 1:colcon.colcon_core.package_identification:_identify(src) by extensions ['colcon_meta']
[0.361s] Level 1:colcon.colcon_core.package_identification:_identify(src) by extension 'colcon_meta'
[0.362s] Level 1:colcon.colcon_core.package_identification:_identify(src) by extensions ['ros']
[0.362s] Level 1:colcon.colcon_core.package_identification:_identify(src) by extension 'ros'
[0.362s] Level 1:colcon.colcon_core.package_identification:_identify(src) by extensions ['cmake', 'python']
[0.362s] Level 1:colcon.colcon_core.package_identification:_identify(src) by extension 'cmake'
[0.362s] Level 1:colcon.colcon_core.package_identification:_identify(src) by extension 'python'
[0.362s] Level 1:colcon.colcon_core.package_identification:_identify(src) by extensions ['python_setup_py']
[0.362s] Level 1:colcon.colcon_core.package_identification:_identify(src) by extension 'python_setup_py'
[0.362s] Level 1:colcon.colcon_core.package_identification:_identify(src/ur10_description) by extensions ['ignore', 'ignore_ament_install']
[0.362s] Level 1:colcon.colcon_core.package_identification:_identify(src/ur10_description) by extension 'ignore'
[0.362s] Level 1:colcon.colcon_core.package_identification:_identify(src/ur10_description) by extension 'ignore_ament_install'
[0.362s] Level 1:colcon.colcon_core.package_identification:_identify(src/ur10_description) by extensions ['colcon_pkg']
[0.362s] Level 1:colcon.colcon_core.package_identification:_identify(src/ur10_description) by extension 'colcon_pkg'
[0.362s] Level 1:colcon.colcon_core.package_identification:_identify(src/ur10_description) by extensions ['colcon_meta']
[0.362s] Level 1:colcon.colcon_core.package_identification:_identify(src/ur10_description) by extension 'colcon_meta'
[0.362s] Level 1:colcon.colcon_core.package_identification:_identify(src/ur10_description) by extensions ['ros']
[0.362s] Level 1:colcon.colcon_core.package_identification:_identify(src/ur10_description) by extension 'ros'
[0.364s] DEBUG:colcon.colcon_core.package_identification:Package 'src/ur10_description' with type 'ros.ament_cmake' and name 'ur10_description'
[0.364s] Level 1:colcon.colcon_core.package_identification:_identify(src/ur10_examples) by extensions ['ignore', 'ignore_ament_install']
[0.364s] Level 1:colcon.colcon_core.package_identification:_identify(src/ur10_examples) by extension 'ignore'
[0.364s] Level 1:colcon.colcon_core.package_identification:_identify(src/ur10_examples) by extension 'ignore_ament_install'
[0.364s] Level 1:colcon.colcon_core.package_identification:_identify(src/ur10_examples) by extensions ['colcon_pkg']
[0.364s] Level 1:colcon.colcon_core.package_identification:_identify(src/ur10_examples) by extension 'colcon_pkg'
[0.364s] Level 1:colcon.colcon_core.package_identification:_identify(src/ur10_examples) by extensions ['colcon_meta']
[0.364s] Level 1:colcon.colcon_core.package_identification:_identify(src/ur10_examples) by extension 'colcon_meta'
[0.364s] Level 1:colcon.colcon_core.package_identification:_identify(src/ur10_examples) by extensions ['ros']
[0.364s] Level 1:colcon.colcon_core.package_identification:_identify(src/ur10_examples) by extension 'ros'
[0.365s] DEBUG:colcon.colcon_core.package_identification:Package 'src/ur10_examples' with type 'ros.ament_cmake' and name 'ur10_examples'
[0.365s] Level 1:colcon.colcon_core.package_identification:_identify(src/ur10_examples_py) by extensions ['ignore', 'ignore_ament_install']
[0.365s] Level 1:colcon.colcon_core.package_identification:_identify(src/ur10_examples_py) by extension 'ignore'
[0.365s] Level 1:colcon.colcon_core.package_identification:_identify(src/ur10_examples_py) by extension 'ignore_ament_install'
[0.365s] Level 1:colcon.colcon_core.package_identification:_identify(src/ur10_examples_py) by extensions ['colcon_pkg']
[0.365s] Level 1:colcon.colcon_core.package_identification:_identify(src/ur10_examples_py) by extension 'colcon_pkg'
[0.365s] Level 1:colcon.colcon_core.package_identification:_identify(src/ur10_examples_py) by extensions ['colcon_meta']
[0.365s] Level 1:colcon.colcon_core.package_identification:_identify(src/ur10_examples_py) by extension 'colcon_meta'
[0.365s] Level 1:colcon.colcon_core.package_identification:_identify(src/ur10_examples_py) by extensions ['ros']
[0.365s] Level 1:colcon.colcon_core.package_identification:_identify(src/ur10_examples_py) by extension 'ros'
[0.365s] DEBUG:colcon.colcon_core.package_identification:Package 'src/ur10_examples_py' with type 'ros.ament_python' and name 'ur10_examples_py'
[0.365s] Level 1:colcon.colcon_core.package_identification:_identify(src/ur10_moveit_config) by extensions ['ignore', 'ignore_ament_install']
[0.366s] Level 1:colcon.colcon_core.package_identification:_identify(src/ur10_moveit_config) by extension 'ignore'
[0.366s] Level 1:colcon.colcon_core.package_identification:_identify(src/ur10_moveit_config) by extension 'ignore_ament_install'
[0.366s] Level 1:colcon.colcon_core.package_identification:_identify(src/ur10_moveit_config) by extensions ['colcon_pkg']
[0.366s] Level 1:colcon.colcon_core.package_identification:_identify(src/ur10_moveit_config) by extension 'colcon_pkg'
[0.366s] Level 1:colcon.colcon_core.package_identification:_identify(src/ur10_moveit_config) by extensions ['colcon_meta']
[0.366s] Level 1:colcon.colcon_core.package_identification:_identify(src/ur10_moveit_config) by extension 'colcon_meta'
[0.366s] Level 1:colcon.colcon_core.package_identification:_identify(src/ur10_moveit_config) by extensions ['ros']
[0.366s] Level 1:colcon.colcon_core.package_identification:_identify(src/ur10_moveit_config) by extension 'ros'
[0.366s] DEBUG:colcon.colcon_core.package_identification:Package 'src/ur10_moveit_config' with type 'ros.ament_cmake' and name 'ur10_moveit_config'
[0.366s] Level 1:colcon.colcon_core.package_identification:_identify(src/ur10_perception) by extensions ['ignore', 'ignore_ament_install']
[0.366s] Level 1:colcon.colcon_core.package_identification:_identify(src/ur10_perception) by extension 'ignore'
[0.366s] Level 1:colcon.colcon_core.package_identification:_identify(src/ur10_perception) by extension 'ignore_ament_install'
[0.366s] Level 1:colcon.colcon_core.package_identification:_identify(src/ur10_perception) by extensions ['colcon_pkg']
[0.366s] Level 1:colcon.colcon_core.package_identification:_identify(src/ur10_perception) by extension 'colcon_pkg'
[0.366s] Level 1:colcon.colcon_core.package_identification:_identify(src/ur10_perception) by extensions ['colcon_meta']
[0.366s] Level 1:colcon.colcon_core.package_identification:_identify(src/ur10_perception) by extension 'colcon_meta'
[0.366s] Level 1:colcon.colcon_core.package_identification:_identify(src/ur10_perception) by extensions ['ros']
[0.366s] Level 1:colcon.colcon_core.package_identification:_identify(src/ur10_perception) by extension 'ros'
[0.367s] DEBUG:colcon.colcon_core.package_identification:Package 'src/ur10_perception' with type 'ros.ament_cmake' and name 'ur10_perception'
[0.367s] Level 1:colcon.colcon_core.package_identification:_identify(src/ur10_simulation_bringup) by extensions ['ignore', 'ignore_ament_install']
[0.367s] Level 1:colcon.colcon_core.package_identification:_identify(src/ur10_simulation_bringup) by extension 'ignore'
[0.367s] Level 1:colcon.colcon_core.package_identification:_identify(src/ur10_simulation_bringup) by extension 'ignore_ament_install'
[0.367s] Level 1:colcon.colcon_core.package_identification:_identify(src/ur10_simulation_bringup) by extensions ['colcon_pkg']
[0.367s] Level 1:colcon.colcon_core.package_identification:_identify(src/ur10_simulation_bringup) by extension 'colcon_pkg'
[0.367s] Level 1:colcon.colcon_core.package_identification:_identify(src/ur10_simulation_bringup) by extensions ['colcon_meta']
[0.367s] Level 1:colcon.colcon_core.package_identification:_identify(src/ur10_simulation_bringup) by extension 'colcon_meta'
[0.367s] Level 1:colcon.colcon_core.package_identification:_identify(src/ur10_simulation_bringup) by extensions ['ros']
[0.367s] Level 1:colcon.colcon_core.package_identification:_identify(src/ur10_simulation_bringup) by extension 'ros'
[0.368s] DEBUG:colcon.colcon_core.package_identification:Package 'src/ur10_simulation_bringup' with type 'ros.ament_cmake' and name 'ur10_simulation_bringup'
[0.368s] Level 1:colcon.colcon_core.package_discovery:discover_packages(recursive) using defaults
[0.368s] Level 1:colcon.colcon_core.package_discovery:discover_packages(ignore) discover
[0.368s] Level 1:colcon.colcon_core.package_discovery:discover_packages(ignore) using defaults
[0.368s] Level 1:colcon.colcon_core.package_discovery:discover_packages(path) discover
[0.368s] Level 1:colcon.colcon_core.package_discovery:discover_packages(path) using defaults
[0.364s] Level 1:colcon.colcon_core.package_discovery:discover_packages(colcon_meta) check parameters
[0.365s] Level 1:colcon.colcon_core.package_discovery:discover_packages(recursive) check parameters
[0.365s] Level 1:colcon.colcon_core.package_discovery:discover_packages(ignore) check parameters
[0.365s] Level 1:colcon.colcon_core.package_discovery:discover_packages(path) check parameters
[0.365s] Level 1:colcon.colcon_core.package_discovery:discover_packages(colcon_meta) discover
[0.365s] Level 1:colcon.colcon_core.package_discovery:discover_packages(recursive) discover
[0.365s] INFO:colcon.colcon_core.package_discovery:Crawling recursively for packages in '/root/ur10_ws'
[0.365s] Level 1:colcon.colcon_core.package_identification:_identify(.) by extensions ['ignore', 'ignore_ament_install']
[0.365s] Level 1:colcon.colcon_core.package_identification:_identify(.) by extension 'ignore'
[0.365s] Level 1:colcon.colcon_core.package_identification:_identify(.) by extension 'ignore_ament_install'
[0.365s] Level 1:colcon.colcon_core.package_identification:_identify(.) by extensions ['colcon_pkg']
[0.365s] Level 1:colcon.colcon_core.package_identification:_identify(.) by extension 'colcon_pkg'
[0.365s] Level 1:colcon.colcon_core.package_identification:_identify(.) by extensions ['colcon_meta']
[0.365s] Level 1:colcon.colcon_core.package_identification:_identify(.) by extension 'colcon_meta'
[0.365s] Level 1:colcon.colcon_core.package_identification:_identify(.) by extensions ['ros']
[0.365s] Level 1:colcon.colcon_core.package_identification:_identify(.) by extension 'ros'
[0.391s] INFO:colcon.colcon_core.package_selection:Skipping not selected package 'ur10_description' in 'src/ur10_description'
[0.391s] INFO:colcon.colcon_core.package_selection:Skipping not selected package 'ur10_examples' in 'src/ur10_examples'
[0.391s] INFO:colcon.colcon_core.package_selection:Skipping not selected package 'ur10_examples_py' in 'src/ur10_examples_py'
[0.391s] INFO:colcon.colcon_core.package_selection:Skipping not selected package 'ur10_moveit_config' in 'src/ur10_moveit_config'
[0.391s] INFO:colcon.colcon_core.package_selection:Skipping not selected package 'ur10_simulation_bringup' in 'src/ur10_simulation_bringup'
[0.391s] Level 1:colcon.colcon_core.package_discovery:discover_packages(prefix_path) check parameters
[0.391s] Level 1:colcon.colcon_core.package_discovery:discover_packages(prefix_path) discover
[0.393s] DEBUG:colcon.colcon_installed_package_information.package_discovery:Found 34 installed packages in /root/moveit_ws/install
[0.374s] Level 1:colcon.colcon_core.package_identification:_identify(.) by extensions ['cmake', 'python']
[0.374s] Level 1:colcon.colcon_core.package_identification:_identify(.) by extension 'cmake'
[0.374s] Level 1:colcon.colcon_core.package_identification:_identify(.) by extension 'python'
[0.374s] Level 1:colcon.colcon_core.package_identification:_identify(.) by extensions ['python_setup_py']
[0.374s] Level 1:colcon.colcon_core.package_identification:_identify(.) by extension 'python_setup_py'
[0.374s] Level 1:colcon.colcon_core.package_identification:_identify(build) by extensions ['ignore', 'ignore_ament_install']
[0.374s] Level 1:colcon.colcon_core.package_identification:_identify(build) by extension 'ignore'
[0.374s] Level 1:colcon.colcon_core.package_identification:_identify(build) ignored
[0.374s] Level 1:colcon.colcon_core.package_identification:_identify(data) by extensions ['ignore', 'ignore_ament_install']
[0.374s] Level 1:colcon.colcon_core.package_identification:_identify(data) by extension 'ignore'
[0.374s] Level 1:colcon.colcon_core.package_identification:_identify(data) by extension 'ignore_ament_install'
[0.374s] Level 1:colcon.colcon_core.package_identification:_identify(data) by extensions ['colcon_pkg']
[0.374s] Level 1:colcon.colcon_core.package_identification:_identify(data) by extension 'colcon_pkg'
[0.374s] Level 1:colcon.colcon_core.package_identification:_identify(data) by extensions ['colcon_meta']
[0.374s] Level 1:colcon.colcon_core.package_identification:_identify(data) by extension 'colcon_meta'
[0.375s] Level 1:colcon.colcon_core.package_identification:_identify(data) by extensions ['ros']
[0.375s] Level 1:colcon.colcon_core.package_identification:_identify(data) by extension 'ros'
[0.375s] Level 1:colcon.colcon_core.package_identification:_identify(data) by extensions ['cmake', 'python']
[0.375s] Level 1:colcon.colcon_core.package_identification:_identify(data) by extension 'cmake'
[0.375s] Level 1:colcon.colcon_core.package_identification:_identify(data) by extension 'python'
[0.375s] Level 1:colcon.colcon_core.package_identification:_identify(data) by extensions ['python_setup_py']
[0.375s] Level 1:colcon.colcon_core.package_identification:_identify(data) by extension 'python_setup_py'
[0.375s] Level 1:colcon.colcon_core.package_identification:_identify(install) by extensions ['ignore', 'ignore_ament_install']
[0.375s] Level 1:colcon.colcon_core.package_identification:_identify(install) by extension 'ignore'
[0.375s] Level 1:colcon.colcon_core.package_identification:_identify(install) ignored
[0.395s] DEBUG:colcon.colcon_installed_package_information.package_discovery:Found 467 installed packages in /opt/ros/humble
[0.375s] Level 1:colcon.colcon_core.package_identification:_identify(log) by extensions ['ignore', 'ignore_ament_install']
[0.375s] Level 1:colcon.colcon_core.package_identification:_identify(log) by extension 'ignore'
[0.375s] Level 1:colcon.colcon_core.package_identification:_identify(log) ignored
[0.375s] Level 1:colcon.colcon_core.package_identification:_identify(src) by extensions ['ignore', 'ignore_ament_install']
[0.375s] Level 1:colcon.colcon_core.package_identification:_identify(src) by extension 'ignore'
[0.375s] Level 1:colcon.colcon_core.package_identification:_identify(src) by extension 'ignore_ament_install'
[0.375s] Level 1:colcon.colcon_core.package_identification:_identify(src) by extensions ['colcon_pkg']
[0.375s] Level 1:colcon.colcon_core.package_identification:_identify(src) by extension 'colcon_pkg'
[0.375s] Level 1:colcon.colcon_core.package_identification:_identify(src) by extensions ['colcon_meta']
[0.375s] Level 1:colcon.colcon_core.package_identification:_identify(src) by extension 'colcon_meta'
[0.375s] Level 1:colcon.colcon_core.package_identification:_identify(src) by extensions ['ros']
[0.375s] Level 1:colcon.colcon_core.package_identification:_identify(src) by extension 'ros'
[0.375s] Level 1:colcon.colcon_core.package_identification:_identify(src) by extensions ['cmake', 'python']
[0.375s] Level 1:colcon.colcon_core.package_identification:_identify(src) by extension 'cmake'
[0.375s] Level 1:colcon.colcon_core.package_identification:_identify(src) by extension 'python'
[0.375s] Level 1:colcon.colcon_core.package_identification:_identify(src) by extensions ['python_setup_py']
[0.375s] Level 1:colcon.colcon_core.package_identification:_identify(src) by extension 'python_setup_py'
[0.375s] Level 1:colcon.colcon_core.package_identification:_identify(src/ur10_description) by extensions ['ignore', 'ignore_ament_install']
[0.375s] Level 1:colcon.colcon_core.package_identification:_identify(src/ur10_description) by extension 'ignore'
[0.375s] Level 1:colcon.colcon_core.package_identification:_identify(src/ur10_description) by extension 'ignore_ament_install'
[0.375s] Level 1:colcon.colcon_core.package_identification:_identify(src/ur10_description) by extensions ['colcon_pkg']
[0.375s] Level 1:colcon.colcon_core.package_identification:_identify(src/ur10_description) by extension 'colcon_pkg'
[0.375s] Level 1:colcon.colcon_core.package_identification:_identify(src/ur10_description) by extensions ['colcon_meta']
[0.375s] Level 1:colcon.colcon_core.package_identification:_identify(src/ur10_description) by extension 'colcon_meta'
[0.375s] Level 1:colcon.colcon_core.package_identification:_identify(src/ur10_description) by extensions ['ros']
[0.375s] Level 1:colcon.colcon_core.package_identification:_identify(src/ur10_description) by extension 'ros'
[0.396s] Level 1:colcon.colcon_core.package_discovery:discover_packages(prefix_path) using defaults
[0.377s] DEBUG:colcon.colcon_core.package_identification:Package 'src/ur10_description' with type 'ros.ament_cmake' and name 'ur10_description'
[0.377s] Level 1:colcon.colcon_core.package_identification:_identify(src/ur10_examples) by extensions ['ignore', 'ignore_ament_install']
[0.377s] Level 1:colcon.colcon_core.package_identification:_identify(src/ur10_examples) by extension 'ignore'
[0.377s] Level 1:colcon.colcon_core.package_identification:_identify(src/ur10_examples) by extension 'ignore_ament_install'
[0.377s] Level 1:colcon.colcon_core.package_identification:_identify(src/ur10_examples) by extensions ['colcon_pkg']
[0.378s] Level 1:colcon.colcon_core.package_identification:_identify(src/ur10_examples) by extension 'colcon_pkg'
[0.378s] Level 1:colcon.colcon_core.package_identification:_identify(src/ur10_examples) by extensions ['colcon_meta']
[0.378s] Level 1:colcon.colcon_core.package_identification:_identify(src/ur10_examples) by extension 'colcon_meta'
[0.378s] Level 1:colcon.colcon_core.package_identification:_identify(src/ur10_examples) by extensions ['ros']
[0.378s] Level 1:colcon.colcon_core.package_identification:_identify(src/ur10_examples) by extension 'ros'
[0.378s] DEBUG:colcon.colcon_core.package_identification:Package 'src/ur10_examples' with type 'ros.ament_cmake' and name 'ur10_examples'
[0.378s] Level 1:colcon.colcon_core.package_identification:_identify(src/ur10_examples_py) by extensions ['ignore', 'ignore_ament_install']
[0.378s] Level 1:colcon.colcon_core.package_identification:_identify(src/ur10_examples_py) by extension 'ignore'
[0.378s] Level 1:colcon.colcon_core.package_identification:_identify(src/ur10_examples_py) by extension 'ignore_ament_install'
[0.378s] Level 1:colcon.colcon_core.package_identification:_identify(src/ur10_examples_py) by extensions ['colcon_pkg']
[0.378s] Level 1:colcon.colcon_core.package_identification:_identify(src/ur10_examples_py) by extension 'colcon_pkg'
[0.378s] Level 1:colcon.colcon_core.package_identification:_identify(src/ur10_examples_py) by extensions ['colcon_meta']
[0.378s] Level 1:colcon.colcon_core.package_identification:_identify(src/ur10_examples_py) by extension 'colcon_meta'
[0.378s] Level 1:colcon.colcon_core.package_identification:_identify(src/ur10_examples_py) by extensions ['ros']
[0.378s] Level 1:colcon.colcon_core.package_identification:_identify(src/ur10_examples_py) by extension 'ros'
[0.379s] DEBUG:colcon.colcon_core.package_identification:Package 'src/ur10_examples_py' with type 'ros.ament_python' and name 'ur10_examples_py'
[0.379s] Level 1:colcon.colcon_core.package_identification:_identify(src/ur10_moveit_config) by extensions ['ignore', 'ignore_ament_install']
[0.379s] Level 1:colcon.colcon_core.package_identification:_identify(src/ur10_moveit_config) by extension 'ignore'
[0.379s] Level 1:colcon.colcon_core.package_identification:_identify(src/ur10_moveit_config) by extension 'ignore_ament_install'
[0.379s] Level 1:colcon.colcon_core.package_identification:_identify(src/ur10_moveit_config) by extensions ['colcon_pkg']
[0.379s] Level 1:colcon.colcon_core.package_identification:_identify(src/ur10_moveit_config) by extension 'colcon_pkg'
[0.379s] Level 1:colcon.colcon_core.package_identification:_identify(src/ur10_moveit_config) by extensions ['colcon_meta']
[0.379s] Level 1:colcon.colcon_core.package_identification:_identify(src/ur10_moveit_config) by extension 'colcon_meta'
[0.379s] Level 1:colcon.colcon_core.package_identification:_identify(src/ur10_moveit_config) by extensions ['ros']
[0.379s] Level 1:colcon.colcon_core.package_identification:_identify(src/ur10_moveit_config) by extension 'ros'
[0.380s] DEBUG:colcon.colcon_core.package_identification:Package 'src/ur10_moveit_config' with type 'ros.ament_cmake' and name 'ur10_moveit_config'
[0.380s] Level 1:colcon.colcon_core.package_identification:_identify(src/ur10_perception) by extensions ['ignore', 'ignore_ament_install']
[0.380s] Level 1:colcon.colcon_core.package_identification:_identify(src/ur10_perception) by extension 'ignore'
[0.380s] Level 1:colcon.colcon_core.package_identification:_identify(src/ur10_perception) by extension 'ignore_ament_install'
[0.380s] Level 1:colcon.colcon_core.package_identification:_identify(src/ur10_perception) by extensions ['colcon_pkg']
[0.380s] Level 1:colcon.colcon_core.package_identification:_identify(src/ur10_perception) by extension 'colcon_pkg'
[0.380s] Level 1:colcon.colcon_core.package_identification:_identify(src/ur10_perception) by extensions ['colcon_meta']
[0.380s] Level 1:colcon.colcon_core.package_identification:_identify(src/ur10_perception) by extension 'colcon_meta'
[0.380s] Level 1:colcon.colcon_core.package_identification:_identify(src/ur10_perception) by extensions ['ros']
[0.380s] Level 1:colcon.colcon_core.package_identification:_identify(src/ur10_perception) by extension 'ros'
[0.380s] DEBUG:colcon.colcon_core.package_identification:Package 'src/ur10_perception' with type 'ros.ament_cmake' and name 'ur10_perception'
[0.380s] Level 1:colcon.colcon_core.package_identification:_identify(src/ur10_simulation_bringup) by extensions ['ignore', 'ignore_ament_install']
[0.380s] Level 1:colcon.colcon_core.package_identification:_identify(src/ur10_simulation_bringup) by extension 'ignore'
[0.380s] Level 1:colcon.colcon_core.package_identification:_identify(src/ur10_simulation_bringup) by extension 'ignore_ament_install'
[0.380s] Level 1:colcon.colcon_core.package_identification:_identify(src/ur10_simulation_bringup) by extensions ['colcon_pkg']
[0.380s] Level 1:colcon.colcon_core.package_identification:_identify(src/ur10_simulation_bringup) by extension 'colcon_pkg'
[0.381s] Level 1:colcon.colcon_core.package_identification:_identify(src/ur10_simulation_bringup) by extensions ['colcon_meta']
[0.381s] Level 1:colcon.colcon_core.package_identification:_identify(src/ur10_simulation_bringup) by extension 'colcon_meta'
[0.381s] Level 1:colcon.colcon_core.package_identification:_identify(src/ur10_simulation_bringup) by extensions ['ros']
[0.381s] Level 1:colcon.colcon_core.package_identification:_identify(src/ur10_simulation_bringup) by extension 'ros'
[0.381s] DEBUG:colcon.colcon_core.package_identification:Package 'src/ur10_simulation_bringup' with type 'ros.ament_cmake' and name 'ur10_simulation_bringup'
[0.381s] Level 1:colcon.colcon_core.package_discovery:discover_packages(recursive) using defaults
[0.381s] Level 1:colcon.colcon_core.package_discovery:discover_packages(ignore) discover
[0.381s] Level 1:colcon.colcon_core.package_discovery:discover_packages(ignore) using defaults
[0.381s] Level 1:colcon.colcon_core.package_discovery:discover_packages(path) discover
[0.381s] Level 1:colcon.colcon_core.package_discovery:discover_packages(path) using defaults
[0.403s] INFO:colcon.colcon_core.package_selection:Skipping not selected package 'ur10_description' in 'src/ur10_description'
[0.403s] INFO:colcon.colcon_core.package_selection:Skipping not selected package 'ur10_examples' in 'src/ur10_examples'
[0.403s] INFO:colcon.colcon_core.package_selection:Skipping not selected package 'ur10_perception' in 'src/ur10_perception'
[0.403s] INFO:colcon.colcon_core.package_selection:Skipping not selected package 'ur10_moveit_config' in 'src/ur10_moveit_config'
[0.403s] INFO:colcon.colcon_core.package_selection:Skipping not selected package 'ur10_simulation_bringup' in 'src/ur10_simulation_bringup'
[0.403s] Level 1:colcon.colcon_core.package_discovery:discover_packages(prefix_path) check parameters
[0.403s] Level 1:colcon.colcon_core.package_discovery:discover_packages(prefix_path) discover
[0.404s] DEBUG:colcon.colcon_installed_package_information.package_discovery:Found 34 installed packages in /root/moveit_ws/install
[0.406s] DEBUG:colcon.colcon_installed_package_information.package_discovery:Found 467 installed packages in /opt/ros/humble
[0.407s] Level 1:colcon.colcon_core.package_discovery:discover_packages(prefix_path) using defaults
[0.432s] Level 5:colcon.colcon_core.verb:set package 'ur10_perception' build argument 'cmake_args' from command line to 'None'
[0.432s] Level 5:colcon.colcon_core.verb:set package 'ur10_perception' build argument 'cmake_target' from command line to 'None'
[0.432s] Level 5:colcon.colcon_core.verb:set package 'ur10_perception' build argument 'cmake_target_skip_unavailable' from command line to 'False'
[0.432s] Level 5:colcon.colcon_core.verb:set package 'ur10_perception' build argument 'cmake_clean_cache' from command line to 'False'
[0.432s] Level 5:colcon.colcon_core.verb:set package 'ur10_perception' build argument 'cmake_clean_first' from command line to 'False'
[0.432s] Level 5:colcon.colcon_core.verb:set package 'ur10_perception' build argument 'cmake_force_configure' from command line to 'False'
[0.432s] Level 5:colcon.colcon_core.verb:set package 'ur10_perception' build argument 'ament_cmake_args' from command line to 'None'
[0.432s] Level 5:colcon.colcon_core.verb:set package 'ur10_perception' build argument 'catkin_cmake_args' from command line to 'None'
[0.432s] Level 5:colcon.colcon_core.verb:set package 'ur10_perception' build argument 'catkin_skip_building_tests' from command line to 'False'
[0.432s] DEBUG:colcon.colcon_core.verb:Building package 'ur10_perception' with the following arguments: {'ament_cmake_args': None, 'build_base': '/root/ur10_ws/build/ur10_perception', 'catkin_cmake_args': None, 'catkin_skip_building_tests': False, 'cmake_args': None, 'cmake_clean_cache': False, 'cmake_clean_first': False, 'cmake_force_configure': False, 'cmake_target': None, 'cmake_target_skip_unavailable': False, 'install_base': '/root/ur10_ws/install/ur10_perception', 'merge_install': False, 'path': '/root/ur10_ws/src/ur10_perception', 'symlink_install': True, 'test_result_base': None}
[0.432s] INFO:colcon.colcon_core.executor:Executing jobs using 'parallel' executor
[0.433s] DEBUG:colcon.colcon_parallel_executor.executor.parallel:run_until_complete
[0.433s] INFO:colcon.colcon_ros.task.ament_cmake.build:Building ROS package in '/root/ur10_ws/src/ur10_perception' with build type 'ament_cmake'
[0.433s] INFO:colcon.colcon_cmake.task.cmake.build:Building CMake package in '/root/ur10_ws/src/ur10_perception'
[0.435s] INFO:colcon.colcon_core.plugin_system:Skipping extension 'colcon_core.shell.bat': Not used on non-Windows systems
[0.435s] INFO:colcon.colcon_core.shell:Skip shell extension 'powershell' for command environment: Not usable outside of PowerShell
[0.435s] DEBUG:colcon.colcon_core.shell:Skip shell extension 'dsv' for command environment
[0.441s] DEBUG:colcon.colcon_core.event_handler.log_command:Invoking command in '/root/ur10_ws/build/ur10_perception': /usr/bin/cmake /root/ur10_ws/src/ur10_perception -DAMENT_CMAKE_SYMLINK_INSTALL=1 -DCMAKE_INSTALL_PREFIX=/root/ur10_ws/install/ur10_perception
[0.445s] Level 5:colcon.colcon_core.verb:set package 'ur10_examples_py' build argument 'cmake_args' from command line to 'None'
[0.445s] Level 5:colcon.colcon_core.verb:set package 'ur10_examples_py' build argument 'cmake_target' from command line to 'None'
[0.445s] Level 5:colcon.colcon_core.verb:set package 'ur10_examples_py' build argument 'cmake_target_skip_unavailable' from command line to 'False'
[0.445s] Level 5:colcon.colcon_core.verb:set package 'ur10_examples_py' build argument 'cmake_clean_cache' from command line to 'False'
[0.445s] Level 5:colcon.colcon_core.verb:set package 'ur10_examples_py' build argument 'cmake_clean_first' from command line to 'False'
[0.445s] Level 5:colcon.colcon_core.verb:set package 'ur10_examples_py' build argument 'cmake_force_configure' from command line to 'False'
[0.445s] Level 5:colcon.colcon_core.verb:set package 'ur10_examples_py' build argument 'ament_cmake_args' from command line to 'None'
[0.445s] Level 5:colcon.colcon_core.verb:set package 'ur10_examples_py' build argument 'catkin_cmake_args' from command line to 'None'
[0.445s] Level 5:colcon.colcon_core.verb:set package 'ur10_examples_py' build argument 'catkin_skip_building_tests' from command line to 'False'
[0.445s] DEBUG:colcon.colcon_core.verb:Building package 'ur10_examples_py' with the following arguments: {'ament_cmake_args': None, 'build_base': '/root/ur10_ws/build/ur10_examples_py', 'catkin_cmake_args': None, 'catkin_skip_building_tests': False, 'cmake_args': None, 'cmake_clean_cache': False, 'cmake_clean_first': False, 'cmake_force_configure': False, 'cmake_target': None, 'cmake_target_skip_unavailable': False, 'install_base': '/root/ur10_ws/install/ur10_examples_py', 'merge_install': False, 'path': '/root/ur10_ws/src/ur10_examples_py', 'symlink_install': True, 'test_result_base': None}
[0.446s] INFO:colcon.colcon_core.executor:Executing jobs using 'parallel' executor
[0.446s] DEBUG:colcon.colcon_parallel_executor.executor.parallel:run_until_complete
[0.447s] INFO:colcon.colcon_ros.task.ament_python.build:Building ROS package in '/root/ur10_ws/src/ur10_examples_py' with build type 'ament_python'
[0.447s] Level 1:colcon.colcon_core.shell:create_environment_hook('ur10_examples_py', 'ament_prefix_path')
[0.448s] INFO:colcon.colcon_core.plugin_system:Skipping extension 'colcon_core.shell.bat': Not used on non-Windows systems
[0.448s] INFO:colcon.colcon_core.shell:Creating environment hook '/root/ur10_ws/install/ur10_examples_py/share/ur10_examples_py/hook/ament_prefix_path.ps1'
[0.449s] INFO:colcon.colcon_core.shell:Creating environment descriptor '/root/ur10_ws/install/ur10_examples_py/share/ur10_examples_py/hook/ament_prefix_path.dsv'
[0.449s] INFO:colcon.colcon_core.shell:Creating environment hook '/root/ur10_ws/install/ur10_examples_py/share/ur10_examples_py/hook/ament_prefix_path.sh'
[0.450s] INFO:colcon.colcon_core.shell:Skip shell extension 'powershell' for command environment: Not usable outside of PowerShell
[0.450s] DEBUG:colcon.colcon_core.shell:Skip shell extension 'dsv' for command environment
[0.454s] ERROR:colcon.colcon_ros.task.ament_python.build:Failed to find the following files:
- /root/ur10_ws/install/ur10_perception/share/ur10_perception/package.sh
Check that the following packages have been built:
- ur10_perception
[0.455s] DEBUG:colcon.colcon_parallel_executor.executor.parallel:closing loop
[0.455s] DEBUG:colcon.colcon_parallel_executor.executor.parallel:loop closed
[0.455s] DEBUG:colcon.colcon_parallel_executor.executor.parallel:run_until_complete finished with '1'
[0.455s] DEBUG:colcon.colcon_core.event_reactor:joining thread
[0.622s] INFO:colcon.colcon_core.plugin_system:Skipping extension 'colcon_notification.desktop_notification.notify_send': Could not find 'notify-send'
[0.622s] INFO:colcon.colcon_core.plugin_system:Skipping extension 'colcon_notification.desktop_notification.terminal_notifier': Not used on non-Darwin systems
[0.623s] INFO:colcon.colcon_core.plugin_system:Skipping extension 'colcon_notification.desktop_notification.win32': Not used on non-Windows systems
[0.623s] INFO:colcon.colcon_notification.desktop_notification:Sending desktop notification using 'notify2'
[0.623s] DEBUG:colcon.colcon_notification.desktop_notification.notify2:Failed to initialize notify2: org.freedesktop.DBus.Error.FileNotFound: Failed to connect to socket /run/user/0/bus: No such file or directory
[0.624s] DEBUG:colcon.colcon_core.event_reactor:joined thread
[0.624s] INFO:colcon.colcon_core.shell:Creating prefix script '/root/ur10_ws/install/local_setup.ps1'
[0.626s] INFO:colcon.colcon_core.shell:Creating prefix util module '/root/ur10_ws/install/_local_setup_util_ps1.py'
[0.628s] INFO:colcon.colcon_core.shell:Creating prefix chain script '/root/ur10_ws/install/setup.ps1'
[0.630s] INFO:colcon.colcon_core.shell:Creating prefix script '/root/ur10_ws/install/local_setup.sh'
[0.630s] INFO:colcon.colcon_core.shell:Creating prefix util module '/root/ur10_ws/install/_local_setup_util_sh.py'
[0.631s] INFO:colcon.colcon_core.shell:Creating prefix chain script '/root/ur10_ws/install/setup.sh'
[0.632s] INFO:colcon.colcon_core.shell:Creating prefix script '/root/ur10_ws/install/local_setup.bash'
[0.632s] INFO:colcon.colcon_core.shell:Creating prefix chain script '/root/ur10_ws/install/setup.bash'
[0.633s] INFO:colcon.colcon_core.shell:Creating prefix script '/root/ur10_ws/install/local_setup.zsh'
[0.633s] INFO:colcon.colcon_core.shell:Creating prefix chain script '/root/ur10_ws/install/setup.zsh'
[103.825s] DEBUG:colcon.colcon_core.event_handler.log_command:Invoked command in '/root/ur10_ws/build/ur10_perception' returned '0': /usr/bin/cmake /root/ur10_ws/src/ur10_perception -DAMENT_CMAKE_SYMLINK_INSTALL=1 -DCMAKE_INSTALL_PREFIX=/root/ur10_ws/install/ur10_perception
[103.828s] DEBUG:colcon.colcon_core.event_handler.log_command:Invoking command in '/root/ur10_ws/build/ur10_perception': /usr/bin/cmake --build /root/ur10_ws/build/ur10_perception -- -j4 -l4
[115.025s] DEBUG:colcon.colcon_core.event_handler.log_command:Invoked command in '/root/ur10_ws/build/ur10_perception' returned '0': /usr/bin/cmake --build /root/ur10_ws/build/ur10_perception -- -j4 -l4
[115.035s] DEBUG:colcon.colcon_core.event_handler.log_command:Invoking command in '/root/ur10_ws/build/ur10_perception': /usr/bin/cmake --install /root/ur10_ws/build/ur10_perception
[115.209s] Level 1:colcon.colcon_core.environment:create_environment_scripts_only(ur10_perception)
[115.210s] DEBUG:colcon.colcon_core.event_handler.log_command:Invoked command in '/root/ur10_ws/build/ur10_perception' returned '0': /usr/bin/cmake --install /root/ur10_ws/build/ur10_perception
[115.213s] Level 1:colcon.colcon_core.environment:checking '/root/ur10_ws/install/ur10_perception' for CMake module files
[115.213s] Level 1:colcon.colcon_core.environment:checking '/root/ur10_ws/install/ur10_perception' for CMake config files
[115.213s] Level 1:colcon.colcon_core.shell:create_environment_hook('ur10_perception', 'cmake_prefix_path')
[115.214s] INFO:colcon.colcon_core.shell:Creating environment hook '/root/ur10_ws/install/ur10_perception/share/ur10_perception/hook/cmake_prefix_path.ps1'
[115.215s] INFO:colcon.colcon_core.shell:Creating environment descriptor '/root/ur10_ws/install/ur10_perception/share/ur10_perception/hook/cmake_prefix_path.dsv'
[115.215s] INFO:colcon.colcon_core.shell:Creating environment hook '/root/ur10_ws/install/ur10_perception/share/ur10_perception/hook/cmake_prefix_path.sh'
[115.216s] Level 1:colcon.colcon_core.environment:checking '/root/ur10_ws/install/ur10_perception/lib'
[115.216s] Level 1:colcon.colcon_core.environment:checking '/root/ur10_ws/install/ur10_perception/bin'
[115.216s] Level 1:colcon.colcon_core.environment:checking '/root/ur10_ws/install/ur10_perception/lib/pkgconfig/ur10_perception.pc'
[115.217s] Level 1:colcon.colcon_core.environment:checking '/root/ur10_ws/install/ur10_perception/lib/python3.10/site-packages'
[115.217s] Level 1:colcon.colcon_core.environment:checking '/root/ur10_ws/install/ur10_perception/bin'
[115.217s] INFO:colcon.colcon_core.shell:Creating package script '/root/ur10_ws/install/ur10_perception/share/ur10_perception/package.ps1'
[115.219s] INFO:colcon.colcon_core.shell:Creating package descriptor '/root/ur10_ws/install/ur10_perception/share/ur10_perception/package.dsv'
[115.219s] INFO:colcon.colcon_core.shell:Creating package script '/root/ur10_ws/install/ur10_perception/share/ur10_perception/package.sh'
[115.220s] INFO:colcon.colcon_core.shell:Creating package script '/root/ur10_ws/install/ur10_perception/share/ur10_perception/package.bash'
[115.220s] INFO:colcon.colcon_core.shell:Creating package script '/root/ur10_ws/install/ur10_perception/share/ur10_perception/package.zsh'
[115.221s] Level 1:colcon.colcon_core.environment:create_file_with_runtime_dependencies(/root/ur10_ws/install/ur10_perception/share/colcon-core/packages/ur10_perception)
[115.222s] Level 1:colcon.colcon_core.environment:create_environment_scripts_only(ur10_perception)
[115.222s] Level 1:colcon.colcon_core.environment:checking '/root/ur10_ws/install/ur10_perception' for CMake module files
[115.222s] Level 1:colcon.colcon_core.environment:checking '/root/ur10_ws/install/ur10_perception' for CMake config files
[115.223s] Level 1:colcon.colcon_core.shell:create_environment_hook('ur10_perception', 'cmake_prefix_path')
[115.223s] INFO:colcon.colcon_core.shell:Creating environment hook '/root/ur10_ws/install/ur10_perception/share/ur10_perception/hook/cmake_prefix_path.ps1'
[115.223s] INFO:colcon.colcon_core.shell:Creating environment descriptor '/root/ur10_ws/install/ur10_perception/share/ur10_perception/hook/cmake_prefix_path.dsv'
[115.224s] INFO:colcon.colcon_core.shell:Creating environment hook '/root/ur10_ws/install/ur10_perception/share/ur10_perception/hook/cmake_prefix_path.sh'
[115.224s] Level 1:colcon.colcon_core.environment:checking '/root/ur10_ws/install/ur10_perception/lib'
[115.224s] Level 1:colcon.colcon_core.environment:checking '/root/ur10_ws/install/ur10_perception/bin'
[115.224s] Level 1:colcon.colcon_core.environment:checking '/root/ur10_ws/install/ur10_perception/lib/pkgconfig/ur10_perception.pc'
[115.224s] Level 1:colcon.colcon_core.environment:checking '/root/ur10_ws/install/ur10_perception/lib/python3.10/site-packages'
[115.224s] Level 1:colcon.colcon_core.environment:checking '/root/ur10_ws/install/ur10_perception/bin'
[115.225s] INFO:colcon.colcon_core.shell:Creating package script '/root/ur10_ws/install/ur10_perception/share/ur10_perception/package.ps1'
[115.225s] INFO:colcon.colcon_core.shell:Creating package descriptor '/root/ur10_ws/install/ur10_perception/share/ur10_perception/package.dsv'
[115.225s] INFO:colcon.colcon_core.shell:Creating package script '/root/ur10_ws/install/ur10_perception/share/ur10_perception/package.sh'
[115.225s] INFO:colcon.colcon_core.shell:Creating package script '/root/ur10_ws/install/ur10_perception/share/ur10_perception/package.bash'
[115.225s] INFO:colcon.colcon_core.shell:Creating package script '/root/ur10_ws/install/ur10_perception/share/ur10_perception/package.zsh'
[115.226s] Level 1:colcon.colcon_core.environment:create_file_with_runtime_dependencies(/root/ur10_ws/install/ur10_perception/share/colcon-core/packages/ur10_perception)
[115.226s] DEBUG:colcon.colcon_parallel_executor.executor.parallel:closing loop
[115.226s] DEBUG:colcon.colcon_parallel_executor.executor.parallel:loop closed
[115.226s] DEBUG:colcon.colcon_parallel_executor.executor.parallel:run_until_complete finished with '0'
[115.226s] DEBUG:colcon.colcon_core.event_reactor:joining thread
[115.398s] INFO:colcon.colcon_core.plugin_system:Skipping extension 'colcon_notification.desktop_notification.notify_send': Could not find 'notify-send'
[115.398s] INFO:colcon.colcon_core.plugin_system:Skipping extension 'colcon_notification.desktop_notification.terminal_notifier': Not used on non-Darwin systems
[115.399s] INFO:colcon.colcon_core.plugin_system:Skipping extension 'colcon_notification.desktop_notification.win32': Not used on non-Windows systems
[115.399s] INFO:colcon.colcon_notification.desktop_notification:Sending desktop notification using 'notify2'
[115.399s] DEBUG:colcon.colcon_notification.desktop_notification.notify2:Failed to initialize notify2: org.freedesktop.DBus.Error.FileNotFound: Failed to connect to socket /run/user/0/bus: No such file or directory
[115.399s] DEBUG:colcon.colcon_core.event_reactor:joined thread
[115.400s] INFO:colcon.colcon_core.shell:Creating prefix script '/root/ur10_ws/install/local_setup.ps1'
[115.402s] INFO:colcon.colcon_core.shell:Creating prefix util module '/root/ur10_ws/install/_local_setup_util_ps1.py'
[115.402s] INFO:colcon.colcon_core.shell:Creating prefix chain script '/root/ur10_ws/install/setup.ps1'
[115.403s] INFO:colcon.colcon_core.shell:Creating prefix script '/root/ur10_ws/install/local_setup.sh'
[115.403s] INFO:colcon.colcon_core.shell:Creating prefix util module '/root/ur10_ws/install/_local_setup_util_sh.py'
[115.404s] INFO:colcon.colcon_core.shell:Creating prefix chain script '/root/ur10_ws/install/setup.sh'
[115.405s] INFO:colcon.colcon_core.shell:Creating prefix script '/root/ur10_ws/install/local_setup.bash'
[115.405s] INFO:colcon.colcon_core.shell:Creating prefix chain script '/root/ur10_ws/install/setup.bash'
[115.406s] INFO:colcon.colcon_core.shell:Creating prefix script '/root/ur10_ws/install/local_setup.zsh'
[115.406s] INFO:colcon.colcon_core.shell:Creating prefix chain script '/root/ur10_ws/install/setup.zsh'
