[0.358s] DEBUG:colcon:Command line arguments: ['/usr/bin/colcon', 'build', '--packages-select', 'ur10_examples', '--base-paths', '/root/ur10_ws/src', '--allow-overriding', 'ur10_examples']
[0.358s] DEBUG:colcon:Parsed command line arguments: Namespace(log_base=None, log_level=None, verb_name='build', build_base='build', install_base='install', merge_install=False, symlink_install=False, test_result_base=None, continue_on_error=False, executor='parallel', parallel_workers=4, event_handlers=None, ignore_user_meta=False, metas=['./colcon.meta'], base_paths=['/root/ur10_ws/src'], packages_ignore=None, packages_ignore_regex=None, paths=None, packages_up_to=None, packages_up_to_regex=None, packages_above=None, packages_above_and_dependencies=None, packages_above_depth=None, packages_select_by_dep=None, packages_skip_by_dep=None, packages_skip_up_to=None, packages_select_build_failed=False, packages_skip_build_finished=False, packages_select_test_failures=False, packages_skip_test_passed=False, packages_select=['ur10_examples'], packages_skip=None, packages_select_regex=None, packages_skip_regex=None, packages_start=None, packages_end=None, allow_overriding=['ur10_examples'], cmake_args=None, cmake_target=None, cmake_target_skip_unavailable=False, cmake_clean_cache=False, cmake_clean_first=False, cmake_force_configure=False, ament_cmake_args=None, catkin_cmake_args=None, catkin_skip_building_tests=False, verb_parser=<colcon_defaults.argument_parser.defaults.DefaultArgumentsDecorator object at 0x7a1b51151540>, verb_extension=<colcon_core.verb.build.BuildVerb object at 0x7a1b51243040>, main=<bound method BuildVerb.main of <colcon_core.verb.build.BuildVerb object at 0x7a1b51243040>>)
[0.508s] Level 1:colcon.colcon_core.package_discovery:discover_packages(colcon_meta) check parameters
[0.508s] Level 1:colcon.colcon_core.package_discovery:discover_packages(recursive) check parameters
[0.508s] Level 1:colcon.colcon_core.package_discovery:discover_packages(ignore) check parameters
[0.508s] Level 1:colcon.colcon_core.package_discovery:discover_packages(path) check parameters
[0.508s] Level 1:colcon.colcon_core.package_discovery:discover_packages(recursive) discover
[0.508s] INFO:colcon.colcon_core.package_discovery:Crawling recursively for packages in '/root/ur10_ws/src'
[0.508s] Level 1:colcon.colcon_core.package_identification:_identify(/root/ur10_ws/src) by extensions ['ignore', 'ignore_ament_install']
[0.509s] Level 1:colcon.colcon_core.package_identification:_identify(/root/ur10_ws/src) by extension 'ignore'
[0.509s] Level 1:colcon.colcon_core.package_identification:_identify(/root/ur10_ws/src) by extension 'ignore_ament_install'
[0.509s] Level 1:colcon.colcon_core.package_identification:_identify(/root/ur10_ws/src) by extensions ['colcon_pkg']
[0.509s] Level 1:colcon.colcon_core.package_identification:_identify(/root/ur10_ws/src) by extension 'colcon_pkg'
[0.509s] Level 1:colcon.colcon_core.package_identification:_identify(/root/ur10_ws/src) by extensions ['colcon_meta']
[0.509s] Level 1:colcon.colcon_core.package_identification:_identify(/root/ur10_ws/src) by extension 'colcon_meta'
[0.509s] Level 1:colcon.colcon_core.package_identification:_identify(/root/ur10_ws/src) by extensions ['ros']
[0.509s] Level 1:colcon.colcon_core.package_identification:_identify(/root/ur10_ws/src) by extension 'ros'
[0.517s] Level 1:colcon.colcon_core.package_identification:_identify(/root/ur10_ws/src) by extensions ['cmake', 'python']
[0.517s] Level 1:colcon.colcon_core.package_identification:_identify(/root/ur10_ws/src) by extension 'cmake'
[0.517s] Level 1:colcon.colcon_core.package_identification:_identify(/root/ur10_ws/src) by extension 'python'
[0.517s] Level 1:colcon.colcon_core.package_identification:_identify(/root/ur10_ws/src) by extensions ['python_setup_py']
[0.517s] Level 1:colcon.colcon_core.package_identification:_identify(/root/ur10_ws/src) by extension 'python_setup_py'
[0.517s] Level 1:colcon.colcon_core.package_identification:_identify(/root/ur10_ws/src/ur10_description) by extensions ['ignore', 'ignore_ament_install']
[0.517s] Level 1:colcon.colcon_core.package_identification:_identify(/root/ur10_ws/src/ur10_description) by extension 'ignore'
[0.517s] Level 1:colcon.colcon_core.package_identification:_identify(/root/ur10_ws/src/ur10_description) by extension 'ignore_ament_install'
[0.517s] Level 1:colcon.colcon_core.package_identification:_identify(/root/ur10_ws/src/ur10_description) by extensions ['colcon_pkg']
[0.517s] Level 1:colcon.colcon_core.package_identification:_identify(/root/ur10_ws/src/ur10_description) by extension 'colcon_pkg'
[0.517s] Level 1:colcon.colcon_core.package_identification:_identify(/root/ur10_ws/src/ur10_description) by extensions ['colcon_meta']
[0.517s] Level 1:colcon.colcon_core.package_identification:_identify(/root/ur10_ws/src/ur10_description) by extension 'colcon_meta'
[0.517s] Level 1:colcon.colcon_core.package_identification:_identify(/root/ur10_ws/src/ur10_description) by extensions ['ros']
[0.517s] Level 1:colcon.colcon_core.package_identification:_identify(/root/ur10_ws/src/ur10_description) by extension 'ros'
[0.519s] DEBUG:colcon.colcon_core.package_identification:Package '/root/ur10_ws/src/ur10_description' with type 'ros.ament_cmake' and name 'ur10_description'
[0.519s] Level 1:colcon.colcon_core.package_identification:_identify(/root/ur10_ws/src/ur10_examples) by extensions ['ignore', 'ignore_ament_install']
[0.519s] Level 1:colcon.colcon_core.package_identification:_identify(/root/ur10_ws/src/ur10_examples) by extension 'ignore'
[0.519s] Level 1:colcon.colcon_core.package_identification:_identify(/root/ur10_ws/src/ur10_examples) by extension 'ignore_ament_install'
[0.519s] Level 1:colcon.colcon_core.package_identification:_identify(/root/ur10_ws/src/ur10_examples) by extensions ['colcon_pkg']
[0.519s] Level 1:colcon.colcon_core.package_identification:_identify(/root/ur10_ws/src/ur10_examples) by extension 'colcon_pkg'
[0.519s] Level 1:colcon.colcon_core.package_identification:_identify(/root/ur10_ws/src/ur10_examples) by extensions ['colcon_meta']
[0.519s] Level 1:colcon.colcon_core.package_identification:_identify(/root/ur10_ws/src/ur10_examples) by extension 'colcon_meta'
[0.519s] Level 1:colcon.colcon_core.package_identification:_identify(/root/ur10_ws/src/ur10_examples) by extensions ['ros']
[0.519s] Level 1:colcon.colcon_core.package_identification:_identify(/root/ur10_ws/src/ur10_examples) by extension 'ros'
[0.520s] DEBUG:colcon.colcon_core.package_identification:Package '/root/ur10_ws/src/ur10_examples' with type 'ros.ament_cmake' and name 'ur10_examples'
[0.520s] Level 1:colcon.colcon_core.package_identification:_identify(/root/ur10_ws/src/ur10_examples_py) by extensions ['ignore', 'ignore_ament_install']
[0.520s] Level 1:colcon.colcon_core.package_identification:_identify(/root/ur10_ws/src/ur10_examples_py) by extension 'ignore'
[0.520s] Level 1:colcon.colcon_core.package_identification:_identify(/root/ur10_ws/src/ur10_examples_py) by extension 'ignore_ament_install'
[0.520s] Level 1:colcon.colcon_core.package_identification:_identify(/root/ur10_ws/src/ur10_examples_py) by extensions ['colcon_pkg']
[0.520s] Level 1:colcon.colcon_core.package_identification:_identify(/root/ur10_ws/src/ur10_examples_py) by extension 'colcon_pkg'
[0.520s] Level 1:colcon.colcon_core.package_identification:_identify(/root/ur10_ws/src/ur10_examples_py) by extensions ['colcon_meta']
[0.520s] Level 1:colcon.colcon_core.package_identification:_identify(/root/ur10_ws/src/ur10_examples_py) by extension 'colcon_meta'
[0.520s] Level 1:colcon.colcon_core.package_identification:_identify(/root/ur10_ws/src/ur10_examples_py) by extensions ['ros']
[0.520s] Level 1:colcon.colcon_core.package_identification:_identify(/root/ur10_ws/src/ur10_examples_py) by extension 'ros'
[0.520s] DEBUG:colcon.colcon_core.package_identification:Package '/root/ur10_ws/src/ur10_examples_py' with type 'ros.ament_python' and name 'ur10_examples_py'
[0.521s] Level 1:colcon.colcon_core.package_identification:_identify(/root/ur10_ws/src/ur10_moveit_config) by extensions ['ignore', 'ignore_ament_install']
[0.521s] Level 1:colcon.colcon_core.package_identification:_identify(/root/ur10_ws/src/ur10_moveit_config) by extension 'ignore'
[0.521s] Level 1:colcon.colcon_core.package_identification:_identify(/root/ur10_ws/src/ur10_moveit_config) by extension 'ignore_ament_install'
[0.521s] Level 1:colcon.colcon_core.package_identification:_identify(/root/ur10_ws/src/ur10_moveit_config) by extensions ['colcon_pkg']
[0.521s] Level 1:colcon.colcon_core.package_identification:_identify(/root/ur10_ws/src/ur10_moveit_config) by extension 'colcon_pkg'
[0.521s] Level 1:colcon.colcon_core.package_identification:_identify(/root/ur10_ws/src/ur10_moveit_config) by extensions ['colcon_meta']
[0.521s] Level 1:colcon.colcon_core.package_identification:_identify(/root/ur10_ws/src/ur10_moveit_config) by extension 'colcon_meta'
[0.521s] Level 1:colcon.colcon_core.package_identification:_identify(/root/ur10_ws/src/ur10_moveit_config) by extensions ['ros']
[0.521s] Level 1:colcon.colcon_core.package_identification:_identify(/root/ur10_ws/src/ur10_moveit_config) by extension 'ros'
[0.521s] DEBUG:colcon.colcon_core.package_identification:Package '/root/ur10_ws/src/ur10_moveit_config' with type 'ros.ament_cmake' and name 'ur10_moveit_config'
[0.521s] Level 1:colcon.colcon_core.package_identification:_identify(/root/ur10_ws/src/ur10_perception) by extensions ['ignore', 'ignore_ament_install']
[0.521s] Level 1:colcon.colcon_core.package_identification:_identify(/root/ur10_ws/src/ur10_perception) by extension 'ignore'
[0.521s] Level 1:colcon.colcon_core.package_identification:_identify(/root/ur10_ws/src/ur10_perception) by extension 'ignore_ament_install'
[0.521s] Level 1:colcon.colcon_core.package_identification:_identify(/root/ur10_ws/src/ur10_perception) by extensions ['colcon_pkg']
[0.521s] Level 1:colcon.colcon_core.package_identification:_identify(/root/ur10_ws/src/ur10_perception) by extension 'colcon_pkg'
[0.521s] Level 1:colcon.colcon_core.package_identification:_identify(/root/ur10_ws/src/ur10_perception) by extensions ['colcon_meta']
[0.521s] Level 1:colcon.colcon_core.package_identification:_identify(/root/ur10_ws/src/ur10_perception) by extension 'colcon_meta'
[0.521s] Level 1:colcon.colcon_core.package_identification:_identify(/root/ur10_ws/src/ur10_perception) by extensions ['ros']
[0.521s] Level 1:colcon.colcon_core.package_identification:_identify(/root/ur10_ws/src/ur10_perception) by extension 'ros'
[0.522s] DEBUG:colcon.colcon_core.package_identification:Package '/root/ur10_ws/src/ur10_perception' with type 'ros.ament_cmake' and name 'ur10_perception'
[0.522s] Level 1:colcon.colcon_core.package_identification:_identify(/root/ur10_ws/src/ur10_simulation_bringup) by extensions ['ignore', 'ignore_ament_install']
[0.522s] Level 1:colcon.colcon_core.package_identification:_identify(/root/ur10_ws/src/ur10_simulation_bringup) by extension 'ignore'
[0.522s] Level 1:colcon.colcon_core.package_identification:_identify(/root/ur10_ws/src/ur10_simulation_bringup) by extension 'ignore_ament_install'
[0.522s] Level 1:colcon.colcon_core.package_identification:_identify(/root/ur10_ws/src/ur10_simulation_bringup) by extensions ['colcon_pkg']
[0.522s] Level 1:colcon.colcon_core.package_identification:_identify(/root/ur10_ws/src/ur10_simulation_bringup) by extension 'colcon_pkg'
[0.522s] Level 1:colcon.colcon_core.package_identification:_identify(/root/ur10_ws/src/ur10_simulation_bringup) by extensions ['colcon_meta']
[0.522s] Level 1:colcon.colcon_core.package_identification:_identify(/root/ur10_ws/src/ur10_simulation_bringup) by extension 'colcon_meta'
[0.522s] Level 1:colcon.colcon_core.package_identification:_identify(/root/ur10_ws/src/ur10_simulation_bringup) by extensions ['ros']
[0.522s] Level 1:colcon.colcon_core.package_identification:_identify(/root/ur10_ws/src/ur10_simulation_bringup) by extension 'ros'
[0.523s] DEBUG:colcon.colcon_core.package_identification:Package '/root/ur10_ws/src/ur10_simulation_bringup' with type 'ros.ament_cmake' and name 'ur10_simulation_bringup'
[0.523s] Level 1:colcon.colcon_core.package_discovery:discover_packages(recursive) using defaults
[0.549s] INFO:colcon.colcon_core.package_selection:Skipping not selected package 'ur10_description' in '/root/ur10_ws/src/ur10_description'
[0.549s] INFO:colcon.colcon_core.package_selection:Skipping not selected package 'ur10_perception' in '/root/ur10_ws/src/ur10_perception'
[0.549s] INFO:colcon.colcon_core.package_selection:Skipping not selected package 'ur10_examples_py' in '/root/ur10_ws/src/ur10_examples_py'
[0.549s] INFO:colcon.colcon_core.package_selection:Skipping not selected package 'ur10_moveit_config' in '/root/ur10_ws/src/ur10_moveit_config'
[0.549s] INFO:colcon.colcon_core.package_selection:Skipping not selected package 'ur10_simulation_bringup' in '/root/ur10_ws/src/ur10_simulation_bringup'
[0.550s] Level 1:colcon.colcon_core.package_discovery:discover_packages(prefix_path) check parameters
[0.550s] Level 1:colcon.colcon_core.package_discovery:discover_packages(prefix_path) discover
[0.551s] ERROR:colcon.colcon_core.prefix_path:Exception in prefix path extension 'ament': [Errno 20] Not a directory: '/root/ur10_ws/install/COLCON_IGNORE'
Traceback (most recent call last):
  File "/usr/lib/python3/dist-packages/colcon_core/prefix_path/__init__.py", line 78, in get_chained_prefix_path
    retval = extension.extend_prefix_path(chained_prefix_path)
  File "/usr/lib/python3/dist-packages/colcon_ros/prefix_path/ament.py", line 40, in extend_prefix_path
    for filename in os.listdir(path):
NotADirectoryError: [Errno 20] Not a directory: '/root/ur10_ws/install/COLCON_IGNORE'

[0.553s] DEBUG:colcon.colcon_installed_package_information.package_discovery:Found 1 installed packages in /root/ur10_ws/install/ur10_description
[0.553s] DEBUG:colcon.colcon_installed_package_information.package_discovery:Found 1 installed packages in /root/ur10_ws/install/ur10_examples
[0.553s] DEBUG:colcon.colcon_installed_package_information.package_discovery:Found 1 installed packages in /root/ur10_ws/install/ur10_examples_py
[0.553s] DEBUG:colcon.colcon_installed_package_information.package_discovery:Found 1 installed packages in /root/ur10_ws/install/ur10_moveit_config
[0.554s] DEBUG:colcon.colcon_installed_package_information.package_discovery:Found 1 installed packages in /root/ur10_ws/install/ur10_perception
[0.554s] DEBUG:colcon.colcon_installed_package_information.package_discovery:Found 1 installed packages in /root/ur10_ws/install/ur10_simulation_bringup
[0.554s] DEBUG:colcon.colcon_installed_package_information.package_discovery:Found 1 installed packages in /root/moveit_ws/install/chomp_motion_planner
[0.555s] DEBUG:colcon.colcon_installed_package_information.package_discovery:Found 1 installed packages in /root/moveit_ws/install/geometric_shapes
[0.555s] DEBUG:colcon.colcon_installed_package_information.package_discovery:Found 1 installed packages in /root/moveit_ws/install/moveit_common
[0.556s] DEBUG:colcon.colcon_installed_package_information.package_discovery:Found 1 installed packages in /root/moveit_ws/install/moveit_configs_utils
[0.556s] DEBUG:colcon.colcon_installed_package_information.package_discovery:Found 1 installed packages in /root/moveit_ws/install/moveit_core
[0.556s] DEBUG:colcon.colcon_installed_package_information.package_discovery:Found 1 installed packages in /root/moveit_ws/install/moveit_kinematics
[0.557s] DEBUG:colcon.colcon_installed_package_information.package_discovery:Found 1 installed packages in /root/moveit_ws/install/moveit_msgs
[0.557s] DEBUG:colcon.colcon_installed_package_information.package_discovery:Found 1 installed packages in /root/moveit_ws/install/moveit_planners_chomp
[0.558s] DEBUG:colcon.colcon_installed_package_information.package_discovery:Found 1 installed packages in /root/moveit_ws/install/moveit_planners_ompl
[0.558s] DEBUG:colcon.colcon_installed_package_information.package_discovery:Found 1 installed packages in /root/moveit_ws/install/moveit_py
[0.560s] DEBUG:colcon.colcon_installed_package_information.package_discovery:Found 1 installed packages in /root/moveit_ws/install/moveit_resources_fanuc_description
[0.560s] DEBUG:colcon.colcon_installed_package_information.package_discovery:Found 1 installed packages in /root/moveit_ws/install/moveit_resources_fanuc_moveit_config
[0.562s] DEBUG:colcon.colcon_installed_package_information.package_discovery:Found 1 installed packages in /root/moveit_ws/install/moveit_resources_panda_description
[0.563s] DEBUG:colcon.colcon_installed_package_information.package_discovery:Found 1 installed packages in /root/moveit_ws/install/moveit_resources_panda_moveit_config
[0.564s] DEBUG:colcon.colcon_installed_package_information.package_discovery:Found 1 installed packages in /root/moveit_ws/install/moveit_resources_pr2_description
[0.564s] DEBUG:colcon.colcon_installed_package_information.package_discovery:Found 1 installed packages in /root/moveit_ws/install/moveit_resources_prbt_ikfast_manipulator_plugin
[0.565s] DEBUG:colcon.colcon_installed_package_information.package_discovery:Found 1 installed packages in /root/moveit_ws/install/moveit_resources_prbt_moveit_config
[0.565s] DEBUG:colcon.colcon_installed_package_information.package_discovery:Found 1 installed packages in /root/moveit_ws/install/moveit_resources_prbt_pg70_support
[0.566s] DEBUG:colcon.colcon_installed_package_information.package_discovery:Found 1 installed packages in /root/moveit_ws/install/moveit_resources_prbt_support
[0.566s] DEBUG:colcon.colcon_installed_package_information.package_discovery:Found 1 installed packages in /root/moveit_ws/install/moveit_ros_move_group
[0.566s] DEBUG:colcon.colcon_installed_package_information.package_discovery:Found 1 installed packages in /root/moveit_ws/install/moveit_ros_occupancy_map_monitor
[0.567s] DEBUG:colcon.colcon_installed_package_information.package_discovery:Found 1 installed packages in /root/moveit_ws/install/moveit_ros_planning
[0.567s] DEBUG:colcon.colcon_installed_package_information.package_discovery:Found 1 installed packages in /root/moveit_ws/install/moveit_ros_planning_interface
[0.568s] DEBUG:colcon.colcon_installed_package_information.package_discovery:Found 1 installed packages in /root/moveit_ws/install/moveit_ros_robot_interaction
[0.569s] DEBUG:colcon.colcon_installed_package_information.package_discovery:Found 1 installed packages in /root/moveit_ws/install/moveit_ros_warehouse
[0.569s] DEBUG:colcon.colcon_installed_package_information.package_discovery:Found 1 installed packages in /root/moveit_ws/install/moveit_simple_controller_manager
[0.570s] DEBUG:colcon.colcon_installed_package_information.package_discovery:Found 1 installed packages in /root/moveit_ws/install/moveit_task_constructor_msgs
[0.570s] DEBUG:colcon.colcon_installed_package_information.package_discovery:Found 1 installed packages in /root/moveit_ws/install/ompl
[0.571s] DEBUG:colcon.colcon_installed_package_information.package_discovery:Found 1 installed packages in /root/moveit_ws/install/pilz_industrial_motion_planner_testutils
[0.571s] DEBUG:colcon.colcon_installed_package_information.package_discovery:Found 1 installed packages in /root/moveit_ws/install/random_numbers
[0.571s] DEBUG:colcon.colcon_installed_package_information.package_discovery:Found 1 installed packages in /root/moveit_ws/install/rviz_marker_tools
[0.573s] DEBUG:colcon.colcon_installed_package_information.package_discovery:Found 1 installed packages in /root/moveit_ws/install/srdfdom
[0.575s] DEBUG:colcon.colcon_installed_package_information.package_discovery:Found 467 installed packages in /opt/ros/humble
[0.577s] Level 1:colcon.colcon_core.package_discovery:discover_packages(prefix_path) using defaults
[0.657s] Level 5:colcon.colcon_core.verb:set package 'ur10_examples' build argument 'cmake_args' from command line to 'None'
[0.657s] Level 5:colcon.colcon_core.verb:set package 'ur10_examples' build argument 'cmake_target' from command line to 'None'
[0.657s] Level 5:colcon.colcon_core.verb:set package 'ur10_examples' build argument 'cmake_target_skip_unavailable' from command line to 'False'
[0.657s] Level 5:colcon.colcon_core.verb:set package 'ur10_examples' build argument 'cmake_clean_cache' from command line to 'False'
[0.657s] Level 5:colcon.colcon_core.verb:set package 'ur10_examples' build argument 'cmake_clean_first' from command line to 'False'
[0.657s] Level 5:colcon.colcon_core.verb:set package 'ur10_examples' build argument 'cmake_force_configure' from command line to 'False'
[0.657s] Level 5:colcon.colcon_core.verb:set package 'ur10_examples' build argument 'ament_cmake_args' from command line to 'None'
[0.657s] Level 5:colcon.colcon_core.verb:set package 'ur10_examples' build argument 'catkin_cmake_args' from command line to 'None'
[0.657s] Level 5:colcon.colcon_core.verb:set package 'ur10_examples' build argument 'catkin_skip_building_tests' from command line to 'False'
[0.658s] DEBUG:colcon.colcon_core.verb:Building package 'ur10_examples' with the following arguments: {'ament_cmake_args': None, 'build_base': '/root/ur10_ws/build/ur10_examples', 'catkin_cmake_args': None, 'catkin_skip_building_tests': False, 'cmake_args': None, 'cmake_clean_cache': False, 'cmake_clean_first': False, 'cmake_force_configure': False, 'cmake_target': None, 'cmake_target_skip_unavailable': False, 'install_base': '/root/ur10_ws/install/ur10_examples', 'merge_install': False, 'path': '/root/ur10_ws/src/ur10_examples', 'symlink_install': False, 'test_result_base': None}
[0.658s] INFO:colcon.colcon_core.executor:Executing jobs using 'parallel' executor
[0.659s] DEBUG:colcon.colcon_parallel_executor.executor.parallel:run_until_complete
[0.659s] INFO:colcon.colcon_ros.task.ament_cmake.build:Building ROS package in '/root/ur10_ws/src/ur10_examples' with build type 'ament_cmake'
[0.660s] INFO:colcon.colcon_cmake.task.cmake.build:Building CMake package in '/root/ur10_ws/src/ur10_examples'
[0.663s] INFO:colcon.colcon_core.plugin_system:Skipping extension 'colcon_core.shell.bat': Not used on non-Windows systems
[0.664s] INFO:colcon.colcon_core.shell:Skip shell extension 'powershell' for command environment: Not usable outside of PowerShell
[0.664s] DEBUG:colcon.colcon_core.shell:Skip shell extension 'dsv' for command environment
[0.665s] ERROR:colcon.colcon_core.prefix_path:Exception in prefix path extension 'ament': [Errno 20] Not a directory: '/root/ur10_ws/install/COLCON_IGNORE'
Traceback (most recent call last):
  File "/usr/lib/python3/dist-packages/colcon_core/prefix_path/__init__.py", line 78, in get_chained_prefix_path
    retval = extension.extend_prefix_path(chained_prefix_path)
  File "/usr/lib/python3/dist-packages/colcon_ros/prefix_path/ament.py", line 40, in extend_prefix_path
    for filename in os.listdir(path):
NotADirectoryError: [Errno 20] Not a directory: '/root/ur10_ws/install/COLCON_IGNORE'

[0.666s] DEBUG:colcon.colcon_core.shell:Ignoring prefix path '/root/ur10_ws/install/COLCON_IGNORE'
[0.667s] DEBUG:colcon.colcon_core.shell:Ignoring prefix path '/root/ur10_ws/install/_local_setup_util_ps1.py'
[0.668s] DEBUG:colcon.colcon_core.shell:Ignoring prefix path '/root/ur10_ws/install/_local_setup_util_sh.py'
[0.668s] DEBUG:colcon.colcon_core.shell:Ignoring prefix path '/root/ur10_ws/install/local_setup.bash'
[0.669s] DEBUG:colcon.colcon_core.shell:Ignoring prefix path '/root/ur10_ws/install/local_setup.ps1'
[0.669s] DEBUG:colcon.colcon_core.shell:Ignoring prefix path '/root/ur10_ws/install/local_setup.sh'
[0.670s] DEBUG:colcon.colcon_core.shell:Ignoring prefix path '/root/ur10_ws/install/local_setup.zsh'
[0.670s] DEBUG:colcon.colcon_core.shell:Ignoring prefix path '/root/ur10_ws/install/setup.bash'
[0.670s] DEBUG:colcon.colcon_core.shell:Ignoring prefix path '/root/ur10_ws/install/setup.ps1'
[0.671s] DEBUG:colcon.colcon_core.shell:Ignoring prefix path '/root/ur10_ws/install/setup.sh'
[0.671s] DEBUG:colcon.colcon_core.shell:Ignoring prefix path '/root/ur10_ws/install/setup.zsh'
[0.673s] DEBUG:colcon.colcon_core.shell:Ignoring prefix path '/root/moveit_ws/install/COLCON_IGNORE'
[0.674s] DEBUG:colcon.colcon_core.shell:Ignoring prefix path '/root/moveit_ws/install/_local_setup_util_ps1.py'
[0.674s] DEBUG:colcon.colcon_core.shell:Ignoring prefix path '/root/moveit_ws/install/_local_setup_util_sh.py'
[0.674s] DEBUG:colcon.colcon_core.shell:Ignoring prefix path '/root/moveit_ws/install/local_setup.bash'
[0.674s] DEBUG:colcon.colcon_core.shell:Ignoring prefix path '/root/moveit_ws/install/local_setup.ps1'
[0.675s] DEBUG:colcon.colcon_core.shell:Ignoring prefix path '/root/moveit_ws/install/local_setup.sh'
[0.675s] DEBUG:colcon.colcon_core.shell:Ignoring prefix path '/root/moveit_ws/install/local_setup.zsh'
[0.680s] DEBUG:colcon.colcon_core.shell:Ignoring prefix path '/root/moveit_ws/install/pilz_industrial_motion_planner'
[0.681s] DEBUG:colcon.colcon_core.shell:Ignoring prefix path '/root/moveit_ws/install/ruckig'
[0.683s] DEBUG:colcon.colcon_core.shell:Ignoring prefix path '/root/moveit_ws/install/setup.bash'
[0.684s] DEBUG:colcon.colcon_core.shell:Ignoring prefix path '/root/moveit_ws/install/setup.ps1'
[0.684s] DEBUG:colcon.colcon_core.shell:Ignoring prefix path '/root/moveit_ws/install/setup.sh'
[0.685s] DEBUG:colcon.colcon_core.shell:Ignoring prefix path '/root/moveit_ws/install/setup.zsh'
[0.717s] DEBUG:colcon.colcon_core.event_handler.log_command:Invoking command in '/root/ur10_ws/build/ur10_examples': /usr/bin/cmake /root/ur10_ws/src/ur10_examples -DCMAKE_INSTALL_PREFIX=/root/ur10_ws/install/ur10_examples
[25.159s] DEBUG:colcon.colcon_core.event_handler.log_command:Invoked command in '/root/ur10_ws/build/ur10_examples' returned '0': /usr/bin/cmake /root/ur10_ws/src/ur10_examples -DCMAKE_INSTALL_PREFIX=/root/ur10_ws/install/ur10_examples
[25.159s] DEBUG:colcon.colcon_core.event_handler.log_command:Invoking command in '/root/ur10_ws/build/ur10_examples': /usr/bin/cmake --build /root/ur10_ws/build/ur10_examples -- -j4 -l4
[35.258s] DEBUG:colcon.colcon_core.event_handler.log_command:Invoked command in '/root/ur10_ws/build/ur10_examples' returned '0': /usr/bin/cmake --build /root/ur10_ws/build/ur10_examples -- -j4 -l4
[35.268s] DEBUG:colcon.colcon_core.event_handler.log_command:Invoking command in '/root/ur10_ws/build/ur10_examples': /usr/bin/cmake --install /root/ur10_ws/build/ur10_examples
[35.284s] Level 1:colcon.colcon_core.environment:create_environment_scripts_only(ur10_examples)
[35.284s] DEBUG:colcon.colcon_core.event_handler.log_command:Invoked command in '/root/ur10_ws/build/ur10_examples' returned '0': /usr/bin/cmake --install /root/ur10_ws/build/ur10_examples
[35.286s] Level 1:colcon.colcon_core.environment:checking '/root/ur10_ws/install/ur10_examples' for CMake module files
[35.287s] Level 1:colcon.colcon_core.environment:checking '/root/ur10_ws/install/ur10_examples' for CMake config files
[35.288s] Level 1:colcon.colcon_core.shell:create_environment_hook('ur10_examples', 'cmake_prefix_path')
[35.288s] INFO:colcon.colcon_core.shell:Creating environment hook '/root/ur10_ws/install/ur10_examples/share/ur10_examples/hook/cmake_prefix_path.ps1'
[35.289s] INFO:colcon.colcon_core.shell:Creating environment descriptor '/root/ur10_ws/install/ur10_examples/share/ur10_examples/hook/cmake_prefix_path.dsv'
[35.289s] INFO:colcon.colcon_core.shell:Creating environment hook '/root/ur10_ws/install/ur10_examples/share/ur10_examples/hook/cmake_prefix_path.sh'
[35.290s] Level 1:colcon.colcon_core.environment:checking '/root/ur10_ws/install/ur10_examples/lib'
[35.290s] Level 1:colcon.colcon_core.environment:checking '/root/ur10_ws/install/ur10_examples/bin'
[35.290s] Level 1:colcon.colcon_core.environment:checking '/root/ur10_ws/install/ur10_examples/lib/pkgconfig/ur10_examples.pc'
[35.290s] Level 1:colcon.colcon_core.environment:checking '/root/ur10_ws/install/ur10_examples/lib/python3.10/site-packages'
[35.290s] Level 1:colcon.colcon_core.environment:checking '/root/ur10_ws/install/ur10_examples/bin'
[35.291s] INFO:colcon.colcon_core.shell:Creating package script '/root/ur10_ws/install/ur10_examples/share/ur10_examples/package.ps1'
[35.291s] INFO:colcon.colcon_core.shell:Creating package descriptor '/root/ur10_ws/install/ur10_examples/share/ur10_examples/package.dsv'
[35.292s] INFO:colcon.colcon_core.shell:Creating package script '/root/ur10_ws/install/ur10_examples/share/ur10_examples/package.sh'
[35.292s] INFO:colcon.colcon_core.shell:Creating package script '/root/ur10_ws/install/ur10_examples/share/ur10_examples/package.bash'
[35.293s] INFO:colcon.colcon_core.shell:Creating package script '/root/ur10_ws/install/ur10_examples/share/ur10_examples/package.zsh'
[35.293s] Level 1:colcon.colcon_core.environment:create_file_with_runtime_dependencies(/root/ur10_ws/install/ur10_examples/share/colcon-core/packages/ur10_examples)
[35.294s] Level 1:colcon.colcon_core.environment:create_environment_scripts_only(ur10_examples)
[35.294s] Level 1:colcon.colcon_core.environment:checking '/root/ur10_ws/install/ur10_examples' for CMake module files
[35.294s] Level 1:colcon.colcon_core.environment:checking '/root/ur10_ws/install/ur10_examples' for CMake config files
[35.295s] Level 1:colcon.colcon_core.shell:create_environment_hook('ur10_examples', 'cmake_prefix_path')
[35.295s] INFO:colcon.colcon_core.shell:Creating environment hook '/root/ur10_ws/install/ur10_examples/share/ur10_examples/hook/cmake_prefix_path.ps1'
[35.295s] INFO:colcon.colcon_core.shell:Creating environment descriptor '/root/ur10_ws/install/ur10_examples/share/ur10_examples/hook/cmake_prefix_path.dsv'
[35.295s] INFO:colcon.colcon_core.shell:Creating environment hook '/root/ur10_ws/install/ur10_examples/share/ur10_examples/hook/cmake_prefix_path.sh'
[35.296s] Level 1:colcon.colcon_core.environment:checking '/root/ur10_ws/install/ur10_examples/lib'
[35.296s] Level 1:colcon.colcon_core.environment:checking '/root/ur10_ws/install/ur10_examples/bin'
[35.296s] Level 1:colcon.colcon_core.environment:checking '/root/ur10_ws/install/ur10_examples/lib/pkgconfig/ur10_examples.pc'
[35.296s] Level 1:colcon.colcon_core.environment:checking '/root/ur10_ws/install/ur10_examples/lib/python3.10/site-packages'
[35.297s] Level 1:colcon.colcon_core.environment:checking '/root/ur10_ws/install/ur10_examples/bin'
[35.297s] INFO:colcon.colcon_core.shell:Creating package script '/root/ur10_ws/install/ur10_examples/share/ur10_examples/package.ps1'
[35.297s] INFO:colcon.colcon_core.shell:Creating package descriptor '/root/ur10_ws/install/ur10_examples/share/ur10_examples/package.dsv'
[35.297s] INFO:colcon.colcon_core.shell:Creating package script '/root/ur10_ws/install/ur10_examples/share/ur10_examples/package.sh'
[35.298s] INFO:colcon.colcon_core.shell:Creating package script '/root/ur10_ws/install/ur10_examples/share/ur10_examples/package.bash'
[35.298s] INFO:colcon.colcon_core.shell:Creating package script '/root/ur10_ws/install/ur10_examples/share/ur10_examples/package.zsh'
[35.298s] Level 1:colcon.colcon_core.environment:create_file_with_runtime_dependencies(/root/ur10_ws/install/ur10_examples/share/colcon-core/packages/ur10_examples)
[35.298s] DEBUG:colcon.colcon_parallel_executor.executor.parallel:closing loop
[35.299s] DEBUG:colcon.colcon_parallel_executor.executor.parallel:loop closed
[35.299s] DEBUG:colcon.colcon_parallel_executor.executor.parallel:run_until_complete finished with '0'
[35.299s] DEBUG:colcon.colcon_core.event_reactor:joining thread
[35.392s] INFO:colcon.colcon_core.plugin_system:Skipping extension 'colcon_notification.desktop_notification.notify_send': Could not find 'notify-send'
[35.392s] INFO:colcon.colcon_core.plugin_system:Skipping extension 'colcon_notification.desktop_notification.terminal_notifier': Not used on non-Darwin systems
[35.392s] INFO:colcon.colcon_core.plugin_system:Skipping extension 'colcon_notification.desktop_notification.win32': Not used on non-Windows systems
[35.392s] INFO:colcon.colcon_notification.desktop_notification:Sending desktop notification using 'notify2'
[35.392s] DEBUG:colcon.colcon_notification.desktop_notification.notify2:Failed to initialize notify2: org.freedesktop.DBus.Error.FileNotFound: Failed to connect to socket /run/user/0/bus: No such file or directory
[35.393s] DEBUG:colcon.colcon_core.event_reactor:joined thread
[35.393s] INFO:colcon.colcon_core.shell:Creating prefix script '/root/ur10_ws/install/local_setup.ps1'
[35.393s] INFO:colcon.colcon_core.shell:Creating prefix util module '/root/ur10_ws/install/_local_setup_util_ps1.py'
[35.394s] INFO:colcon.colcon_core.shell:Creating prefix chain script '/root/ur10_ws/install/setup.ps1'
[35.395s] ERROR:colcon.colcon_core.prefix_path:Exception in prefix path extension 'ament': [Errno 20] Not a directory: '/root/ur10_ws/install/COLCON_IGNORE'
Traceback (most recent call last):
  File "/usr/lib/python3/dist-packages/colcon_core/prefix_path/__init__.py", line 78, in get_chained_prefix_path
    retval = extension.extend_prefix_path(chained_prefix_path)
  File "/usr/lib/python3/dist-packages/colcon_ros/prefix_path/ament.py", line 40, in extend_prefix_path
    for filename in os.listdir(path):
NotADirectoryError: [Errno 20] Not a directory: '/root/ur10_ws/install/COLCON_IGNORE'

[35.397s] INFO:colcon.colcon_core.shell:Creating prefix script '/root/ur10_ws/install/local_setup.sh'
[35.398s] INFO:colcon.colcon_core.shell:Creating prefix util module '/root/ur10_ws/install/_local_setup_util_sh.py'
[35.399s] INFO:colcon.colcon_core.shell:Creating prefix chain script '/root/ur10_ws/install/setup.sh'
[35.400s] ERROR:colcon.colcon_core.prefix_path:Exception in prefix path extension 'ament': [Errno 20] Not a directory: '/root/ur10_ws/install/COLCON_IGNORE'
Traceback (most recent call last):
  File "/usr/lib/python3/dist-packages/colcon_core/prefix_path/__init__.py", line 78, in get_chained_prefix_path
    retval = extension.extend_prefix_path(chained_prefix_path)
  File "/usr/lib/python3/dist-packages/colcon_ros/prefix_path/ament.py", line 40, in extend_prefix_path
    for filename in os.listdir(path):
NotADirectoryError: [Errno 20] Not a directory: '/root/ur10_ws/install/COLCON_IGNORE'

[35.401s] INFO:colcon.colcon_core.shell:Creating prefix script '/root/ur10_ws/install/local_setup.bash'
[35.402s] INFO:colcon.colcon_core.shell:Creating prefix chain script '/root/ur10_ws/install/setup.bash'
[35.402s] ERROR:colcon.colcon_core.prefix_path:Exception in prefix path extension 'ament': [Errno 20] Not a directory: '/root/ur10_ws/install/COLCON_IGNORE'
Traceback (most recent call last):
  File "/usr/lib/python3/dist-packages/colcon_core/prefix_path/__init__.py", line 78, in get_chained_prefix_path
    retval = extension.extend_prefix_path(chained_prefix_path)
  File "/usr/lib/python3/dist-packages/colcon_ros/prefix_path/ament.py", line 40, in extend_prefix_path
    for filename in os.listdir(path):
NotADirectoryError: [Errno 20] Not a directory: '/root/ur10_ws/install/COLCON_IGNORE'

[35.404s] INFO:colcon.colcon_core.shell:Creating prefix script '/root/ur10_ws/install/local_setup.zsh'
[35.405s] INFO:colcon.colcon_core.shell:Creating prefix chain script '/root/ur10_ws/install/setup.zsh'
[35.405s] ERROR:colcon.colcon_core.prefix_path:Exception in prefix path extension 'ament': [Errno 20] Not a directory: '/root/ur10_ws/install/COLCON_IGNORE'
Traceback (most recent call last):
  File "/usr/lib/python3/dist-packages/colcon_core/prefix_path/__init__.py", line 78, in get_chained_prefix_path
    retval = extension.extend_prefix_path(chained_prefix_path)
  File "/usr/lib/python3/dist-packages/colcon_ros/prefix_path/ament.py", line 40, in extend_prefix_path
    for filename in os.listdir(path):
NotADirectoryError: [Errno 20] Not a directory: '/root/ur10_ws/install/COLCON_IGNORE'

