[0.241s] DEBUG:colcon:Command line arguments: ['/usr/bin/colcon', 'build', '--symlink-install', '--packages-select', 'ur10_description', 'ur10_moveit_config', 'ur10_examples', 'ur10_examples_py', 'ur10_simulation_bringup']
[0.241s] DEBUG:colcon:Parsed command line arguments: Namespace(log_base=None, log_level=None, verb_name='build', build_base='build', install_base='install', merge_install=False, symlink_install=True, test_result_base=None, continue_on_error=False, executor='parallel', parallel_workers=4, event_handlers=None, ignore_user_meta=False, metas=['./colcon.meta'], base_paths=['.'], packages_ignore=None, packages_ignore_regex=None, paths=None, packages_up_to=None, packages_up_to_regex=None, packages_above=None, packages_above_and_dependencies=None, packages_above_depth=None, packages_select_by_dep=None, packages_skip_by_dep=None, packages_skip_up_to=None, packages_select_build_failed=False, packages_skip_build_finished=False, packages_select_test_failures=False, packages_skip_test_passed=False, packages_select=['ur10_description', 'ur10_moveit_config', 'ur10_examples', 'ur10_examples_py', 'ur10_simulation_bringup'], packages_skip=None, packages_select_regex=None, packages_skip_regex=None, packages_start=None, packages_end=None, allow_overriding=[], cmake_args=None, cmake_target=None, cmake_target_skip_unavailable=False, cmake_clean_cache=False, cmake_clean_first=False, cmake_force_configure=False, ament_cmake_args=None, catkin_cmake_args=None, catkin_skip_building_tests=False, verb_parser=<colcon_defaults.argument_parser.defaults.DefaultArgumentsDecorator object at 0x7332ee446950>, verb_extension=<colcon_core.verb.build.BuildVerb object at 0x7332ee588370>, main=<bound method BuildVerb.main of <colcon_core.verb.build.BuildVerb object at 0x7332ee588370>>)
[0.345s] Level 1:colcon.colcon_core.package_discovery:discover_packages(colcon_meta) check parameters
[0.345s] Level 1:colcon.colcon_core.package_discovery:discover_packages(recursive) check parameters
[0.345s] Level 1:colcon.colcon_core.package_discovery:discover_packages(ignore) check parameters
[0.345s] Level 1:colcon.colcon_core.package_discovery:discover_packages(path) check parameters
[0.345s] Level 1:colcon.colcon_core.package_discovery:discover_packages(colcon_meta) discover
[0.345s] Level 1:colcon.colcon_core.package_discovery:discover_packages(recursive) discover
[0.345s] INFO:colcon.colcon_core.package_discovery:Crawling recursively for packages in '/root/ur10_ws'
[0.345s] Level 1:colcon.colcon_core.package_identification:_identify(.) by extensions ['ignore', 'ignore_ament_install']
[0.345s] Level 1:colcon.colcon_core.package_identification:_identify(.) by extension 'ignore'
[0.345s] Level 1:colcon.colcon_core.package_identification:_identify(.) by extension 'ignore_ament_install'
[0.345s] Level 1:colcon.colcon_core.package_identification:_identify(.) by extensions ['colcon_pkg']
[0.345s] Level 1:colcon.colcon_core.package_identification:_identify(.) by extension 'colcon_pkg'
[0.345s] Level 1:colcon.colcon_core.package_identification:_identify(.) by extensions ['colcon_meta']
[0.345s] Level 1:colcon.colcon_core.package_identification:_identify(.) by extension 'colcon_meta'
[0.346s] Level 1:colcon.colcon_core.package_identification:_identify(.) by extensions ['ros']
[0.346s] Level 1:colcon.colcon_core.package_identification:_identify(.) by extension 'ros'
[0.353s] Level 1:colcon.colcon_core.package_identification:_identify(.) by extensions ['cmake', 'python']
[0.353s] Level 1:colcon.colcon_core.package_identification:_identify(.) by extension 'cmake'
[0.353s] Level 1:colcon.colcon_core.package_identification:_identify(.) by extension 'python'
[0.353s] Level 1:colcon.colcon_core.package_identification:_identify(.) by extensions ['python_setup_py']
[0.353s] Level 1:colcon.colcon_core.package_identification:_identify(.) by extension 'python_setup_py'
[0.353s] Level 1:colcon.colcon_core.package_identification:_identify(build) by extensions ['ignore', 'ignore_ament_install']
[0.353s] Level 1:colcon.colcon_core.package_identification:_identify(build) by extension 'ignore'
[0.353s] Level 1:colcon.colcon_core.package_identification:_identify(build) ignored
[0.354s] Level 1:colcon.colcon_core.package_identification:_identify(install) by extensions ['ignore', 'ignore_ament_install']
[0.354s] Level 1:colcon.colcon_core.package_identification:_identify(install) by extension 'ignore'
[0.354s] Level 1:colcon.colcon_core.package_identification:_identify(install) ignored
[0.354s] Level 1:colcon.colcon_core.package_identification:_identify(log) by extensions ['ignore', 'ignore_ament_install']
[0.354s] Level 1:colcon.colcon_core.package_identification:_identify(log) by extension 'ignore'
[0.354s] Level 1:colcon.colcon_core.package_identification:_identify(log) ignored
[0.354s] Level 1:colcon.colcon_core.package_identification:_identify(src) by extensions ['ignore', 'ignore_ament_install']
[0.354s] Level 1:colcon.colcon_core.package_identification:_identify(src) by extension 'ignore'
[0.354s] Level 1:colcon.colcon_core.package_identification:_identify(src) by extension 'ignore_ament_install'
[0.354s] Level 1:colcon.colcon_core.package_identification:_identify(src) by extensions ['colcon_pkg']
[0.354s] Level 1:colcon.colcon_core.package_identification:_identify(src) by extension 'colcon_pkg'
[0.354s] Level 1:colcon.colcon_core.package_identification:_identify(src) by extensions ['colcon_meta']
[0.354s] Level 1:colcon.colcon_core.package_identification:_identify(src) by extension 'colcon_meta'
[0.354s] Level 1:colcon.colcon_core.package_identification:_identify(src) by extensions ['ros']
[0.354s] Level 1:colcon.colcon_core.package_identification:_identify(src) by extension 'ros'
[0.354s] Level 1:colcon.colcon_core.package_identification:_identify(src) by extensions ['cmake', 'python']
[0.354s] Level 1:colcon.colcon_core.package_identification:_identify(src) by extension 'cmake'
[0.354s] Level 1:colcon.colcon_core.package_identification:_identify(src) by extension 'python'
[0.354s] Level 1:colcon.colcon_core.package_identification:_identify(src) by extensions ['python_setup_py']
[0.354s] Level 1:colcon.colcon_core.package_identification:_identify(src) by extension 'python_setup_py'
[0.354s] Level 1:colcon.colcon_core.package_identification:_identify(src/ur10_description) by extensions ['ignore', 'ignore_ament_install']
[0.354s] Level 1:colcon.colcon_core.package_identification:_identify(src/ur10_description) by extension 'ignore'
[0.354s] Level 1:colcon.colcon_core.package_identification:_identify(src/ur10_description) by extension 'ignore_ament_install'
[0.354s] Level 1:colcon.colcon_core.package_identification:_identify(src/ur10_description) by extensions ['colcon_pkg']
[0.354s] Level 1:colcon.colcon_core.package_identification:_identify(src/ur10_description) by extension 'colcon_pkg'
[0.354s] Level 1:colcon.colcon_core.package_identification:_identify(src/ur10_description) by extensions ['colcon_meta']
[0.354s] Level 1:colcon.colcon_core.package_identification:_identify(src/ur10_description) by extension 'colcon_meta'
[0.354s] Level 1:colcon.colcon_core.package_identification:_identify(src/ur10_description) by extensions ['ros']
[0.354s] Level 1:colcon.colcon_core.package_identification:_identify(src/ur10_description) by extension 'ros'
[0.356s] DEBUG:colcon.colcon_core.package_identification:Package 'src/ur10_description' with type 'ros.ament_cmake' and name 'ur10_description'
[0.356s] Level 1:colcon.colcon_core.package_identification:_identify(src/ur10_examples) by extensions ['ignore', 'ignore_ament_install']
[0.356s] Level 1:colcon.colcon_core.package_identification:_identify(src/ur10_examples) by extension 'ignore'
[0.356s] Level 1:colcon.colcon_core.package_identification:_identify(src/ur10_examples) by extension 'ignore_ament_install'
[0.356s] Level 1:colcon.colcon_core.package_identification:_identify(src/ur10_examples) by extensions ['colcon_pkg']
[0.356s] Level 1:colcon.colcon_core.package_identification:_identify(src/ur10_examples) by extension 'colcon_pkg'
[0.356s] Level 1:colcon.colcon_core.package_identification:_identify(src/ur10_examples) by extensions ['colcon_meta']
[0.356s] Level 1:colcon.colcon_core.package_identification:_identify(src/ur10_examples) by extension 'colcon_meta'
[0.356s] Level 1:colcon.colcon_core.package_identification:_identify(src/ur10_examples) by extensions ['ros']
[0.356s] Level 1:colcon.colcon_core.package_identification:_identify(src/ur10_examples) by extension 'ros'
[0.356s] DEBUG:colcon.colcon_core.package_identification:Package 'src/ur10_examples' with type 'ros.ament_cmake' and name 'ur10_examples'
[0.357s] Level 1:colcon.colcon_core.package_identification:_identify(src/ur10_examples_py) by extensions ['ignore', 'ignore_ament_install']
[0.357s] Level 1:colcon.colcon_core.package_identification:_identify(src/ur10_examples_py) by extension 'ignore'
[0.357s] Level 1:colcon.colcon_core.package_identification:_identify(src/ur10_examples_py) by extension 'ignore_ament_install'
[0.357s] Level 1:colcon.colcon_core.package_identification:_identify(src/ur10_examples_py) by extensions ['colcon_pkg']
[0.357s] Level 1:colcon.colcon_core.package_identification:_identify(src/ur10_examples_py) by extension 'colcon_pkg'
[0.357s] Level 1:colcon.colcon_core.package_identification:_identify(src/ur10_examples_py) by extensions ['colcon_meta']
[0.357s] Level 1:colcon.colcon_core.package_identification:_identify(src/ur10_examples_py) by extension 'colcon_meta'
[0.357s] Level 1:colcon.colcon_core.package_identification:_identify(src/ur10_examples_py) by extensions ['ros']
[0.357s] Level 1:colcon.colcon_core.package_identification:_identify(src/ur10_examples_py) by extension 'ros'
[0.357s] DEBUG:colcon.colcon_core.package_identification:Package 'src/ur10_examples_py' with type 'ros.ament_python' and name 'ur10_examples_py'
[0.357s] Level 1:colcon.colcon_core.package_identification:_identify(src/ur10_moveit_config) by extensions ['ignore', 'ignore_ament_install']
[0.357s] Level 1:colcon.colcon_core.package_identification:_identify(src/ur10_moveit_config) by extension 'ignore'
[0.357s] Level 1:colcon.colcon_core.package_identification:_identify(src/ur10_moveit_config) by extension 'ignore_ament_install'
[0.357s] Level 1:colcon.colcon_core.package_identification:_identify(src/ur10_moveit_config) by extensions ['colcon_pkg']
[0.357s] Level 1:colcon.colcon_core.package_identification:_identify(src/ur10_moveit_config) by extension 'colcon_pkg'
[0.357s] Level 1:colcon.colcon_core.package_identification:_identify(src/ur10_moveit_config) by extensions ['colcon_meta']
[0.357s] Level 1:colcon.colcon_core.package_identification:_identify(src/ur10_moveit_config) by extension 'colcon_meta'
[0.357s] Level 1:colcon.colcon_core.package_identification:_identify(src/ur10_moveit_config) by extensions ['ros']
[0.357s] Level 1:colcon.colcon_core.package_identification:_identify(src/ur10_moveit_config) by extension 'ros'
[0.358s] DEBUG:colcon.colcon_core.package_identification:Package 'src/ur10_moveit_config' with type 'ros.ament_cmake' and name 'ur10_moveit_config'
[0.358s] Level 1:colcon.colcon_core.package_identification:_identify(src/ur10_simulation_bringup) by extensions ['ignore', 'ignore_ament_install']
[0.358s] Level 1:colcon.colcon_core.package_identification:_identify(src/ur10_simulation_bringup) by extension 'ignore'
[0.358s] Level 1:colcon.colcon_core.package_identification:_identify(src/ur10_simulation_bringup) by extension 'ignore_ament_install'
[0.358s] Level 1:colcon.colcon_core.package_identification:_identify(src/ur10_simulation_bringup) by extensions ['colcon_pkg']
[0.358s] Level 1:colcon.colcon_core.package_identification:_identify(src/ur10_simulation_bringup) by extension 'colcon_pkg'
[0.358s] Level 1:colcon.colcon_core.package_identification:_identify(src/ur10_simulation_bringup) by extensions ['colcon_meta']
[0.358s] Level 1:colcon.colcon_core.package_identification:_identify(src/ur10_simulation_bringup) by extension 'colcon_meta'
[0.358s] Level 1:colcon.colcon_core.package_identification:_identify(src/ur10_simulation_bringup) by extensions ['ros']
[0.358s] Level 1:colcon.colcon_core.package_identification:_identify(src/ur10_simulation_bringup) by extension 'ros'
[0.358s] DEBUG:colcon.colcon_core.package_identification:Package 'src/ur10_simulation_bringup' with type 'ros.ament_cmake' and name 'ur10_simulation_bringup'
[0.358s] Level 1:colcon.colcon_core.package_discovery:discover_packages(recursive) using defaults
[0.358s] Level 1:colcon.colcon_core.package_discovery:discover_packages(ignore) discover
[0.358s] Level 1:colcon.colcon_core.package_discovery:discover_packages(ignore) using defaults
[0.358s] Level 1:colcon.colcon_core.package_discovery:discover_packages(path) discover
[0.358s] Level 1:colcon.colcon_core.package_discovery:discover_packages(path) using defaults
[0.387s] Level 1:colcon.colcon_core.package_discovery:discover_packages(prefix_path) check parameters
[0.387s] Level 1:colcon.colcon_core.package_discovery:discover_packages(prefix_path) discover
[0.389s] DEBUG:colcon.colcon_installed_package_information.package_discovery:Found 34 installed packages in /root/moveit_ws/install
[0.390s] DEBUG:colcon.colcon_installed_package_information.package_discovery:Found 463 installed packages in /opt/ros/humble
[0.392s] Level 1:colcon.colcon_core.package_discovery:discover_packages(prefix_path) using defaults
[0.430s] Level 5:colcon.colcon_core.verb:set package 'ur10_description' build argument 'cmake_args' from command line to 'None'
[0.430s] Level 5:colcon.colcon_core.verb:set package 'ur10_description' build argument 'cmake_target' from command line to 'None'
[0.430s] Level 5:colcon.colcon_core.verb:set package 'ur10_description' build argument 'cmake_target_skip_unavailable' from command line to 'False'
[0.430s] Level 5:colcon.colcon_core.verb:set package 'ur10_description' build argument 'cmake_clean_cache' from command line to 'False'
[0.430s] Level 5:colcon.colcon_core.verb:set package 'ur10_description' build argument 'cmake_clean_first' from command line to 'False'
[0.430s] Level 5:colcon.colcon_core.verb:set package 'ur10_description' build argument 'cmake_force_configure' from command line to 'False'
[0.430s] Level 5:colcon.colcon_core.verb:set package 'ur10_description' build argument 'ament_cmake_args' from command line to 'None'
[0.430s] Level 5:colcon.colcon_core.verb:set package 'ur10_description' build argument 'catkin_cmake_args' from command line to 'None'
[0.430s] Level 5:colcon.colcon_core.verb:set package 'ur10_description' build argument 'catkin_skip_building_tests' from command line to 'False'
[0.430s] DEBUG:colcon.colcon_core.verb:Building package 'ur10_description' with the following arguments: {'ament_cmake_args': None, 'build_base': '/root/ur10_ws/build/ur10_description', 'catkin_cmake_args': None, 'catkin_skip_building_tests': False, 'cmake_args': None, 'cmake_clean_cache': False, 'cmake_clean_first': False, 'cmake_force_configure': False, 'cmake_target': None, 'cmake_target_skip_unavailable': False, 'install_base': '/root/ur10_ws/install/ur10_description', 'merge_install': False, 'path': '/root/ur10_ws/src/ur10_description', 'symlink_install': True, 'test_result_base': None}
[0.431s] Level 5:colcon.colcon_core.verb:set package 'ur10_examples' build argument 'cmake_args' from command line to 'None'
[0.431s] Level 5:colcon.colcon_core.verb:set package 'ur10_examples' build argument 'cmake_target' from command line to 'None'
[0.431s] Level 5:colcon.colcon_core.verb:set package 'ur10_examples' build argument 'cmake_target_skip_unavailable' from command line to 'False'
[0.431s] Level 5:colcon.colcon_core.verb:set package 'ur10_examples' build argument 'cmake_clean_cache' from command line to 'False'
[0.431s] Level 5:colcon.colcon_core.verb:set package 'ur10_examples' build argument 'cmake_clean_first' from command line to 'False'
[0.431s] Level 5:colcon.colcon_core.verb:set package 'ur10_examples' build argument 'cmake_force_configure' from command line to 'False'
[0.431s] Level 5:colcon.colcon_core.verb:set package 'ur10_examples' build argument 'ament_cmake_args' from command line to 'None'
[0.431s] Level 5:colcon.colcon_core.verb:set package 'ur10_examples' build argument 'catkin_cmake_args' from command line to 'None'
[0.431s] Level 5:colcon.colcon_core.verb:set package 'ur10_examples' build argument 'catkin_skip_building_tests' from command line to 'False'
[0.431s] DEBUG:colcon.colcon_core.verb:Building package 'ur10_examples' with the following arguments: {'ament_cmake_args': None, 'build_base': '/root/ur10_ws/build/ur10_examples', 'catkin_cmake_args': None, 'catkin_skip_building_tests': False, 'cmake_args': None, 'cmake_clean_cache': False, 'cmake_clean_first': False, 'cmake_force_configure': False, 'cmake_target': None, 'cmake_target_skip_unavailable': False, 'install_base': '/root/ur10_ws/install/ur10_examples', 'merge_install': False, 'path': '/root/ur10_ws/src/ur10_examples', 'symlink_install': True, 'test_result_base': None}
[0.431s] Level 5:colcon.colcon_core.verb:set package 'ur10_examples_py' build argument 'cmake_args' from command line to 'None'
[0.431s] Level 5:colcon.colcon_core.verb:set package 'ur10_examples_py' build argument 'cmake_target' from command line to 'None'
[0.431s] Level 5:colcon.colcon_core.verb:set package 'ur10_examples_py' build argument 'cmake_target_skip_unavailable' from command line to 'False'
[0.431s] Level 5:colcon.colcon_core.verb:set package 'ur10_examples_py' build argument 'cmake_clean_cache' from command line to 'False'
[0.431s] Level 5:colcon.colcon_core.verb:set package 'ur10_examples_py' build argument 'cmake_clean_first' from command line to 'False'
[0.431s] Level 5:colcon.colcon_core.verb:set package 'ur10_examples_py' build argument 'cmake_force_configure' from command line to 'False'
[0.431s] Level 5:colcon.colcon_core.verb:set package 'ur10_examples_py' build argument 'ament_cmake_args' from command line to 'None'
[0.431s] Level 5:colcon.colcon_core.verb:set package 'ur10_examples_py' build argument 'catkin_cmake_args' from command line to 'None'
[0.431s] Level 5:colcon.colcon_core.verb:set package 'ur10_examples_py' build argument 'catkin_skip_building_tests' from command line to 'False'
[0.431s] DEBUG:colcon.colcon_core.verb:Building package 'ur10_examples_py' with the following arguments: {'ament_cmake_args': None, 'build_base': '/root/ur10_ws/build/ur10_examples_py', 'catkin_cmake_args': None, 'catkin_skip_building_tests': False, 'cmake_args': None, 'cmake_clean_cache': False, 'cmake_clean_first': False, 'cmake_force_configure': False, 'cmake_target': None, 'cmake_target_skip_unavailable': False, 'install_base': '/root/ur10_ws/install/ur10_examples_py', 'merge_install': False, 'path': '/root/ur10_ws/src/ur10_examples_py', 'symlink_install': True, 'test_result_base': None}
[0.431s] Level 5:colcon.colcon_core.verb:set package 'ur10_moveit_config' build argument 'cmake_args' from command line to 'None'
[0.431s] Level 5:colcon.colcon_core.verb:set package 'ur10_moveit_config' build argument 'cmake_target' from command line to 'None'
[0.431s] Level 5:colcon.colcon_core.verb:set package 'ur10_moveit_config' build argument 'cmake_target_skip_unavailable' from command line to 'False'
[0.431s] Level 5:colcon.colcon_core.verb:set package 'ur10_moveit_config' build argument 'cmake_clean_cache' from command line to 'False'
[0.431s] Level 5:colcon.colcon_core.verb:set package 'ur10_moveit_config' build argument 'cmake_clean_first' from command line to 'False'
[0.431s] Level 5:colcon.colcon_core.verb:set package 'ur10_moveit_config' build argument 'cmake_force_configure' from command line to 'False'
[0.431s] Level 5:colcon.colcon_core.verb:set package 'ur10_moveit_config' build argument 'ament_cmake_args' from command line to 'None'
[0.431s] Level 5:colcon.colcon_core.verb:set package 'ur10_moveit_config' build argument 'catkin_cmake_args' from command line to 'None'
[0.431s] Level 5:colcon.colcon_core.verb:set package 'ur10_moveit_config' build argument 'catkin_skip_building_tests' from command line to 'False'
[0.431s] DEBUG:colcon.colcon_core.verb:Building package 'ur10_moveit_config' with the following arguments: {'ament_cmake_args': None, 'build_base': '/root/ur10_ws/build/ur10_moveit_config', 'catkin_cmake_args': None, 'catkin_skip_building_tests': False, 'cmake_args': None, 'cmake_clean_cache': False, 'cmake_clean_first': False, 'cmake_force_configure': False, 'cmake_target': None, 'cmake_target_skip_unavailable': False, 'install_base': '/root/ur10_ws/install/ur10_moveit_config', 'merge_install': False, 'path': '/root/ur10_ws/src/ur10_moveit_config', 'symlink_install': True, 'test_result_base': None}
[0.431s] Level 5:colcon.colcon_core.verb:set package 'ur10_simulation_bringup' build argument 'cmake_args' from command line to 'None'
[0.431s] Level 5:colcon.colcon_core.verb:set package 'ur10_simulation_bringup' build argument 'cmake_target' from command line to 'None'
[0.431s] Level 5:colcon.colcon_core.verb:set package 'ur10_simulation_bringup' build argument 'cmake_target_skip_unavailable' from command line to 'False'
[0.431s] Level 5:colcon.colcon_core.verb:set package 'ur10_simulation_bringup' build argument 'cmake_clean_cache' from command line to 'False'
[0.431s] Level 5:colcon.colcon_core.verb:set package 'ur10_simulation_bringup' build argument 'cmake_clean_first' from command line to 'False'
[0.431s] Level 5:colcon.colcon_core.verb:set package 'ur10_simulation_bringup' build argument 'cmake_force_configure' from command line to 'False'
[0.431s] Level 5:colcon.colcon_core.verb:set package 'ur10_simulation_bringup' build argument 'ament_cmake_args' from command line to 'None'
[0.431s] Level 5:colcon.colcon_core.verb:set package 'ur10_simulation_bringup' build argument 'catkin_cmake_args' from command line to 'None'
[0.431s] Level 5:colcon.colcon_core.verb:set package 'ur10_simulation_bringup' build argument 'catkin_skip_building_tests' from command line to 'False'
[0.432s] DEBUG:colcon.colcon_core.verb:Building package 'ur10_simulation_bringup' with the following arguments: {'ament_cmake_args': None, 'build_base': '/root/ur10_ws/build/ur10_simulation_bringup', 'catkin_cmake_args': None, 'catkin_skip_building_tests': False, 'cmake_args': None, 'cmake_clean_cache': False, 'cmake_clean_first': False, 'cmake_force_configure': False, 'cmake_target': None, 'cmake_target_skip_unavailable': False, 'install_base': '/root/ur10_ws/install/ur10_simulation_bringup', 'merge_install': False, 'path': '/root/ur10_ws/src/ur10_simulation_bringup', 'symlink_install': True, 'test_result_base': None}
[0.432s] INFO:colcon.colcon_core.executor:Executing jobs using 'parallel' executor
[0.433s] DEBUG:colcon.colcon_parallel_executor.executor.parallel:run_until_complete
[0.433s] INFO:colcon.colcon_ros.task.ament_cmake.build:Building ROS package in '/root/ur10_ws/src/ur10_description' with build type 'ament_cmake'
[0.433s] INFO:colcon.colcon_cmake.task.cmake.build:Building CMake package in '/root/ur10_ws/src/ur10_description'
[0.434s] INFO:colcon.colcon_core.plugin_system:Skipping extension 'colcon_core.shell.bat': Not used on non-Windows systems
[0.434s] INFO:colcon.colcon_core.shell:Skip shell extension 'powershell' for command environment: Not usable outside of PowerShell
[0.434s] DEBUG:colcon.colcon_core.shell:Skip shell extension 'dsv' for command environment
[0.439s] INFO:colcon.colcon_ros.task.ament_cmake.build:Building ROS package in '/root/ur10_ws/src/ur10_examples' with build type 'ament_cmake'
[0.439s] INFO:colcon.colcon_cmake.task.cmake.build:Building CMake package in '/root/ur10_ws/src/ur10_examples'
[0.439s] INFO:colcon.colcon_core.shell:Skip shell extension 'powershell' for command environment: Not usable outside of PowerShell
[0.439s] DEBUG:colcon.colcon_core.shell:Skip shell extension 'dsv' for command environment
[0.444s] INFO:colcon.colcon_ros.task.ament_python.build:Building ROS package in '/root/ur10_ws/src/ur10_examples_py' with build type 'ament_python'
[0.444s] Level 1:colcon.colcon_core.shell:create_environment_hook('ur10_examples_py', 'ament_prefix_path')
[0.444s] INFO:colcon.colcon_core.shell:Creating environment hook '/root/ur10_ws/install/ur10_examples_py/share/ur10_examples_py/hook/ament_prefix_path.ps1'
[0.445s] INFO:colcon.colcon_core.shell:Creating environment descriptor '/root/ur10_ws/install/ur10_examples_py/share/ur10_examples_py/hook/ament_prefix_path.dsv'
[0.445s] INFO:colcon.colcon_core.shell:Creating environment hook '/root/ur10_ws/install/ur10_examples_py/share/ur10_examples_py/hook/ament_prefix_path.sh'
[0.446s] INFO:colcon.colcon_core.shell:Skip shell extension 'powershell' for command environment: Not usable outside of PowerShell
[0.446s] DEBUG:colcon.colcon_core.shell:Skip shell extension 'dsv' for command environment
[0.450s] DEBUG:colcon.colcon_core.event_handler.log_command:Invoking command in '/root/ur10_ws/build/ur10_description': CMAKE_PREFIX_PATH=${CMAKE_PREFIX_PATH}:/root/moveit_ws/install/moveit_configs_utils:/opt/ros/humble /usr/bin/cmake /root/ur10_ws/src/ur10_description -DAMENT_CMAKE_SYMLINK_INSTALL=1 -DCMAKE_INSTALL_PREFIX=/root/ur10_ws/install/ur10_description
[0.452s] DEBUG:colcon.colcon_core.event_handler.log_command:Invoking command in '/root/ur10_ws/build/ur10_examples': CMAKE_PREFIX_PATH=${CMAKE_PREFIX_PATH}:/root/moveit_ws/install/moveit_configs_utils:/opt/ros/humble /usr/bin/cmake /root/ur10_ws/src/ur10_examples -DAMENT_CMAKE_SYMLINK_INSTALL=1 -DCMAKE_INSTALL_PREFIX=/root/ur10_ws/install/ur10_examples
[0.628s] INFO:colcon.colcon_core.task.python.build:Building Python package in '/root/ur10_ws/src/ur10_examples_py'
[0.628s] INFO:colcon.colcon_core.shell:Skip shell extension 'powershell' for command environment: Not usable outside of PowerShell
[0.628s] DEBUG:colcon.colcon_core.shell:Skip shell extension 'dsv' for command environment
[0.636s] DEBUG:colcon.colcon_core.event_handler.log_command:Invoked command in '/root/ur10_ws/build/ur10_description' returned '0': CMAKE_PREFIX_PATH=${CMAKE_PREFIX_PATH}:/root/moveit_ws/install/moveit_configs_utils:/opt/ros/humble /usr/bin/cmake /root/ur10_ws/src/ur10_description -DAMENT_CMAKE_SYMLINK_INSTALL=1 -DCMAKE_INSTALL_PREFIX=/root/ur10_ws/install/ur10_description
[0.636s] DEBUG:colcon.colcon_core.event_handler.log_command:Invoking command in '/root/ur10_ws/build/ur10_description': CMAKE_PREFIX_PATH=${CMAKE_PREFIX_PATH}:/root/moveit_ws/install/moveit_configs_utils:/opt/ros/humble /usr/bin/cmake --build /root/ur10_ws/build/ur10_description -- -j4 -l4
[0.671s] DEBUG:colcon.colcon_core.event_handler.log_command:Invoked command in '/root/ur10_ws/build/ur10_description' returned '0': CMAKE_PREFIX_PATH=${CMAKE_PREFIX_PATH}:/root/moveit_ws/install/moveit_configs_utils:/opt/ros/humble /usr/bin/cmake --build /root/ur10_ws/build/ur10_description -- -j4 -l4
[0.681s] DEBUG:colcon.colcon_core.event_handler.log_command:Invoking command in '/root/ur10_ws/build/ur10_description': CMAKE_PREFIX_PATH=${CMAKE_PREFIX_PATH}:/root/moveit_ws/install/moveit_configs_utils:/opt/ros/humble /usr/bin/cmake --install /root/ur10_ws/build/ur10_description
[0.853s] Level 1:colcon.colcon_core.environment:create_environment_scripts_only(ur10_description)
[0.854s] DEBUG:colcon.colcon_core.event_handler.log_command:Invoked command in '/root/ur10_ws/build/ur10_description' returned '0': CMAKE_PREFIX_PATH=${CMAKE_PREFIX_PATH}:/root/moveit_ws/install/moveit_configs_utils:/opt/ros/humble /usr/bin/cmake --install /root/ur10_ws/build/ur10_description
[0.855s] Level 1:colcon.colcon_core.environment:checking '/root/ur10_ws/install/ur10_description' for CMake module files
[0.856s] Level 1:colcon.colcon_core.environment:checking '/root/ur10_ws/install/ur10_description' for CMake config files
[0.856s] Level 1:colcon.colcon_core.shell:create_environment_hook('ur10_description', 'cmake_prefix_path')
[0.856s] INFO:colcon.colcon_core.shell:Creating environment hook '/root/ur10_ws/install/ur10_description/share/ur10_description/hook/cmake_prefix_path.ps1'
[0.857s] INFO:colcon.colcon_core.shell:Creating environment descriptor '/root/ur10_ws/install/ur10_description/share/ur10_description/hook/cmake_prefix_path.dsv'
[0.857s] INFO:colcon.colcon_core.shell:Creating environment hook '/root/ur10_ws/install/ur10_description/share/ur10_description/hook/cmake_prefix_path.sh'
[0.857s] Level 1:colcon.colcon_core.environment:checking '/root/ur10_ws/install/ur10_description/bin'
[0.857s] Level 1:colcon.colcon_core.environment:checking '/root/ur10_ws/install/ur10_description/lib/pkgconfig/ur10_description.pc'
[0.857s] Level 1:colcon.colcon_core.environment:checking '/root/ur10_ws/install/ur10_description/lib/python3.10/site-packages'
[0.858s] Level 1:colcon.colcon_core.environment:checking '/root/ur10_ws/install/ur10_description/bin'
[0.858s] INFO:colcon.colcon_core.shell:Creating package script '/root/ur10_ws/install/ur10_description/share/ur10_description/package.ps1'
[0.859s] INFO:colcon.colcon_core.shell:Creating package descriptor '/root/ur10_ws/install/ur10_description/share/ur10_description/package.dsv'
[0.860s] INFO:colcon.colcon_core.shell:Creating package script '/root/ur10_ws/install/ur10_description/share/ur10_description/package.sh'
[0.860s] INFO:colcon.colcon_core.shell:Creating package script '/root/ur10_ws/install/ur10_description/share/ur10_description/package.bash'
[0.861s] INFO:colcon.colcon_core.shell:Creating package script '/root/ur10_ws/install/ur10_description/share/ur10_description/package.zsh'
[0.862s] Level 1:colcon.colcon_core.environment:create_file_with_runtime_dependencies(/root/ur10_ws/install/ur10_description/share/colcon-core/packages/ur10_description)
[0.862s] Level 1:colcon.colcon_core.environment:create_environment_scripts_only(ur10_description)
[0.863s] Level 1:colcon.colcon_core.environment:checking '/root/ur10_ws/install/ur10_description' for CMake module files
[0.863s] Level 1:colcon.colcon_core.environment:checking '/root/ur10_ws/install/ur10_description' for CMake config files
[0.863s] Level 1:colcon.colcon_core.shell:create_environment_hook('ur10_description', 'cmake_prefix_path')
[0.863s] INFO:colcon.colcon_core.shell:Creating environment hook '/root/ur10_ws/install/ur10_description/share/ur10_description/hook/cmake_prefix_path.ps1'
[0.863s] INFO:colcon.colcon_core.shell:Creating environment descriptor '/root/ur10_ws/install/ur10_description/share/ur10_description/hook/cmake_prefix_path.dsv'
[0.864s] INFO:colcon.colcon_core.shell:Creating environment hook '/root/ur10_ws/install/ur10_description/share/ur10_description/hook/cmake_prefix_path.sh'
[0.864s] Level 1:colcon.colcon_core.environment:checking '/root/ur10_ws/install/ur10_description/bin'
[0.864s] Level 1:colcon.colcon_core.environment:checking '/root/ur10_ws/install/ur10_description/lib/pkgconfig/ur10_description.pc'
[0.864s] Level 1:colcon.colcon_core.environment:checking '/root/ur10_ws/install/ur10_description/lib/python3.10/site-packages'
[0.864s] Level 1:colcon.colcon_core.environment:checking '/root/ur10_ws/install/ur10_description/bin'
[0.864s] INFO:colcon.colcon_core.shell:Creating package script '/root/ur10_ws/install/ur10_description/share/ur10_description/package.ps1'
[0.865s] INFO:colcon.colcon_core.shell:Creating package descriptor '/root/ur10_ws/install/ur10_description/share/ur10_description/package.dsv'
[0.865s] INFO:colcon.colcon_core.shell:Creating package script '/root/ur10_ws/install/ur10_description/share/ur10_description/package.sh'
[0.865s] INFO:colcon.colcon_core.shell:Creating package script '/root/ur10_ws/install/ur10_description/share/ur10_description/package.bash'
[0.865s] INFO:colcon.colcon_core.shell:Creating package script '/root/ur10_ws/install/ur10_description/share/ur10_description/package.zsh'
[0.866s] Level 1:colcon.colcon_core.environment:create_file_with_runtime_dependencies(/root/ur10_ws/install/ur10_description/share/colcon-core/packages/ur10_description)
[0.866s] INFO:colcon.colcon_ros.task.ament_cmake.build:Building ROS package in '/root/ur10_ws/src/ur10_moveit_config' with build type 'ament_cmake'
[0.866s] INFO:colcon.colcon_cmake.task.cmake.build:Building CMake package in '/root/ur10_ws/src/ur10_moveit_config'
[0.866s] INFO:colcon.colcon_core.shell:Skip shell extension 'powershell' for command environment: Not usable outside of PowerShell
[0.866s] DEBUG:colcon.colcon_core.shell:Skip shell extension 'dsv' for command environment
[0.889s] DEBUG:colcon.colcon_core.event_handler.log_command:Invoking command in '/root/ur10_ws/build/ur10_examples_py': PYTHONPATH=/root/ur10_ws/build/ur10_examples_py/prefix_override:/usr/lib/python3/dist-packages/colcon_core/task/python/colcon_distutils_commands:/root/ur10_ws/install/ur10_examples_py/lib/python3.10/site-packages:${PYTHONPATH} /usr/bin/python3 -W ignore:setup.py install is deprecated -W ignore:easy_install command is deprecated setup.py develop --editable --build-directory /root/ur10_ws/build/ur10_examples_py/build --no-deps symlink_data
[0.964s] DEBUG:colcon.colcon_core.event_handler.log_command:Invoking command in '/root/ur10_ws/build/ur10_moveit_config': AMENT_PREFIX_PATH=/root/ur10_ws/install/ur10_description:${AMENT_PREFIX_PATH} CMAKE_PREFIX_PATH=/root/ur10_ws/install/ur10_description:/root/moveit_ws/install/pilz_industrial_motion_planner_testutils:/root/moveit_ws/install/moveit_simple_controller_manager:/root/moveit_ws/install/moveit_py:/root/moveit_ws/install/moveit_ros_planning_interface:/root/moveit_ws/install/moveit_ros_warehouse:/root/moveit_ws/install/moveit_ros_robot_interaction:/root/moveit_ws/install/moveit_resources_prbt_pg70_support:/root/moveit_ws/install/moveit_resources_prbt_moveit_config:/root/moveit_ws/install/moveit_ros_move_group:/root/moveit_ws/install/moveit_planners_ompl:/root/moveit_ws/install/moveit_ros_planning:/root/moveit_ws/install/moveit_ros_occupancy_map_monitor:/root/moveit_ws/install/moveit_resources_prbt_ikfast_manipulator_plugin:/root/moveit_ws/install/moveit_planners_chomp:/root/moveit_ws/install/moveit_kinematics:/root/moveit_ws/install/chomp_motion_planner:/root/moveit_ws/install/moveit_core:/root/moveit_ws/install/srdfdom:/root/moveit_ws/install/rviz_marker_tools:/root/moveit_ws/install/ruckig:/root/moveit_ws/install/geometric_shapes:/root/moveit_ws/install/random_numbers:/root/moveit_ws/install/ompl:/root/moveit_ws/install/moveit_task_constructor_msgs:/root/moveit_ws/install/moveit_resources_prbt_support:/root/moveit_ws/install/moveit_resources_pr2_description:/root/moveit_ws/install/moveit_resources_panda_moveit_config:/root/moveit_ws/install/moveit_resources_panda_description:/root/moveit_ws/install/moveit_resources_fanuc_moveit_config:/root/moveit_ws/install/moveit_resources_fanuc_description:/root/moveit_ws/install/moveit_msgs:/root/moveit_ws/install/moveit_common:/root/moveit_ws/install/moveit_configs_utils:/opt/ros/humble /usr/bin/cmake /root/ur10_ws/src/ur10_moveit_config -DAMENT_CMAKE_SYMLINK_INSTALL=1 -DCMAKE_INSTALL_PREFIX=/root/ur10_ws/install/ur10_moveit_config
[1.197s] DEBUG:colcon.colcon_core.event_handler.log_command:Invoked command in '/root/ur10_ws/build/ur10_moveit_config' returned '0': AMENT_PREFIX_PATH=/root/ur10_ws/install/ur10_description:${AMENT_PREFIX_PATH} CMAKE_PREFIX_PATH=/root/ur10_ws/install/ur10_description:/root/moveit_ws/install/pilz_industrial_motion_planner_testutils:/root/moveit_ws/install/moveit_simple_controller_manager:/root/moveit_ws/install/moveit_py:/root/moveit_ws/install/moveit_ros_planning_interface:/root/moveit_ws/install/moveit_ros_warehouse:/root/moveit_ws/install/moveit_ros_robot_interaction:/root/moveit_ws/install/moveit_resources_prbt_pg70_support:/root/moveit_ws/install/moveit_resources_prbt_moveit_config:/root/moveit_ws/install/moveit_ros_move_group:/root/moveit_ws/install/moveit_planners_ompl:/root/moveit_ws/install/moveit_ros_planning:/root/moveit_ws/install/moveit_ros_occupancy_map_monitor:/root/moveit_ws/install/moveit_resources_prbt_ikfast_manipulator_plugin:/root/moveit_ws/install/moveit_planners_chomp:/root/moveit_ws/install/moveit_kinematics:/root/moveit_ws/install/chomp_motion_planner:/root/moveit_ws/install/moveit_core:/root/moveit_ws/install/srdfdom:/root/moveit_ws/install/rviz_marker_tools:/root/moveit_ws/install/ruckig:/root/moveit_ws/install/geometric_shapes:/root/moveit_ws/install/random_numbers:/root/moveit_ws/install/ompl:/root/moveit_ws/install/moveit_task_constructor_msgs:/root/moveit_ws/install/moveit_resources_prbt_support:/root/moveit_ws/install/moveit_resources_pr2_description:/root/moveit_ws/install/moveit_resources_panda_moveit_config:/root/moveit_ws/install/moveit_resources_panda_description:/root/moveit_ws/install/moveit_resources_fanuc_moveit_config:/root/moveit_ws/install/moveit_resources_fanuc_description:/root/moveit_ws/install/moveit_msgs:/root/moveit_ws/install/moveit_common:/root/moveit_ws/install/moveit_configs_utils:/opt/ros/humble /usr/bin/cmake /root/ur10_ws/src/ur10_moveit_config -DAMENT_CMAKE_SYMLINK_INSTALL=1 -DCMAKE_INSTALL_PREFIX=/root/ur10_ws/install/ur10_moveit_config
[1.198s] DEBUG:colcon.colcon_core.event_handler.log_command:Invoking command in '/root/ur10_ws/build/ur10_moveit_config': AMENT_PREFIX_PATH=/root/ur10_ws/install/ur10_description:${AMENT_PREFIX_PATH} CMAKE_PREFIX_PATH=/root/ur10_ws/install/ur10_description:/root/moveit_ws/install/pilz_industrial_motion_planner_testutils:/root/moveit_ws/install/moveit_simple_controller_manager:/root/moveit_ws/install/moveit_py:/root/moveit_ws/install/moveit_ros_planning_interface:/root/moveit_ws/install/moveit_ros_warehouse:/root/moveit_ws/install/moveit_ros_robot_interaction:/root/moveit_ws/install/moveit_resources_prbt_pg70_support:/root/moveit_ws/install/moveit_resources_prbt_moveit_config:/root/moveit_ws/install/moveit_ros_move_group:/root/moveit_ws/install/moveit_planners_ompl:/root/moveit_ws/install/moveit_ros_planning:/root/moveit_ws/install/moveit_ros_occupancy_map_monitor:/root/moveit_ws/install/moveit_resources_prbt_ikfast_manipulator_plugin:/root/moveit_ws/install/moveit_planners_chomp:/root/moveit_ws/install/moveit_kinematics:/root/moveit_ws/install/chomp_motion_planner:/root/moveit_ws/install/moveit_core:/root/moveit_ws/install/srdfdom:/root/moveit_ws/install/rviz_marker_tools:/root/moveit_ws/install/ruckig:/root/moveit_ws/install/geometric_shapes:/root/moveit_ws/install/random_numbers:/root/moveit_ws/install/ompl:/root/moveit_ws/install/moveit_task_constructor_msgs:/root/moveit_ws/install/moveit_resources_prbt_support:/root/moveit_ws/install/moveit_resources_pr2_description:/root/moveit_ws/install/moveit_resources_panda_moveit_config:/root/moveit_ws/install/moveit_resources_panda_description:/root/moveit_ws/install/moveit_resources_fanuc_moveit_config:/root/moveit_ws/install/moveit_resources_fanuc_description:/root/moveit_ws/install/moveit_msgs:/root/moveit_ws/install/moveit_common:/root/moveit_ws/install/moveit_configs_utils:/opt/ros/humble /usr/bin/cmake --build /root/ur10_ws/build/ur10_moveit_config -- -j4 -l4
[1.228s] Level 1:colcon.colcon_core.shell:create_environment_hook('ur10_examples_py', 'pythonpath_develop')
[1.228s] INFO:colcon.colcon_core.shell:Creating environment hook '/root/ur10_ws/build/ur10_examples_py/share/ur10_examples_py/hook/pythonpath_develop.ps1'
[1.229s] DEBUG:colcon.colcon_core.event_handler.log_command:Invoked command in '/root/ur10_ws/build/ur10_examples_py' returned '0': PYTHONPATH=/root/ur10_ws/build/ur10_examples_py/prefix_override:/usr/lib/python3/dist-packages/colcon_core/task/python/colcon_distutils_commands:/root/ur10_ws/install/ur10_examples_py/lib/python3.10/site-packages:${PYTHONPATH} /usr/bin/python3 -W ignore:setup.py install is deprecated -W ignore:easy_install command is deprecated setup.py develop --editable --build-directory /root/ur10_ws/build/ur10_examples_py/build --no-deps symlink_data
[1.229s] INFO:colcon.colcon_core.shell:Creating environment descriptor '/root/ur10_ws/build/ur10_examples_py/share/ur10_examples_py/hook/pythonpath_develop.dsv'
[1.229s] INFO:colcon.colcon_core.shell:Creating environment hook '/root/ur10_ws/build/ur10_examples_py/share/ur10_examples_py/hook/pythonpath_develop.sh'
[1.230s] Level 1:colcon.colcon_core.environment:checking '/root/ur10_ws/install/ur10_examples_py' for CMake module files
[1.230s] Level 1:colcon.colcon_core.environment:checking '/root/ur10_ws/install/ur10_examples_py' for CMake config files
[1.230s] Level 1:colcon.colcon_core.environment:checking '/root/ur10_ws/install/ur10_examples_py/lib'
[1.230s] Level 1:colcon.colcon_core.environment:checking '/root/ur10_ws/install/ur10_examples_py/bin'
[1.230s] Level 1:colcon.colcon_core.environment:checking '/root/ur10_ws/install/ur10_examples_py/lib/pkgconfig/ur10_examples_py.pc'
[1.231s] Level 1:colcon.colcon_core.environment:checking '/root/ur10_ws/install/ur10_examples_py/lib/python3.10/site-packages'
[1.231s] Level 1:colcon.colcon_core.shell:create_environment_hook('ur10_examples_py', 'pythonpath')
[1.231s] INFO:colcon.colcon_core.shell:Creating environment hook '/root/ur10_ws/install/ur10_examples_py/share/ur10_examples_py/hook/pythonpath.ps1'
[1.231s] INFO:colcon.colcon_core.shell:Creating environment descriptor '/root/ur10_ws/install/ur10_examples_py/share/ur10_examples_py/hook/pythonpath.dsv'
[1.231s] INFO:colcon.colcon_core.shell:Creating environment hook '/root/ur10_ws/install/ur10_examples_py/share/ur10_examples_py/hook/pythonpath.sh'
[1.232s] Level 1:colcon.colcon_core.environment:checking '/root/ur10_ws/install/ur10_examples_py/bin'
[1.232s] Level 1:colcon.colcon_core.environment:create_environment_scripts_only(ur10_examples_py)
[1.232s] INFO:colcon.colcon_core.shell:Creating package script '/root/ur10_ws/install/ur10_examples_py/share/ur10_examples_py/package.ps1'
[1.232s] INFO:colcon.colcon_core.shell:Creating package descriptor '/root/ur10_ws/install/ur10_examples_py/share/ur10_examples_py/package.dsv'
[1.233s] INFO:colcon.colcon_core.shell:Creating package script '/root/ur10_ws/install/ur10_examples_py/share/ur10_examples_py/package.sh'
[1.233s] INFO:colcon.colcon_core.shell:Creating package script '/root/ur10_ws/install/ur10_examples_py/share/ur10_examples_py/package.bash'
[1.233s] INFO:colcon.colcon_core.shell:Creating package script '/root/ur10_ws/install/ur10_examples_py/share/ur10_examples_py/package.zsh'
[1.234s] Level 1:colcon.colcon_core.environment:create_file_with_runtime_dependencies(/root/ur10_ws/install/ur10_examples_py/share/colcon-core/packages/ur10_examples_py)
[1.460s] DEBUG:colcon.colcon_core.event_handler.log_command:Invoked command in '/root/ur10_ws/build/ur10_moveit_config' returned '0': AMENT_PREFIX_PATH=/root/ur10_ws/install/ur10_description:${AMENT_PREFIX_PATH} CMAKE_PREFIX_PATH=/root/ur10_ws/install/ur10_description:/root/moveit_ws/install/pilz_industrial_motion_planner_testutils:/root/moveit_ws/install/moveit_simple_controller_manager:/root/moveit_ws/install/moveit_py:/root/moveit_ws/install/moveit_ros_planning_interface:/root/moveit_ws/install/moveit_ros_warehouse:/root/moveit_ws/install/moveit_ros_robot_interaction:/root/moveit_ws/install/moveit_resources_prbt_pg70_support:/root/moveit_ws/install/moveit_resources_prbt_moveit_config:/root/moveit_ws/install/moveit_ros_move_group:/root/moveit_ws/install/moveit_planners_ompl:/root/moveit_ws/install/moveit_ros_planning:/root/moveit_ws/install/moveit_ros_occupancy_map_monitor:/root/moveit_ws/install/moveit_resources_prbt_ikfast_manipulator_plugin:/root/moveit_ws/install/moveit_planners_chomp:/root/moveit_ws/install/moveit_kinematics:/root/moveit_ws/install/chomp_motion_planner:/root/moveit_ws/install/moveit_core:/root/moveit_ws/install/srdfdom:/root/moveit_ws/install/rviz_marker_tools:/root/moveit_ws/install/ruckig:/root/moveit_ws/install/geometric_shapes:/root/moveit_ws/install/random_numbers:/root/moveit_ws/install/ompl:/root/moveit_ws/install/moveit_task_constructor_msgs:/root/moveit_ws/install/moveit_resources_prbt_support:/root/moveit_ws/install/moveit_resources_pr2_description:/root/moveit_ws/install/moveit_resources_panda_moveit_config:/root/moveit_ws/install/moveit_resources_panda_description:/root/moveit_ws/install/moveit_resources_fanuc_moveit_config:/root/moveit_ws/install/moveit_resources_fanuc_description:/root/moveit_ws/install/moveit_msgs:/root/moveit_ws/install/moveit_common:/root/moveit_ws/install/moveit_configs_utils:/opt/ros/humble /usr/bin/cmake --build /root/ur10_ws/build/ur10_moveit_config -- -j4 -l4
[1.461s] DEBUG:colcon.colcon_core.event_handler.log_command:Invoking command in '/root/ur10_ws/build/ur10_moveit_config': AMENT_PREFIX_PATH=/root/ur10_ws/install/ur10_description:${AMENT_PREFIX_PATH} CMAKE_PREFIX_PATH=/root/ur10_ws/install/ur10_description:/root/moveit_ws/install/pilz_industrial_motion_planner_testutils:/root/moveit_ws/install/moveit_simple_controller_manager:/root/moveit_ws/install/moveit_py:/root/moveit_ws/install/moveit_ros_planning_interface:/root/moveit_ws/install/moveit_ros_warehouse:/root/moveit_ws/install/moveit_ros_robot_interaction:/root/moveit_ws/install/moveit_resources_prbt_pg70_support:/root/moveit_ws/install/moveit_resources_prbt_moveit_config:/root/moveit_ws/install/moveit_ros_move_group:/root/moveit_ws/install/moveit_planners_ompl:/root/moveit_ws/install/moveit_ros_planning:/root/moveit_ws/install/moveit_ros_occupancy_map_monitor:/root/moveit_ws/install/moveit_resources_prbt_ikfast_manipulator_plugin:/root/moveit_ws/install/moveit_planners_chomp:/root/moveit_ws/install/moveit_kinematics:/root/moveit_ws/install/chomp_motion_planner:/root/moveit_ws/install/moveit_core:/root/moveit_ws/install/srdfdom:/root/moveit_ws/install/rviz_marker_tools:/root/moveit_ws/install/ruckig:/root/moveit_ws/install/geometric_shapes:/root/moveit_ws/install/random_numbers:/root/moveit_ws/install/ompl:/root/moveit_ws/install/moveit_task_constructor_msgs:/root/moveit_ws/install/moveit_resources_prbt_support:/root/moveit_ws/install/moveit_resources_pr2_description:/root/moveit_ws/install/moveit_resources_panda_moveit_config:/root/moveit_ws/install/moveit_resources_panda_description:/root/moveit_ws/install/moveit_resources_fanuc_moveit_config:/root/moveit_ws/install/moveit_resources_fanuc_description:/root/moveit_ws/install/moveit_msgs:/root/moveit_ws/install/moveit_common:/root/moveit_ws/install/moveit_configs_utils:/opt/ros/humble /usr/bin/cmake --install /root/ur10_ws/build/ur10_moveit_config
[1.822s] Level 1:colcon.colcon_core.environment:create_environment_scripts_only(ur10_moveit_config)
[1.822s] Level 1:colcon.colcon_core.environment:checking '/root/ur10_ws/install/ur10_moveit_config' for CMake module files
[1.823s] DEBUG:colcon.colcon_core.event_handler.log_command:Invoked command in '/root/ur10_ws/build/ur10_moveit_config' returned '0': AMENT_PREFIX_PATH=/root/ur10_ws/install/ur10_description:${AMENT_PREFIX_PATH} CMAKE_PREFIX_PATH=/root/ur10_ws/install/ur10_description:/root/moveit_ws/install/pilz_industrial_motion_planner_testutils:/root/moveit_ws/install/moveit_simple_controller_manager:/root/moveit_ws/install/moveit_py:/root/moveit_ws/install/moveit_ros_planning_interface:/root/moveit_ws/install/moveit_ros_warehouse:/root/moveit_ws/install/moveit_ros_robot_interaction:/root/moveit_ws/install/moveit_resources_prbt_pg70_support:/root/moveit_ws/install/moveit_resources_prbt_moveit_config:/root/moveit_ws/install/moveit_ros_move_group:/root/moveit_ws/install/moveit_planners_ompl:/root/moveit_ws/install/moveit_ros_planning:/root/moveit_ws/install/moveit_ros_occupancy_map_monitor:/root/moveit_ws/install/moveit_resources_prbt_ikfast_manipulator_plugin:/root/moveit_ws/install/moveit_planners_chomp:/root/moveit_ws/install/moveit_kinematics:/root/moveit_ws/install/chomp_motion_planner:/root/moveit_ws/install/moveit_core:/root/moveit_ws/install/srdfdom:/root/moveit_ws/install/rviz_marker_tools:/root/moveit_ws/install/ruckig:/root/moveit_ws/install/geometric_shapes:/root/moveit_ws/install/random_numbers:/root/moveit_ws/install/ompl:/root/moveit_ws/install/moveit_task_constructor_msgs:/root/moveit_ws/install/moveit_resources_prbt_support:/root/moveit_ws/install/moveit_resources_pr2_description:/root/moveit_ws/install/moveit_resources_panda_moveit_config:/root/moveit_ws/install/moveit_resources_panda_description:/root/moveit_ws/install/moveit_resources_fanuc_moveit_config:/root/moveit_ws/install/moveit_resources_fanuc_description:/root/moveit_ws/install/moveit_msgs:/root/moveit_ws/install/moveit_common:/root/moveit_ws/install/moveit_configs_utils:/opt/ros/humble /usr/bin/cmake --install /root/ur10_ws/build/ur10_moveit_config
[1.823s] Level 1:colcon.colcon_core.environment:checking '/root/ur10_ws/install/ur10_moveit_config' for CMake config files
[1.824s] Level 1:colcon.colcon_core.shell:create_environment_hook('ur10_moveit_config', 'cmake_prefix_path')
[1.824s] INFO:colcon.colcon_core.shell:Creating environment hook '/root/ur10_ws/install/ur10_moveit_config/share/ur10_moveit_config/hook/cmake_prefix_path.ps1'
[1.824s] INFO:colcon.colcon_core.shell:Creating environment descriptor '/root/ur10_ws/install/ur10_moveit_config/share/ur10_moveit_config/hook/cmake_prefix_path.dsv'
[1.825s] INFO:colcon.colcon_core.shell:Creating environment hook '/root/ur10_ws/install/ur10_moveit_config/share/ur10_moveit_config/hook/cmake_prefix_path.sh'
[1.825s] Level 1:colcon.colcon_core.environment:checking '/root/ur10_ws/install/ur10_moveit_config/bin'
[1.825s] Level 1:colcon.colcon_core.environment:checking '/root/ur10_ws/install/ur10_moveit_config/lib/pkgconfig/ur10_moveit_config.pc'
[1.825s] Level 1:colcon.colcon_core.environment:checking '/root/ur10_ws/install/ur10_moveit_config/lib/python3.10/site-packages'
[1.825s] Level 1:colcon.colcon_core.environment:checking '/root/ur10_ws/install/ur10_moveit_config/bin'
[1.826s] INFO:colcon.colcon_core.shell:Creating package script '/root/ur10_ws/install/ur10_moveit_config/share/ur10_moveit_config/package.ps1'
[1.826s] INFO:colcon.colcon_core.shell:Creating package descriptor '/root/ur10_ws/install/ur10_moveit_config/share/ur10_moveit_config/package.dsv'
[1.826s] INFO:colcon.colcon_core.shell:Creating package script '/root/ur10_ws/install/ur10_moveit_config/share/ur10_moveit_config/package.sh'
[1.826s] INFO:colcon.colcon_core.shell:Creating package script '/root/ur10_ws/install/ur10_moveit_config/share/ur10_moveit_config/package.bash'
[1.827s] INFO:colcon.colcon_core.shell:Creating package script '/root/ur10_ws/install/ur10_moveit_config/share/ur10_moveit_config/package.zsh'
[1.827s] Level 1:colcon.colcon_core.environment:create_file_with_runtime_dependencies(/root/ur10_ws/install/ur10_moveit_config/share/colcon-core/packages/ur10_moveit_config)
[1.828s] Level 1:colcon.colcon_core.environment:create_environment_scripts_only(ur10_moveit_config)
[1.828s] Level 1:colcon.colcon_core.environment:checking '/root/ur10_ws/install/ur10_moveit_config' for CMake module files
[1.828s] Level 1:colcon.colcon_core.environment:checking '/root/ur10_ws/install/ur10_moveit_config' for CMake config files
[1.828s] Level 1:colcon.colcon_core.shell:create_environment_hook('ur10_moveit_config', 'cmake_prefix_path')
[1.829s] INFO:colcon.colcon_core.shell:Creating environment hook '/root/ur10_ws/install/ur10_moveit_config/share/ur10_moveit_config/hook/cmake_prefix_path.ps1'
[1.829s] INFO:colcon.colcon_core.shell:Creating environment descriptor '/root/ur10_ws/install/ur10_moveit_config/share/ur10_moveit_config/hook/cmake_prefix_path.dsv'
[1.829s] INFO:colcon.colcon_core.shell:Creating environment hook '/root/ur10_ws/install/ur10_moveit_config/share/ur10_moveit_config/hook/cmake_prefix_path.sh'
[1.829s] Level 1:colcon.colcon_core.environment:checking '/root/ur10_ws/install/ur10_moveit_config/bin'
[1.830s] Level 1:colcon.colcon_core.environment:checking '/root/ur10_ws/install/ur10_moveit_config/lib/pkgconfig/ur10_moveit_config.pc'
[1.830s] Level 1:colcon.colcon_core.environment:checking '/root/ur10_ws/install/ur10_moveit_config/lib/python3.10/site-packages'
[1.830s] Level 1:colcon.colcon_core.environment:checking '/root/ur10_ws/install/ur10_moveit_config/bin'
[1.830s] INFO:colcon.colcon_core.shell:Creating package script '/root/ur10_ws/install/ur10_moveit_config/share/ur10_moveit_config/package.ps1'
[1.830s] INFO:colcon.colcon_core.shell:Creating package descriptor '/root/ur10_ws/install/ur10_moveit_config/share/ur10_moveit_config/package.dsv'
[1.831s] INFO:colcon.colcon_core.shell:Creating package script '/root/ur10_ws/install/ur10_moveit_config/share/ur10_moveit_config/package.sh'
[1.831s] INFO:colcon.colcon_core.shell:Creating package script '/root/ur10_ws/install/ur10_moveit_config/share/ur10_moveit_config/package.bash'
[1.831s] INFO:colcon.colcon_core.shell:Creating package script '/root/ur10_ws/install/ur10_moveit_config/share/ur10_moveit_config/package.zsh'
[1.831s] Level 1:colcon.colcon_core.environment:create_file_with_runtime_dependencies(/root/ur10_ws/install/ur10_moveit_config/share/colcon-core/packages/ur10_moveit_config)
[35.751s] DEBUG:colcon.colcon_core.event_handler.log_command:Invoked command in '/root/ur10_ws/build/ur10_examples' returned '0': CMAKE_PREFIX_PATH=${CMAKE_PREFIX_PATH}:/root/moveit_ws/install/moveit_configs_utils:/opt/ros/humble /usr/bin/cmake /root/ur10_ws/src/ur10_examples -DAMENT_CMAKE_SYMLINK_INSTALL=1 -DCMAKE_INSTALL_PREFIX=/root/ur10_ws/install/ur10_examples
[35.752s] DEBUG:colcon.colcon_core.event_handler.log_command:Invoking command in '/root/ur10_ws/build/ur10_examples': CMAKE_PREFIX_PATH=${CMAKE_PREFIX_PATH}:/root/moveit_ws/install/moveit_configs_utils:/opt/ros/humble /usr/bin/cmake --build /root/ur10_ws/build/ur10_examples -- -j4 -l4
[43.559s] DEBUG:colcon.colcon_core.event_handler.log_command:Invoked command in '/root/ur10_ws/build/ur10_examples' returned '0': CMAKE_PREFIX_PATH=${CMAKE_PREFIX_PATH}:/root/moveit_ws/install/moveit_configs_utils:/opt/ros/humble /usr/bin/cmake --build /root/ur10_ws/build/ur10_examples -- -j4 -l4
[43.560s] DEBUG:colcon.colcon_core.event_handler.log_command:Invoking command in '/root/ur10_ws/build/ur10_examples': CMAKE_PREFIX_PATH=${CMAKE_PREFIX_PATH}:/root/moveit_ws/install/moveit_configs_utils:/opt/ros/humble /usr/bin/cmake --install /root/ur10_ws/build/ur10_examples
[43.709s] Level 1:colcon.colcon_core.environment:create_environment_scripts_only(ur10_examples)
[43.709s] Level 1:colcon.colcon_core.environment:checking '/root/ur10_ws/install/ur10_examples' for CMake module files
[43.709s] DEBUG:colcon.colcon_core.event_handler.log_command:Invoked command in '/root/ur10_ws/build/ur10_examples' returned '0': CMAKE_PREFIX_PATH=${CMAKE_PREFIX_PATH}:/root/moveit_ws/install/moveit_configs_utils:/opt/ros/humble /usr/bin/cmake --install /root/ur10_ws/build/ur10_examples
[43.710s] Level 1:colcon.colcon_core.environment:checking '/root/ur10_ws/install/ur10_examples' for CMake config files
[43.710s] Level 1:colcon.colcon_core.shell:create_environment_hook('ur10_examples', 'cmake_prefix_path')
[43.710s] INFO:colcon.colcon_core.shell:Creating environment hook '/root/ur10_ws/install/ur10_examples/share/ur10_examples/hook/cmake_prefix_path.ps1'
[43.710s] INFO:colcon.colcon_core.shell:Creating environment descriptor '/root/ur10_ws/install/ur10_examples/share/ur10_examples/hook/cmake_prefix_path.dsv'
[43.711s] INFO:colcon.colcon_core.shell:Creating environment hook '/root/ur10_ws/install/ur10_examples/share/ur10_examples/hook/cmake_prefix_path.sh'
[43.711s] Level 1:colcon.colcon_core.environment:checking '/root/ur10_ws/install/ur10_examples/lib'
[43.711s] Level 1:colcon.colcon_core.environment:checking '/root/ur10_ws/install/ur10_examples/bin'
[43.711s] Level 1:colcon.colcon_core.environment:checking '/root/ur10_ws/install/ur10_examples/lib/pkgconfig/ur10_examples.pc'
[43.711s] Level 1:colcon.colcon_core.environment:checking '/root/ur10_ws/install/ur10_examples/lib/python3.10/site-packages'
[43.711s] Level 1:colcon.colcon_core.environment:checking '/root/ur10_ws/install/ur10_examples/bin'
[43.712s] INFO:colcon.colcon_core.shell:Creating package script '/root/ur10_ws/install/ur10_examples/share/ur10_examples/package.ps1'
[43.712s] INFO:colcon.colcon_core.shell:Creating package descriptor '/root/ur10_ws/install/ur10_examples/share/ur10_examples/package.dsv'
[43.712s] INFO:colcon.colcon_core.shell:Creating package script '/root/ur10_ws/install/ur10_examples/share/ur10_examples/package.sh'
[43.712s] INFO:colcon.colcon_core.shell:Creating package script '/root/ur10_ws/install/ur10_examples/share/ur10_examples/package.bash'
[43.712s] INFO:colcon.colcon_core.shell:Creating package script '/root/ur10_ws/install/ur10_examples/share/ur10_examples/package.zsh'
[43.713s] Level 1:colcon.colcon_core.environment:create_file_with_runtime_dependencies(/root/ur10_ws/install/ur10_examples/share/colcon-core/packages/ur10_examples)
[43.713s] Level 1:colcon.colcon_core.environment:create_environment_scripts_only(ur10_examples)
[43.713s] Level 1:colcon.colcon_core.environment:checking '/root/ur10_ws/install/ur10_examples' for CMake module files
[43.713s] Level 1:colcon.colcon_core.environment:checking '/root/ur10_ws/install/ur10_examples' for CMake config files
[43.714s] Level 1:colcon.colcon_core.shell:create_environment_hook('ur10_examples', 'cmake_prefix_path')
[43.714s] INFO:colcon.colcon_core.shell:Creating environment hook '/root/ur10_ws/install/ur10_examples/share/ur10_examples/hook/cmake_prefix_path.ps1'
[43.714s] INFO:colcon.colcon_core.shell:Creating environment descriptor '/root/ur10_ws/install/ur10_examples/share/ur10_examples/hook/cmake_prefix_path.dsv'
[43.714s] INFO:colcon.colcon_core.shell:Creating environment hook '/root/ur10_ws/install/ur10_examples/share/ur10_examples/hook/cmake_prefix_path.sh'
[43.714s] Level 1:colcon.colcon_core.environment:checking '/root/ur10_ws/install/ur10_examples/lib'
[43.714s] Level 1:colcon.colcon_core.environment:checking '/root/ur10_ws/install/ur10_examples/bin'
[43.715s] Level 1:colcon.colcon_core.environment:checking '/root/ur10_ws/install/ur10_examples/lib/pkgconfig/ur10_examples.pc'
[43.715s] Level 1:colcon.colcon_core.environment:checking '/root/ur10_ws/install/ur10_examples/lib/python3.10/site-packages'
[43.715s] Level 1:colcon.colcon_core.environment:checking '/root/ur10_ws/install/ur10_examples/bin'
[43.715s] INFO:colcon.colcon_core.shell:Creating package script '/root/ur10_ws/install/ur10_examples/share/ur10_examples/package.ps1'
[43.715s] INFO:colcon.colcon_core.shell:Creating package descriptor '/root/ur10_ws/install/ur10_examples/share/ur10_examples/package.dsv'
[43.715s] INFO:colcon.colcon_core.shell:Creating package script '/root/ur10_ws/install/ur10_examples/share/ur10_examples/package.sh'
[43.716s] INFO:colcon.colcon_core.shell:Creating package script '/root/ur10_ws/install/ur10_examples/share/ur10_examples/package.bash'
[43.716s] INFO:colcon.colcon_core.shell:Creating package script '/root/ur10_ws/install/ur10_examples/share/ur10_examples/package.zsh'
[43.716s] Level 1:colcon.colcon_core.environment:create_file_with_runtime_dependencies(/root/ur10_ws/install/ur10_examples/share/colcon-core/packages/ur10_examples)
[43.716s] INFO:colcon.colcon_ros.task.ament_cmake.build:Building ROS package in '/root/ur10_ws/src/ur10_simulation_bringup' with build type 'ament_cmake'
[43.716s] INFO:colcon.colcon_cmake.task.cmake.build:Building CMake package in '/root/ur10_ws/src/ur10_simulation_bringup'
[43.717s] INFO:colcon.colcon_core.shell:Skip shell extension 'powershell' for command environment: Not usable outside of PowerShell
[43.717s] DEBUG:colcon.colcon_core.shell:Skip shell extension 'dsv' for command environment
[44.507s] DEBUG:colcon.colcon_core.event_handler.log_command:Invoking command in '/root/ur10_ws/build/ur10_simulation_bringup': AMENT_PREFIX_PATH=/root/ur10_ws/install/ur10_moveit_config:/root/ur10_ws/install/ur10_examples_py:/root/ur10_ws/install/ur10_examples:/root/ur10_ws/install/ur10_description:${AMENT_PREFIX_PATH} CMAKE_PREFIX_PATH=/root/ur10_ws/install/ur10_moveit_config:/root/ur10_ws/install/ur10_examples:/root/ur10_ws/install/ur10_description:/root/moveit_ws/install/pilz_industrial_motion_planner_testutils:/root/moveit_ws/install/moveit_simple_controller_manager:/root/moveit_ws/install/moveit_py:/root/moveit_ws/install/moveit_ros_planning_interface:/root/moveit_ws/install/moveit_ros_warehouse:/root/moveit_ws/install/moveit_ros_robot_interaction:/root/moveit_ws/install/moveit_resources_prbt_pg70_support:/root/moveit_ws/install/moveit_resources_prbt_moveit_config:/root/moveit_ws/install/moveit_ros_move_group:/root/moveit_ws/install/moveit_planners_ompl:/root/moveit_ws/install/moveit_ros_planning:/root/moveit_ws/install/moveit_ros_occupancy_map_monitor:/root/moveit_ws/install/moveit_resources_prbt_ikfast_manipulator_plugin:/root/moveit_ws/install/moveit_planners_chomp:/root/moveit_ws/install/moveit_kinematics:/root/moveit_ws/install/chomp_motion_planner:/root/moveit_ws/install/moveit_core:/root/moveit_ws/install/srdfdom:/root/moveit_ws/install/rviz_marker_tools:/root/moveit_ws/install/ruckig:/root/moveit_ws/install/geometric_shapes:/root/moveit_ws/install/random_numbers:/root/moveit_ws/install/ompl:/root/moveit_ws/install/moveit_task_constructor_msgs:/root/moveit_ws/install/moveit_resources_prbt_support:/root/moveit_ws/install/moveit_resources_pr2_description:/root/moveit_ws/install/moveit_resources_panda_moveit_config:/root/moveit_ws/install/moveit_resources_panda_description:/root/moveit_ws/install/moveit_resources_fanuc_moveit_config:/root/moveit_ws/install/moveit_resources_fanuc_description:/root/moveit_ws/install/moveit_msgs:/root/moveit_ws/install/moveit_common:/root/moveit_ws/install/moveit_configs_utils:/opt/ros/humble PYTHONPATH=/root/ur10_ws/install/ur10_moveit_config/local/lib/python3.10/dist-packages:/root/ur10_ws/build/ur10_examples_py:/root/ur10_ws/install/ur10_examples_py/lib/python3.10/site-packages:${PYTHONPATH} /usr/bin/cmake /root/ur10_ws/src/ur10_simulation_bringup -DAMENT_CMAKE_SYMLINK_INSTALL=1 -DCMAKE_INSTALL_PREFIX=/root/ur10_ws/install/ur10_simulation_bringup
[44.673s] DEBUG:colcon.colcon_core.event_handler.log_command:Invoked command in '/root/ur10_ws/build/ur10_simulation_bringup' returned '0': AMENT_PREFIX_PATH=/root/ur10_ws/install/ur10_moveit_config:/root/ur10_ws/install/ur10_examples_py:/root/ur10_ws/install/ur10_examples:/root/ur10_ws/install/ur10_description:${AMENT_PREFIX_PATH} CMAKE_PREFIX_PATH=/root/ur10_ws/install/ur10_moveit_config:/root/ur10_ws/install/ur10_examples:/root/ur10_ws/install/ur10_description:/root/moveit_ws/install/pilz_industrial_motion_planner_testutils:/root/moveit_ws/install/moveit_simple_controller_manager:/root/moveit_ws/install/moveit_py:/root/moveit_ws/install/moveit_ros_planning_interface:/root/moveit_ws/install/moveit_ros_warehouse:/root/moveit_ws/install/moveit_ros_robot_interaction:/root/moveit_ws/install/moveit_resources_prbt_pg70_support:/root/moveit_ws/install/moveit_resources_prbt_moveit_config:/root/moveit_ws/install/moveit_ros_move_group:/root/moveit_ws/install/moveit_planners_ompl:/root/moveit_ws/install/moveit_ros_planning:/root/moveit_ws/install/moveit_ros_occupancy_map_monitor:/root/moveit_ws/install/moveit_resources_prbt_ikfast_manipulator_plugin:/root/moveit_ws/install/moveit_planners_chomp:/root/moveit_ws/install/moveit_kinematics:/root/moveit_ws/install/chomp_motion_planner:/root/moveit_ws/install/moveit_core:/root/moveit_ws/install/srdfdom:/root/moveit_ws/install/rviz_marker_tools:/root/moveit_ws/install/ruckig:/root/moveit_ws/install/geometric_shapes:/root/moveit_ws/install/random_numbers:/root/moveit_ws/install/ompl:/root/moveit_ws/install/moveit_task_constructor_msgs:/root/moveit_ws/install/moveit_resources_prbt_support:/root/moveit_ws/install/moveit_resources_pr2_description:/root/moveit_ws/install/moveit_resources_panda_moveit_config:/root/moveit_ws/install/moveit_resources_panda_description:/root/moveit_ws/install/moveit_resources_fanuc_moveit_config:/root/moveit_ws/install/moveit_resources_fanuc_description:/root/moveit_ws/install/moveit_msgs:/root/moveit_ws/install/moveit_common:/root/moveit_ws/install/moveit_configs_utils:/opt/ros/humble PYTHONPATH=/root/ur10_ws/install/ur10_moveit_config/local/lib/python3.10/dist-packages:/root/ur10_ws/build/ur10_examples_py:/root/ur10_ws/install/ur10_examples_py/lib/python3.10/site-packages:${PYTHONPATH} /usr/bin/cmake /root/ur10_ws/src/ur10_simulation_bringup -DAMENT_CMAKE_SYMLINK_INSTALL=1 -DCMAKE_INSTALL_PREFIX=/root/ur10_ws/install/ur10_simulation_bringup
[44.673s] DEBUG:colcon.colcon_core.event_handler.log_command:Invoking command in '/root/ur10_ws/build/ur10_simulation_bringup': AMENT_PREFIX_PATH=/root/ur10_ws/install/ur10_moveit_config:/root/ur10_ws/install/ur10_examples_py:/root/ur10_ws/install/ur10_examples:/root/ur10_ws/install/ur10_description:${AMENT_PREFIX_PATH} CMAKE_PREFIX_PATH=/root/ur10_ws/install/ur10_moveit_config:/root/ur10_ws/install/ur10_examples:/root/ur10_ws/install/ur10_description:/root/moveit_ws/install/pilz_industrial_motion_planner_testutils:/root/moveit_ws/install/moveit_simple_controller_manager:/root/moveit_ws/install/moveit_py:/root/moveit_ws/install/moveit_ros_planning_interface:/root/moveit_ws/install/moveit_ros_warehouse:/root/moveit_ws/install/moveit_ros_robot_interaction:/root/moveit_ws/install/moveit_resources_prbt_pg70_support:/root/moveit_ws/install/moveit_resources_prbt_moveit_config:/root/moveit_ws/install/moveit_ros_move_group:/root/moveit_ws/install/moveit_planners_ompl:/root/moveit_ws/install/moveit_ros_planning:/root/moveit_ws/install/moveit_ros_occupancy_map_monitor:/root/moveit_ws/install/moveit_resources_prbt_ikfast_manipulator_plugin:/root/moveit_ws/install/moveit_planners_chomp:/root/moveit_ws/install/moveit_kinematics:/root/moveit_ws/install/chomp_motion_planner:/root/moveit_ws/install/moveit_core:/root/moveit_ws/install/srdfdom:/root/moveit_ws/install/rviz_marker_tools:/root/moveit_ws/install/ruckig:/root/moveit_ws/install/geometric_shapes:/root/moveit_ws/install/random_numbers:/root/moveit_ws/install/ompl:/root/moveit_ws/install/moveit_task_constructor_msgs:/root/moveit_ws/install/moveit_resources_prbt_support:/root/moveit_ws/install/moveit_resources_pr2_description:/root/moveit_ws/install/moveit_resources_panda_moveit_config:/root/moveit_ws/install/moveit_resources_panda_description:/root/moveit_ws/install/moveit_resources_fanuc_moveit_config:/root/moveit_ws/install/moveit_resources_fanuc_description:/root/moveit_ws/install/moveit_msgs:/root/moveit_ws/install/moveit_common:/root/moveit_ws/install/moveit_configs_utils:/opt/ros/humble PYTHONPATH=/root/ur10_ws/install/ur10_moveit_config/local/lib/python3.10/dist-packages:/root/ur10_ws/build/ur10_examples_py:/root/ur10_ws/install/ur10_examples_py/lib/python3.10/site-packages:${PYTHONPATH} /usr/bin/cmake --build /root/ur10_ws/build/ur10_simulation_bringup -- -j4 -l4
[44.702s] DEBUG:colcon.colcon_core.event_handler.log_command:Invoked command in '/root/ur10_ws/build/ur10_simulation_bringup' returned '0': AMENT_PREFIX_PATH=/root/ur10_ws/install/ur10_moveit_config:/root/ur10_ws/install/ur10_examples_py:/root/ur10_ws/install/ur10_examples:/root/ur10_ws/install/ur10_description:${AMENT_PREFIX_PATH} CMAKE_PREFIX_PATH=/root/ur10_ws/install/ur10_moveit_config:/root/ur10_ws/install/ur10_examples:/root/ur10_ws/install/ur10_description:/root/moveit_ws/install/pilz_industrial_motion_planner_testutils:/root/moveit_ws/install/moveit_simple_controller_manager:/root/moveit_ws/install/moveit_py:/root/moveit_ws/install/moveit_ros_planning_interface:/root/moveit_ws/install/moveit_ros_warehouse:/root/moveit_ws/install/moveit_ros_robot_interaction:/root/moveit_ws/install/moveit_resources_prbt_pg70_support:/root/moveit_ws/install/moveit_resources_prbt_moveit_config:/root/moveit_ws/install/moveit_ros_move_group:/root/moveit_ws/install/moveit_planners_ompl:/root/moveit_ws/install/moveit_ros_planning:/root/moveit_ws/install/moveit_ros_occupancy_map_monitor:/root/moveit_ws/install/moveit_resources_prbt_ikfast_manipulator_plugin:/root/moveit_ws/install/moveit_planners_chomp:/root/moveit_ws/install/moveit_kinematics:/root/moveit_ws/install/chomp_motion_planner:/root/moveit_ws/install/moveit_core:/root/moveit_ws/install/srdfdom:/root/moveit_ws/install/rviz_marker_tools:/root/moveit_ws/install/ruckig:/root/moveit_ws/install/geometric_shapes:/root/moveit_ws/install/random_numbers:/root/moveit_ws/install/ompl:/root/moveit_ws/install/moveit_task_constructor_msgs:/root/moveit_ws/install/moveit_resources_prbt_support:/root/moveit_ws/install/moveit_resources_pr2_description:/root/moveit_ws/install/moveit_resources_panda_moveit_config:/root/moveit_ws/install/moveit_resources_panda_description:/root/moveit_ws/install/moveit_resources_fanuc_moveit_config:/root/moveit_ws/install/moveit_resources_fanuc_description:/root/moveit_ws/install/moveit_msgs:/root/moveit_ws/install/moveit_common:/root/moveit_ws/install/moveit_configs_utils:/opt/ros/humble PYTHONPATH=/root/ur10_ws/install/ur10_moveit_config/local/lib/python3.10/dist-packages:/root/ur10_ws/build/ur10_examples_py:/root/ur10_ws/install/ur10_examples_py/lib/python3.10/site-packages:${PYTHONPATH} /usr/bin/cmake --build /root/ur10_ws/build/ur10_simulation_bringup -- -j4 -l4
[44.704s] DEBUG:colcon.colcon_core.event_handler.log_command:Invoking command in '/root/ur10_ws/build/ur10_simulation_bringup': AMENT_PREFIX_PATH=/root/ur10_ws/install/ur10_moveit_config:/root/ur10_ws/install/ur10_examples_py:/root/ur10_ws/install/ur10_examples:/root/ur10_ws/install/ur10_description:${AMENT_PREFIX_PATH} CMAKE_PREFIX_PATH=/root/ur10_ws/install/ur10_moveit_config:/root/ur10_ws/install/ur10_examples:/root/ur10_ws/install/ur10_description:/root/moveit_ws/install/pilz_industrial_motion_planner_testutils:/root/moveit_ws/install/moveit_simple_controller_manager:/root/moveit_ws/install/moveit_py:/root/moveit_ws/install/moveit_ros_planning_interface:/root/moveit_ws/install/moveit_ros_warehouse:/root/moveit_ws/install/moveit_ros_robot_interaction:/root/moveit_ws/install/moveit_resources_prbt_pg70_support:/root/moveit_ws/install/moveit_resources_prbt_moveit_config:/root/moveit_ws/install/moveit_ros_move_group:/root/moveit_ws/install/moveit_planners_ompl:/root/moveit_ws/install/moveit_ros_planning:/root/moveit_ws/install/moveit_ros_occupancy_map_monitor:/root/moveit_ws/install/moveit_resources_prbt_ikfast_manipulator_plugin:/root/moveit_ws/install/moveit_planners_chomp:/root/moveit_ws/install/moveit_kinematics:/root/moveit_ws/install/chomp_motion_planner:/root/moveit_ws/install/moveit_core:/root/moveit_ws/install/srdfdom:/root/moveit_ws/install/rviz_marker_tools:/root/moveit_ws/install/ruckig:/root/moveit_ws/install/geometric_shapes:/root/moveit_ws/install/random_numbers:/root/moveit_ws/install/ompl:/root/moveit_ws/install/moveit_task_constructor_msgs:/root/moveit_ws/install/moveit_resources_prbt_support:/root/moveit_ws/install/moveit_resources_pr2_description:/root/moveit_ws/install/moveit_resources_panda_moveit_config:/root/moveit_ws/install/moveit_resources_panda_description:/root/moveit_ws/install/moveit_resources_fanuc_moveit_config:/root/moveit_ws/install/moveit_resources_fanuc_description:/root/moveit_ws/install/moveit_msgs:/root/moveit_ws/install/moveit_common:/root/moveit_ws/install/moveit_configs_utils:/opt/ros/humble PYTHONPATH=/root/ur10_ws/install/ur10_moveit_config/local/lib/python3.10/dist-packages:/root/ur10_ws/build/ur10_examples_py:/root/ur10_ws/install/ur10_examples_py/lib/python3.10/site-packages:${PYTHONPATH} /usr/bin/cmake --install /root/ur10_ws/build/ur10_simulation_bringup
[44.917s] Level 1:colcon.colcon_core.environment:create_environment_scripts_only(ur10_simulation_bringup)
[44.917s] Level 1:colcon.colcon_core.environment:checking '/root/ur10_ws/install/ur10_simulation_bringup' for CMake module files
[44.917s] DEBUG:colcon.colcon_core.event_handler.log_command:Invoked command in '/root/ur10_ws/build/ur10_simulation_bringup' returned '0': AMENT_PREFIX_PATH=/root/ur10_ws/install/ur10_moveit_config:/root/ur10_ws/install/ur10_examples_py:/root/ur10_ws/install/ur10_examples:/root/ur10_ws/install/ur10_description:${AMENT_PREFIX_PATH} CMAKE_PREFIX_PATH=/root/ur10_ws/install/ur10_moveit_config:/root/ur10_ws/install/ur10_examples:/root/ur10_ws/install/ur10_description:/root/moveit_ws/install/pilz_industrial_motion_planner_testutils:/root/moveit_ws/install/moveit_simple_controller_manager:/root/moveit_ws/install/moveit_py:/root/moveit_ws/install/moveit_ros_planning_interface:/root/moveit_ws/install/moveit_ros_warehouse:/root/moveit_ws/install/moveit_ros_robot_interaction:/root/moveit_ws/install/moveit_resources_prbt_pg70_support:/root/moveit_ws/install/moveit_resources_prbt_moveit_config:/root/moveit_ws/install/moveit_ros_move_group:/root/moveit_ws/install/moveit_planners_ompl:/root/moveit_ws/install/moveit_ros_planning:/root/moveit_ws/install/moveit_ros_occupancy_map_monitor:/root/moveit_ws/install/moveit_resources_prbt_ikfast_manipulator_plugin:/root/moveit_ws/install/moveit_planners_chomp:/root/moveit_ws/install/moveit_kinematics:/root/moveit_ws/install/chomp_motion_planner:/root/moveit_ws/install/moveit_core:/root/moveit_ws/install/srdfdom:/root/moveit_ws/install/rviz_marker_tools:/root/moveit_ws/install/ruckig:/root/moveit_ws/install/geometric_shapes:/root/moveit_ws/install/random_numbers:/root/moveit_ws/install/ompl:/root/moveit_ws/install/moveit_task_constructor_msgs:/root/moveit_ws/install/moveit_resources_prbt_support:/root/moveit_ws/install/moveit_resources_pr2_description:/root/moveit_ws/install/moveit_resources_panda_moveit_config:/root/moveit_ws/install/moveit_resources_panda_description:/root/moveit_ws/install/moveit_resources_fanuc_moveit_config:/root/moveit_ws/install/moveit_resources_fanuc_description:/root/moveit_ws/install/moveit_msgs:/root/moveit_ws/install/moveit_common:/root/moveit_ws/install/moveit_configs_utils:/opt/ros/humble PYTHONPATH=/root/ur10_ws/install/ur10_moveit_config/local/lib/python3.10/dist-packages:/root/ur10_ws/build/ur10_examples_py:/root/ur10_ws/install/ur10_examples_py/lib/python3.10/site-packages:${PYTHONPATH} /usr/bin/cmake --install /root/ur10_ws/build/ur10_simulation_bringup
[44.918s] Level 1:colcon.colcon_core.environment:checking '/root/ur10_ws/install/ur10_simulation_bringup' for CMake config files
[44.918s] Level 1:colcon.colcon_core.shell:create_environment_hook('ur10_simulation_bringup', 'cmake_prefix_path')
[44.918s] INFO:colcon.colcon_core.shell:Creating environment hook '/root/ur10_ws/install/ur10_simulation_bringup/share/ur10_simulation_bringup/hook/cmake_prefix_path.ps1'
[44.919s] INFO:colcon.colcon_core.shell:Creating environment descriptor '/root/ur10_ws/install/ur10_simulation_bringup/share/ur10_simulation_bringup/hook/cmake_prefix_path.dsv'
[44.919s] INFO:colcon.colcon_core.shell:Creating environment hook '/root/ur10_ws/install/ur10_simulation_bringup/share/ur10_simulation_bringup/hook/cmake_prefix_path.sh'
[44.919s] Level 1:colcon.colcon_core.environment:checking '/root/ur10_ws/install/ur10_simulation_bringup/bin'
[44.919s] Level 1:colcon.colcon_core.environment:checking '/root/ur10_ws/install/ur10_simulation_bringup/lib/pkgconfig/ur10_simulation_bringup.pc'
[44.919s] Level 1:colcon.colcon_core.environment:checking '/root/ur10_ws/install/ur10_simulation_bringup/lib/python3.10/site-packages'
[44.919s] Level 1:colcon.colcon_core.environment:checking '/root/ur10_ws/install/ur10_simulation_bringup/bin'
[44.920s] INFO:colcon.colcon_core.shell:Creating package script '/root/ur10_ws/install/ur10_simulation_bringup/share/ur10_simulation_bringup/package.ps1'
[44.920s] INFO:colcon.colcon_core.shell:Creating package descriptor '/root/ur10_ws/install/ur10_simulation_bringup/share/ur10_simulation_bringup/package.dsv'
[44.920s] INFO:colcon.colcon_core.shell:Creating package script '/root/ur10_ws/install/ur10_simulation_bringup/share/ur10_simulation_bringup/package.sh'
[44.920s] INFO:colcon.colcon_core.shell:Creating package script '/root/ur10_ws/install/ur10_simulation_bringup/share/ur10_simulation_bringup/package.bash'
[44.920s] INFO:colcon.colcon_core.shell:Creating package script '/root/ur10_ws/install/ur10_simulation_bringup/share/ur10_simulation_bringup/package.zsh'
[44.921s] Level 1:colcon.colcon_core.environment:create_file_with_runtime_dependencies(/root/ur10_ws/install/ur10_simulation_bringup/share/colcon-core/packages/ur10_simulation_bringup)
[44.921s] Level 1:colcon.colcon_core.environment:create_environment_scripts_only(ur10_simulation_bringup)
[44.921s] Level 1:colcon.colcon_core.environment:checking '/root/ur10_ws/install/ur10_simulation_bringup' for CMake module files
[44.922s] Level 1:colcon.colcon_core.environment:checking '/root/ur10_ws/install/ur10_simulation_bringup' for CMake config files
[44.922s] Level 1:colcon.colcon_core.shell:create_environment_hook('ur10_simulation_bringup', 'cmake_prefix_path')
[44.922s] INFO:colcon.colcon_core.shell:Creating environment hook '/root/ur10_ws/install/ur10_simulation_bringup/share/ur10_simulation_bringup/hook/cmake_prefix_path.ps1'
[44.922s] INFO:colcon.colcon_core.shell:Creating environment descriptor '/root/ur10_ws/install/ur10_simulation_bringup/share/ur10_simulation_bringup/hook/cmake_prefix_path.dsv'
[44.922s] INFO:colcon.colcon_core.shell:Creating environment hook '/root/ur10_ws/install/ur10_simulation_bringup/share/ur10_simulation_bringup/hook/cmake_prefix_path.sh'
[44.923s] Level 1:colcon.colcon_core.environment:checking '/root/ur10_ws/install/ur10_simulation_bringup/bin'
[44.923s] Level 1:colcon.colcon_core.environment:checking '/root/ur10_ws/install/ur10_simulation_bringup/lib/pkgconfig/ur10_simulation_bringup.pc'
[44.923s] Level 1:colcon.colcon_core.environment:checking '/root/ur10_ws/install/ur10_simulation_bringup/lib/python3.10/site-packages'
[44.923s] Level 1:colcon.colcon_core.environment:checking '/root/ur10_ws/install/ur10_simulation_bringup/bin'
[44.923s] INFO:colcon.colcon_core.shell:Creating package script '/root/ur10_ws/install/ur10_simulation_bringup/share/ur10_simulation_bringup/package.ps1'
[44.924s] INFO:colcon.colcon_core.shell:Creating package descriptor '/root/ur10_ws/install/ur10_simulation_bringup/share/ur10_simulation_bringup/package.dsv'
[44.924s] INFO:colcon.colcon_core.shell:Creating package script '/root/ur10_ws/install/ur10_simulation_bringup/share/ur10_simulation_bringup/package.sh'
[44.924s] INFO:colcon.colcon_core.shell:Creating package script '/root/ur10_ws/install/ur10_simulation_bringup/share/ur10_simulation_bringup/package.bash'
[44.925s] INFO:colcon.colcon_core.shell:Creating package script '/root/ur10_ws/install/ur10_simulation_bringup/share/ur10_simulation_bringup/package.zsh'
[44.925s] Level 1:colcon.colcon_core.environment:create_file_with_runtime_dependencies(/root/ur10_ws/install/ur10_simulation_bringup/share/colcon-core/packages/ur10_simulation_bringup)
[44.925s] DEBUG:colcon.colcon_parallel_executor.executor.parallel:closing loop
[44.925s] DEBUG:colcon.colcon_parallel_executor.executor.parallel:loop closed
[44.925s] DEBUG:colcon.colcon_parallel_executor.executor.parallel:run_until_complete finished with '0'
[44.925s] DEBUG:colcon.colcon_core.event_reactor:joining thread
[45.125s] INFO:colcon.colcon_core.plugin_system:Skipping extension 'colcon_notification.desktop_notification.notify_send': Could not find 'notify-send'
[45.125s] INFO:colcon.colcon_core.plugin_system:Skipping extension 'colcon_notification.desktop_notification.terminal_notifier': Not used on non-Darwin systems
[45.125s] INFO:colcon.colcon_core.plugin_system:Skipping extension 'colcon_notification.desktop_notification.win32': Not used on non-Windows systems
[45.125s] INFO:colcon.colcon_notification.desktop_notification:Sending desktop notification using 'notify2'
[45.126s] DEBUG:colcon.colcon_notification.desktop_notification.notify2:Failed to initialize notify2: org.freedesktop.DBus.Error.FileNotFound: Failed to connect to socket /run/user/0/bus: No such file or directory
[45.126s] DEBUG:colcon.colcon_core.event_reactor:joined thread
[45.126s] INFO:colcon.colcon_core.shell:Creating prefix script '/root/ur10_ws/install/local_setup.ps1'
[45.128s] INFO:colcon.colcon_core.shell:Creating prefix util module '/root/ur10_ws/install/_local_setup_util_ps1.py'
[45.130s] INFO:colcon.colcon_core.shell:Creating prefix chain script '/root/ur10_ws/install/setup.ps1'
[45.132s] INFO:colcon.colcon_core.shell:Creating prefix script '/root/ur10_ws/install/local_setup.sh'
[45.133s] INFO:colcon.colcon_core.shell:Creating prefix util module '/root/ur10_ws/install/_local_setup_util_sh.py'
[45.133s] INFO:colcon.colcon_core.shell:Creating prefix chain script '/root/ur10_ws/install/setup.sh'
[45.135s] INFO:colcon.colcon_core.shell:Creating prefix script '/root/ur10_ws/install/local_setup.bash'
[45.135s] INFO:colcon.colcon_core.shell:Creating prefix chain script '/root/ur10_ws/install/setup.bash'
[45.138s] INFO:colcon.colcon_core.shell:Creating prefix script '/root/ur10_ws/install/local_setup.zsh'
[45.138s] INFO:colcon.colcon_core.shell:Creating prefix chain script '/root/ur10_ws/install/setup.zsh'
