[0.050s] Invoking command in '/root/ur10_ws/build/ur10_perception': /usr/bin/cmake --build /root/ur10_ws/build/ur10_perception -- -j4 -l4
[0.127s] Consolidate compiler generated dependencies of target synthetic_overhead_camera_node
[0.133s] Consolidate compiler generated dependencies of target pcd_to_collision_scene_node
[0.141s] [ 33%] Built target pcd_capture_node
[0.147s] [ 66%] Built target synthetic_overhead_camera_node
[0.153s] [ 83%] Building CXX object CMakeFiles/pcd_to_collision_scene_node.dir/src/pcd_to_collision_scene_node.cpp.o
[9.803s] [100%] Linking CXX executable pcd_to_collision_scene_node
[11.222s] [100%] Built target pcd_to_collision_scene_node
[11.237s] Invoked command in '/root/ur10_ws/build/ur10_perception' returned '0': /usr/bin/cmake --build /root/ur10_ws/build/ur10_perception -- -j4 -l4
[11.252s] Invoking command in '/root/ur10_ws/build/ur10_perception': /usr/bin/cmake --install /root/ur10_ws/build/ur10_perception
[11.263s] -- Install configuration: ""
[11.265s] -- Execute custom install script
[11.267s] -- Up-to-date symlink: /root/ur10_ws/install/ur10_perception/lib/ur10_perception/pcd_capture_node
[11.268s] -- Up-to-date symlink: /root/ur10_ws/install/ur10_perception/lib/ur10_perception/synthetic_overhead_camera_node
[11.268s] -- Up-to-date symlink: /root/ur10_ws/install/ur10_perception/lib/ur10_perception/pcd_to_collision_scene_node
[11.268s] -- Up-to-date symlink: /root/ur10_ws/install/ur10_perception/share/ur10_perception/config/camera_topics.yaml
[11.269s] -- Up-to-date symlink: /root/ur10_ws/install/ur10_perception/share/ur10_perception/launch/__pycache__/perception_only.launch.cpython-310.pyc
[11.270s] -- Up-to-date symlink: /root/ur10_ws/install/ur10_perception/share/ur10_perception/launch/perception_only.launch.py
[11.270s] -- Up-to-date symlink: /root/ur10_ws/install/ur10_perception/share/ur10_perception/urdf/overhead_depth_camera.xacro
[11.270s] -- Up-to-date symlink: /root/ur10_ws/install/ur10_perception/share/ur10_perception/worlds/obstacle_scene.world
[11.271s] -- Up-to-date symlink: /root/ur10_ws/install/ur10_perception/share/ament_index/resource_index/package_run_dependencies/ur10_perception
[11.272s] -- Up-to-date symlink: /root/ur10_ws/install/ur10_perception/share/ament_index/resource_index/parent_prefix_path/ur10_perception
[11.272s] -- Up-to-date symlink: /root/ur10_ws/install/ur10_perception/share/ur10_perception/environment/ament_prefix_path.sh
[11.272s] -- Up-to-date symlink: /root/ur10_ws/install/ur10_perception/share/ur10_perception/environment/ament_prefix_path.dsv
[11.272s] -- Up-to-date symlink: /root/ur10_ws/install/ur10_perception/share/ur10_perception/environment/path.sh
[11.273s] -- Up-to-date symlink: /root/ur10_ws/install/ur10_perception/share/ur10_perception/environment/path.dsv
[11.273s] -- Up-to-date symlink: /root/ur10_ws/install/ur10_perception/share/ur10_perception/local_setup.bash
[11.273s] -- Up-to-date symlink: /root/ur10_ws/install/ur10_perception/share/ur10_perception/local_setup.sh
[11.274s] -- Up-to-date symlink: /root/ur10_ws/install/ur10_perception/share/ur10_perception/local_setup.zsh
[11.274s] -- Up-to-date symlink: /root/ur10_ws/install/ur10_perception/share/ur10_perception/local_setup.dsv
[11.274s] -- Symlinking: /root/ur10_ws/install/ur10_perception/share/ur10_perception/package.dsv
[11.294s] -- Up-to-date symlink: /root/ur10_ws/install/ur10_perception/share/ament_index/resource_index/packages/ur10_perception
[11.295s] -- Up-to-date symlink: /root/ur10_ws/install/ur10_perception/share/ur10_perception/cmake/ur10_perceptionConfig.cmake
[11.295s] -- Up-to-date symlink: /root/ur10_ws/install/ur10_perception/share/ur10_perception/cmake/ur10_perceptionConfig-version.cmake
[11.295s] -- Up-to-date symlink: /root/ur10_ws/install/ur10_perception/share/ur10_perception/package.xml
[11.298s] Invoked command in '/root/ur10_ws/build/ur10_perception' returned '0': /usr/bin/cmake --install /root/ur10_ws/build/ur10_perception
