[0.014s] Invoking command in '/root/ur10_ws/build/ur10_perception': /usr/bin/cmake --build /root/ur10_ws/build/ur10_perception -- -j4 -l4
[0.072s] [ 50%] Built target pcd_capture_node
[0.105s] [100%] Built target pcd_to_collision_scene_node
[0.115s] Invoked command in '/root/ur10_ws/build/ur10_perception' returned '0': /usr/bin/cmake --build /root/ur10_ws/build/ur10_perception -- -j4 -l4
[0.121s] Invoking command in '/root/ur10_ws/build/ur10_perception': /usr/bin/cmake --install /root/ur10_ws/build/ur10_perception
[0.127s] -- Install configuration: ""
[0.127s] -- Execute custom install script
[0.128s] -- Up-to-date symlink: /root/ur10_ws/install/ur10_perception/lib/ur10_perception/pcd_capture_node
[0.128s] -- Up-to-date symlink: /root/ur10_ws/install/ur10_perception/lib/ur10_perception/pcd_to_collision_scene_node
[0.128s] -- Up-to-date symlink: /root/ur10_ws/install/ur10_perception/share/ur10_perception/config/camera_topics.yaml
[0.130s] -- Up-to-date symlink: /root/ur10_ws/install/ur10_perception/share/ur10_perception/launch/__pycache__/perception_only.launch.cpython-310.pyc
[0.130s] -- Up-to-date symlink: /root/ur10_ws/install/ur10_perception/share/ur10_perception/launch/perception_only.launch.py
[0.130s] -- Up-to-date symlink: /root/ur10_ws/install/ur10_perception/share/ur10_perception/urdf/overhead_depth_camera.xacro
[0.130s] -- Up-to-date symlink: /root/ur10_ws/install/ur10_perception/share/ur10_perception/worlds/obstacle_scene.world
[0.130s] -- Up-to-date symlink: /root/ur10_ws/install/ur10_perception/share/ament_index/resource_index/package_run_dependencies/ur10_perception
[0.130s] -- Up-to-date symlink: /root/ur10_ws/install/ur10_perception/share/ament_index/resource_index/parent_prefix_path/ur10_perception
[0.130s] -- Up-to-date symlink: /root/ur10_ws/install/ur10_perception/share/ur10_perception/environment/ament_prefix_path.sh
[0.130s] -- Up-to-date symlink: /root/ur10_ws/install/ur10_perception/share/ur10_perception/environment/ament_prefix_path.dsv
[0.130s] -- Up-to-date symlink: /root/ur10_ws/install/ur10_perception/share/ur10_perception/environment/path.sh
[0.130s] -- Up-to-date symlink: /root/ur10_ws/install/ur10_perception/share/ur10_perception/environment/path.dsv
[0.130s] -- Up-to-date symlink: /root/ur10_ws/install/ur10_perception/share/ur10_perception/local_setup.bash
[0.130s] -- Up-to-date symlink: /root/ur10_ws/install/ur10_perception/share/ur10_perception/local_setup.sh
[0.130s] -- Up-to-date symlink: /root/ur10_ws/install/ur10_perception/share/ur10_perception/local_setup.zsh
[0.130s] -- Up-to-date symlink: /root/ur10_ws/install/ur10_perception/share/ur10_perception/local_setup.dsv
[0.130s] -- Symlinking: /root/ur10_ws/install/ur10_perception/share/ur10_perception/package.dsv
[0.137s] -- Up-to-date symlink: /root/ur10_ws/install/ur10_perception/share/ament_index/resource_index/packages/ur10_perception
[0.137s] -- Up-to-date symlink: /root/ur10_ws/install/ur10_perception/share/ur10_perception/cmake/ur10_perceptionConfig.cmake
[0.137s] -- Up-to-date symlink: /root/ur10_ws/install/ur10_perception/share/ur10_perception/cmake/ur10_perceptionConfig-version.cmake
[0.137s] -- Up-to-date symlink: /root/ur10_ws/install/ur10_perception/share/ur10_perception/package.xml
[0.139s] Invoked command in '/root/ur10_ws/build/ur10_perception' returned '0': /usr/bin/cmake --install /root/ur10_ws/build/ur10_perception
