[1.172s] Invoking command in '/root/ur10_ws/build/ur10_simulation_bringup': AMENT_PREFIX_PATH=/root/ur10_ws/install/ur10_moveit_config:/root/ur10_ws/install/ur10_examples_py:/root/ur10_ws/install/ur10_examples:/root/ur10_ws/install/ur10_description:${AMENT_PREFIX_PATH} CMAKE_PREFIX_PATH=/root/ur10_ws/install/ur10_moveit_config:/root/ur10_ws/install/ur10_perception:/root/ur10_ws/install/ur10_examples:/root/ur10_ws/install/ur10_description:/root/moveit_ws/install:/opt/ros/humble PYTHONPATH=/root/ur10_ws/install/ur10_moveit_config/local/lib/python3.10/dist-packages:/root/ur10_ws/build/ur10_examples_py:/root/ur10_ws/install/ur10_examples_py/lib/python3.10/site-packages:${PYTHONPATH} /usr/bin/cmake --build /root/ur10_ws/build/ur10_simulation_bringup -- -j4 -l4
[1.252s] Invoked command in '/root/ur10_ws/build/ur10_simulation_bringup' returned '0': AMENT_PREFIX_PATH=/root/ur10_ws/install/ur10_moveit_config:/root/ur10_ws/install/ur10_examples_py:/root/ur10_ws/install/ur10_examples:/root/ur10_ws/install/ur10_description:${AMENT_PREFIX_PATH} CMAKE_PREFIX_PATH=/root/ur10_ws/install/ur10_moveit_config:/root/ur10_ws/install/ur10_perception:/root/ur10_ws/install/ur10_examples:/root/ur10_ws/install/ur10_description:/root/moveit_ws/install:/opt/ros/humble PYTHONPATH=/root/ur10_ws/install/ur10_moveit_config/local/lib/python3.10/dist-packages:/root/ur10_ws/build/ur10_examples_py:/root/ur10_ws/install/ur10_examples_py/lib/python3.10/site-packages:${PYTHONPATH} /usr/bin/cmake --build /root/ur10_ws/build/ur10_simulation_bringup -- -j4 -l4
[1.257s] Invoking command in '/root/ur10_ws/build/ur10_simulation_bringup': AMENT_PREFIX_PATH=/root/ur10_ws/install/ur10_moveit_config:/root/ur10_ws/install/ur10_examples_py:/root/ur10_ws/install/ur10_examples:/root/ur10_ws/install/ur10_description:${AMENT_PREFIX_PATH} CMAKE_PREFIX_PATH=/root/ur10_ws/install/ur10_moveit_config:/root/ur10_ws/install/ur10_perception:/root/ur10_ws/install/ur10_examples:/root/ur10_ws/install/ur10_description:/root/moveit_ws/install:/opt/ros/humble PYTHONPATH=/root/ur10_ws/install/ur10_moveit_config/local/lib/python3.10/dist-packages:/root/ur10_ws/build/ur10_examples_py:/root/ur10_ws/install/ur10_examples_py/lib/python3.10/site-packages:${PYTHONPATH} /usr/bin/cmake --install /root/ur10_ws/build/ur10_simulation_bringup
[1.275s] -- Install configuration: ""
[1.277s] -- Execute custom install script
[1.279s] -- Up-to-date symlink: /root/ur10_ws/install/ur10_simulation_bringup/share/ur10_simulation_bringup/launch/__pycache__/complete_simulation.launch.cpython-310.pyc
[1.280s] -- Up-to-date symlink: /root/ur10_ws/install/ur10_simulation_bringup/share/ur10_simulation_bringup/launch/__pycache__/demo_nodes.launch.cpython-310.pyc
[1.280s] -- Up-to-date symlink: /root/ur10_ws/install/ur10_simulation_bringup/share/ur10_simulation_bringup/launch/__pycache__/gazebo_sim.launch.cpython-310.pyc
[1.280s] -- Up-to-date symlink: /root/ur10_ws/install/ur10_simulation_bringup/share/ur10_simulation_bringup/launch/__pycache__/moveit_planning.launch.cpython-310.pyc
[1.280s] -- Up-to-date symlink: /root/ur10_ws/install/ur10_simulation_bringup/share/ur10_simulation_bringup/launch/complete_simulation.launch.py
[1.280s] -- Up-to-date symlink: /root/ur10_ws/install/ur10_simulation_bringup/share/ur10_simulation_bringup/launch/demo_nodes.launch.py
[1.280s] -- Up-to-date symlink: /root/ur10_ws/install/ur10_simulation_bringup/share/ur10_simulation_bringup/launch/gazebo_sim.launch.py
[1.281s] -- Up-to-date symlink: /root/ur10_ws/install/ur10_simulation_bringup/share/ur10_simulation_bringup/launch/moveit_planning.launch.py
[1.281s] -- Up-to-date symlink: /root/ur10_ws/install/ur10_simulation_bringup/share/ur10_simulation_bringup/worlds/empty.world
[1.282s] -- Up-to-date symlink: /root/ur10_ws/install/ur10_simulation_bringup/share/ament_index/resource_index/package_run_dependencies/ur10_simulation_bringup
[1.282s] -- Up-to-date symlink: /root/ur10_ws/install/ur10_simulation_bringup/share/ament_index/resource_index/parent_prefix_path/ur10_simulation_bringup
[1.283s] -- Up-to-date symlink: /root/ur10_ws/install/ur10_simulation_bringup/share/ur10_simulation_bringup/environment/ament_prefix_path.sh
[1.284s] -- Up-to-date symlink: /root/ur10_ws/install/ur10_simulation_bringup/share/ur10_simulation_bringup/environment/ament_prefix_path.dsv
[1.285s] -- Up-to-date symlink: /root/ur10_ws/install/ur10_simulation_bringup/share/ur10_simulation_bringup/environment/path.sh
[1.285s] -- Up-to-date symlink: /root/ur10_ws/install/ur10_simulation_bringup/share/ur10_simulation_bringup/environment/path.dsv
[1.285s] -- Up-to-date symlink: /root/ur10_ws/install/ur10_simulation_bringup/share/ur10_simulation_bringup/local_setup.bash
[1.285s] -- Up-to-date symlink: /root/ur10_ws/install/ur10_simulation_bringup/share/ur10_simulation_bringup/local_setup.sh
[1.285s] -- Up-to-date symlink: /root/ur10_ws/install/ur10_simulation_bringup/share/ur10_simulation_bringup/local_setup.zsh
[1.285s] -- Up-to-date symlink: /root/ur10_ws/install/ur10_simulation_bringup/share/ur10_simulation_bringup/local_setup.dsv
[1.286s] -- Symlinking: /root/ur10_ws/install/ur10_simulation_bringup/share/ur10_simulation_bringup/package.dsv
[1.309s] -- Up-to-date symlink: /root/ur10_ws/install/ur10_simulation_bringup/share/ament_index/resource_index/packages/ur10_simulation_bringup
[1.310s] -- Up-to-date symlink: /root/ur10_ws/install/ur10_simulation_bringup/share/ur10_simulation_bringup/cmake/ur10_simulation_bringupConfig.cmake
[1.310s] -- Up-to-date symlink: /root/ur10_ws/install/ur10_simulation_bringup/share/ur10_simulation_bringup/cmake/ur10_simulation_bringupConfig-version.cmake
[1.310s] -- Up-to-date symlink: /root/ur10_ws/install/ur10_simulation_bringup/share/ur10_simulation_bringup/package.xml
[1.314s] Invoked command in '/root/ur10_ws/build/ur10_simulation_bringup' returned '0': AMENT_PREFIX_PATH=/root/ur10_ws/install/ur10_moveit_config:/root/ur10_ws/install/ur10_examples_py:/root/ur10_ws/install/ur10_examples:/root/ur10_ws/install/ur10_description:${AMENT_PREFIX_PATH} CMAKE_PREFIX_PATH=/root/ur10_ws/install/ur10_moveit_config:/root/ur10_ws/install/ur10_perception:/root/ur10_ws/install/ur10_examples:/root/ur10_ws/install/ur10_description:/root/moveit_ws/install:/opt/ros/humble PYTHONPATH=/root/ur10_ws/install/ur10_moveit_config/local/lib/python3.10/dist-packages:/root/ur10_ws/build/ur10_examples_py:/root/ur10_ws/install/ur10_examples_py/lib/python3.10/site-packages:${PYTHONPATH} /usr/bin/cmake --install /root/ur10_ws/build/ur10_simulation_bringup
