[0.010s] Invoking command in '/root/ur10_ws/build/ur10_examples': CMAKE_PREFIX_PATH=/opt/ros/humble /usr/bin/cmake --build /root/ur10_ws/build/ur10_examples -- -j4 -l4
[0.041s] Consolidate compiler generated dependencies of target move_group_interface_demo
[0.052s] [ 50%] Building CXX object CMakeFiles/move_group_interface_demo.dir/src/move_group_interface_demo.cpp.o
[7.613s] [100%] Linking CXX executable move_group_interface_demo
[8.416s] [100%] Built target move_group_interface_demo
[8.430s] Invoked command in '/root/ur10_ws/build/ur10_examples' returned '0': CMAKE_PREFIX_PATH=/opt/ros/humble /usr/bin/cmake --build /root/ur10_ws/build/ur10_examples -- -j4 -l4
[8.441s] Invoking command in '/root/ur10_ws/build/ur10_examples': CMAKE_PREFIX_PATH=/opt/ros/humble /usr/bin/cmake --install /root/ur10_ws/build/ur10_examples
[8.450s] -- Install configuration: ""
[8.450s] -- Execute custom install script
[8.451s] -- Up-to-date symlink: /root/ur10_ws/install/ur10_examples/lib/ur10_examples/move_group_interface_demo
[8.451s] -- Up-to-date symlink: /root/ur10_ws/install/ur10_examples/share/ament_index/resource_index/package_run_dependencies/ur10_examples
[8.451s] -- Up-to-date symlink: /root/ur10_ws/install/ur10_examples/share/ament_index/resource_index/parent_prefix_path/ur10_examples
[8.451s] -- Up-to-date symlink: /root/ur10_ws/install/ur10_examples/share/ur10_examples/environment/ament_prefix_path.sh
[8.452s] -- Up-to-date symlink: /root/ur10_ws/install/ur10_examples/share/ur10_examples/environment/ament_prefix_path.dsv
[8.452s] -- Up-to-date symlink: /root/ur10_ws/install/ur10_examples/share/ur10_examples/environment/path.sh
[8.452s] -- Up-to-date symlink: /root/ur10_ws/install/ur10_examples/share/ur10_examples/environment/path.dsv
[8.452s] -- Up-to-date symlink: /root/ur10_ws/install/ur10_examples/share/ur10_examples/local_setup.bash
[8.452s] -- Up-to-date symlink: /root/ur10_ws/install/ur10_examples/share/ur10_examples/local_setup.sh
[8.452s] -- Up-to-date symlink: /root/ur10_ws/install/ur10_examples/share/ur10_examples/local_setup.zsh
[8.452s] -- Up-to-date symlink: /root/ur10_ws/install/ur10_examples/share/ur10_examples/local_setup.dsv
[8.452s] -- Symlinking: /root/ur10_ws/install/ur10_examples/share/ur10_examples/package.dsv
[8.465s] -- Up-to-date symlink: /root/ur10_ws/install/ur10_examples/share/ament_index/resource_index/packages/ur10_examples
[8.465s] -- Up-to-date symlink: /root/ur10_ws/install/ur10_examples/share/ur10_examples/cmake/ur10_examplesConfig.cmake
[8.466s] -- Up-to-date symlink: /root/ur10_ws/install/ur10_examples/share/ur10_examples/cmake/ur10_examplesConfig-version.cmake
[8.466s] -- Up-to-date symlink: /root/ur10_ws/install/ur10_examples/share/ur10_examples/package.xml
[8.468s] Invoked command in '/root/ur10_ws/build/ur10_examples' returned '0': CMAKE_PREFIX_PATH=/opt/ros/humble /usr/bin/cmake --install /root/ur10_ws/build/ur10_examples
