running develop
running egg_info
creating ur10_examples_py.egg-info
writing ur10_examples_py.egg-info/PKG-INFO
writing dependency_links to ur10_examples_py.egg-info/dependency_links.txt
writing entry points to ur10_examples_py.egg-info/entry_points.txt
writing requirements to ur10_examples_py.egg-info/requires.txt
writing top-level names to ur10_examples_py.egg-info/top_level.txt
writing manifest file 'ur10_examples_py.egg-info/SOURCES.txt'
reading manifest file 'ur10_examples_py.egg-info/SOURCES.txt'
writing manifest file 'ur10_examples_py.egg-info/SOURCES.txt'
running build_ext
Creating /root/ur10_ws/install/ur10_examples_py/lib/python3.10/site-packages/ur10-examples-py.egg-link (link to .)
Installing moveit_py_demo script to /root/ur10_ws/install/ur10_examples_py/lib/ur10_examples_py

Installed /root/ur10_ws/build/ur10_examples_py
running symlink_data
creating /root/ur10_ws/install/ur10_examples_py/share
creating /root/ur10_ws/install/ur10_examples_py/share/ament_index
creating /root/ur10_ws/install/ur10_examples_py/share/ament_index/resource_index
creating /root/ur10_ws/install/ur10_examples_py/share/ament_index/resource_index/packages
symbolically linking /root/ur10_ws/build/ur10_examples_py/resource/ur10_examples_py -> /root/ur10_ws/install/ur10_examples_py/share/ament_index/resource_index/packages
creating /root/ur10_ws/install/ur10_examples_py/share/ur10_examples_py
symbolically linking /root/ur10_ws/build/ur10_examples_py/package.xml -> /root/ur10_ws/install/ur10_examples_py/share/ur10_examples_py
