[0.471s] Invoking command in '/root/ur10_ws/build/ur10_examples_py': PYTHONPATH=/root/ur10_ws/build/ur10_examples_py/prefix_override:/usr/lib/python3/dist-packages/colcon_core/task/python/colcon_distutils_commands:/root/ur10_ws/install/ur10_examples_py/lib/python3.10/site-packages:${PYTHONPATH} /usr/bin/python3 -W ignore:setup.py install is deprecated -W ignore:easy_install command is deprecated setup.py develop --editable --build-directory /root/ur10_ws/build/ur10_examples_py/build --no-deps symlink_data
[0.636s] running develop
[0.731s] running egg_info
[0.731s] creating ur10_examples_py.egg-info
[0.731s] writing ur10_examples_py.egg-info/PKG-INFO
[0.731s] writing dependency_links to ur10_examples_py.egg-info/dependency_links.txt
[0.731s] writing entry points to ur10_examples_py.egg-info/entry_points.txt
[0.731s] writing requirements to ur10_examples_py.egg-info/requires.txt
[0.731s] writing top-level names to ur10_examples_py.egg-info/top_level.txt
[0.732s] writing manifest file 'ur10_examples_py.egg-info/SOURCES.txt'
[0.734s] reading manifest file 'ur10_examples_py.egg-info/SOURCES.txt'
[0.734s] writing manifest file 'ur10_examples_py.egg-info/SOURCES.txt'
[0.735s] running build_ext
[0.735s] Creating /root/ur10_ws/install/ur10_examples_py/lib/python3.10/site-packages/ur10-examples-py.egg-link (link to .)
[0.735s] Installing moveit_py_demo script to /root/ur10_ws/install/ur10_examples_py/lib/ur10_examples_py
[0.736s] 
[0.736s] Installed /root/ur10_ws/build/ur10_examples_py
[0.736s] running symlink_data
[0.736s] creating /root/ur10_ws/install/ur10_examples_py/share
[0.736s] creating /root/ur10_ws/install/ur10_examples_py/share/ament_index
[0.736s] creating /root/ur10_ws/install/ur10_examples_py/share/ament_index/resource_index
[0.736s] creating /root/ur10_ws/install/ur10_examples_py/share/ament_index/resource_index/packages
[0.736s] symbolically linking /root/ur10_ws/build/ur10_examples_py/resource/ur10_examples_py -> /root/ur10_ws/install/ur10_examples_py/share/ament_index/resource_index/packages
[0.737s] creating /root/ur10_ws/install/ur10_examples_py/share/ur10_examples_py
[0.737s] symbolically linking /root/ur10_ws/build/ur10_examples_py/package.xml -> /root/ur10_ws/install/ur10_examples_py/share/ur10_examples_py
[0.755s] Invoked command in '/root/ur10_ws/build/ur10_examples_py' returned '0': PYTHONPATH=/root/ur10_ws/build/ur10_examples_py/prefix_override:/usr/lib/python3/dist-packages/colcon_core/task/python/colcon_distutils_commands:/root/ur10_ws/install/ur10_examples_py/lib/python3.10/site-packages:${PYTHONPATH} /usr/bin/python3 -W ignore:setup.py install is deprecated -W ignore:easy_install command is deprecated setup.py develop --editable --build-directory /root/ur10_ws/build/ur10_examples_py/build --no-deps symlink_data
