-- Found ament_cmake: 1.3.14 (/opt/ros/humble/share/ament_cmake/cmake)
-- Override CMake install command with custom implementation using symlinks instead of copying resources
-- Configuring done
-- Generating done
-- Build files have been written to: /root/ur10_ws/build/ur10_simulation_bringup
-- Install configuration: ""
-- Execute custom install script
-- Symlinking: /root/ur10_ws/install/ur10_simulation_bringup/share/ur10_simulation_bringup/launch/__pycache__/complete_simulation.launch.cpython-310.pyc
-- Symlinking: /root/ur10_ws/install/ur10_simulation_bringup/share/ur10_simulation_bringup/launch/__pycache__/demo_nodes.launch.cpython-310.pyc
-- Symlinking: /root/ur10_ws/install/ur10_simulation_bringup/share/ur10_simulation_bringup/launch/__pycache__/gazebo_sim.launch.cpython-310.pyc
-- Symlinking: /root/ur10_ws/install/ur10_simulation_bringup/share/ur10_simulation_bringup/launch/__pycache__/moveit_planning.launch.cpython-310.pyc
-- Symlinking: /root/ur10_ws/install/ur10_simulation_bringup/share/ur10_simulation_bringup/launch/complete_simulation.launch.py
-- Symlinking: /root/ur10_ws/install/ur10_simulation_bringup/share/ur10_simulation_bringup/launch/demo_nodes.launch.py
-- Symlinking: /root/ur10_ws/install/ur10_simulation_bringup/share/ur10_simulation_bringup/launch/gazebo_sim.launch.py
-- Symlinking: /root/ur10_ws/install/ur10_simulation_bringup/share/ur10_simulation_bringup/launch/moveit_planning.launch.py
-- Symlinking: /root/ur10_ws/install/ur10_simulation_bringup/share/ur10_simulation_bringup/worlds/empty.world
-- Symlinking: /root/ur10_ws/install/ur10_simulation_bringup/share/ament_index/resource_index/package_run_dependencies/ur10_simulation_bringup
-- Symlinking: /root/ur10_ws/install/ur10_simulation_bringup/share/ament_index/resource_index/parent_prefix_path/ur10_simulation_bringup
-- Symlinking: /root/ur10_ws/install/ur10_simulation_bringup/share/ur10_simulation_bringup/environment/ament_prefix_path.sh
-- Symlinking: /root/ur10_ws/install/ur10_simulation_bringup/share/ur10_simulation_bringup/environment/ament_prefix_path.dsv
-- Symlinking: /root/ur10_ws/install/ur10_simulation_bringup/share/ur10_simulation_bringup/environment/path.sh
-- Symlinking: /root/ur10_ws/install/ur10_simulation_bringup/share/ur10_simulation_bringup/environment/path.dsv
-- Symlinking: /root/ur10_ws/install/ur10_simulation_bringup/share/ur10_simulation_bringup/local_setup.bash
-- Symlinking: /root/ur10_ws/install/ur10_simulation_bringup/share/ur10_simulation_bringup/local_setup.sh
-- Symlinking: /root/ur10_ws/install/ur10_simulation_bringup/share/ur10_simulation_bringup/local_setup.zsh
-- Symlinking: /root/ur10_ws/install/ur10_simulation_bringup/share/ur10_simulation_bringup/local_setup.dsv
-- Symlinking: /root/ur10_ws/install/ur10_simulation_bringup/share/ur10_simulation_bringup/package.dsv
-- Symlinking: /root/ur10_ws/install/ur10_simulation_bringup/share/ament_index/resource_index/packages/ur10_simulation_bringup
-- Symlinking: /root/ur10_ws/install/ur10_simulation_bringup/share/ur10_simulation_bringup/cmake/ur10_simulation_bringupConfig.cmake
-- Symlinking: /root/ur10_ws/install/ur10_simulation_bringup/share/ur10_simulation_bringup/cmake/ur10_simulation_bringupConfig-version.cmake
-- Symlinking: /root/ur10_ws/install/ur10_simulation_bringup/share/ur10_simulation_bringup/package.xml
