[0.207s] Invoking command in '/root/ur10_ws/build/ur10_moveit_config': /usr/bin/cmake /root/ur10_ws/src/ur10_moveit_config -DCMAKE_INSTALL_PREFIX=/root/ur10_ws/install/ur10_moveit_config
[0.412s] -- The C compiler identification is GNU 11.4.0
[1.612s] -- The CXX compiler identification is GNU 11.4.0
[2.643s] -- Detecting C compiler ABI info
[2.888s] -- Detecting C compiler ABI info - done
[2.892s] -- Check for working C compiler: /usr/bin/cc - skipped
[2.892s] -- Detecting C compile features
[2.892s] -- Detecting C compile features - done
[2.894s] -- Detecting CXX compiler ABI info
[3.204s] -- Detecting CXX compiler ABI info - done
[3.209s] -- Check for working CXX compiler: /usr/bin/c++ - skipped
[3.209s] -- Detecting CXX compile features
[3.210s] -- Detecting CXX compile features - done
[3.218s] -- Found ament_cmake: 1.3.14 (/opt/ros/humble/share/ament_cmake/cmake)
[3.391s] -- Found Python3: /usr/bin/python3 (found version "3.10.12") found components: Interpreter 
[3.544s] Error parsing '/root/ur10_ws/src/ur10_moveit_config/package.xml':
[3.580s] Traceback (most recent call last):
[3.580s]   File "/opt/ros/humble/share/ament_cmake_core/cmake/core/package_xml_2_cmake.py", line 150, in <module>
[3.580s]     main()
[3.580s]   File "/opt/ros/humble/share/ament_cmake_core/cmake/core/package_xml_2_cmake.py", line 53, in main
[3.580s]     raise e
[3.580s]   File "/opt/ros/humble/share/ament_cmake_core/cmake/core/package_xml_2_cmake.py", line 49, in main
[3.580s]     package = parse_package_string(
[3.580s]   File "/usr/lib/python3/dist-packages/catkin_pkg/package.py", line 788, in parse_package_string
[3.580s]     pkg.validate(warnings=warnings)
[3.580s]   File "/usr/lib/python3/dist-packages/catkin_pkg/package.py", line 330, in validate
[3.580s]     raise InvalidPackage('\n'.join(errors), self.filename)
[3.580s] catkin_pkg.package.InvalidPackage: Error(s) in package '/root/ur10_ws/src/ur10_moveit_config/package.xml':
[3.580s] Invalid email "root@localhost" for person "root"
[3.593s] CMake Error at /opt/ros/humble/share/ament_cmake_core/cmake/core/ament_package_xml.cmake:95 (message):
[3.593s]   execute_process(/usr/bin/python3
[3.593s]   /opt/ros/humble/share/ament_cmake_core/cmake/core/package_xml_2_cmake.py
[3.593s]   /root/ur10_ws/src/ur10_moveit_config/package.xml
[3.593s]   /root/ur10_ws/build/ur10_moveit_config/ament_cmake_core/package.cmake)
[3.593s]   returned error code 1
[3.593s] Call Stack (most recent call first):
[3.593s]   /opt/ros/humble/share/ament_cmake_core/cmake/core/ament_package_xml.cmake:49 (_ament_package_xml)
[3.593s]   /opt/ros/humble/share/ament_cmake_python/cmake/ament_python_install_package.cmake:60 (ament_package_xml)
[3.593s]   /opt/ros/humble/share/ament_cmake_python/cmake/ament_python_install_package.cmake:39 (_ament_cmake_python_install_package)
[3.593s]   CMakeLists.txt:7 (ament_python_install_package)
[3.593s] 
[3.593s] 
[3.593s] -- Configuring incomplete, errors occurred!
[3.593s] See also "/root/ur10_ws/build/ur10_moveit_config/CMakeFiles/CMakeOutput.log".
