[0.008s] Invoking command in '/root/ur10_ws/build/ur10_simulation_bringup': /usr/bin/cmake /root/ur10_ws/src/ur10_simulation_bringup -DCMAKE_INSTALL_PREFIX=/root/ur10_ws/install/ur10_simulation_bringup
[0.290s] -- The C compiler identification is GNU 11.4.0
[1.335s] -- The CXX compiler identification is GNU 11.4.0
[2.268s] -- Detecting C compiler ABI info
[2.573s] -- Detecting C compiler ABI info - done
[2.580s] -- Check for working C compiler: /usr/bin/cc - skipped
[2.580s] -- Detecting C compile features
[2.580s] -- Detecting C compile features - done
[2.583s] -- Detecting CXX compiler ABI info
[2.828s] -- Detecting CXX compiler ABI info - done
[2.833s] -- Check for working CXX compiler: /usr/bin/c++ - skipped
[2.833s] -- Detecting CXX compile features
[2.833s] -- Detecting CXX compile features - done
[2.836s] -- Found ament_cmake: 1.3.14 (/opt/ros/humble/share/ament_cmake/cmake)
[2.973s] -- Found Python3: /usr/bin/python3 (found version "3.10.12") found components: Interpreter 
[3.095s] Error parsing '/root/ur10_ws/src/ur10_simulation_bringup/package.xml':
[3.125s] Traceback (most recent call last):
[3.125s]   File "/opt/ros/humble/share/ament_cmake_core/cmake/core/package_xml_2_cmake.py", line 150, in <module>
[3.125s]     main()
[3.125s]   File "/opt/ros/humble/share/ament_cmake_core/cmake/core/package_xml_2_cmake.py", line 53, in main
[3.125s]     raise e
[3.125s]   File "/opt/ros/humble/share/ament_cmake_core/cmake/core/package_xml_2_cmake.py", line 49, in main
[3.125s]     package = parse_package_string(
[3.125s]   File "/usr/lib/python3/dist-packages/catkin_pkg/package.py", line 788, in parse_package_string
[3.125s]     pkg.validate(warnings=warnings)
[3.125s]   File "/usr/lib/python3/dist-packages/catkin_pkg/package.py", line 330, in validate
[3.125s]     raise InvalidPackage('\n'.join(errors), self.filename)
[3.125s] catkin_pkg.package.InvalidPackage: Error(s) in package '/root/ur10_ws/src/ur10_simulation_bringup/package.xml':
[3.125s] Invalid email "root@localhost" for person "root"
[3.134s] CMake Error at /opt/ros/humble/share/ament_cmake_core/cmake/core/ament_package_xml.cmake:95 (message):
[3.134s]   execute_process(/usr/bin/python3
[3.134s]   /opt/ros/humble/share/ament_cmake_core/cmake/core/package_xml_2_cmake.py
[3.134s]   /root/ur10_ws/src/ur10_simulation_bringup/package.xml
[3.135s]   /root/ur10_ws/build/ur10_simulation_bringup/ament_cmake_core/package.cmake)
[3.135s]   returned error code 1
[3.135s] Call Stack (most recent call first):
[3.135s]   /opt/ros/humble/share/ament_cmake_core/cmake/core/ament_package_xml.cmake:49 (_ament_package_xml)
[3.135s]   /opt/ros/humble/share/ament_cmake_core/cmake/core/ament_package.cmake:63 (ament_package_xml)
[3.135s]   CMakeLists.txt:11 (ament_package)
[3.135s] 
[3.135s] 
[3.135s] -- Configuring incomplete, errors occurred!
[3.135s] See also "/root/ur10_ws/build/ur10_simulation_bringup/CMakeFiles/CMakeOutput.log".
