-- Install configuration: ""
-- Execute custom install script
-- Up-to-date symlink: /root/ur10_ws/install/ur10_simulation_bringup/share/ur10_simulation_bringup/launch/__pycache__/complete_simulation.launch.cpython-310.pyc
-- Up-to-date symlink: /root/ur10_ws/install/ur10_simulation_bringup/share/ur10_simulation_bringup/launch/__pycache__/demo_nodes.launch.cpython-310.pyc
-- Symlinking: /root/ur10_ws/install/ur10_simulation_bringup/share/ur10_simulation_bringup/launch/__pycache__/gazebo_sim.launch.cpython-310.pyc
-- Up-to-date symlink: /root/ur10_ws/install/ur10_simulation_bringup/share/ur10_simulation_bringup/launch/__pycache__/moveit_planning.launch.cpython-310.pyc
-- Up-to-date symlink: /root/ur10_ws/install/ur10_simulation_bringup/share/ur10_simulation_bringup/launch/complete_simulation.launch.py
-- Up-to-date symlink: /root/ur10_ws/install/ur10_simulation_bringup/share/ur10_simulation_bringup/launch/demo_nodes.launch.py
-- Up-to-date symlink: /root/ur10_ws/install/ur10_simulation_bringup/share/ur10_simulation_bringup/launch/gazebo_sim.launch.py
-- Up-to-date symlink: /root/ur10_ws/install/ur10_simulation_bringup/share/ur10_simulation_bringup/launch/moveit_planning.launch.py
-- Up-to-date symlink: /root/ur10_ws/install/ur10_simulation_bringup/share/ur10_simulation_bringup/worlds/empty.world
-- Up-to-date symlink: /root/ur10_ws/install/ur10_simulation_bringup/share/ament_index/resource_index/package_run_dependencies/ur10_simulation_bringup
-- Up-to-date symlink: /root/ur10_ws/install/ur10_simulation_bringup/share/ament_index/resource_index/parent_prefix_path/ur10_simulation_bringup
-- Up-to-date symlink: /root/ur10_ws/install/ur10_simulation_bringup/share/ur10_simulation_bringup/environment/ament_prefix_path.sh
-- Up-to-date symlink: /root/ur10_ws/install/ur10_simulation_bringup/share/ur10_simulation_bringup/environment/ament_prefix_path.dsv
-- Up-to-date symlink: /root/ur10_ws/install/ur10_simulation_bringup/share/ur10_simulation_bringup/environment/path.sh
-- Up-to-date symlink: /root/ur10_ws/install/ur10_simulation_bringup/share/ur10_simulation_bringup/environment/path.dsv
-- Up-to-date symlink: /root/ur10_ws/install/ur10_simulation_bringup/share/ur10_simulation_bringup/local_setup.bash
-- Up-to-date symlink: /root/ur10_ws/install/ur10_simulation_bringup/share/ur10_simulation_bringup/local_setup.sh
-- Up-to-date symlink: /root/ur10_ws/install/ur10_simulation_bringup/share/ur10_simulation_bringup/local_setup.zsh
-- Up-to-date symlink: /root/ur10_ws/install/ur10_simulation_bringup/share/ur10_simulation_bringup/local_setup.dsv
-- Symlinking: /root/ur10_ws/install/ur10_simulation_bringup/share/ur10_simulation_bringup/package.dsv
-- Up-to-date symlink: /root/ur10_ws/install/ur10_simulation_bringup/share/ament_index/resource_index/packages/ur10_simulation_bringup
-- Up-to-date symlink: /root/ur10_ws/install/ur10_simulation_bringup/share/ur10_simulation_bringup/cmake/ur10_simulation_bringupConfig.cmake
-- Up-to-date symlink: /root/ur10_ws/install/ur10_simulation_bringup/share/ur10_simulation_bringup/cmake/ur10_simulation_bringupConfig-version.cmake
-- Up-to-date symlink: /root/ur10_ws/install/ur10_simulation_bringup/share/ur10_simulation_bringup/package.xml
