-- Found ament_cmake: 1.3.14 (/opt/ros/humble/share/ament_cmake/cmake)
-- Override CMake install command with custom implementation using symlinks instead of copying resources
-- Configuring done
-- Generating done
-- Build files have been written to: /root/ur10_ws/build/ur10_moveit_config
Built target ament_cmake_python_symlink_ur10_moveit_config
running egg_info
creating ur10_moveit_config.egg-info
writing ur10_moveit_config.egg-info/PKG-INFO
writing dependency_links to ur10_moveit_config.egg-info/dependency_links.txt
writing top-level names to ur10_moveit_config.egg-info/top_level.txt
writing manifest file 'ur10_moveit_config.egg-info/SOURCES.txt'
reading manifest file 'ur10_moveit_config.egg-info/SOURCES.txt'
writing manifest file 'ur10_moveit_config.egg-info/SOURCES.txt'
Built target ament_cmake_python_build_ur10_moveit_config_egg
-- Install configuration: ""
-- Execute custom install script
-- Symlinking: /root/ur10_ws/install/ur10_moveit_config/share/ur10_moveit_config/environment/pythonpath.sh
-- Symlinking: /root/ur10_ws/install/ur10_moveit_config/share/ur10_moveit_config/environment/pythonpath.dsv
-- Symlinking: /root/ur10_ws/install/ur10_moveit_config/local/lib/python3.10/dist-packages/ur10_moveit_config-0.1.0-py3.10.egg-info/PKG-INFO
-- Symlinking: /root/ur10_ws/install/ur10_moveit_config/local/lib/python3.10/dist-packages/ur10_moveit_config-0.1.0-py3.10.egg-info/SOURCES.txt
-- Symlinking: /root/ur10_ws/install/ur10_moveit_config/local/lib/python3.10/dist-packages/ur10_moveit_config-0.1.0-py3.10.egg-info/dependency_links.txt
-- Symlinking: /root/ur10_ws/install/ur10_moveit_config/local/lib/python3.10/dist-packages/ur10_moveit_config-0.1.0-py3.10.egg-info/top_level.txt
-- Symlinking: /root/ur10_ws/install/ur10_moveit_config/local/lib/python3.10/dist-packages/ur10_moveit_config/__init__.py
-- Symlinking: /root/ur10_ws/install/ur10_moveit_config/local/lib/python3.10/dist-packages/ur10_moveit_config/launch_common.py
-- Symlinking: /root/ur10_ws/install/ur10_moveit_config/share/ur10_moveit_config/config/controllers.yaml
-- Symlinking: /root/ur10_ws/install/ur10_moveit_config/share/ur10_moveit_config/config/joint_limits.yaml
-- Symlinking: /root/ur10_ws/install/ur10_moveit_config/share/ur10_moveit_config/config/kinematics.yaml
-- Symlinking: /root/ur10_ws/install/ur10_moveit_config/share/ur10_moveit_config/config/moveit_controllers.yaml
-- Symlinking: /root/ur10_ws/install/ur10_moveit_config/share/ur10_moveit_config/config/ompl_planning.yaml
-- Symlinking: /root/ur10_ws/install/ur10_moveit_config/share/ur10_moveit_config/config/ur_servo.yaml
-- Symlinking: /root/ur10_ws/install/ur10_moveit_config/share/ur10_moveit_config/launch/__pycache__/ur_moveit.launch.cpython-310.pyc
-- Symlinking: /root/ur10_ws/install/ur10_moveit_config/share/ur10_moveit_config/launch/ur_moveit.launch.py
-- Symlinking: /root/ur10_ws/install/ur10_moveit_config/share/ur10_moveit_config/rviz/view_robot.rviz
-- Symlinking: /root/ur10_ws/install/ur10_moveit_config/share/ur10_moveit_config/srdf/ur.srdf.xacro
-- Symlinking: /root/ur10_ws/install/ur10_moveit_config/share/ur10_moveit_config/srdf/ur_macro.srdf.xacro
-- Symlinking: /root/ur10_ws/install/ur10_moveit_config/share/ament_index/resource_index/package_run_dependencies/ur10_moveit_config
-- Symlinking: /root/ur10_ws/install/ur10_moveit_config/share/ament_index/resource_index/parent_prefix_path/ur10_moveit_config
-- Symlinking: /root/ur10_ws/install/ur10_moveit_config/share/ur10_moveit_config/environment/ament_prefix_path.sh
-- Symlinking: /root/ur10_ws/install/ur10_moveit_config/share/ur10_moveit_config/environment/ament_prefix_path.dsv
-- Symlinking: /root/ur10_ws/install/ur10_moveit_config/share/ur10_moveit_config/environment/path.sh
-- Symlinking: /root/ur10_ws/install/ur10_moveit_config/share/ur10_moveit_config/environment/path.dsv
-- Symlinking: /root/ur10_ws/install/ur10_moveit_config/share/ur10_moveit_config/local_setup.bash
-- Symlinking: /root/ur10_ws/install/ur10_moveit_config/share/ur10_moveit_config/local_setup.sh
-- Symlinking: /root/ur10_ws/install/ur10_moveit_config/share/ur10_moveit_config/local_setup.zsh
-- Symlinking: /root/ur10_ws/install/ur10_moveit_config/share/ur10_moveit_config/local_setup.dsv
-- Symlinking: /root/ur10_ws/install/ur10_moveit_config/share/ur10_moveit_config/package.dsv
-- Symlinking: /root/ur10_ws/install/ur10_moveit_config/share/ament_index/resource_index/packages/ur10_moveit_config
-- Symlinking: /root/ur10_ws/install/ur10_moveit_config/share/ur10_moveit_config/cmake/ur10_moveit_configConfig.cmake
-- Symlinking: /root/ur10_ws/install/ur10_moveit_config/share/ur10_moveit_config/cmake/ur10_moveit_configConfig-version.cmake
-- Symlinking: /root/ur10_ws/install/ur10_moveit_config/share/ur10_moveit_config/package.xml
Listing '/root/ur10_ws/install/ur10_moveit_config/local/lib/python3.10/dist-packages/ur10_moveit_config'...
Compiling '/root/ur10_ws/install/ur10_moveit_config/local/lib/python3.10/dist-packages/ur10_moveit_config/__init__.py'...
Compiling '/root/ur10_ws/install/ur10_moveit_config/local/lib/python3.10/dist-packages/ur10_moveit_config/launch_common.py'...
