[0.097s] Invoking command in '/root/ur10_ws/build/ur10_moveit_config': AMENT_PREFIX_PATH=/root/ur10_ws/install/ur10_description:${AMENT_PREFIX_PATH} CMAKE_PREFIX_PATH=/root/ur10_ws/install/ur10_description:/root/moveit_ws/install/pilz_industrial_motion_planner_testutils:/root/moveit_ws/install/moveit_simple_controller_manager:/root/moveit_ws/install/moveit_py:/root/moveit_ws/install/moveit_ros_planning_interface:/root/moveit_ws/install/moveit_ros_warehouse:/root/moveit_ws/install/moveit_ros_robot_interaction:/root/moveit_ws/install/moveit_resources_prbt_pg70_support:/root/moveit_ws/install/moveit_resources_prbt_moveit_config:/root/moveit_ws/install/moveit_ros_move_group:/root/moveit_ws/install/moveit_planners_ompl:/root/moveit_ws/install/moveit_ros_planning:/root/moveit_ws/install/moveit_ros_occupancy_map_monitor:/root/moveit_ws/install/moveit_resources_prbt_ikfast_manipulator_plugin:/root/moveit_ws/install/moveit_planners_chomp:/root/moveit_ws/install/moveit_kinematics:/root/moveit_ws/install/chomp_motion_planner:/root/moveit_ws/install/moveit_core:/root/moveit_ws/install/srdfdom:/root/moveit_ws/install/rviz_marker_tools:/root/moveit_ws/install/ruckig:/root/moveit_ws/install/geometric_shapes:/root/moveit_ws/install/random_numbers:/root/moveit_ws/install/ompl:/root/moveit_ws/install/moveit_task_constructor_msgs:/root/moveit_ws/install/moveit_resources_prbt_support:/root/moveit_ws/install/moveit_resources_pr2_description:/root/moveit_ws/install/moveit_resources_panda_moveit_config:/root/moveit_ws/install/moveit_resources_panda_description:/root/moveit_ws/install/moveit_resources_fanuc_moveit_config:/root/moveit_ws/install/moveit_resources_fanuc_description:/root/moveit_ws/install/moveit_msgs:/root/moveit_ws/install/moveit_common:/root/moveit_ws/install/moveit_configs_utils:/opt/ros/humble /usr/bin/cmake /root/ur10_ws/src/ur10_moveit_config -DAMENT_CMAKE_SYMLINK_INSTALL=1 -DCMAKE_INSTALL_PREFIX=/root/ur10_ws/install/ur10_moveit_config
[0.108s] -- Found ament_cmake: 1.3.14 (/opt/ros/humble/share/ament_cmake/cmake)
[0.211s] -- Override CMake install command with custom implementation using symlinks instead of copying resources
[0.322s] -- Configuring done
[0.326s] -- Generating done
[0.327s] -- Build files have been written to: /root/ur10_ws/build/ur10_moveit_config
[0.329s] Invoked command in '/root/ur10_ws/build/ur10_moveit_config' returned '0': AMENT_PREFIX_PATH=/root/ur10_ws/install/ur10_description:${AMENT_PREFIX_PATH} CMAKE_PREFIX_PATH=/root/ur10_ws/install/ur10_description:/root/moveit_ws/install/pilz_industrial_motion_planner_testutils:/root/moveit_ws/install/moveit_simple_controller_manager:/root/moveit_ws/install/moveit_py:/root/moveit_ws/install/moveit_ros_planning_interface:/root/moveit_ws/install/moveit_ros_warehouse:/root/moveit_ws/install/moveit_ros_robot_interaction:/root/moveit_ws/install/moveit_resources_prbt_pg70_support:/root/moveit_ws/install/moveit_resources_prbt_moveit_config:/root/moveit_ws/install/moveit_ros_move_group:/root/moveit_ws/install/moveit_planners_ompl:/root/moveit_ws/install/moveit_ros_planning:/root/moveit_ws/install/moveit_ros_occupancy_map_monitor:/root/moveit_ws/install/moveit_resources_prbt_ikfast_manipulator_plugin:/root/moveit_ws/install/moveit_planners_chomp:/root/moveit_ws/install/moveit_kinematics:/root/moveit_ws/install/chomp_motion_planner:/root/moveit_ws/install/moveit_core:/root/moveit_ws/install/srdfdom:/root/moveit_ws/install/rviz_marker_tools:/root/moveit_ws/install/ruckig:/root/moveit_ws/install/geometric_shapes:/root/moveit_ws/install/random_numbers:/root/moveit_ws/install/ompl:/root/moveit_ws/install/moveit_task_constructor_msgs:/root/moveit_ws/install/moveit_resources_prbt_support:/root/moveit_ws/install/moveit_resources_pr2_description:/root/moveit_ws/install/moveit_resources_panda_moveit_config:/root/moveit_ws/install/moveit_resources_panda_description:/root/moveit_ws/install/moveit_resources_fanuc_moveit_config:/root/moveit_ws/install/moveit_resources_fanuc_description:/root/moveit_ws/install/moveit_msgs:/root/moveit_ws/install/moveit_common:/root/moveit_ws/install/moveit_configs_utils:/opt/ros/humble /usr/bin/cmake /root/ur10_ws/src/ur10_moveit_config -DAMENT_CMAKE_SYMLINK_INSTALL=1 -DCMAKE_INSTALL_PREFIX=/root/ur10_ws/install/ur10_moveit_config
[0.330s] Invoking command in '/root/ur10_ws/build/ur10_moveit_config': AMENT_PREFIX_PATH=/root/ur10_ws/install/ur10_description:${AMENT_PREFIX_PATH} CMAKE_PREFIX_PATH=/root/ur10_ws/install/ur10_description:/root/moveit_ws/install/pilz_industrial_motion_planner_testutils:/root/moveit_ws/install/moveit_simple_controller_manager:/root/moveit_ws/install/moveit_py:/root/moveit_ws/install/moveit_ros_planning_interface:/root/moveit_ws/install/moveit_ros_warehouse:/root/moveit_ws/install/moveit_ros_robot_interaction:/root/moveit_ws/install/moveit_resources_prbt_pg70_support:/root/moveit_ws/install/moveit_resources_prbt_moveit_config:/root/moveit_ws/install/moveit_ros_move_group:/root/moveit_ws/install/moveit_planners_ompl:/root/moveit_ws/install/moveit_ros_planning:/root/moveit_ws/install/moveit_ros_occupancy_map_monitor:/root/moveit_ws/install/moveit_resources_prbt_ikfast_manipulator_plugin:/root/moveit_ws/install/moveit_planners_chomp:/root/moveit_ws/install/moveit_kinematics:/root/moveit_ws/install/chomp_motion_planner:/root/moveit_ws/install/moveit_core:/root/moveit_ws/install/srdfdom:/root/moveit_ws/install/rviz_marker_tools:/root/moveit_ws/install/ruckig:/root/moveit_ws/install/geometric_shapes:/root/moveit_ws/install/random_numbers:/root/moveit_ws/install/ompl:/root/moveit_ws/install/moveit_task_constructor_msgs:/root/moveit_ws/install/moveit_resources_prbt_support:/root/moveit_ws/install/moveit_resources_pr2_description:/root/moveit_ws/install/moveit_resources_panda_moveit_config:/root/moveit_ws/install/moveit_resources_panda_description:/root/moveit_ws/install/moveit_resources_fanuc_moveit_config:/root/moveit_ws/install/moveit_resources_fanuc_description:/root/moveit_ws/install/moveit_msgs:/root/moveit_ws/install/moveit_common:/root/moveit_ws/install/moveit_configs_utils:/opt/ros/humble /usr/bin/cmake --build /root/ur10_ws/build/ur10_moveit_config -- -j4 -l4
[0.380s] Built target ament_cmake_python_symlink_ur10_moveit_config
[0.555s] running egg_info
[0.555s] creating ur10_moveit_config.egg-info
[0.556s] writing ur10_moveit_config.egg-info/PKG-INFO
[0.556s] writing dependency_links to ur10_moveit_config.egg-info/dependency_links.txt
[0.556s] writing top-level names to ur10_moveit_config.egg-info/top_level.txt
[0.556s] writing manifest file 'ur10_moveit_config.egg-info/SOURCES.txt'
[0.557s] reading manifest file 'ur10_moveit_config.egg-info/SOURCES.txt'
[0.557s] writing manifest file 'ur10_moveit_config.egg-info/SOURCES.txt'
[0.581s] Built target ament_cmake_python_build_ur10_moveit_config_egg
[0.593s] Invoked command in '/root/ur10_ws/build/ur10_moveit_config' returned '0': AMENT_PREFIX_PATH=/root/ur10_ws/install/ur10_description:${AMENT_PREFIX_PATH} CMAKE_PREFIX_PATH=/root/ur10_ws/install/ur10_description:/root/moveit_ws/install/pilz_industrial_motion_planner_testutils:/root/moveit_ws/install/moveit_simple_controller_manager:/root/moveit_ws/install/moveit_py:/root/moveit_ws/install/moveit_ros_planning_interface:/root/moveit_ws/install/moveit_ros_warehouse:/root/moveit_ws/install/moveit_ros_robot_interaction:/root/moveit_ws/install/moveit_resources_prbt_pg70_support:/root/moveit_ws/install/moveit_resources_prbt_moveit_config:/root/moveit_ws/install/moveit_ros_move_group:/root/moveit_ws/install/moveit_planners_ompl:/root/moveit_ws/install/moveit_ros_planning:/root/moveit_ws/install/moveit_ros_occupancy_map_monitor:/root/moveit_ws/install/moveit_resources_prbt_ikfast_manipulator_plugin:/root/moveit_ws/install/moveit_planners_chomp:/root/moveit_ws/install/moveit_kinematics:/root/moveit_ws/install/chomp_motion_planner:/root/moveit_ws/install/moveit_core:/root/moveit_ws/install/srdfdom:/root/moveit_ws/install/rviz_marker_tools:/root/moveit_ws/install/ruckig:/root/moveit_ws/install/geometric_shapes:/root/moveit_ws/install/random_numbers:/root/moveit_ws/install/ompl:/root/moveit_ws/install/moveit_task_constructor_msgs:/root/moveit_ws/install/moveit_resources_prbt_support:/root/moveit_ws/install/moveit_resources_pr2_description:/root/moveit_ws/install/moveit_resources_panda_moveit_config:/root/moveit_ws/install/moveit_resources_panda_description:/root/moveit_ws/install/moveit_resources_fanuc_moveit_config:/root/moveit_ws/install/moveit_resources_fanuc_description:/root/moveit_ws/install/moveit_msgs:/root/moveit_ws/install/moveit_common:/root/moveit_ws/install/moveit_configs_utils:/opt/ros/humble /usr/bin/cmake --build /root/ur10_ws/build/ur10_moveit_config -- -j4 -l4
[0.594s] Invoking command in '/root/ur10_ws/build/ur10_moveit_config': AMENT_PREFIX_PATH=/root/ur10_ws/install/ur10_description:${AMENT_PREFIX_PATH} CMAKE_PREFIX_PATH=/root/ur10_ws/install/ur10_description:/root/moveit_ws/install/pilz_industrial_motion_planner_testutils:/root/moveit_ws/install/moveit_simple_controller_manager:/root/moveit_ws/install/moveit_py:/root/moveit_ws/install/moveit_ros_planning_interface:/root/moveit_ws/install/moveit_ros_warehouse:/root/moveit_ws/install/moveit_ros_robot_interaction:/root/moveit_ws/install/moveit_resources_prbt_pg70_support:/root/moveit_ws/install/moveit_resources_prbt_moveit_config:/root/moveit_ws/install/moveit_ros_move_group:/root/moveit_ws/install/moveit_planners_ompl:/root/moveit_ws/install/moveit_ros_planning:/root/moveit_ws/install/moveit_ros_occupancy_map_monitor:/root/moveit_ws/install/moveit_resources_prbt_ikfast_manipulator_plugin:/root/moveit_ws/install/moveit_planners_chomp:/root/moveit_ws/install/moveit_kinematics:/root/moveit_ws/install/chomp_motion_planner:/root/moveit_ws/install/moveit_core:/root/moveit_ws/install/srdfdom:/root/moveit_ws/install/rviz_marker_tools:/root/moveit_ws/install/ruckig:/root/moveit_ws/install/geometric_shapes:/root/moveit_ws/install/random_numbers:/root/moveit_ws/install/ompl:/root/moveit_ws/install/moveit_task_constructor_msgs:/root/moveit_ws/install/moveit_resources_prbt_support:/root/moveit_ws/install/moveit_resources_pr2_description:/root/moveit_ws/install/moveit_resources_panda_moveit_config:/root/moveit_ws/install/moveit_resources_panda_description:/root/moveit_ws/install/moveit_resources_fanuc_moveit_config:/root/moveit_ws/install/moveit_resources_fanuc_description:/root/moveit_ws/install/moveit_msgs:/root/moveit_ws/install/moveit_common:/root/moveit_ws/install/moveit_configs_utils:/opt/ros/humble /usr/bin/cmake --install /root/ur10_ws/build/ur10_moveit_config
[0.602s] -- Install configuration: ""
[0.603s] -- Execute custom install script
[0.604s] -- Symlinking: /root/ur10_ws/install/ur10_moveit_config/share/ur10_moveit_config/environment/pythonpath.sh
[0.614s] -- Symlinking: /root/ur10_ws/install/ur10_moveit_config/share/ur10_moveit_config/environment/pythonpath.dsv
[0.624s] -- Symlinking: /root/ur10_ws/install/ur10_moveit_config/local/lib/python3.10/dist-packages/ur10_moveit_config-0.1.0-py3.10.egg-info/PKG-INFO
[0.631s] -- Symlinking: /root/ur10_ws/install/ur10_moveit_config/local/lib/python3.10/dist-packages/ur10_moveit_config-0.1.0-py3.10.egg-info/SOURCES.txt
[0.638s] -- Symlinking: /root/ur10_ws/install/ur10_moveit_config/local/lib/python3.10/dist-packages/ur10_moveit_config-0.1.0-py3.10.egg-info/dependency_links.txt
[0.646s] -- Symlinking: /root/ur10_ws/install/ur10_moveit_config/local/lib/python3.10/dist-packages/ur10_moveit_config-0.1.0-py3.10.egg-info/top_level.txt
[0.654s] -- Symlinking: /root/ur10_ws/install/ur10_moveit_config/local/lib/python3.10/dist-packages/ur10_moveit_config/__init__.py
[0.661s] -- Symlinking: /root/ur10_ws/install/ur10_moveit_config/local/lib/python3.10/dist-packages/ur10_moveit_config/launch_common.py
[0.670s] -- Symlinking: /root/ur10_ws/install/ur10_moveit_config/share/ur10_moveit_config/config/controllers.yaml
[0.677s] -- Symlinking: /root/ur10_ws/install/ur10_moveit_config/share/ur10_moveit_config/config/joint_limits.yaml
[0.684s] -- Symlinking: /root/ur10_ws/install/ur10_moveit_config/share/ur10_moveit_config/config/kinematics.yaml
[0.692s] -- Symlinking: /root/ur10_ws/install/ur10_moveit_config/share/ur10_moveit_config/config/moveit_controllers.yaml
[0.700s] -- Symlinking: /root/ur10_ws/install/ur10_moveit_config/share/ur10_moveit_config/config/ompl_planning.yaml
[0.708s] -- Symlinking: /root/ur10_ws/install/ur10_moveit_config/share/ur10_moveit_config/config/ur_servo.yaml
[0.715s] -- Symlinking: /root/ur10_ws/install/ur10_moveit_config/share/ur10_moveit_config/launch/__pycache__/ur_moveit.launch.cpython-310.pyc
[0.723s] -- Symlinking: /root/ur10_ws/install/ur10_moveit_config/share/ur10_moveit_config/launch/ur_moveit.launch.py
[0.732s] -- Symlinking: /root/ur10_ws/install/ur10_moveit_config/share/ur10_moveit_config/rviz/view_robot.rviz
[0.740s] -- Symlinking: /root/ur10_ws/install/ur10_moveit_config/share/ur10_moveit_config/srdf/ur.srdf.xacro
[0.747s] -- Symlinking: /root/ur10_ws/install/ur10_moveit_config/share/ur10_moveit_config/srdf/ur_macro.srdf.xacro
[0.755s] -- Symlinking: /root/ur10_ws/install/ur10_moveit_config/share/ament_index/resource_index/package_run_dependencies/ur10_moveit_config
[0.763s] -- Symlinking: /root/ur10_ws/install/ur10_moveit_config/share/ament_index/resource_index/parent_prefix_path/ur10_moveit_config
[0.771s] -- Symlinking: /root/ur10_ws/install/ur10_moveit_config/share/ur10_moveit_config/environment/ament_prefix_path.sh
[0.779s] -- Symlinking: /root/ur10_ws/install/ur10_moveit_config/share/ur10_moveit_config/environment/ament_prefix_path.dsv
[0.792s] -- Symlinking: /root/ur10_ws/install/ur10_moveit_config/share/ur10_moveit_config/environment/path.sh
[0.808s] -- Symlinking: /root/ur10_ws/install/ur10_moveit_config/share/ur10_moveit_config/environment/path.dsv
[0.823s] -- Symlinking: /root/ur10_ws/install/ur10_moveit_config/share/ur10_moveit_config/local_setup.bash
[0.835s] -- Symlinking: /root/ur10_ws/install/ur10_moveit_config/share/ur10_moveit_config/local_setup.sh
[0.847s] -- Symlinking: /root/ur10_ws/install/ur10_moveit_config/share/ur10_moveit_config/local_setup.zsh
[0.857s] -- Symlinking: /root/ur10_ws/install/ur10_moveit_config/share/ur10_moveit_config/local_setup.dsv
[0.868s] -- Symlinking: /root/ur10_ws/install/ur10_moveit_config/share/ur10_moveit_config/package.dsv
[0.879s] -- Symlinking: /root/ur10_ws/install/ur10_moveit_config/share/ament_index/resource_index/packages/ur10_moveit_config
[0.890s] -- Symlinking: /root/ur10_ws/install/ur10_moveit_config/share/ur10_moveit_config/cmake/ur10_moveit_configConfig.cmake
[0.899s] -- Symlinking: /root/ur10_ws/install/ur10_moveit_config/share/ur10_moveit_config/cmake/ur10_moveit_configConfig-version.cmake
[0.908s] -- Symlinking: /root/ur10_ws/install/ur10_moveit_config/share/ur10_moveit_config/package.xml
[0.949s] Listing '/root/ur10_ws/install/ur10_moveit_config/local/lib/python3.10/dist-packages/ur10_moveit_config'...
[0.949s] Compiling '/root/ur10_ws/install/ur10_moveit_config/local/lib/python3.10/dist-packages/ur10_moveit_config/__init__.py'...
[0.950s] Compiling '/root/ur10_ws/install/ur10_moveit_config/local/lib/python3.10/dist-packages/ur10_moveit_config/launch_common.py'...
[0.956s] Invoked command in '/root/ur10_ws/build/ur10_moveit_config' returned '0': AMENT_PREFIX_PATH=/root/ur10_ws/install/ur10_description:${AMENT_PREFIX_PATH} CMAKE_PREFIX_PATH=/root/ur10_ws/install/ur10_description:/root/moveit_ws/install/pilz_industrial_motion_planner_testutils:/root/moveit_ws/install/moveit_simple_controller_manager:/root/moveit_ws/install/moveit_py:/root/moveit_ws/install/moveit_ros_planning_interface:/root/moveit_ws/install/moveit_ros_warehouse:/root/moveit_ws/install/moveit_ros_robot_interaction:/root/moveit_ws/install/moveit_resources_prbt_pg70_support:/root/moveit_ws/install/moveit_resources_prbt_moveit_config:/root/moveit_ws/install/moveit_ros_move_group:/root/moveit_ws/install/moveit_planners_ompl:/root/moveit_ws/install/moveit_ros_planning:/root/moveit_ws/install/moveit_ros_occupancy_map_monitor:/root/moveit_ws/install/moveit_resources_prbt_ikfast_manipulator_plugin:/root/moveit_ws/install/moveit_planners_chomp:/root/moveit_ws/install/moveit_kinematics:/root/moveit_ws/install/chomp_motion_planner:/root/moveit_ws/install/moveit_core:/root/moveit_ws/install/srdfdom:/root/moveit_ws/install/rviz_marker_tools:/root/moveit_ws/install/ruckig:/root/moveit_ws/install/geometric_shapes:/root/moveit_ws/install/random_numbers:/root/moveit_ws/install/ompl:/root/moveit_ws/install/moveit_task_constructor_msgs:/root/moveit_ws/install/moveit_resources_prbt_support:/root/moveit_ws/install/moveit_resources_pr2_description:/root/moveit_ws/install/moveit_resources_panda_moveit_config:/root/moveit_ws/install/moveit_resources_panda_description:/root/moveit_ws/install/moveit_resources_fanuc_moveit_config:/root/moveit_ws/install/moveit_resources_fanuc_description:/root/moveit_ws/install/moveit_msgs:/root/moveit_ws/install/moveit_common:/root/moveit_ws/install/moveit_configs_utils:/opt/ros/humble /usr/bin/cmake --install /root/ur10_ws/build/ur10_moveit_config
