[0.013s] Invoking command in '/root/ur10_ws/build/ur10_examples': CMAKE_PREFIX_PATH=${CMAKE_PREFIX_PATH}:/root/moveit_ws/install/moveit_configs_utils:/opt/ros/humble /usr/bin/cmake /root/ur10_ws/src/ur10_examples -DAMENT_CMAKE_SYMLINK_INSTALL=1 -DCMAKE_INSTALL_PREFIX=/root/ur10_ws/install/ur10_examples
[0.204s] -- The C compiler identification is GNU 11.4.0
[1.296s] -- The CXX compiler identification is GNU 11.4.0
[2.226s] -- Detecting C compiler ABI info
[2.567s] -- Detecting C compiler ABI info - done
[2.575s] -- Check for working C compiler: /usr/bin/cc - skipped
[2.575s] -- Detecting C compile features
[2.576s] -- Detecting C compile features - done
[2.579s] -- Detecting CXX compiler ABI info
[2.881s] -- Detecting CXX compiler ABI info - done
[2.885s] -- Check for working CXX compiler: /usr/bin/c++ - skipped
[2.886s] -- Detecting CXX compile features
[2.886s] -- Detecting CXX compile features - done
[2.889s] -- Found ament_cmake: 1.3.14 (/opt/ros/humble/share/ament_cmake/cmake)
[3.047s] -- Found Python3: /usr/bin/python3 (found version "3.10.12") found components: Interpreter 
[3.096s] -- Override CMake install command with custom implementation using symlinks instead of copying resources
[3.139s] -- Found geometry_msgs: 4.9.0 (/opt/ros/humble/share/geometry_msgs/cmake)
[3.657s] -- Found rosidl_generator_c: 3.1.8 (/opt/ros/humble/share/rosidl_generator_c/cmake)
[3.678s] -- Found rosidl_adapter: 3.1.8 (/opt/ros/humble/share/rosidl_adapter/cmake)
[3.703s] -- Found rosidl_generator_cpp: 3.1.8 (/opt/ros/humble/share/rosidl_generator_cpp/cmake)
[3.723s] -- Using all available rosidl_typesupport_c: rosidl_typesupport_fastrtps_c;rosidl_typesupport_introspection_c
[3.738s] -- Using all available rosidl_typesupport_cpp: rosidl_typesupport_fastrtps_cpp;rosidl_typesupport_introspection_cpp
[3.775s] -- Found moveit_ros_planning_interface: 2.5.9 (/root/moveit_ws/install/moveit_ros_planning_interface/share/moveit_ros_planning_interface/cmake)
[4.543s] -- Found Boost: /usr/lib/x86_64-linux-gnu/cmake/Boost-1.74.0/BoostConfig.cmake (found version "1.74.0") found components: date_time filesystem program_options system thread 
[4.731s] -- Found Boost: /usr/lib/x86_64-linux-gnu/cmake/Boost-1.74.0/BoostConfig.cmake (found version "1.74.0") found components: chrono date_time filesystem iostreams program_options regex serialization system thread 
[8.999s] -- Found parameter_traits: 0.6.0 (/opt/ros/humble/share/parameter_traits/cmake)
[9.056s] -- Found rmw_implementation_cmake: 6.1.2 (/opt/ros/humble/share/rmw_implementation_cmake/cmake)
[9.060s] -- Found rmw_fastrtps_cpp: 6.2.9 (/opt/ros/humble/share/rmw_fastrtps_cpp/cmake)
[13.194s] -- Found OpenSSL: /usr/lib/x86_64-linux-gnu/libcrypto.so (found version "3.0.2")  
[17.114s] -- Found FastRTPS: /opt/ros/humble/include  
[25.222s] -- Using RMW implementation 'rmw_fastrtps_cpp' as default
[25.242s] -- Found Threads: TRUE  
[25.283s] -- Found rclcpp_lifecycle: 16.0.17 (/opt/ros/humble/share/rclcpp_lifecycle/cmake)
[25.329s] -- Found Boost: /usr/lib/x86_64-linux-gnu/cmake/Boost-1.74.0/BoostConfig.cmake (found version "1.74.0") found components: random 
[30.114s] -- library: /usr/lib/x86_64-linux-gnu/libcurl.so
[30.353s] -- Found Eigen3: TRUE (found version "3.4.0") 
[30.354s] -- Ensuring Eigen3 include directory is part of orocos-kdl CMake target
[35.171s] -- Found Boost: /usr/lib/x86_64-linux-gnu/cmake/Boost-1.74.0/BoostConfig.cmake (found version "1.74.0") found components: system filesystem date_time program_options thread chrono 
[35.190s] -- Found Boost: /usr/lib/x86_64-linux-gnu/cmake/Boost-1.74.0/BoostConfig.cmake (found version "1.74.0") found components: thread system filesystem regex date_time program_options 
[35.206s] -- Found Boost: /usr/lib/x86_64-linux-gnu/cmake/Boost-1.74.0/BoostConfig.cmake (found version "1.74.0") found components: system filesystem date_time program_options thread 
[35.271s] -- Configuring done
[35.294s] -- Generating done
[35.300s] -- Build files have been written to: /root/ur10_ws/build/ur10_examples
[35.312s] Invoked command in '/root/ur10_ws/build/ur10_examples' returned '0': CMAKE_PREFIX_PATH=${CMAKE_PREFIX_PATH}:/root/moveit_ws/install/moveit_configs_utils:/opt/ros/humble /usr/bin/cmake /root/ur10_ws/src/ur10_examples -DAMENT_CMAKE_SYMLINK_INSTALL=1 -DCMAKE_INSTALL_PREFIX=/root/ur10_ws/install/ur10_examples
[35.313s] Invoking command in '/root/ur10_ws/build/ur10_examples': CMAKE_PREFIX_PATH=${CMAKE_PREFIX_PATH}:/root/moveit_ws/install/moveit_configs_utils:/opt/ros/humble /usr/bin/cmake --build /root/ur10_ws/build/ur10_examples -- -j4 -l4
[35.360s] [ 50%] Building CXX object CMakeFiles/move_group_interface_demo.dir/src/move_group_interface_demo.cpp.o
[42.557s] [100%] Linking CXX executable move_group_interface_demo
[43.108s] [100%] Built target move_group_interface_demo
[43.120s] Invoked command in '/root/ur10_ws/build/ur10_examples' returned '0': CMAKE_PREFIX_PATH=${CMAKE_PREFIX_PATH}:/root/moveit_ws/install/moveit_configs_utils:/opt/ros/humble /usr/bin/cmake --build /root/ur10_ws/build/ur10_examples -- -j4 -l4
[43.121s] Invoking command in '/root/ur10_ws/build/ur10_examples': CMAKE_PREFIX_PATH=${CMAKE_PREFIX_PATH}:/root/moveit_ws/install/moveit_configs_utils:/opt/ros/humble /usr/bin/cmake --install /root/ur10_ws/build/ur10_examples
[43.129s] -- Install configuration: ""
[43.129s] -- Execute custom install script
[43.130s] -- Symlinking: /root/ur10_ws/install/ur10_examples/lib/ur10_examples/move_group_interface_demo
[43.140s] -- Symlinking: /root/ur10_ws/install/ur10_examples/share/ament_index/resource_index/package_run_dependencies/ur10_examples
[43.149s] -- Symlinking: /root/ur10_ws/install/ur10_examples/share/ament_index/resource_index/parent_prefix_path/ur10_examples
[43.159s] -- Symlinking: /root/ur10_ws/install/ur10_examples/share/ur10_examples/environment/ament_prefix_path.sh
[43.167s] -- Symlinking: /root/ur10_ws/install/ur10_examples/share/ur10_examples/environment/ament_prefix_path.dsv
[43.175s] -- Symlinking: /root/ur10_ws/install/ur10_examples/share/ur10_examples/environment/path.sh
[43.185s] -- Symlinking: /root/ur10_ws/install/ur10_examples/share/ur10_examples/environment/path.dsv
[43.193s] -- Symlinking: /root/ur10_ws/install/ur10_examples/share/ur10_examples/local_setup.bash
[43.201s] -- Symlinking: /root/ur10_ws/install/ur10_examples/share/ur10_examples/local_setup.sh
[43.208s] -- Symlinking: /root/ur10_ws/install/ur10_examples/share/ur10_examples/local_setup.zsh
[43.216s] -- Symlinking: /root/ur10_ws/install/ur10_examples/share/ur10_examples/local_setup.dsv
[43.227s] -- Symlinking: /root/ur10_ws/install/ur10_examples/share/ur10_examples/package.dsv
[43.237s] -- Symlinking: /root/ur10_ws/install/ur10_examples/share/ament_index/resource_index/packages/ur10_examples
[43.245s] -- Symlinking: /root/ur10_ws/install/ur10_examples/share/ur10_examples/cmake/ur10_examplesConfig.cmake
[43.253s] -- Symlinking: /root/ur10_ws/install/ur10_examples/share/ur10_examples/cmake/ur10_examplesConfig-version.cmake
[43.261s] -- Symlinking: /root/ur10_ws/install/ur10_examples/share/ur10_examples/package.xml
[43.270s] Invoked command in '/root/ur10_ws/build/ur10_examples' returned '0': CMAKE_PREFIX_PATH=${CMAKE_PREFIX_PATH}:/root/moveit_ws/install/moveit_configs_utils:/opt/ros/humble /usr/bin/cmake --install /root/ur10_ws/build/ur10_examples
